09-10-2024 06:40:30 PM , 06:40:30 PM//Estableciendo conexion...
09-10-2024 06:40:31 PM , 06:40:31 PM//Conectado
09-10-2024 06:40:32 PM , 06:40:32 PM//Empresa: VDN S.A.                                          
09-10-2024 06:40:33 PM , 06:40:33 PM//Verificacion concluida.
09-10-2024 06:40:33 PM , 06:40:33 PM//servidor DISPONIBLE
09-10-2024 06:40:36 PM , 06:40:36 PM//servidor DISPONIBLE
09-10-2024 06:40:36 PM , 06:40:36 PM//Modulo: VENDEDORES
09-10-2024 06:40:37 PM , 06:40:37 PM//No se hallo el archivo de vendedores
09-10-2024 06:40:38 PM , 06:40:38 PM//J:\XSOFTSQL\PROYECTOS\PREVENTAMOBILE\DOCS\VDO000IN.XML
09-10-2024 06:40:38 PM , 06:40:38 PM//IMPORTACION CANCELADA
09-10-2024 06:40:59 PM , 06:40:59 PM//Estableciendo conexion...
09-10-2024 06:41:01 PM , 06:41:01 PM//Conectado
09-10-2024 06:41:02 PM , 06:41:02 PM//Empresa: VDN S.A.                                          
09-10-2024 06:41:03 PM , 06:41:03 PM//Verificacion concluida.
09-10-2024 06:41:03 PM , 06:41:03 PM//servidor DISPONIBLE
09-10-2024 06:41:05 PM , 06:41:05 PM//servidor DISPONIBLE
09-10-2024 06:41:06 PM , 06:41:06 PM//Modulo: VENDEDORES
09-10-2024 06:41:07 PM , 06:41:07 PM//No se hallo el archivo de vendedores
09-10-2024 06:41:07 PM , 06:41:07 PM//J:\PDA\DATOSCEL\EXP\VDO000IN.XML
09-10-2024 06:41:08 PM , 06:41:08 PM//IMPORTACION CANCELADA
09-10-2024 06:41:25 PM , 06:41:25 PM//Estableciendo conexion...
09-10-2024 06:41:26 PM , 06:41:26 PM//Conectado
09-10-2024 06:41:27 PM , 06:41:27 PM//Empresa: VDN S.A.                                          
09-10-2024 06:41:27 PM , 06:41:27 PM//Verificacion concluida.
09-10-2024 06:41:28 PM , 06:41:28 PM//servidor DISPONIBLE
09-10-2024 06:41:29 PM , 06:41:29 PM//servidor DISPONIBLE
09-10-2024 06:41:30 PM , 06:41:30 PM//Modulo: VENDEDORES
09-10-2024 06:41:32 PM , 06:41:32 PM//borrando datos antiguos de vendedores.....
09-10-2024 06:41:33 PM , 06:41:33 PM//Sentencia 	INSERT INTO Vendedor (ID,NOMBRE,USUARIO,PASSWORD,IDEMPRESA,CODIGO,CLAVE,FUERZAVENTA) VALUES ('102954','USUARIO','1',
	'1','2',1,
	'11','01')Código de excepción OLE IDispatch 0 de Microsoft OLE DB Provider for SQL Server: Cannot insert duplicate key row in object 'dbo.vendedor' with unique index 'clave'. The duplicate key value is (11)..
09-10-2024 06:41:34 PM , 06:41:34 PM//Error al IMPORTAR
09-10-2024 06:41:34 PM , 06:41:34 PM//Linea 1
09-10-2024 06:41:35 PM , 06:41:35 PM//IMPORTACION CANCELADA
09-10-2024 06:42:36 PM , 06:42:36 PM//servidor DISPONIBLE
09-10-2024 06:42:37 PM , 06:42:37 PM//Modulo: VENDEDORES
09-10-2024 06:42:39 PM , 06:42:39 PM//borrando datos antiguos de vendedores.....
09-10-2024 06:42:40 PM , 06:42:40 PM//IMPORTACION EXITOSA
09-10-2024 06:42:43 PM , 06:42:43 PM//servidor DISPONIBLE
09-10-2024 06:42:43 PM , 06:42:43 PM//Modulo: CLIENTES
09-10-2024 06:42:47 PM , 06:42:47 PM//borrando datos antiguos de categorias.....
09-10-2024 06:42:47 PM , 06:42:47 PM//cargando datos categorias.....
09-10-2024 06:42:49 PM , 06:42:49 PM//IMPORTACION CATEGORIAS EXITOSA
09-10-2024 06:42:51 PM , 06:42:51 PM//borrando datos antiguos.....
09-10-2024 06:42:52 PM , 06:42:52 PM//cargando datos clientes.....1 registros
09-10-2024 06:42:53 PM , 06:42:53 PM//Importando de 0 a 0 registros
09-10-2024 06:42:53 PM , 06:42:53 PM//Importando los siguientes ********** registros
09-10-2024 06:42:54 PM , 06:42:54 PM//IMPORTACION EXITOSA
09-10-2024 06:42:57 PM , 06:42:57 PM//servidor DISPONIBLE
09-10-2024 06:42:58 PM , 06:42:58 PM//Modulo: ARTICULOS
09-10-2024 06:43:00 PM , 06:43:00 PM//borrando datos antiguos de secciones.....
09-10-2024 06:43:00 PM , 06:43:00 PM//cargando datos secciones.....
09-10-2024 06:43:03 PM , 06:43:03 PM//IMPORTACION SECCIONES EXITOSA
09-10-2024 06:43:06 PM , 06:43:06 PM//borrando datos antiguos de articulos.....
09-10-2024 06:43:07 PM , 06:43:07 PM//cargando datos articulos.....1000 registros
09-10-2024 06:43:08 PM , 06:43:08 PM//Importando de 0 a 200 articulos
09-10-2024 06:43:22 PM , 06:43:22 PM//Importando los siguientes 200 articulos
09-10-2024 06:43:36 PM , 06:43:36 PM//Importando los siguientes 400 articulos
09-10-2024 06:43:50 PM , 06:43:50 PM//Importando los siguientes 600 articulos
09-10-2024 06:44:04 PM , 06:44:04 PM//Importando los siguientes 800 articulos
09-10-2024 06:44:18 PM , 06:44:18 PM//Importando los siguientes 1000 articulos
09-10-2024 06:44:19 PM , 06:44:19 PM//IMPORTACION ARTICULOS EXITOSA
09-10-2024 06:44:20 PM , 06:44:20 PM//No se hallo el archivo de VARIEDADESJ:\PDA\DATOSCEL\IMP\BAR000IN.XMLIMPORTACION OMITIDA
