21-10-2020 , 12:42:38 PM//Estableciendo conexion...
21-10-2020 , 12:42:41 PM//Conectado
21-10-2020 , 12:42:41 PM//Empresa: PRUEBA (2)                                        
21-10-2020 , 12:42:42 PM//Verificacion concluida.
21-10-2020 , 12:42:42 PM//servidor DISPONIBLE
21-10-2020 , 12:42:49 PM//servidor DISPONIBLE
21-10-2020 , 12:42:50 PM//Modulo: ARTICULOS
21-10-2020 , 12:42:54 PM//borrando datos antiguos de secciones.....
21-10-2020 , 12:42:56 PM//cargando datos secciones.....
21-10-2020 , 12:42:59 PM//IMPORTACION SECCIONES EXITOSA
21-10-2020 , 12:43:03 PM//borrando datos antiguos de articulos.....
21-10-2020 , 12:43:04 PM//cargando datos articulos.....243 registros
21-10-2020 , 12:43:05 PM//Importando de 0 a 48 articulos
21-10-2020 , 12:43:20 PM//Importando los siguientes 48 articulos
21-10-2020 , 12:43:31 PM//Importando los siguientes 96 articulos
21-10-2020 , 12:43:42 PM//Importando los siguientes 144 articulos
21-10-2020 , 12:43:54 PM//Importando los siguientes 192 articulos
21-10-2020 , 12:44:05 PM//Importando los siguientes 240 articulos
21-10-2020 , 12:44:07 PM//IMPORTACION ARTICULOS EXITOSA
21-10-2020 , 12:44:10 PM//borrando datos antiguos de variedades.....
21-10-2020 , 12:44:11 PM//cargando datos variedades.....2 registros
21-10-2020 , 12:44:12 PM//Importando los primeros 0 variedades
21-10-2020 , 12:44:13 PM//Importando los siguientes ********** registros
21-10-2020 , 12:44:13 PM//Importando los siguientes ********** registros
21-10-2020 , 12:44:14 PM//IMPORTACION VARIEDADES EXITOSA
21-10-2020 , 12:49:27 PM//Estableciendo conexion...
21-10-2020 , 12:49:29 PM//Conectado
21-10-2020 , 12:49:29 PM//Empresa: PRUEBA (2)                                        
21-10-2020 , 12:49:30 PM//Verificacion concluida.
21-10-2020 , 12:49:30 PM//servidor DISPONIBLE
21-10-2020 , 12:49:33 PM//servidor DISPONIBLE
21-10-2020 , 12:49:34 PM//Modulo: ARTICULOS
21-10-2020 , 12:49:38 PM//borrando datos antiguos de secciones.....
21-10-2020 , 12:49:39 PM//cargando datos secciones.....
21-10-2020 , 12:49:42 PM//IMPORTACION SECCIONES EXITOSA
21-10-2020 , 12:49:52 PM//borrando datos antiguos de articulos.....
21-10-2020 , 12:49:53 PM//cargando datos articulos.....243 registros
21-10-2020 , 12:49:53 PM//Importando de 0 a 48 articulos
21-10-2020 , 12:50:07 PM//Importando los siguientes 48 articulos
21-10-2020 , 12:50:18 PM//Importando los siguientes 96 articulos
21-10-2020 , 12:50:30 PM//Importando los siguientes 144 articulos
21-10-2020 , 12:50:41 PM//Importando los siguientes 192 articulos
21-10-2020 , 12:50:53 PM//Importando los siguientes 240 articulos
21-10-2020 , 12:50:54 PM//IMPORTACION ARTICULOS EXITOSA
21-10-2020 , 12:50:58 PM//borrando datos antiguos de variedades.....
21-10-2020 , 12:50:59 PM//cargando datos variedades.....2 registros
21-10-2020 , 12:51:00 PM//Importando los primeros 0 variedades
21-10-2020 , 12:51:00 PM//Importando los siguientes ********** registros
21-10-2020 , 12:51:01 PM//Importando los siguientes ********** registros
21-10-2020 , 12:51:02 PM//IMPORTACION VARIEDADES EXITOSA
21-10-2020 , 12:53:16 PM//Estableciendo conexion...
21-10-2020 , 12:53:18 PM//Conectado
21-10-2020 , 12:53:18 PM//Empresa: PRUEBA (2)                                        
21-10-2020 , 12:53:19 PM//Verificacion concluida.
21-10-2020 , 12:53:20 PM//servidor DISPONIBLE
21-10-2020 , 12:53:24 PM//servidor DISPONIBLE
21-10-2020 , 12:53:24 PM//Modulo: ARTICULOS
21-10-2020 , 12:53:28 PM//borrando datos antiguos de secciones.....
21-10-2020 , 12:53:29 PM//cargando datos secciones.....
21-10-2020 , 12:53:33 PM//IMPORTACION SECCIONES EXITOSA
21-10-2020 , 12:53:40 PM//borrando datos antiguos de articulos.....
21-10-2020 , 12:53:41 PM//cargando datos articulos.....243 registros
21-10-2020 , 12:53:42 PM//Importando de 0 a 48 articulos
21-10-2020 , 12:53:53 PM//Importando los siguientes 48 articulos
21-10-2020 , 12:54:04 PM//Importando los siguientes 96 articulos
21-10-2020 , 12:54:16 PM//Importando los siguientes 144 articulos
21-10-2020 , 12:54:27 PM//Importando los siguientes 192 articulos
21-10-2020 , 12:54:38 PM//Importando los siguientes 240 articulos
21-10-2020 , 12:54:39 PM//IMPORTACION ARTICULOS EXITOSA
21-10-2020 , 12:54:43 PM//borrando datos antiguos de variedades.....
21-10-2020 , 12:54:44 PM//cargando datos variedades.....2 registros
21-10-2020 , 12:54:45 PM//Importando los primeros 0 variedades
21-10-2020 , 12:54:45 PM//Importando los siguientes ********** registros
21-10-2020 , 12:54:46 PM//Importando los siguientes ********** registros
21-10-2020 , 12:54:47 PM//IMPORTACION VARIEDADES EXITOSA
21-10-2020 , 12:56:02 PM//Estableciendo conexion...
21-10-2020 , 12:56:04 PM//Conectado
21-10-2020 , 12:56:04 PM//Empresa: PRUEBA (2)                                        
21-10-2020 , 12:56:05 PM//Verificacion concluida.
21-10-2020 , 12:56:06 PM//servidor DISPONIBLE
21-10-2020 , 12:56:08 PM//servidor DISPONIBLE
21-10-2020 , 12:56:09 PM//Modulo: ARTICULOS
21-10-2020 , 12:56:13 PM//borrando datos antiguos de secciones.....
21-10-2020 , 12:56:14 PM//cargando datos secciones.....
21-10-2020 , 12:56:17 PM//IMPORTACION SECCIONES EXITOSA
21-10-2020 , 12:56:23 PM//borrando datos antiguos de articulos.....
21-10-2020 , 12:56:25 PM//cargando datos articulos.....243 registros
21-10-2020 , 12:56:25 PM//Importando de 0 a 48 articulos
21-10-2020 , 12:56:36 PM//Importando los siguientes 48 articulos
21-10-2020 , 12:56:47 PM//Importando los siguientes 96 articulos
21-10-2020 , 12:56:59 PM//Importando los siguientes 144 articulos
21-10-2020 , 12:57:10 PM//Importando los siguientes 192 articulos
21-10-2020 , 12:57:21 PM//Importando los siguientes 240 articulos
21-10-2020 , 12:57:22 PM//IMPORTACION ARTICULOS EXITOSA
21-10-2020 , 12:57:26 PM//borrando datos antiguos de variedades.....
21-10-2020 , 12:57:27 PM//cargando datos variedades.....2 registros
21-10-2020 , 12:57:27 PM//Importando los primeros 0 variedades
21-10-2020 , 12:57:28 PM//Importando los siguientes ********** registros
21-10-2020 , 12:57:29 PM//Importando los siguientes ********** registros
21-10-2020 , 12:57:29 PM//IMPORTACION VARIEDADES EXITOSA
21-10-2020 , 12:58:44 PM//Estableciendo conexion...
21-10-2020 , 12:58:45 PM//Conectado
21-10-2020 , 12:58:45 PM//Empresa: PRUEBA (2)                                        
21-10-2020 , 12:58:46 PM//Verificacion concluida.
21-10-2020 , 12:58:46 PM//servidor DISPONIBLE
21-10-2020 , 12:58:48 PM//servidor DISPONIBLE
21-10-2020 , 12:58:49 PM//Modulo: ARTICULOS
21-10-2020 , 12:58:53 PM//borrando datos antiguos de secciones.....
21-10-2020 , 12:58:54 PM//cargando datos secciones.....
21-10-2020 , 12:58:58 PM//IMPORTACION SECCIONES EXITOSA
21-10-2020 , 12:59:05 PM//borrando datos antiguos de articulos.....
21-10-2020 , 12:59:06 PM//cargando datos articulos.....243 registros
21-10-2020 , 12:59:07 PM//Importando de 0 a 48 articulos
21-10-2020 , 01:00:18 PM//Importando los siguientes 48 articulos
21-10-2020 , 01:00:29 PM//Importando los siguientes 96 articulos
21-10-2020 , 01:00:41 PM//Importando los siguientes 144 articulos
21-10-2020 , 01:00:53 PM//Importando los siguientes 192 articulos
21-10-2020 , 01:01:04 PM//Importando los siguientes 240 articulos
21-10-2020 , 01:01:06 PM//IMPORTACION ARTICULOS EXITOSA
21-10-2020 , 01:01:09 PM//borrando datos antiguos de variedades.....
21-10-2020 , 01:01:10 PM//cargando datos variedades.....2 registros
21-10-2020 , 01:01:11 PM//Importando los primeros 0 variedades
21-10-2020 , 01:01:12 PM//Importando los siguientes ********** registros
21-10-2020 , 01:01:12 PM//Importando los siguientes ********** registros
21-10-2020 , 01:01:13 PM//IMPORTACION VARIEDADES EXITOSA
21-10-2020 , 01:03:02 PM//Estableciendo conexion...
21-10-2020 , 01:03:05 PM//Conectado
21-10-2020 , 01:03:05 PM//Empresa: PRUEBA (2)                                        
21-10-2020 , 01:03:06 PM//Verificacion concluida.
21-10-2020 , 01:03:07 PM//servidor DISPONIBLE
21-10-2020 , 01:03:08 PM//servidor DISPONIBLE
21-10-2020 , 01:03:09 PM//Modulo: ARTICULOS
21-10-2020 , 01:03:13 PM//borrando datos antiguos de secciones.....
21-10-2020 , 01:03:14 PM//cargando datos secciones.....
21-10-2020 , 01:03:17 PM//IMPORTACION SECCIONES EXITOSA
21-10-2020 , 01:03:29 PM//borrando datos antiguos de articulos.....
21-10-2020 , 01:03:30 PM//cargando datos articulos.....243 registros
21-10-2020 , 01:03:30 PM//Importando de 0 a 48 articulos
21-10-2020 , 01:04:36 PM//Importando los siguientes 48 articulos
21-10-2020 , 01:04:47 PM//Importando los siguientes 96 articulos
21-10-2020 , 01:04:59 PM//Importando los siguientes 144 articulos
21-10-2020 , 01:05:10 PM//Importando los siguientes 192 articulos
21-10-2020 , 01:05:21 PM//Importando los siguientes 240 articulos
21-10-2020 , 01:05:23 PM//IMPORTACION ARTICULOS EXITOSA
21-10-2020 , 01:05:27 PM//borrando datos antiguos de variedades.....
21-10-2020 , 01:05:28 PM//cargando datos variedades.....2 registros
21-10-2020 , 01:05:29 PM//Importando los primeros 0 variedades
21-10-2020 , 01:05:29 PM//Importando los siguientes ********** registros
21-10-2020 , 01:05:30 PM//Importando los siguientes ********** registros
21-10-2020 , 01:05:31 PM//IMPORTACION VARIEDADES EXITOSA
