20-11-2019 , Key13()..Comenzando Impresion ID: 110000114041-> //20-11-2019 14:17:14
20-11-2019 , ProcesarOperacion()..Comenzar //20-11-2019 14:17:15
20-11-2019 , ProcesarFactura()..Entro //20-11-2019 14:17:15
20-11-2019 , ProcesarFactura()..Error FINALIZAR  //20-11-2019 14:17:31
20-11-2019 , ProcesarOperacion()..Cancelado -CerrarComprobanteFiscal //20-11-2019 14:17:33
20-11-2019 , ProcesarOperacion()..Error de Papel, Pendiente //20-11-2019 14:17:33
20-11-2019 , Key13()..Finalizo Impresion //20-11-2019 14:17:33
20-11-2019 , Key13()..Comenzando Impresion ID: 110000114041-> //20-11-2019 14:20:43
20-11-2019 , ProcesarOperacion()..Comenzar //20-11-2019 14:20:44
20-11-2019 , ProcesarFactura()..Entro //20-11-2019 14:20:45
20-11-2019 , ProcesarFactura()..Error DESCUENTOULTIMOITEM Error Fiscal EpsonNro Error:2306Mensaje:No definido - Consultar Listado //20-11-2019 14:22:51
20-11-2019 , ProcesarOperacion()..Cancelado -CerrarComprobanteFiscal //20-11-2019 14:22:53
20-11-2019 , ProcesarOperacion()..Error de Papel, Pendiente //20-11-2019 14:22:53
20-11-2019 , Key13()..Finalizo Impresion //20-11-2019 14:22:53
20-11-2019 , Key13()..Comenzando Impresion ID: 110000114041-> //20-11-2019 14:27:49
20-11-2019 , ProcesarOperacion()..Comenzar //20-11-2019 14:27:50
20-11-2019 , ProcesarFactura()..Entro //20-11-2019 14:27:50
20-11-2019 , ProcesarFactura()..Error DESCUENTOULTIMOITEM Error Fiscal EpsonNro Error:16777219Mensaje:No definido - Consultar Listado //20-11-2019 14:28:13
20-11-2019 , ProcesarOperacion()..Cancelado -CerrarComprobanteFiscal //20-11-2019 14:28:15
20-11-2019 , ProcesarOperacion()..Error de Papel, Pendiente //20-11-2019 14:28:15
20-11-2019 , Key13()..Finalizo Impresion //20-11-2019 14:28:15
20-11-2019 , Key13()..Comenzando Impresion ID: 110000114041-> //20-11-2019 14:32:03
20-11-2019 , ProcesarOperacion()..Comenzar //20-11-2019 14:32:04
20-11-2019 , ProcesarFactura()..Entro //20-11-2019 14:32:04
20-11-2019 , ProcesarFactura()..Error DESCUENTOULTIMOITEM Error Fiscal EpsonNro Error:2306Mensaje:No definido - Consultar Listado //20-11-2019 14:33:05
20-11-2019 , ProcesarOperacion()..Cancelado -CerrarComprobanteFiscal //20-11-2019 14:33:21
20-11-2019 , ProcesarOperacion()..Error de Papel, Pendiente //20-11-2019 14:33:27
20-11-2019 , Key13()..Finalizo Impresion //20-11-2019 14:33:32
20-11-2019 , Key13()..Comenzando Impresion ID: 110000114041-> //20-11-2019 14:35:50
20-11-2019 , ProcesarOperacion()..Comenzar //20-11-2019 14:35:52
20-11-2019 , ProcesarFactura()..Entro //20-11-2019 14:35:52
20-11-2019 , ProcesarFactura()..Error DESCUENTOULTIMOITEM Error Fiscal EpsonNro Error:2306Mensaje:No definido - Consultar Listado //20-11-2019 14:36:33
20-11-2019 , ProcesarOperacion()..Cancelado -CerrarComprobanteFiscal //20-11-2019 14:36:35
20-11-2019 , ProcesarOperacion()..Error de Papel, Pendiente //20-11-2019 14:36:35
20-11-2019 , Key13()..Finalizo Impresion //20-11-2019 14:36:35
20-11-2019 , ()..No Comenzando Impresion ID: 110000114041-> //20-11-2019 14:36:52
20-11-2019 , Key13()..Comenzando Impresion ID: 110000114042-> //20-11-2019 14:47:21
20-11-2019 , ProcesarOperacion()..Comenzar //20-11-2019 14:47:23
20-11-2019 , ProcesarFactura()..Entro //20-11-2019 14:47:23
20-11-2019 , ProcesarOperacion()..Comprobnate Terminado - Exitoso //20-11-2019 14:47:30
20-11-2019 , Key13()..Finalizo Impresion //20-11-2019 14:47:30
20-11-2019 , ()..No Comenzando Impresion ID: 110000114042-> //20-11-2019 14:47:49
20-11-2019 , Key13()..Grabando Venta, accion=A ID: 110000114042-> //20-11-2019 14:47:52
20-11-2019 , Key13()..Grabando Venta, accion=A ID: 110000114042-> //20-11-2019 14:48:19
20-11-2019 , Key13()..Comenzando Impresion ID: 110000114043-> //20-11-2019 14:48:49
20-11-2019 , ProcesarOperacion()..Comenzar //20-11-2019 14:48:49
20-11-2019 , ProcesarFactura()..Entro //20-11-2019 14:48:50
20-11-2019 , ProcesarFactura()..Error DESCUENTOULTIMOITEM Error Fiscal EpsonNro Error:2306Mensaje:No definido - Consultar Listado //20-11-2019 14:49:33
20-11-2019 , ProcesarOperacion()..Cancelado -CerrarComprobanteFiscal //20-11-2019 14:49:35
20-11-2019 , ProcesarOperacion()..Error de Papel, Pendiente //20-11-2019 14:49:35
20-11-2019 , Key13()..Finalizo Impresion //20-11-2019 14:49:35
20-11-2019 , ()..No Comenzando Impresion ID: 110000114043-> //20-11-2019 14:49:42
20-11-2019 , Key13()..Grabando Venta, accion=A ID: 110000114043-> //20-11-2019 14:49:44
20-11-2019 , Key13()..Comenzando Impresion ID: 110000114044-> //20-11-2019 14:50:56
20-11-2019 , ProcesarOperacion()..Comenzar //20-11-2019 14:50:58
20-11-2019 , ProcesarFactura()..Entro //20-11-2019 14:50:58
20-11-2019 , ProcesarFactura()..Error DESCUENTOULTIMOITEM Error Fiscal EpsonNro Error:2306Mensaje:No definido - Consultar Listado //20-11-2019 14:51:06
20-11-2019 , ProcesarOperacion()..Cancelado -CerrarComprobanteFiscal //20-11-2019 14:51:08
20-11-2019 , ProcesarOperacion()..Error de Papel, Pendiente //20-11-2019 14:51:08
20-11-2019 , Key13()..Finalizo Impresion //20-11-2019 14:51:08
20-11-2019 , ()..No Comenzando Impresion ID: 110000114044-> //20-11-2019 14:51:10
20-11-2019 , Key13()..Grabando Venta, accion=A ID: 110000114044-> //20-11-2019 14:51:10
