16-04-2020 , 16-04-2020 12:44:26 PM//Estableciendo conexion...
16-04-2020 , 16-04-2020 12:44:28 PM//Conectado
16-04-2020 , 16-04-2020 12:44:28 PM//Empresa: MARCOS                                            
16-04-2020 , 16-04-2020 12:44:29 PM//Verificacion concluida.
16-04-2020 , 16-04-2020 12:44:29 PM//servidor DISPONIBLE
16-04-2020 , 12:46:39 PM//Estableciendo conexion...
16-04-2020 , 12:46:40 PM//Conectado
16-04-2020 , 12:46:40 PM//Empresa: MARCOS                                            
16-04-2020 , 12:46:41 PM//Verificacion concluida.
16-04-2020 , 12:46:41 PM//servidor DISPONIBLE
16-04-2020 , 12:46:52 PM//servidor DISPONIBLE
16-04-2020 , 12:46:53 PM//Modulo: VENDEDORES
16-04-2020 , 12:46:58 PM//Sentencia 	INSERT INTO Vendedor (ID,NOMBRE,USUARIO,PASSWORD,IDEMPRESA,CODIGO,CLAVE,FUERZAVENTA) VALUES ('103994','ANDRES','1',
	'mar1','43',1,
	'1mar1','01')Código de excepción OLE IDispatch 0 de Microsoft OLE DB Provider for SQL Server: Cannot insert duplicate key row in object 'dbo.vendedor' with unique index 'clave'. The duplicate key value is (1mar1)..
16-04-2020 , 12:46:58 PM//Error al IMPORTAR
16-04-2020 , 12:46:59 PM//Linea 1
16-04-2020 , 12:46:59 PM//IMPORTACION CANCELADA
16-04-2020 , 12:53:18 PM//Estableciendo conexion...
16-04-2020 , 12:53:19 PM//Conectado
16-04-2020 , 12:53:19 PM//Empresa: MARCOS                                            
16-04-2020 , 12:53:20 PM//Verificacion concluida.
16-04-2020 , 12:53:21 PM//servidor DISPONIBLE
16-04-2020 , 12:53:23 PM//servidor DISPONIBLE
16-04-2020 , 12:53:23 PM//Modulo: VENDEDORES
16-04-2020 , 12:53:27 PM//borrando datos antiguos de vendedores.....
16-04-2020 , 12:53:32 PM//Sentencia 	INSERT INTO Vendedor (ID,NOMBRE,USUARIO,PASSWORD,IDEMPRESA,CODIGO,CLAVE,FUERZAVENTA) VALUES ('103994','ANDRES','1',
	'mar1','43',1,
	'1mar1','01')Código de excepción OLE IDispatch 0 de Microsoft OLE DB Provider for SQL Server: Cannot insert duplicate key row in object 'dbo.vendedor' with unique index 'clave'. The duplicate key value is (1mar1)..
16-04-2020 , 12:53:32 PM//Error al IMPORTAR
16-04-2020 , 12:53:33 PM//Linea 1
16-04-2020 , 12:53:33 PM//IMPORTACION CANCELADA
16-04-2020 , 12:53:37 PM//servidor DISPONIBLE
16-04-2020 , 12:53:37 PM//Modulo: ARTICULOS
16-04-2020 , 12:53:41 PM//borrando datos antiguos de secciones.....
16-04-2020 , 12:53:42 PM//cargando datos secciones.....
16-04-2020 , 12:53:45 PM//IMPORTACION SECCIONES EXITOSA
16-04-2020 , 12:53:49 PM//borrando datos antiguos de articulos.....
16-04-2020 , 12:53:50 PM//cargando datos articulos.....243 registros
16-04-2020 , 12:53:50 PM//Importando de 0 a 48 articulos
16-04-2020 , 12:54:00 PM//Importando los siguientes 48 articulos
16-04-2020 , 12:54:10 PM//Importando los siguientes 96 articulos
16-04-2020 , 12:54:20 PM//Importando los siguientes 144 articulos
16-04-2020 , 12:54:30 PM//Importando los siguientes 192 articulos
16-04-2020 , 12:54:40 PM//Importando los siguientes 240 articulos
16-04-2020 , 12:54:42 PM//IMPORTACION ARTICULOS EXITOSA
16-04-2020 , 12:54:45 PM//borrando datos antiguos de variedades.....
16-04-2020 , 12:54:46 PM//cargando datos variedades.....2 registros
16-04-2020 , 12:54:47 PM//Importando los primeros 0 variedades
16-04-2020 , 12:54:47 PM//Importando los siguientes ********** registros
16-04-2020 , 12:54:48 PM//Importando los siguientes ********** registros
16-04-2020 , 12:54:49 PM//IMPORTACION VARIEDADES EXITOSA
16-04-2020 , 12:54:52 PM//servidor DISPONIBLE
16-04-2020 , 12:54:53 PM//Modulo: VENDEDORES
16-04-2020 , 12:54:56 PM//borrando datos antiguos de vendedores.....
16-04-2020 , 12:55:23 PM//Estableciendo conexion...
16-04-2020 , 12:55:25 PM//Conectado
16-04-2020 , 12:55:25 PM//Empresa: MARCOS                                            
16-04-2020 , 12:55:26 PM//Verificacion concluida.
16-04-2020 , 12:55:27 PM//servidor OCUPADO
16-04-2020 , 01:01:19 PM//Estableciendo conexion...
16-04-2020 , 01:01:21 PM//Conectado
16-04-2020 , 01:01:22 PM//Empresa: MARCOS                                            
16-04-2020 , 01:01:23 PM//Verificacion concluida.
16-04-2020 , 01:01:23 PM//servidor DISPONIBLE
16-04-2020 , 01:01:26 PM//servidor DISPONIBLE
16-04-2020 , 01:01:26 PM//Modulo: VENDEDORES
16-04-2020 , 01:01:30 PM//borrando datos antiguos de vendedores.....
16-04-2020 , 01:02:15 PM//IMPORTACION EXITOSA
16-04-2020 , 01:02:59 PM//servidor DISPONIBLE
16-04-2020 , 01:03:00 PM//Modulo: ARTICULOS
16-04-2020 , 01:03:03 PM//borrando datos antiguos de secciones.....
16-04-2020 , 01:03:04 PM//cargando datos secciones.....
16-04-2020 , 01:03:08 PM//IMPORTACION SECCIONES EXITOSA
16-04-2020 , 01:03:11 PM//borrando datos antiguos de articulos.....
16-04-2020 , 01:03:12 PM//cargando datos articulos.....243 registros
16-04-2020 , 01:03:12 PM//Importando de 0 a 48 articulos
16-04-2020 , 01:03:22 PM//Importando los siguientes 48 articulos
16-04-2020 , 01:03:32 PM//Importando los siguientes 96 articulos
16-04-2020 , 01:03:42 PM//Importando los siguientes 144 articulos
16-04-2020 , 01:03:52 PM//Importando los siguientes 192 articulos
16-04-2020 , 01:04:02 PM//Importando los siguientes 240 articulos
16-04-2020 , 01:04:03 PM//IMPORTACION ARTICULOS EXITOSA
16-04-2020 , 01:04:07 PM//borrando datos antiguos de variedades.....
16-04-2020 , 01:04:08 PM//cargando datos variedades.....2 registros
16-04-2020 , 01:04:08 PM//Importando los primeros 0 variedades
16-04-2020 , 01:04:09 PM//Importando los siguientes ********** registros
16-04-2020 , 01:04:10 PM//Importando los siguientes ********** registros
16-04-2020 , 01:04:11 PM//IMPORTACION VARIEDADES EXITOSA
16-04-2020 , 01:04:17 PM//servidor DISPONIBLE
16-04-2020 , 01:04:18 PM//Modulo: CLIENTES
16-04-2020 , 01:04:23 PM//borrando datos antiguos.....
16-04-2020 , 01:04:25 PM//cargando datos clientes.....2108 registros
16-04-2020 , 01:04:25 PM//Importando de 0 a 421 registros
16-04-2020 , 01:05:48 PM//Importando los siguientes 421 registros
16-04-2020 , 01:07:12 PM//Importando los siguientes 842 registros
16-04-2020 , 01:08:35 PM//Importando los siguientes 1263 registros
16-04-2020 , 01:09:58 PM//Importando los siguientes 1684 registros
16-04-2020 , 01:11:21 PM//Importando los siguientes 2105 registros
16-04-2020 , 01:11:22 PM//IMPORTACION EXITOSA
16-04-2020 , 02:06:29 PM//Estableciendo conexion...
16-04-2020 , 02:06:31 PM//Conectado
16-04-2020 , 02:06:32 PM//Empresa: MARCOS                                            
16-04-2020 , 02:06:32 PM//Verificacion concluida.
16-04-2020 , 02:06:33 PM//servidor DISPONIBLE
