07-04-2021 , 02:43:16 PM//Estableciendo conexion...
07-04-2021 , 02:43:20 PM//Conectado
07-04-2021 , 02:43:20 PM//Empresa: PRUEBA (2)                                        
07-04-2021 , 02:43:21 PM//Verificacion concluida.
07-04-2021 , 02:43:21 PM//servidor DISPONIBLE
07-04-2021 , 02:44:05 PM//Estableciendo conexion...
07-04-2021 , 02:44:06 PM//Conectado
07-04-2021 , 02:44:07 PM//Empresa: SUR DISTRIBUIDORA                                 
07-04-2021 , 02:44:08 PM//Verificacion concluida.
07-04-2021 , 02:44:08 PM//servidor DISPONIBLE
07-04-2021 , 02:44:10 PM//servidor DISPONIBLE
07-04-2021 , 02:44:11 PM//Modulo: ARTICULOS
07-04-2021 , 02:44:15 PM//borrando datos antiguos de secciones.....
07-04-2021 , 02:44:16 PM//cargando datos secciones.....
07-04-2021 , 02:44:20 PM//Sentencia 	INSERT INTO Secciones (ID,IDEMPRESA,NUMERO,NOMBRE,ORDEN) VALUES ('243588','5',
	'46','PROD. HELLMANN'S',46)Código de excepción OLE IDispatch 0 de Microsoft OLE DB Provider for SQL Server: Incorrect syntax near 'S'..
07-04-2021 , 02:44:21 PM//Error al IMPORTAR SECCIONLinea 8IMPORTACION CANCELADA
07-04-2021 , 02:49:08 PM//Estableciendo conexion...
07-04-2021 , 02:49:10 PM//Conectado
07-04-2021 , 02:49:11 PM//Empresa: SUR DISTRIBUIDORA                                 
07-04-2021 , 02:49:11 PM//Verificacion concluida.
07-04-2021 , 02:49:12 PM//servidor DISPONIBLE
07-04-2021 , 02:49:14 PM//servidor DISPONIBLE
07-04-2021 , 02:49:14 PM//Modulo: ARTICULOS
07-04-2021 , 02:49:18 PM//borrando datos antiguos de secciones.....
07-04-2021 , 02:49:19 PM//cargando datos secciones.....
07-04-2021 , 02:49:30 PM//IMPORTACION SECCIONES EXITOSA
07-04-2021 , 02:49:42 PM//borrando datos antiguos de articulos.....
07-04-2021 , 02:49:44 PM//cargando datos articulos.....747 registros
07-04-2021 , 02:49:44 PM//Importando de 0 a 149 articulos
07-04-2021 , 02:50:24 PM//Importando los siguientes 149 articulos
07-04-2021 , 02:51:05 PM//Importando los siguientes 298 articulos
07-04-2021 , 02:51:42 PM//Importando los siguientes 447 articulos
07-04-2021 , 02:52:18 PM//Importando los siguientes 596 articulos
07-04-2021 , 02:52:54 PM//Importando los siguientes 745 articulos
07-04-2021 , 02:52:56 PM//IMPORTACION ARTICULOS EXITOSA
07-04-2021 , 02:53:00 PM//borrando datos antiguos de variedades.....
07-04-2021 , 02:53:01 PM//cargando datos variedades.....2 registros
07-04-2021 , 02:53:01 PM//Importando los primeros 0 variedades
07-04-2021 , 02:53:02 PM//Importando los siguientes ********** registros
07-04-2021 , 02:53:02 PM//Importando los siguientes ********** registros
07-04-2021 , 02:53:03 PM//IMPORTACION VARIEDADES EXITOSA
07-04-2021 , 02:53:10 PM//servidor DISPONIBLE
07-04-2021 , 02:53:11 PM//Modulo: CLIENTES
07-04-2021 , 02:53:15 PM//borrando datos antiguos.....
07-04-2021 , 02:53:16 PM//cargando datos clientes.....784 registros
07-04-2021 , 02:53:17 PM//Importando de 0 a 156 registros
07-04-2021 , 02:53:54 PM//Importando los siguientes 156 registros
07-04-2021 , 02:54:32 PM//Importando los siguientes 312 registros
07-04-2021 , 02:55:18 PM//Importando los siguientes 468 registros
07-04-2021 , 02:55:57 PM//Importando los siguientes 624 registros
07-04-2021 , 02:56:36 PM//Importando los siguientes 780 registros
07-04-2021 , 02:56:37 PM//IMPORTACION EXITOSA
07-04-2021 , 06:02:41 PM//Estableciendo conexion...
07-04-2021 , 06:02:43 PM//Conectado
07-04-2021 , 06:02:43 PM//Empresa: SUR DISTRIBUIDORA                                 
07-04-2021 , 06:02:44 PM//Verificacion concluida.
07-04-2021 , 06:02:45 PM//servidor DISPONIBLE
07-04-2021 , 06:02:49 PM//servidor DISPONIBLE
07-04-2021 , 06:02:49 PM//Modulo: VENDEDORES
07-04-2021 , 06:02:53 PM//borrando datos antiguos de vendedores.....
07-04-2021 , 06:02:57 PM//IMPORTACION EXITOSA
07-04-2021 , 06:03:01 PM//servidor DISPONIBLE
07-04-2021 , 06:03:01 PM//Modulo: ARTICULOS
07-04-2021 , 06:03:05 PM//borrando datos antiguos de secciones.....
07-04-2021 , 06:03:06 PM//cargando datos secciones.....
07-04-2021 , 06:03:17 PM//IMPORTACION SECCIONES EXITOSA
07-04-2021 , 06:03:28 PM//borrando datos antiguos de articulos.....
07-04-2021 , 06:03:29 PM//cargando datos articulos.....747 registros
07-04-2021 , 06:03:29 PM//Importando de 0 a 149 articulos
07-04-2021 , 06:03:33 PM//No se encuentra la propiedad PORCEMERMA.,<<(OscDatos.costo)>>,<<OscDatos.neto>>,<<OscDatos.porcemerma>>,'<<OscDatos.tipobonif>>')IMPORTACION CANCELADA
07-04-2021 , 06:06:15 PM//Estableciendo conexion...
07-04-2021 , 06:06:17 PM//Conectado
07-04-2021 , 06:06:17 PM//Empresa: SUR DISTRIBUIDORA                                 
07-04-2021 , 06:06:18 PM//Verificacion concluida.
07-04-2021 , 06:06:19 PM//servidor DISPONIBLE
07-04-2021 , 06:06:42 PM//Estableciendo conexion...
07-04-2021 , 06:06:44 PM//Conectado
07-04-2021 , 06:06:44 PM//Empresa: SUR DISTRIBUIDORA                                 
07-04-2021 , 06:06:45 PM//Verificacion concluida.
07-04-2021 , 06:06:46 PM//servidor DISPONIBLE
07-04-2021 , 06:06:48 PM//servidor DISPONIBLE
07-04-2021 , 06:06:49 PM//Modulo: ARTICULOS
07-04-2021 , 06:06:53 PM//borrando datos antiguos de secciones.....
07-04-2021 , 06:06:54 PM//cargando datos secciones.....
07-04-2021 , 06:07:04 PM//IMPORTACION SECCIONES EXITOSA
07-04-2021 , 06:07:08 PM//borrando datos antiguos de articulos.....
07-04-2021 , 06:07:09 PM//cargando datos articulos.....747 registros
07-04-2021 , 06:07:10 PM//Importando de 0 a 149 articulos
07-04-2021 , 06:07:43 PM//Importando los siguientes 149 articulos
07-04-2021 , 06:08:17 PM//Importando los siguientes 298 articulos
07-04-2021 , 06:08:52 PM//Importando los siguientes 447 articulos
07-04-2021 , 06:09:26 PM//Importando los siguientes 596 articulos
07-04-2021 , 06:10:01 PM//Importando los siguientes 745 articulos
07-04-2021 , 06:10:02 PM//IMPORTACION ARTICULOS EXITOSA
07-04-2021 , 06:10:06 PM//borrando datos antiguos de variedades.....
07-04-2021 , 06:10:07 PM//cargando datos variedades.....2 registros
07-04-2021 , 06:10:07 PM//Importando los primeros 0 variedades
07-04-2021 , 06:10:08 PM//Importando los siguientes ********** registros
07-04-2021 , 06:10:09 PM//Importando los siguientes ********** registros
07-04-2021 , 06:10:09 PM//IMPORTACION VARIEDADES EXITOSA
