26-01-2022 12:28:04 PM , 12:28:04 PM//Estableciendo conexion...
26-01-2022 12:28:06 PM , 12:28:06 PM//Conectado
26-01-2022 12:28:06 PM , 12:28:06 PM//Empresa: PRUEBA (2)                                        
26-01-2022 12:28:07 PM , 12:28:07 PM//Verificacion concluida.
26-01-2022 12:28:07 PM , 12:28:07 PM//servidor DISPONIBLE
26-01-2022 12:28:14 PM , 12:28:14 PM//servidor DISPONIBLE
26-01-2022 12:28:15 PM , 12:28:15 PM//Modulo: CLIENTES
26-01-2022 12:28:19 PM , 12:28:19 PM//borrando datos antiguos.....
26-01-2022 12:28:20 PM , 12:28:20 PM//cargando datos clientes.....1107 registros
26-01-2022 12:28:21 PM , 12:28:21 PM//Importando de 0 a 221 registros
26-01-2022 12:28:22 PM , 12:28:22 PM//Sentencia 	INSERT INTO Clientes (ID,NUMERO,NOMBRE,SALDO,ORDENVISITA,DIRECCION,TELEFONO,CP,LOCALIDAD,IDPROVINCIA,SITUACIONIVA,
			CUIT,IDVENDEDOR,IDZONA,IDPAGO,FULCPR,FULPAG,IDCATEGORIA,IDLISTA,DIASVISITA,IDEMPRESA,
			BONIF1,BONIF2,BONIF3,BONIF4,SALDOAUTO,PORPERCE,OBSERVACIONES) VALUES ('7570492','1','VEN A VER COOP DE TRAB',
	'89751.65','001','RIVADAVIA 10','*',
	'6441','RIVERA','B','1',
	'30-70828963-5','6','2','1',
	'        ','        ','0','1',
	'2','2',
	0.00,0.00,0.00,0.00,0.00,
	0.00,[BONIF_OFF]  2 comprobantes PENDIENTES.)Código de excepción OLE IDispatch 0 de Microsoft OLE DB Provider for SQL Server: Incorrect syntax near '2'..
26-01-2022 12:28:25 PM , 12:28:25 PM//Error al IMPORTARLinea 1IMPORTACION CANCELADA
26-01-2022 12:29:32 PM , 12:29:32 PM//Estableciendo conexion...
26-01-2022 12:29:34 PM , 12:29:34 PM//Conectado
26-01-2022 12:29:34 PM , 12:29:34 PM//Empresa: PRUEBA (2)                                        
26-01-2022 12:29:35 PM , 12:29:35 PM//Verificacion concluida.
26-01-2022 12:29:35 PM , 12:29:35 PM//servidor DISPONIBLE
26-01-2022 12:29:38 PM , 12:29:38 PM//servidor DISPONIBLE
26-01-2022 12:29:38 PM , 12:29:38 PM//Modulo: CLIENTES
26-01-2022 12:29:42 PM , 12:29:42 PM//borrando datos antiguos.....
26-01-2022 12:29:43 PM , 12:29:43 PM//cargando datos clientes.....1107 registros
26-01-2022 12:29:44 PM , 12:29:44 PM//Importando de 0 a 221 registros
26-01-2022 12:30:27 PM , 12:30:27 PM//Importando los siguientes 221 registros
26-01-2022 12:31:09 PM , 12:31:09 PM//Importando los siguientes 442 registros
26-01-2022 12:31:52 PM , 12:31:52 PM//Importando los siguientes 663 registros
26-01-2022 12:32:35 PM , 12:32:35 PM//Importando los siguientes 884 registros
26-01-2022 12:33:18 PM , 12:33:18 PM//Importando los siguientes 1105 registros
26-01-2022 12:33:19 PM , 12:33:19 PM//IMPORTACION EXITOSA
26-01-2022 12:33:27 PM , 12:33:27 PM//servidor DISPONIBLE
26-01-2022 12:33:28 PM , 12:33:28 PM//Modulo: VENDEDORES
26-01-2022 12:33:32 PM , 12:33:32 PM//borrando datos antiguos de vendedores.....
26-01-2022 12:33:34 PM , 12:33:34 PM//Sentencia 	INSERT INTO Vendedor (ID,NOMBRE,USUARIO,PASSWORD,IDEMPRESA,CODIGO,CLAVE,FUERZAVENTA) VALUES ('172269','','2',
	'sur2','2',2,
	'2sur2','01')Código de excepción OLE IDispatch 0 de Microsoft OLE DB Provider for SQL Server: Cannot insert duplicate key row in object 'dbo.vendedor' with unique index 'clave'. The duplicate key value is (2sur2)..
26-01-2022 12:33:34 PM , 12:33:34 PM//Error al IMPORTAR
26-01-2022 12:33:35 PM , 12:33:35 PM//Linea 1
26-01-2022 12:33:35 PM , 12:33:35 PM//IMPORTACION CANCELADA
26-01-2022 12:36:46 PM , 12:36:46 PM//Estableciendo conexion...
26-01-2022 12:36:48 PM , 12:36:48 PM//Conectado
26-01-2022 12:36:49 PM , 12:36:49 PM//Empresa: PRUEBA (2)                                        
26-01-2022 12:36:49 PM , 12:36:49 PM//Verificacion concluida.
26-01-2022 12:36:50 PM , 12:36:50 PM//servidor DISPONIBLE
26-01-2022 12:36:52 PM , 12:36:52 PM//servidor DISPONIBLE
26-01-2022 12:36:52 PM , 12:36:52 PM//Modulo: VENDEDORES
26-01-2022 12:36:56 PM , 12:36:56 PM//borrando datos antiguos de vendedores.....
26-01-2022 12:37:00 PM , 12:37:00 PM//IMPORTACION EXITOSA
26-01-2022 12:37:04 PM , 12:37:04 PM//servidor DISPONIBLE
26-01-2022 12:37:04 PM , 12:37:04 PM//Modulo: ARTICULOS
26-01-2022 12:37:08 PM , 12:37:08 PM//borrando datos antiguos de secciones.....
26-01-2022 12:37:09 PM , 12:37:09 PM//cargando datos secciones.....
26-01-2022 12:37:17 PM , 12:37:17 PM//IMPORTACION SECCIONES EXITOSA
26-01-2022 12:37:21 PM , 12:37:21 PM//borrando datos antiguos de articulos.....
26-01-2022 12:37:22 PM , 12:37:22 PM//cargando datos articulos.....828 registros
26-01-2022 12:37:23 PM , 12:37:23 PM//Importando de 0 a 165 articulos
26-01-2022 12:37:54 PM , 12:37:54 PM//Importando los siguientes 165 articulos
26-01-2022 12:38:26 PM , 12:38:26 PM//Importando los siguientes 330 articulos
26-01-2022 12:38:58 PM , 12:38:58 PM//Importando los siguientes 495 articulos
26-01-2022 12:39:29 PM , 12:39:29 PM//Importando los siguientes 660 articulos
26-01-2022 12:40:01 PM , 12:40:01 PM//Importando los siguientes 825 articulos
26-01-2022 12:40:02 PM , 12:40:02 PM//IMPORTACION ARTICULOS EXITOSA
26-01-2022 12:40:06 PM , 12:40:06 PM//borrando datos antiguos de variedades.....
26-01-2022 12:40:07 PM , 12:40:07 PM//cargando datos variedades.....2 registros
26-01-2022 12:40:07 PM , 12:40:07 PM//Importando los primeros 0 variedades
26-01-2022 12:40:08 PM , 12:40:08 PM//Importando los siguientes ********** registros
26-01-2022 12:40:08 PM , 12:40:08 PM//Importando los siguientes ********** registros
26-01-2022 12:40:09 PM , 12:40:09 PM//IMPORTACION VARIEDADES EXITOSA
26-01-2022 12:49:40 PM , 12:49:40 PM//Estableciendo conexion...
26-01-2022 12:49:42 PM , 12:49:42 PM//Conectado
26-01-2022 12:49:43 PM , 12:49:43 PM//Empresa: PRUEBA (2)                                        
26-01-2022 12:49:43 PM , 12:49:43 PM//Verificacion concluida.
26-01-2022 12:49:44 PM , 12:49:44 PM//servidor DISPONIBLE
26-01-2022 12:49:49 PM , 12:49:49 PM//servidor DISPONIBLE
26-01-2022 12:49:50 PM , 12:49:50 PM//Modulo: ARTICULOS
26-01-2022 12:49:53 PM , 12:49:53 PM//borrando datos antiguos de secciones.....
26-01-2022 12:49:54 PM , 12:49:54 PM//cargando datos secciones.....
26-01-2022 12:50:03 PM , 12:50:03 PM//IMPORTACION SECCIONES EXITOSA
26-01-2022 12:50:06 PM , 12:50:06 PM//borrando datos antiguos de articulos.....
26-01-2022 12:50:08 PM , 12:50:08 PM//cargando datos articulos.....828 registros
26-01-2022 12:50:08 PM , 12:50:08 PM//Importando de 0 a 165 articulos
26-01-2022 12:50:40 PM , 12:50:40 PM//Importando los siguientes 165 articulos
26-01-2022 12:51:12 PM , 12:51:12 PM//Importando los siguientes 330 articulos
26-01-2022 12:51:44 PM , 12:51:44 PM//Importando los siguientes 495 articulos
26-01-2022 12:52:16 PM , 12:52:16 PM//Importando los siguientes 660 articulos
26-01-2022 12:52:48 PM , 12:52:48 PM//Importando los siguientes 825 articulos
26-01-2022 12:52:49 PM , 12:52:49 PM//IMPORTACION ARTICULOS EXITOSA
26-01-2022 12:52:53 PM , 12:52:53 PM//borrando datos antiguos de variedades.....
26-01-2022 12:52:54 PM , 12:52:54 PM//cargando datos variedades.....2 registros
26-01-2022 12:52:54 PM , 12:52:54 PM//Importando los primeros 0 variedades
26-01-2022 12:52:55 PM , 12:52:55 PM//Importando los siguientes ********** registros
26-01-2022 12:52:56 PM , 12:52:56 PM//Importando los siguientes ********** registros
26-01-2022 12:52:57 PM , 12:52:57 PM//IMPORTACION VARIEDADES EXITOSA
