30-07-2020 , 03:13:31 PM//Estableciendo conexion...
30-07-2020 , 03:13:33 PM//Conectado
30-07-2020 , 03:13:34 PM//Empresa: MARCOS                                            
30-07-2020 , 03:13:34 PM//Verificacion concluida.
30-07-2020 , 03:13:35 PM//servidor DISPONIBLE
30-07-2020 , 03:16:18 PM//Estableciendo conexion...
30-07-2020 , 03:16:20 PM//Conectado
30-07-2020 , 03:16:21 PM//Empresa: MARCOS                                            
30-07-2020 , 03:16:21 PM//Verificacion concluida.
30-07-2020 , 03:16:22 PM//servidor DISPONIBLE
30-07-2020 , 03:18:49 PM//Estableciendo conexion...
30-07-2020 , 03:18:51 PM//Conectado
30-07-2020 , 03:18:52 PM//Empresa: MARCOS                                            
30-07-2020 , 03:18:52 PM//Verificacion concluida.
30-07-2020 , 03:18:53 PM//servidor DISPONIBLE
30-07-2020 , 03:21:07 PM//Estableciendo conexion...
30-07-2020 , 03:21:09 PM//Conectado
30-07-2020 , 03:21:10 PM//Empresa: MARCOS                                            
30-07-2020 , 03:21:11 PM//Verificacion concluida.
30-07-2020 , 03:21:11 PM//servidor DISPONIBLE
30-07-2020 , 03:22:07 PM//Estableciendo conexion...
30-07-2020 , 03:22:09 PM//Conectado
30-07-2020 , 03:22:10 PM//Empresa: MARCOS                                            
30-07-2020 , 03:22:10 PM//Verificacion concluida.
30-07-2020 , 03:22:11 PM//servidor DISPONIBLE
30-07-2020 , 03:24:19 PM//Estableciendo conexion...
30-07-2020 , 03:24:21 PM//Conectado
30-07-2020 , 03:24:21 PM//Empresa: MARCOS                                            
30-07-2020 , 03:24:22 PM//Verificacion concluida.
30-07-2020 , 03:24:22 PM//servidor DISPONIBLE
30-07-2020 , 03:24:25 PM//servidor DISPONIBLE
30-07-2020 , 03:24:26 PM//Modulo: VENDEDORES
30-07-2020 , 03:24:30 PM//borrando datos antiguos de vendedores.....
30-07-2020 , 03:24:37 PM//IMPORTACION EXITOSA
30-07-2020 , 03:33:05 PM//Estableciendo conexion...
30-07-2020 , 03:33:07 PM//Conectado
30-07-2020 , 03:33:07 PM//Empresa: MARCOS                                            
30-07-2020 , 03:33:08 PM//Verificacion concluida.
30-07-2020 , 03:33:09 PM//servidor DISPONIBLE
30-07-2020 , 03:48:53 PM//Estableciendo conexion...
30-07-2020 , 03:48:55 PM//Conectado
30-07-2020 , 03:48:56 PM//Empresa: MARCOS                                            
30-07-2020 , 03:48:57 PM//Verificacion concluida.
30-07-2020 , 03:48:57 PM//servidor DISPONIBLE
30-07-2020 , 04:02:56 PM//Estableciendo conexion...
30-07-2020 , 04:02:58 PM//Conectado
30-07-2020 , 04:02:59 PM//Empresa: MARCOS                                            
30-07-2020 , 04:02:59 PM//Verificacion concluida.
30-07-2020 , 04:03:00 PM//servidor DISPONIBLE
30-07-2020 , 04:18:58 PM//servidor DISPONIBLE
30-07-2020 , 04:18:59 PM//Modulo: CLIENTES
30-07-2020 , 04:19:04 PM//borrando datos antiguos.....
30-07-2020 , 04:19:05 PM//cargando datos clientes.....2108 registros
30-07-2020 , 04:19:06 PM//Importando de 0 a 421 registros
30-07-2020 , 04:20:32 PM//Importando los siguientes 421 registros
30-07-2020 , 04:21:58 PM//Importando los siguientes 842 registros
30-07-2020 , 04:23:25 PM//Importando los siguientes 1263 registros
30-07-2020 , 04:24:51 PM//Importando los siguientes 1684 registros
30-07-2020 , 04:26:27 PM//Importando los siguientes 2105 registros
30-07-2020 , 04:26:28 PM//IMPORTACION EXITOSA
30-07-2020 , 04:29:35 PM//Estableciendo conexion...
30-07-2020 , 04:29:37 PM//Conectado
30-07-2020 , 04:29:37 PM//Empresa: MARCOS                                            
30-07-2020 , 04:29:38 PM//Verificacion concluida.
30-07-2020 , 04:29:38 PM//servidor DISPONIBLE
30-07-2020 , 04:30:36 PM//Estableciendo conexion...
30-07-2020 , 04:30:38 PM//Conectado
30-07-2020 , 04:30:38 PM//Empresa: MARCOS                                            
30-07-2020 , 04:30:39 PM//Verificacion concluida.
30-07-2020 , 04:30:39 PM//servidor DISPONIBLE
30-07-2020 , 04:31:37 PM//Estableciendo conexion...
30-07-2020 , 04:31:39 PM//Conectado
30-07-2020 , 04:31:39 PM//Empresa: MARCOS                                            
30-07-2020 , 04:31:40 PM//Verificacion concluida.
30-07-2020 , 04:31:41 PM//servidor DISPONIBLE
30-07-2020 , 04:35:42 PM//Estableciendo conexion...
30-07-2020 , 04:35:44 PM//Conectado
30-07-2020 , 04:35:44 PM//Empresa: MARCOS                                            
30-07-2020 , 04:35:45 PM//Verificacion concluida.
30-07-2020 , 04:35:46 PM//servidor DISPONIBLE
30-07-2020 , 04:35:59 PM//Estableciendo conexion...
30-07-2020 , 04:36:00 PM//Conectado
30-07-2020 , 04:36:01 PM//Empresa: MARCOS                                            
30-07-2020 , 04:36:02 PM//Verificacion concluida.
30-07-2020 , 04:36:02 PM//servidor DISPONIBLE
30-07-2020 , 04:54:23 PM//Estableciendo conexion...
30-07-2020 , 04:54:25 PM//Conectado
30-07-2020 , 04:54:26 PM//Empresa: MARCOS                                            
30-07-2020 , 04:54:26 PM//Verificacion concluida.
30-07-2020 , 04:54:27 PM//servidor DISPONIBLE
30-07-2020 , 04:54:57 PM//Estableciendo conexion...
30-07-2020 , 04:54:59 PM//Conectado
30-07-2020 , 04:54:59 PM//Empresa: MARCOS                                            
30-07-2020 , 04:55:00 PM//Verificacion concluida.
30-07-2020 , 04:55:00 PM//servidor DISPONIBLE
30-07-2020 , 04:56:28 PM//Estableciendo conexion...
30-07-2020 , 04:56:29 PM//Conectado
30-07-2020 , 04:56:30 PM//Empresa: MARCOS                                            
30-07-2020 , 04:56:30 PM//Verificacion concluida.
30-07-2020 , 04:56:31 PM//servidor DISPONIBLE
30-07-2020 , 04:56:53 PM//Estableciendo conexion...
30-07-2020 , 04:56:56 PM//Conectado
30-07-2020 , 04:56:56 PM//Empresa: MARCOS                                            
30-07-2020 , 04:56:57 PM//Verificacion concluida.
30-07-2020 , 04:56:57 PM//servidor DISPONIBLE
30-07-2020 , 04:58:25 PM//Estableciendo conexion...
30-07-2020 , 04:58:26 PM//Conectado
30-07-2020 , 04:58:26 PM//Empresa: MARCOS                                            
30-07-2020 , 04:58:27 PM//Verificacion concluida.
30-07-2020 , 04:58:28 PM//servidor DISPONIBLE
30-07-2020 , 04:59:19 PM//Estableciendo conexion...
30-07-2020 , 04:59:20 PM//Conectado
30-07-2020 , 04:59:21 PM//Empresa: MARCOS                                            
30-07-2020 , 04:59:21 PM//Verificacion concluida.
30-07-2020 , 04:59:22 PM//servidor DISPONIBLE
30-07-2020 , 04:59:26 PM//Estableciendo conexion...
30-07-2020 , 04:59:28 PM//Conectado
30-07-2020 , 04:59:29 PM//Empresa: MARCOS                                            
30-07-2020 , 04:59:29 PM//Verificacion concluida.
30-07-2020 , 04:59:30 PM//servidor DISPONIBLE
30-07-2020 , 05:00:37 PM//Estableciendo conexion...
30-07-2020 , 05:00:38 PM//Conectado
30-07-2020 , 05:00:39 PM//Empresa: MARCOS                                            
30-07-2020 , 05:00:39 PM//Verificacion concluida.
30-07-2020 , 05:00:40 PM//servidor DISPONIBLE
30-07-2020 , 05:01:17 PM//Estableciendo conexion...
30-07-2020 , 05:01:18 PM//Conectado
30-07-2020 , 05:01:18 PM//Empresa: MARCOS                                            
30-07-2020 , 05:01:19 PM//Verificacion concluida.
30-07-2020 , 05:01:19 PM//servidor DISPONIBLE
30-07-2020 , 05:05:06 PM//Estableciendo conexion...
30-07-2020 , 05:05:08 PM//Conectado
30-07-2020 , 05:05:08 PM//Empresa: MARCOS                                            
30-07-2020 , 05:05:09 PM//Verificacion concluida.
30-07-2020 , 05:05:10 PM//servidor DISPONIBLE
30-07-2020 , 05:05:15 PM//servidor DISPONIBLE
30-07-2020 , 05:05:16 PM//Modulo: VENDEDORES
30-07-2020 , 05:05:20 PM//borrando datos antiguos de vendedores.....
30-07-2020 , 05:05:27 PM//IMPORTACION EXITOSA
30-07-2020 , 05:11:57 PM//Estableciendo conexion...
30-07-2020 , 05:12:00 PM//Conectado
30-07-2020 , 05:12:00 PM//Empresa: MARCOS                                            
30-07-2020 , 05:12:01 PM//Verificacion concluida.
30-07-2020 , 05:12:01 PM//servidor DISPONIBLE
30-07-2020 , 05:12:58 PM//Estableciendo conexion...
30-07-2020 , 05:12:59 PM//Conectado
30-07-2020 , 05:12:59 PM//Empresa: MARCOS                                            
30-07-2020 , 05:13:00 PM//Verificacion concluida.
30-07-2020 , 05:13:00 PM//servidor DISPONIBLE
30-07-2020 , 05:13:40 PM//Estableciendo conexion...
30-07-2020 , 05:13:41 PM//Conectado
30-07-2020 , 05:13:41 PM//Empresa: MARCOS                                            
30-07-2020 , 05:13:42 PM//Verificacion concluida.
30-07-2020 , 05:13:43 PM//servidor DISPONIBLE
30-07-2020 , 05:14:33 PM//Estableciendo conexion...
30-07-2020 , 05:14:34 PM//Conectado
30-07-2020 , 05:14:34 PM//Empresa: MARCOS                                            
30-07-2020 , 05:14:35 PM//Verificacion concluida.
30-07-2020 , 05:14:36 PM//servidor DISPONIBLE
30-07-2020 , 05:14:43 PM//servidor DISPONIBLE
30-07-2020 , 05:14:43 PM//Modulo: VENDEDORES
30-07-2020 , 05:14:47 PM//borrando datos antiguos de vendedores.....
30-07-2020 , 05:14:54 PM//IMPORTACION EXITOSA
30-07-2020 , 05:20:37 PM//Estableciendo conexion...
30-07-2020 , 05:20:38 PM//Conectado
30-07-2020 , 05:20:39 PM//Empresa: MARCOS                                            
30-07-2020 , 05:20:39 PM//Verificacion concluida.
30-07-2020 , 05:20:40 PM//servidor DISPONIBLE
30-07-2020 , 05:23:15 PM//Estableciendo conexion...
30-07-2020 , 05:23:18 PM//Conectado
30-07-2020 , 05:23:18 PM//Empresa: MARCOS                                            
30-07-2020 , 05:23:19 PM//Verificacion concluida.
30-07-2020 , 05:23:19 PM//servidor DISPONIBLE
30-07-2020 , 05:25:34 PM//Estableciendo conexion...
30-07-2020 , 05:25:36 PM//Conectado
30-07-2020 , 05:25:37 PM//Empresa: MARCOS                                            
30-07-2020 , 05:25:37 PM//Verificacion concluida.
30-07-2020 , 05:25:38 PM//servidor DISPONIBLE
30-07-2020 , 05:33:07 PM//Estableciendo conexion...
30-07-2020 , 05:33:08 PM//Conectado
30-07-2020 , 05:33:09 PM//Empresa: MARCOS                                            
30-07-2020 , 05:33:10 PM//Verificacion concluida.
30-07-2020 , 05:33:10 PM//servidor DISPONIBLE
30-07-2020 , 05:41:58 PM//Estableciendo conexion...
30-07-2020 , 05:42:00 PM//Conectado
30-07-2020 , 05:42:00 PM//Empresa: MARCOS                                            
30-07-2020 , 05:42:01 PM//Verificacion concluida.
30-07-2020 , 05:42:02 PM//servidor DISPONIBLE
