23-12-2021 , 02:21:07 PM//Estableciendo conexion...
23-12-2021 , 02:21:10 PM//Conectado
23-12-2021 , 02:21:10 PM//Empresa: PRUEBA (2)                                        
23-12-2021 , 02:21:11 PM//Verificacion concluida.
23-12-2021 , 02:21:11 PM//servidor DISPONIBLE
23-12-2021 , 02:21:16 PM//servidor DISPONIBLE
23-12-2021 , 02:21:16 PM//Modulo: ARTICULOS
23-12-2021 , 02:21:21 PM//borrando datos antiguos de secciones.....
23-12-2021 , 02:21:21 PM//cargando datos secciones.....
23-12-2021 , 02:21:41 PM//IMPORTACION SECCIONES EXITOSA
23-12-2021 , 02:21:45 PM//borrando datos antiguos de articulos.....
23-12-2021 , 02:21:45 PM//cargando datos articulos.....718 registros
23-12-2021 , 02:21:46 PM//Importando de 0 a 143 articulos
23-12-2021 , 02:22:24 PM//Importando los siguientes 143 articulos
23-12-2021 , 02:23:01 PM//Importando los siguientes 286 articulos
23-12-2021 , 02:23:33 PM//Importando los siguientes 429 articulos
23-12-2021 , 02:24:04 PM//Importando los siguientes 572 articulos
23-12-2021 , 02:24:38 PM//Importando los siguientes 715 articulos
23-12-2021 , 02:24:39 PM//IMPORTACION ARTICULOS EXITOSA
23-12-2021 , 02:24:43 PM//borrando datos antiguos de variedades.....
23-12-2021 , 02:24:44 PM//cargando datos variedades.....215 registros
23-12-2021 , 02:24:45 PM//Importando los primeros 43 variedades
23-12-2021 , 02:24:54 PM//Importando los siguientes 43 registros
23-12-2021 , 02:25:04 PM//Importando los siguientes 86 registros
23-12-2021 , 02:25:14 PM//Importando los siguientes 129 registros
23-12-2021 , 02:25:23 PM//Importando los siguientes 172 registros
23-12-2021 , 02:25:33 PM//Importando los siguientes 215 registros
23-12-2021 , 02:25:34 PM//IMPORTACION VARIEDADES EXITOSA
23-12-2021 , 02:25:59 PM//servidor DISPONIBLE
23-12-2021 , 02:25:59 PM//Modulo: VENDEDORES
23-12-2021 , 02:26:03 PM//borrando datos antiguos de vendedores.....
23-12-2021 , 02:26:10 PM//IMPORTACION EXITOSA
23-12-2021 , 02:26:28 PM//servidor DISPONIBLE
23-12-2021 , 02:26:29 PM//Modulo: CLIENTES
23-12-2021 , 02:26:33 PM//borrando datos antiguos.....
23-12-2021 , 02:26:34 PM//cargando datos clientes.....1175 registros
23-12-2021 , 02:26:35 PM//Importando de 0 a 235 registros
23-12-2021 , 02:27:27 PM//Importando los siguientes 235 registros
23-12-2021 , 02:28:19 PM//Importando los siguientes 470 registros
23-12-2021 , 02:29:13 PM//Importando los siguientes 705 registros
23-12-2021 , 02:30:05 PM//Importando los siguientes 940 registros
23-12-2021 , 02:30:57 PM//Importando los siguientes 1175 registros
23-12-2021 , 02:30:58 PM//IMPORTACION EXITOSA
23-12-2021 , 02:51:47 PM//Estableciendo conexion...
23-12-2021 , 02:51:49 PM//Conectado
23-12-2021 , 02:51:50 PM//Empresa: PRUEBA (2)                                        
23-12-2021 , 02:51:50 PM//Verificacion concluida.
23-12-2021 , 02:51:51 PM//servidor DISPONIBLE
23-12-2021 , 02:51:53 PM//servidor DISPONIBLE
23-12-2021 , 02:51:54 PM//Modulo: ARTICULOS
23-12-2021 , 02:51:57 PM//borrando datos antiguos de secciones.....
23-12-2021 , 02:51:58 PM//cargando datos secciones.....
23-12-2021 , 02:52:10 PM//IMPORTACION SECCIONES EXITOSA
23-12-2021 , 02:52:14 PM//borrando datos antiguos de articulos.....
23-12-2021 , 02:52:15 PM//cargando datos articulos.....718 registros
23-12-2021 , 02:52:16 PM//Importando de 0 a 143 articulos
23-12-2021 , 02:52:46 PM//Importando los siguientes 143 articulos
23-12-2021 , 02:53:21 PM//Importando los siguientes 286 articulos
23-12-2021 , 02:53:55 PM//Importando los siguientes 429 articulos
23-12-2021 , 02:54:28 PM//Importando los siguientes 572 articulos
23-12-2021 , 02:55:01 PM//Importando los siguientes 715 articulos
23-12-2021 , 02:55:02 PM//IMPORTACION ARTICULOS EXITOSA
23-12-2021 , 02:55:06 PM//borrando datos antiguos de variedades.....
23-12-2021 , 02:55:07 PM//cargando datos variedades.....215 registros
23-12-2021 , 02:55:07 PM//Importando los primeros 43 variedades
23-12-2021 , 02:55:17 PM//Importando los siguientes 43 registros
23-12-2021 , 02:55:28 PM//Importando los siguientes 86 registros
23-12-2021 , 02:55:38 PM//Importando los siguientes 129 registros
23-12-2021 , 02:55:48 PM//Importando los siguientes 172 registros
23-12-2021 , 02:55:58 PM//Importando los siguientes 215 registros
23-12-2021 , 02:55:59 PM//IMPORTACION VARIEDADES EXITOSA
23-12-2021 , 03:01:12 PM//Estableciendo conexion...
23-12-2021 , 03:01:14 PM//Conectado
23-12-2021 , 03:01:15 PM//Empresa: PRUEBA (2)                                        
23-12-2021 , 03:01:15 PM//Verificacion concluida.
23-12-2021 , 03:01:16 PM//servidor DISPONIBLE
23-12-2021 , 03:01:18 PM//servidor DISPONIBLE
23-12-2021 , 03:01:18 PM//Modulo: ARTICULOS
23-12-2021 , 03:01:22 PM//borrando datos antiguos de secciones.....
23-12-2021 , 03:01:23 PM//cargando datos secciones.....
23-12-2021 , 03:01:36 PM//IMPORTACION SECCIONES EXITOSA
23-12-2021 , 03:01:40 PM//borrando datos antiguos de articulos.....
23-12-2021 , 03:01:41 PM//cargando datos articulos.....718 registros
23-12-2021 , 03:01:42 PM//Importando de 0 a 143 articulos
23-12-2021 , 03:02:13 PM//Importando los siguientes 143 articulos
23-12-2021 , 03:02:46 PM//Importando los siguientes 286 articulos
23-12-2021 , 03:03:23 PM//Importando los siguientes 429 articulos
23-12-2021 , 03:04:02 PM//Importando los siguientes 572 articulos
23-12-2021 , 03:04:41 PM//Importando los siguientes 715 articulos
23-12-2021 , 03:04:42 PM//IMPORTACION ARTICULOS EXITOSA
23-12-2021 , 03:04:48 PM//borrando datos antiguos de variedades.....
23-12-2021 , 03:04:49 PM//cargando datos variedades.....215 registros
23-12-2021 , 03:04:50 PM//Importando los primeros 43 variedades
23-12-2021 , 03:05:01 PM//Importando los siguientes 43 registros
23-12-2021 , 03:05:12 PM//Importando los siguientes 86 registros
23-12-2021 , 03:05:23 PM//Importando los siguientes 129 registros
23-12-2021 , 03:05:34 PM//Importando los siguientes 172 registros
23-12-2021 , 03:05:50 PM//Importando los siguientes 215 registros
23-12-2021 , 03:05:50 PM//IMPORTACION VARIEDADES EXITOSA
