14-11-2019 , Key13()..Comenzando Impresion ID: 110000114037-> //14-11-2019 13:44:13
14-11-2019 , ProcesarOperacion()..Comenzar //14-11-2019 13:44:14
14-11-2019 , ProcesarFactura()..Entro //14-11-2019 13:44:14
14-11-2019 , ProcesarFactura()..Error AbrirComprobanteFiscal Error Fiscal EpsonNro Error:2050Mensaje:Requiere un Cierre Z //14-11-2019 13:44:20
14-11-2019 , ProcesarOperacion()..Cancelado -FINALIZAR //14-11-2019 13:44:20
14-11-2019 , Key13()..Finalizo Impresion //14-11-2019 13:44:20
14-11-2019 , Key13()..Finalizo sin iniciar Impresion ID: 110000114037-> //14-11-2019 13:44:20
14-11-2019 , Key13()..Comenzando Impresion ID: 110000114037-> //14-11-2019 13:44:38
14-11-2019 , ProcesarOperacion()..Comenzar //14-11-2019 13:44:39
14-11-2019 , ProcesarFactura()..Entro //14-11-2019 13:44:40
14-11-2019 , ProcesarFactura()..Error DESCUENTOULTIMOITEM Error Fiscal EpsonNro Error:517Mensaje:Campo NO OPCIONAL //14-11-2019 13:45:05
14-11-2019 , ProcesarOperacion()..Cancelado -CerrarComprobanteFiscal //14-11-2019 13:45:09
14-11-2019 , ProcesarOperacion()..Error de Papel, Pendiente //14-11-2019 13:45:09
14-11-2019 , Key13()..Finalizo Impresion //14-11-2019 13:45:09
14-11-2019 , Key13()..Comenzando Impresion ID: 110000114037-> //14-11-2019 13:51:09
14-11-2019 , ProcesarOperacion()..Comenzar //14-11-2019 13:51:11
14-11-2019 , ProcesarFactura()..Entro //14-11-2019 13:51:11
14-11-2019 , ProcesarOperacion()..Comprobnate Terminado - Exitoso //14-11-2019 13:51:41
14-11-2019 , Key13()..Finalizo Impresion //14-11-2019 13:51:41
14-11-2019 , Key13()..Grabando Venta, accion=A ID: 110000114037-> //14-11-2019 13:51:41
