05-04-2022 03:20:55 PM , 03:20:55 PM//Estableciendo conexion...
05-04-2022 03:20:58 PM , 03:20:58 PM//Conectado
05-04-2022 03:20:59 PM , 03:20:59 PM//Empresa: PRUEBA (2)                                        
05-04-2022 03:20:59 PM , 03:20:59 PM//Verificacion concluida.
05-04-2022 03:21:00 PM , 03:21:00 PM//servidor DISPONIBLE
05-04-2022 03:21:06 PM , 03:21:06 PM//servidor DISPONIBLE
05-04-2022 03:21:06 PM , 03:21:06 PM//Modulo: ARTICULOS
05-04-2022 03:21:11 PM , 03:21:11 PM//borrando datos antiguos de secciones.....
05-04-2022 03:21:12 PM , 03:21:12 PM//cargando datos secciones.....
05-04-2022 03:21:25 PM , 03:21:25 PM//IMPORTACION SECCIONES EXITOSA
05-04-2022 03:21:29 PM , 03:21:29 PM//borrando datos antiguos de articulos.....
05-04-2022 03:21:30 PM , 03:21:30 PM//cargando datos articulos.....5 registros
05-04-2022 03:21:31 PM , 03:21:31 PM//Importando de 0 a 1 articulos
05-04-2022 03:21:31 PM , 03:21:31 PM//Importando los siguientes 1 articulos
05-04-2022 03:21:32 PM , 03:21:32 PM//Importando los siguientes 2 articulos
05-04-2022 03:21:33 PM , 03:21:33 PM//Importando los siguientes 3 articulos
05-04-2022 03:21:34 PM , 03:21:34 PM//Importando los siguientes 4 articulos
05-04-2022 03:21:34 PM , 03:21:34 PM//Importando los siguientes 5 articulos
05-04-2022 03:21:35 PM , 03:21:35 PM//IMPORTACION ARTICULOS EXITOSA
05-04-2022 03:21:39 PM , 03:21:39 PM//borrando datos antiguos de variedades.....
05-04-2022 03:21:40 PM , 03:21:40 PM//cargando datos variedades.....299 registros
05-04-2022 03:21:41 PM , 03:21:41 PM//Importando los primeros 59 variedades
05-04-2022 03:21:55 PM , 03:21:55 PM//Importando los siguientes 59 registros
05-04-2022 03:22:08 PM , 03:22:08 PM//Importando los siguientes 118 registros
05-04-2022 03:22:22 PM , 03:22:22 PM//Importando los siguientes 177 registros
05-04-2022 03:22:36 PM , 03:22:36 PM//Importando los siguientes 236 registros
05-04-2022 03:22:49 PM , 03:22:49 PM//Importando los siguientes 295 registros
05-04-2022 03:22:51 PM , 03:22:51 PM//IMPORTACION VARIEDADES EXITOSA
