07-06-2022 07:31:21 PM , 07:31:21 PM//Estableciendo conexion...
07-06-2022 07:31:22 PM , 07:31:22 PM//Conectado
07-06-2022 07:31:23 PM , 07:31:23 PM//Empresa: KLEJA                                             
07-06-2022 07:31:23 PM , 07:31:23 PM//Verificacion concluida.
07-06-2022 07:31:24 PM , 07:31:24 PM//servidor DISPONIBLE
07-06-2022 07:31:28 PM , 07:31:28 PM//servidor DISPONIBLE
07-06-2022 07:31:29 PM , 07:31:29 PM//Modulo: VENDEDORES
07-06-2022 07:31:30 PM , 07:31:30 PM//No se hallo el archivo de vendedores
07-06-2022 07:31:30 PM , 07:31:30 PM//J:\PDA\DATOSCEL\IMP\VDO000IN.XML
07-06-2022 07:31:31 PM , 07:31:31 PM//IMPORTACION CANCELADA
07-06-2022 07:31:57 PM , 07:31:57 PM//Estableciendo conexion...
07-06-2022 07:31:59 PM , 07:31:59 PM//Conectado
07-06-2022 07:31:59 PM , 07:31:59 PM//Empresa: KLEJA                                             
07-06-2022 07:32:00 PM , 07:32:00 PM//Verificacion concluida.
07-06-2022 07:32:00 PM , 07:32:00 PM//servidor DISPONIBLE
07-06-2022 07:32:02 PM , 07:32:02 PM//servidor DISPONIBLE
07-06-2022 07:32:02 PM , 07:32:02 PM//Modulo: VENDEDORES
07-06-2022 07:32:05 PM , 07:32:05 PM//borrando datos antiguos de vendedores.....
07-06-2022 07:32:07 PM , 07:32:07 PM//IMPORTACION EXITOSA
07-06-2022 07:33:28 PM , 07:33:28 PM//servidor DISPONIBLE
07-06-2022 07:33:29 PM , 07:33:29 PM//Modulo: ARTICULOS
07-06-2022 07:33:31 PM , 07:33:31 PM//borrando datos antiguos de secciones.....
07-06-2022 07:33:31 PM , 07:33:31 PM//cargando datos secciones.....
07-06-2022 07:33:34 PM , 07:33:34 PM//IMPORTACION SECCIONES EXITOSA
07-06-2022 07:33:35 PM , 07:33:35 PM//borrando datos antiguos de articulos.....
07-06-2022 07:33:36 PM , 07:33:36 PM//cargando datos articulos.....238 registros
07-06-2022 07:33:37 PM , 07:33:37 PM//Importando de 0 a 47 articulos
07-06-2022 07:33:41 PM , 07:33:41 PM//Importando los siguientes 47 articulos
07-06-2022 07:33:46 PM , 07:33:46 PM//Importando los siguientes 94 articulos
07-06-2022 07:33:50 PM , 07:33:50 PM//Importando los siguientes 141 articulos
07-06-2022 07:33:55 PM , 07:33:55 PM//Importando los siguientes 188 articulos
07-06-2022 07:34:00 PM , 07:34:00 PM//Importando los siguientes 235 articulos
07-06-2022 07:34:01 PM , 07:34:01 PM//IMPORTACION ARTICULOS EXITOSA
07-06-2022 07:34:02 PM , 07:34:02 PM//borrando datos antiguos de variedades.....
07-06-2022 07:34:03 PM , 07:34:03 PM//cargando datos variedades.....2 registros
07-06-2022 07:34:04 PM , 07:34:04 PM//Importando los primeros 0 variedades
07-06-2022 07:34:04 PM , 07:34:04 PM//Importando los siguientes ********** registros
07-06-2022 07:34:05 PM , 07:34:05 PM//Importando los siguientes ********** registros
07-06-2022 07:34:05 PM , 07:34:05 PM//IMPORTACION VARIEDADES EXITOSA
07-06-2022 07:34:17 PM , 07:34:17 PM//servidor DISPONIBLE
07-06-2022 07:34:18 PM , 07:34:18 PM//Modulo: CLIENTES
07-06-2022 07:34:19 PM , 07:34:19 PM//borrando datos antiguos de categorias.....
07-06-2022 07:34:20 PM , 07:34:20 PM//cargando datos categorias.....
07-06-2022 07:34:22 PM , 07:34:22 PM//Sentencia 		INSERT INTO Categorias (ID,IDEMPRESA,NUMERO,NOMBRE,LISTAPRECIO) VALUES ('1','13',
		'','CLIENTES','          ')Código de excepción OLE IDispatch 0 de Microsoft OLE DB Provider for SQL Server: Invalid column name 'LISTAPRECIO'..
07-06-2022 07:34:23 PM , 07:34:23 PM//Error al IMPORTAR CATEGORIASLinea 1IMPORTACION CANCELADA
07-06-2022 07:35:11 PM , 07:35:11 PM//servidor DISPONIBLE
07-06-2022 07:35:12 PM , 07:35:12 PM//Modulo: CLIENTES
07-06-2022 07:35:14 PM , 07:35:14 PM//borrando datos antiguos de categorias.....
07-06-2022 07:35:15 PM , 07:35:15 PM//cargando datos categorias.....
07-06-2022 07:35:17 PM , 07:35:17 PM//IMPORTACION CATEGORIAS EXITOSA
07-06-2022 07:35:20 PM , 07:35:20 PM//borrando datos antiguos.....
07-06-2022 07:35:21 PM , 07:35:21 PM//cargando datos clientes.....2238 registros
07-06-2022 07:35:21 PM , 07:35:21 PM//Importando de 0 a 447 registros
07-06-2022 07:36:01 PM , 07:36:01 PM//Importando los siguientes 447 registros
07-06-2022 07:36:43 PM , 07:36:43 PM//Importando los siguientes 894 registros
07-06-2022 07:37:27 PM , 07:37:27 PM//Importando los siguientes 1341 registros
07-06-2022 07:38:07 PM , 07:38:07 PM//Importando los siguientes 1788 registros
07-06-2022 07:38:46 PM , 07:38:46 PM//Importando los siguientes 2235 registros
07-06-2022 07:38:47 PM , 07:38:47 PM//IMPORTACION EXITOSA
07-06-2022 07:38:56 PM , 07:38:56 PM//servidor DISPONIBLE
07-06-2022 07:38:57 PM , 07:38:57 PM//Modulo: FACTURAS PENDIENTES
07-06-2022 07:39:00 PM , 07:39:00 PM//borrando datos antiguos.....
07-06-2022 07:39:01 PM , 07:39:01 PM//cargando datos clientes.....3278 registros
07-06-2022 07:39:01 PM , 07:39:01 PM//Importando de 0 a 655 registros
07-06-2022 07:39:56 PM , 07:39:56 PM//Importando los siguientes 655 registros
07-06-2022 07:40:52 PM , 07:40:52 PM//Importando los siguientes 1310 registros
07-06-2022 07:41:56 PM , 07:41:56 PM//Importando los siguientes 1965 registros
07-06-2022 07:42:58 PM , 07:42:58 PM//Importando los siguientes 2620 registros
07-06-2022 07:43:56 PM , 07:43:56 PM//Importando los siguientes 3275 registros
07-06-2022 07:43:56 PM , 07:43:56 PM//IMPORTACION EXITOSA
