15-03-2022 05:52:04 PM , 05:52:04 PM//Estableciendo conexion...
15-03-2022 05:52:07 PM , 05:52:07 PM//Conectado
15-03-2022 05:52:08 PM , 05:52:08 PM//Empresa: PRUEBA (2)                                        
15-03-2022 05:52:08 PM , 05:52:08 PM//Verificacion concluida.
15-03-2022 05:52:09 PM , 05:52:09 PM//servidor DISPONIBLE
15-03-2022 05:52:13 PM , 05:52:13 PM//servidor DISPONIBLE
15-03-2022 05:52:14 PM , 05:52:14 PM//Modulo: VENDEDORES
15-03-2022 05:52:19 PM , 05:52:19 PM//borrando datos antiguos de vendedores.....
15-03-2022 05:52:23 PM , 05:52:23 PM//IMPORTACION EXITOSA
15-03-2022 05:52:27 PM , 05:52:27 PM//servidor DISPONIBLE
15-03-2022 05:52:28 PM , 05:52:28 PM//Modulo: ARTICULOS
15-03-2022 05:52:32 PM , 05:52:32 PM//borrando datos antiguos de secciones.....
15-03-2022 05:52:33 PM , 05:52:33 PM//cargando datos secciones.....
15-03-2022 05:52:35 PM , 05:52:35 PM//IMPORTACION SECCIONES EXITOSA
15-03-2022 05:53:57 PM , 05:53:57 PM//borrando datos antiguos de articulos.....
15-03-2022 05:55:19 PM , 05:55:19 PM//No se encuentra el alias 'NEXTID'.nId = NVL(NextID.id,0) + 1IMPORTACION CANCELADA
15-03-2022 05:55:42 PM , 05:55:42 PM//servidor DISPONIBLE
15-03-2022 05:55:43 PM , 05:55:43 PM//Modulo: ARTICULOS
15-03-2022 05:55:47 PM , 05:55:47 PM//borrando datos antiguos de secciones.....
15-03-2022 05:55:48 PM , 05:55:48 PM//cargando datos secciones.....
15-03-2022 05:55:50 PM , 05:55:50 PM//IMPORTACION SECCIONES EXITOSA
15-03-2022 05:55:55 PM , 05:55:55 PM//borrando datos antiguos de articulos.....
15-03-2022 05:55:56 PM , 05:55:56 PM//cargando datos articulos.....10 registros
15-03-2022 05:55:56 PM , 05:55:56 PM//Importando de 0 a 2 articulos
15-03-2022 05:55:57 PM , 05:55:57 PM//Importando los siguientes 2 articulos
15-03-2022 05:55:58 PM , 05:55:58 PM//Importando los siguientes 4 articulos
15-03-2022 05:55:59 PM , 05:55:59 PM//Importando los siguientes 6 articulos
15-03-2022 05:56:00 PM , 05:56:00 PM//Importando los siguientes 8 articulos
15-03-2022 05:56:01 PM , 05:56:01 PM//Importando los siguientes 10 articulos
15-03-2022 05:56:02 PM , 05:56:02 PM//IMPORTACION ARTICULOS EXITOSA
15-03-2022 05:57:50 PM , 05:57:50 PM//borrando datos antiguos de variedades.....
15-03-2022 05:57:52 PM , 05:57:52 PM//No se encuentra el alias 'NEXTID'.nId = NVL(NextID.id,0) + 1IMPORTACION CANCELADA
15-03-2022 05:57:58 PM , 05:57:58 PM//servidor DISPONIBLE
15-03-2022 05:57:59 PM , 05:57:59 PM//Modulo: ARTICULOS
15-03-2022 05:58:03 PM , 05:58:03 PM//borrando datos antiguos de secciones.....
15-03-2022 05:58:04 PM , 05:58:04 PM//cargando datos secciones.....
15-03-2022 05:58:06 PM , 05:58:06 PM//IMPORTACION SECCIONES EXITOSA
15-03-2022 05:58:10 PM , 05:58:10 PM//borrando datos antiguos de articulos.....
15-03-2022 05:58:11 PM , 05:58:11 PM//cargando datos articulos.....10 registros
15-03-2022 05:58:12 PM , 05:58:12 PM//Importando de 0 a 2 articulos
15-03-2022 05:58:12 PM , 05:58:12 PM//Importando los siguientes 2 articulos
15-03-2022 05:58:13 PM , 05:58:13 PM//Importando los siguientes 4 articulos
15-03-2022 05:58:14 PM , 05:58:14 PM//Importando los siguientes 6 articulos
15-03-2022 05:58:15 PM , 05:58:15 PM//Importando los siguientes 8 articulos
15-03-2022 05:58:16 PM , 05:58:16 PM//Importando los siguientes 10 articulos
15-03-2022 05:58:17 PM , 05:58:17 PM//IMPORTACION ARTICULOS EXITOSA
15-03-2022 05:58:21 PM , 05:58:21 PM//borrando datos antiguos de variedades.....
15-03-2022 05:58:22 PM , 05:58:22 PM//cargando datos variedades.....11 registros
15-03-2022 05:58:23 PM , 05:58:23 PM//Importando los primeros 2 variedades
15-03-2022 05:58:23 PM , 05:58:23 PM//Importando los siguientes 2 registros
15-03-2022 05:58:24 PM , 05:58:24 PM//Importando los siguientes 4 registros
15-03-2022 05:58:25 PM , 05:58:25 PM//Importando los siguientes 6 registros
15-03-2022 05:58:26 PM , 05:58:26 PM//Importando los siguientes 8 registros
15-03-2022 05:58:27 PM , 05:58:27 PM//Importando los siguientes 10 registros
15-03-2022 05:58:28 PM , 05:58:28 PM//IMPORTACION VARIEDADES EXITOSA
15-03-2022 05:58:58 PM , 05:58:58 PM//servidor DISPONIBLE
15-03-2022 05:58:58 PM , 05:58:58 PM//Modulo: CLIENTES
15-03-2022 06:00:02 PM , 06:00:02 PM//borrando datos antiguos.....
15-03-2022 06:01:27 PM , 06:01:27 PM//No se encuentra el alias 'NEXTID'.nId = NVL(NextID.id,0) + 1IMPORTACION CANCELADA
15-03-2022 06:01:36 PM , 06:01:36 PM//servidor DISPONIBLE
15-03-2022 06:01:37 PM , 06:01:37 PM//Modulo: CLIENTES
15-03-2022 06:01:42 PM , 06:01:42 PM//borrando datos antiguos.....
15-03-2022 06:01:43 PM , 06:01:43 PM//cargando datos clientes.....682 registros
15-03-2022 06:01:43 PM , 06:01:43 PM//Importando de 0 a 136 registros
15-03-2022 06:02:14 PM , 06:02:14 PM//Importando los siguientes 136 registros
15-03-2022 06:02:46 PM , 06:02:46 PM//Importando los siguientes 272 registros
15-03-2022 06:03:17 PM , 06:03:17 PM//Importando los siguientes 408 registros
15-03-2022 06:03:49 PM , 06:03:49 PM//Importando los siguientes 544 registros
15-03-2022 06:04:20 PM , 06:04:20 PM//Importando los siguientes 680 registros
15-03-2022 06:04:21 PM , 06:04:21 PM//IMPORTACION EXITOSA
