05-11-2019 , Key13()..Comenzando Impresion ID: 110000114032-> //05-11-2019 12:08:13
05-11-2019 , ProcesarOperacion()..Comenzar //05-11-2019 12:08:44
05-11-2019 , ProcesarFactura()..Entro //05-11-2019 12:08:45
05-11-2019 , ProcesarFactura()..Error AbrirComprobanteFiscal Error Fiscal EpsonNro Error:514Mensaje:No definido - Consultar Listado //05-11-2019 12:08:49
05-11-2019 , ProcesarOperacion()..Cancelado -FINALIZAR //05-11-2019 12:08:49
05-11-2019 , Key13()..Finalizo Impresion //05-11-2019 12:08:49
05-11-2019 , Key13()..Finalizo sin iniciar Impresion ID: 110000114032-> //05-11-2019 12:08:49
05-11-2019 , Key13()..Comenzando Impresion ID: 110000114032-> //05-11-2019 12:08:57
05-11-2019 , ProcesarOperacion()..Comenzar //05-11-2019 12:09:23
05-11-2019 , ProcesarFactura()..Entro //05-11-2019 12:09:36
05-11-2019 , ProcesarFactura()..Error AbrirComprobanteFiscal Error Fiscal EpsonNro Error:514Mensaje:No definido - Consultar Listado //05-11-2019 12:11:23
05-11-2019 , ProcesarOperacion()..Cancelado -FINALIZAR //05-11-2019 12:11:25
05-11-2019 , Key13()..Finalizo Impresion //05-11-2019 12:11:25
05-11-2019 , Key13()..Finalizo sin iniciar Impresion ID: 110000114032-> //05-11-2019 12:11:25
05-11-2019 , Key13()..Comenzando Impresion ID: 110000114032-> //05-11-2019 12:12:47
05-11-2019 , ProcesarOperacion()..Comenzar //05-11-2019 12:13:00
05-11-2019 , ProcesarFactura()..Entro //05-11-2019 12:13:24
05-11-2019 , ProcesarFactura()..Error AbrirComprobanteFiscal Error Fiscal EpsonNro Error:514Mensaje:No definido - Consultar Listado //05-11-2019 12:14:20
05-11-2019 , ProcesarOperacion()..Cancelado -FINALIZAR //05-11-2019 12:14:20
05-11-2019 , Key13()..Finalizo Impresion //05-11-2019 12:14:20
05-11-2019 , Key13()..Finalizo sin iniciar Impresion ID: 110000114032-> //05-11-2019 12:14:20
05-11-2019 , Key13()..Comenzando Impresion ID: 110000114032-> //05-11-2019 12:17:22
