06-11-2019 , Key13()..Comenzando Impresion ID: 110000114035-> //06-11-2019 14:35:30
06-11-2019 , ProcesarOperacion()..Comenzar //06-11-2019 14:35:47
06-11-2019 , ProcesarFactura()..Entro //06-11-2019 14:35:55
06-11-2019 , ProcesarFactura()..Error DESCUENTOULTIMOITEM  //06-11-2019 14:39:20
06-11-2019 , ProcesarOperacion()..Cancelado -CerrarComprobanteFiscal //06-11-2019 14:39:23
06-11-2019 , ProcesarOperacion()..Error de Papel, Pendiente //06-11-2019 14:39:23
06-11-2019 , Key13()..Finalizo Impresion //06-11-2019 14:39:23
06-11-2019 , Key13()..Comenzando Impresion ID: 110000114035-> //06-11-2019 14:44:13
06-11-2019 , ProcesarOperacion()..Comenzar //06-11-2019 14:44:14
06-11-2019 , ProcesarFactura()..Entro //06-11-2019 14:44:14
06-11-2019 , ProcesarFactura()..Error DESCUENTOULTIMOITEM Error Fiscal EpsonNro Error:517Mensaje:No definido - Consultar Listado //06-11-2019 14:44:20
06-11-2019 , ProcesarOperacion()..Cancelado -CerrarComprobanteFiscal //06-11-2019 14:44:22
06-11-2019 , ProcesarOperacion()..Error de Papel, Pendiente //06-11-2019 14:44:22
06-11-2019 , Key13()..Finalizo Impresion //06-11-2019 14:44:22
06-11-2019 , Key13()..Comenzando Impresion ID: 110000114035-> //06-11-2019 14:45:49
06-11-2019 , ProcesarOperacion()..Comenzar //06-11-2019 14:46:01
06-11-2019 , ProcesarFactura()..Entro //06-11-2019 14:46:14
06-11-2019 , ProcesarFactura()..Error DESCUENTOULTIMOITEM Error Fiscal EpsonNro Error:517Mensaje:No definido - Consultar Listado //06-11-2019 14:47:48
06-11-2019 , ProcesarOperacion()..Cancelado -CerrarComprobanteFiscal //06-11-2019 14:47:50
06-11-2019 , ProcesarOperacion()..Error de Papel, Pendiente //06-11-2019 14:47:50
06-11-2019 , Key13()..Finalizo Impresion //06-11-2019 14:47:50
06-11-2019 , Key13()..Comenzando Impresion ID: 110000114035-> //06-11-2019 14:53:25
06-11-2019 , ProcesarOperacion()..Comenzar //06-11-2019 14:53:27
06-11-2019 , ProcesarFactura()..Entro //06-11-2019 14:53:27
06-11-2019 , ProcesarFactura()..Error DESCUENTOULTIMOITEM  //06-11-2019 14:53:59
06-11-2019 , ProcesarOperacion()..Cancelado -CerrarComprobanteFiscal //06-11-2019 14:54:01
06-11-2019 , ProcesarOperacion()..Error de Papel, Pendiente //06-11-2019 14:54:01
06-11-2019 , Key13()..Finalizo Impresion //06-11-2019 14:54:01
