Comando  : 0502|0000
Respuesta: 0000|C080|0000|201119|145028

Comando  : 0509|0000|1
Respuesta: 0000|C080|0000|

Comando  : 0508|0000|1|
Respuesta: 0000|C080|0000

Comando  : 0509|0000|2
Respuesta: 0000|C080|0000|

Comando  : 0508|0000|2|
Respuesta: 0000|C080|0000

Comando  : 0509|0000|3
Respuesta: 0000|C080|0000|

Comando  : 0508|0000|3|
Respuesta: 0000|C080|0000

Comando  : 0509|0000|4
Respuesta: 0000|C080|0000|

Comando  : 0508|0000|4|
Respuesta: 0000|C080|0000

Comando  : 0509|0000|5
Respuesta: 0000|C080|0000|

Comando  : 0508|0000|5|
Respuesta: 0000|C080|0000

Comando  : 0509|0000|6
Respuesta: 0000|C080|0000|

Comando  : 0508|0000|6|
Respuesta: 0000|C080|0000

Comando  : 0509|0000|7
Respuesta: 0000|C080|0000|

Comando  : 0508|0000|7|
Respuesta: 0000|C080|0000

Comando  : 0509|0000|8
Respuesta: 0000|C080|0000|

Comando  : 0508|0000|8|
Respuesta: 0000|C080|0000

Comando  : 0509|0000|9
Respuesta: 0000|C080|0000|

Comando  : 0508|0000|9|
Respuesta: 0000|C080|0000

Comando  : 0509|0000|10
Respuesta: 0000|C080|0000|

Comando  : 0508|0000|10|
Respuesta: 0000|C080|0000

Comando  : 0508|0000|1|
Respuesta: 0000|C080|0000

Comando  : 0508|0000|2|
Respuesta: 0000|C080|0000

Comando  : 0508|0000|3|
Respuesta: 0000|C080|0000

Comando  : 0508|0000|4|
Respuesta: 0000|C080|0000

Comando  : 0508|0000|5|
Respuesta: 0000|C080|0000

Comando  : 0508|0000|6|
Respuesta: 0000|C080|0000

Comando  : 0508|0000|7|
Respuesta: 0000|C080|0000

Comando  : 0508|0000|8|
Respuesta: 0000|C080|0000

Comando  : 0508|0000|9|
Respuesta: 0000|C080|0000

Comando  : 0508|0000|10|
Respuesta: 0000|C080|0000

Comando  : 0508|0000|11|
Respuesta: 0000|C080|0000

Comando  : 0508|0000|12|
Respuesta: 0000|C080|0000

Comando  : 0508|0000|13|
Respuesta: 0000|C080|0000

Comando  : 0508|0000|14|
Respuesta: 0000|C080|0000

Comando  : 0508|0000|15|
Respuesta: 0000|C080|0000

Comando  : 0508|0000|16|
Respuesta: 0000|C080|0000

Comando  : 0508|0000|17|
Respuesta: 0000|C080|0000

Comando  : 0508|0000|18|
Respuesta: 0000|C080|0000

Comando  : 0508|0000|19|
Respuesta: 0000|C080|0000

Comando  : 0508|0000|20|
Respuesta: 0000|C080|0000

Comando  : 0A01|0000
Respuesta: 0000|C081|0000

Comando  : 0830|0000|83
Respuesta: 0000|C081|0000|12|0|0|0|54|52|39

Comando  : 0830|0000|83
Respuesta: 0000|C081|0000|12|0|0|0|54|52|39

Comando  : 0A02|0000|||||YERBA PIPORE SU|10000|1177000|0000|00000||||9873    |7|2
Respuesta: 0000|C081|0000|

Comando  : 0A02|0006|||||BONIFICACIÓN|10000|11800|0000|||||CodBonif01|01|
Respuesta: 0902|C081|0000

Comando  : 0502|0000
Respuesta: 0000|C081|0000|201119|145036

Comando  : 0A07|0000
Respuesta: 0000|C080|0000|54

