13-11-2019 , Key13()..Comenzando Impresion ID: 110000114035-> //13-11-2019 12:49:39
13-11-2019 , ProcesarOperacion()..Comenzar //13-11-2019 12:49:41
13-11-2019 , ProcesarFactura()..Entro //13-11-2019 12:49:41
13-11-2019 , ProcesarFactura()..Error AbrirComprobanteFiscal Error Fiscal EpsonNro Error:2050Mensaje:Requiere un Cierre Z //13-11-2019 12:49:48
13-11-2019 , ProcesarOperacion()..Cancelado -FINALIZAR //13-11-2019 12:49:48
13-11-2019 , Key13()..Finalizo Impresion //13-11-2019 12:49:48
13-11-2019 , Key13()..Finalizo sin iniciar Impresion ID: 110000114035-> //13-11-2019 12:49:48
13-11-2019 , Key13()..Comenzando Impresion ID: 110000114035-> //13-11-2019 12:50:10
13-11-2019 , ProcesarOperacion()..Comenzar //13-11-2019 12:50:11
13-11-2019 , ProcesarFactura()..Entro //13-11-2019 12:50:12
13-11-2019 , ProcesarFactura()..Error FINALIZAR Error Fiscal EpsonNro Error:83886109Mensaje:No definido - Consultar Listado //13-11-2019 12:51:20
13-11-2019 , ProcesarOperacion()..Cancelado -CerrarComprobanteFiscal //13-11-2019 12:51:24
13-11-2019 , ProcesarOperacion()..Error de Papel, Pendiente //13-11-2019 12:51:24
13-11-2019 , Key13()..Finalizo Impresion //13-11-2019 12:51:24
13-11-2019 , Key13()..Comenzando Impresion ID: 110000114035-> //13-11-2019 12:51:51
13-11-2019 , ProcesarOperacion()..Comenzar //13-11-2019 12:51:53
13-11-2019 , ProcesarFactura()..Entro //13-11-2019 12:51:53
13-11-2019 , ProcesarFactura()..Error DESCUENTOULTIMOITEM Error Fiscal EpsonNro Error:517Mensaje:No definido - Consultar Listado //13-11-2019 12:52:31
13-11-2019 , ProcesarOperacion()..Cancelado -CerrarComprobanteFiscal //13-11-2019 12:52:33
13-11-2019 , ProcesarOperacion()..Error de Papel, Pendiente //13-11-2019 12:52:33
13-11-2019 , Key13()..Finalizo Impresion //13-11-2019 12:52:33
