13-11-2019 , Key13()..Comenzando Impresion ID: 110000114037-> //13-11-2019 16:17:16
13-11-2019 , ProcesarOperacion()..Comenzar //13-11-2019 16:17:17
13-11-2019 , ProcesarFactura()..Entro //13-11-2019 16:17:17
13-11-2019 , ProcesarFactura()..Error DESCUENTOULTIMOITEM Error Fiscal EpsonNro Error:520Mensaje:No definido - Consultar Listado //13-11-2019 16:17:46
13-11-2019 , ProcesarOperacion()..Cancelado -CerrarComprobanteFiscal //13-11-2019 16:17:48
13-11-2019 , ProcesarOperacion()..Error de Papel, Pendiente //13-11-2019 16:17:48
13-11-2019 , Key13()..Finalizo Impresion //13-11-2019 16:17:48
13-11-2019 , Key13()..Comenzando Impresion ID: 110000114037-> //13-11-2019 16:21:12
13-11-2019 , ProcesarOperacion()..Comenzar //13-11-2019 16:21:13
13-11-2019 , ProcesarFactura()..Entro //13-11-2019 16:21:13
13-11-2019 , ProcesarFactura()..Error DESCUENTOULTIMOITEM Error Fiscal EpsonNro Error:520Mensaje:Campo Numerico Invalido //13-11-2019 16:22:54
13-11-2019 , ProcesarOperacion()..Cancelado -CerrarComprobanteFiscal //13-11-2019 16:22:59
13-11-2019 , ProcesarOperacion()..Error de Papel, Pendiente //13-11-2019 16:22:59
13-11-2019 , Key13()..Finalizo Impresion //13-11-2019 16:22:59
13-11-2019 , Key13()..Comenzando Impresion ID: 110000114037-> //13-11-2019 16:24:22
13-11-2019 , ProcesarOperacion()..Comenzar //13-11-2019 16:24:23
13-11-2019 , ProcesarFactura()..Entro //13-11-2019 16:24:23
13-11-2019 , ProcesarFactura()..Error DESCUENTOULTIMOITEM Error Fiscal EpsonNro Error:520Mensaje:Campo Numerico Invalido //13-11-2019 16:25:50
13-11-2019 , ProcesarOperacion()..Cancelado -CerrarComprobanteFiscal //13-11-2019 16:25:53
13-11-2019 , ProcesarOperacion()..Error de Papel, Pendiente //13-11-2019 16:25:53
13-11-2019 , Key13()..Finalizo Impresion //13-11-2019 16:25:53
13-11-2019 , Key13()..Comenzando Impresion ID: 110000114037-> //13-11-2019 16:27:11
13-11-2019 , ProcesarOperacion()..Comenzar //13-11-2019 16:27:12
13-11-2019 , ProcesarFactura()..Entro //13-11-2019 16:27:13
13-11-2019 , ProcesarFactura()..Error DESCUENTOULTIMOITEM Error Fiscal EpsonNro Error:528Mensaje:No definido - Consultar Listado //13-11-2019 16:28:29
13-11-2019 , ProcesarOperacion()..Cancelado -CerrarComprobanteFiscal //13-11-2019 16:28:31
13-11-2019 , ProcesarOperacion()..Error de Papel, Pendiente //13-11-2019 16:28:31
13-11-2019 , Key13()..Finalizo Impresion //13-11-2019 16:28:31
13-11-2019 , Key13()..Comenzando Impresion ID: 110000114037-> //13-11-2019 16:29:13
13-11-2019 , ProcesarOperacion()..Comenzar //13-11-2019 16:29:15
13-11-2019 , ProcesarFactura()..Entro //13-11-2019 16:29:15
13-11-2019 , ProcesarFactura()..Error DESCUENTOULTIMOITEM Error Fiscal EpsonNro Error:517Mensaje:Campo NO OPCIONAL //13-11-2019 16:29:55
13-11-2019 , ProcesarOperacion()..Cancelado -CerrarComprobanteFiscal //13-11-2019 16:29:58
13-11-2019 , ProcesarOperacion()..Error de Papel, Pendiente //13-11-2019 16:29:58
13-11-2019 , Key13()..Finalizo Impresion //13-11-2019 16:29:58
13-11-2019 , Key13()..Comenzando Impresion ID: 110000114037-> //13-11-2019 16:31:45
13-11-2019 , ProcesarOperacion()..Comenzar //13-11-2019 16:31:47
13-11-2019 , ProcesarFactura()..Entro //13-11-2019 16:31:47
13-11-2019 , ProcesarFactura()..Error DESCUENTOULTIMOITEM Error Fiscal EpsonNro Error:517Mensaje:Campo NO OPCIONAL //13-11-2019 16:32:33
13-11-2019 , ProcesarOperacion()..Cancelado -CerrarComprobanteFiscal //13-11-2019 16:32:36
13-11-2019 , ProcesarOperacion()..Error de Papel, Pendiente //13-11-2019 16:32:36
13-11-2019 , Key13()..Finalizo Impresion //13-11-2019 16:32:36
13-11-2019 , Key13()..Comenzando Impresion ID: 110000114037-> //13-11-2019 16:34:56
13-11-2019 , ProcesarOperacion()..Comenzar //13-11-2019 16:34:57
13-11-2019 , ProcesarFactura()..Entro //13-11-2019 16:34:58
13-11-2019 , ProcesarFactura()..Error DESCUENTOULTIMOITEM Error Fiscal EpsonNro Error:517Mensaje:Campo NO OPCIONAL //13-11-2019 16:35:25
13-11-2019 , ProcesarOperacion()..Cancelado -CerrarComprobanteFiscal //13-11-2019 16:35:29
13-11-2019 , ProcesarOperacion()..Error de Papel, Pendiente //13-11-2019 16:35:29
13-11-2019 , Key13()..Finalizo Impresion //13-11-2019 16:35:29
13-11-2019 , Key13()..Comenzando Impresion ID: 110000114037-> //13-11-2019 16:36:55
13-11-2019 , ProcesarOperacion()..Comenzar //13-11-2019 16:36:56
13-11-2019 , ProcesarFactura()..Entro //13-11-2019 16:36:56
13-11-2019 , ProcesarFactura()..Error DESCUENTOULTIMOITEM Error Fiscal EpsonNro Error:517Mensaje:Campo NO OPCIONAL //13-11-2019 16:39:35
13-11-2019 , ProcesarOperacion()..Cancelado -CerrarComprobanteFiscal //13-11-2019 16:39:38
13-11-2019 , ProcesarOperacion()..Error de Papel, Pendiente //13-11-2019 16:39:38
13-11-2019 , Key13()..Finalizo Impresion //13-11-2019 16:39:38
