13-11-2019 , Key13()..Comenzando Impresion ID: 110000114035-> //13-11-2019 13:09:10
13-11-2019 , ProcesarOperacion()..Comenzar //13-11-2019 13:09:11
13-11-2019 , ProcesarFactura()..Entro //13-11-2019 13:09:12
13-11-2019 , ProcesarFactura()..Error DESCUENTOULTIMOITEM Error Fiscal EpsonNro Error:517Mensaje:Campo NO OPCIONAL //13-11-2019 13:09:35
13-11-2019 , ProcesarOperacion()..Cancelado -CerrarComprobanteFiscal //13-11-2019 13:09:38
13-11-2019 , ProcesarOperacion()..Error de Papel, Pendiente //13-11-2019 13:09:38
13-11-2019 , Key13()..Finalizo Impresion //13-11-2019 13:09:38
13-11-2019 , Key13()..Comenzando Impresion ID: 110000114035-> //13-11-2019 13:13:27
13-11-2019 , ProcesarOperacion()..Comenzar //13-11-2019 13:13:28
13-11-2019 , ProcesarFactura()..Entro //13-11-2019 13:13:29
13-11-2019 , ProcesarFactura()..Error DESCUENTOULTIMOITEM Error Fiscal EpsonNro Error:517Mensaje:Campo NO OPCIONAL //13-11-2019 13:18:01
13-11-2019 , ProcesarOperacion()..Cancelado -CerrarComprobanteFiscal //13-11-2019 13:18:05
13-11-2019 , ProcesarOperacion()..Error de Papel, Pendiente //13-11-2019 13:18:05
13-11-2019 , Key13()..Finalizo Impresion //13-11-2019 13:18:05
13-11-2019 , Key13()..Comenzando Impresion ID: 110000114035-> //13-11-2019 13:24:15
13-11-2019 , ProcesarOperacion()..Comenzar //13-11-2019 13:24:16
13-11-2019 , ProcesarFactura()..Entro //13-11-2019 13:24:17
13-11-2019 , ProcesarOperacion()..Comprobnate Terminado - Exitoso //13-11-2019 13:24:56
13-11-2019 , Key13()..Finalizo Impresion //13-11-2019 13:25:08
13-11-2019 , Key13()..Grabando Venta, accion=A ID: 110000114035-> //13-11-2019 13:25:17
13-11-2019 , Key13()..Grabando Venta, accion=A ID: 110000114036-> //13-11-2019 13:25:20
13-11-2019 , Key13()..Grabando Venta, accion=A ID: 110000114036-> //13-11-2019 13:25:34
13-11-2019 , Key13()..Comenzando Impresion ID: 110000114035-> //13-11-2019 13:30:04
13-11-2019 , ProcesarOperacion()..Comenzar //13-11-2019 13:30:06
13-11-2019 , ProcesarFactura()..Entro //13-11-2019 13:30:06
13-11-2019 , ProcesarOperacion()..Comprobnate Terminado - Exitoso //13-11-2019 13:30:33
13-11-2019 , Key13()..Finalizo Impresion //13-11-2019 13:30:33
13-11-2019 , Key13()..Grabando Venta, accion=A ID: 110000114035-> //13-11-2019 13:30:33
13-11-2019 , Key13()..Comenzando Impresion ID: 110000114035-> //13-11-2019 13:30:40
13-11-2019 , ProcesarOperacion()..Comenzar //13-11-2019 13:30:40
13-11-2019 , ProcesarFactura()..Entro //13-11-2019 13:30:40
13-11-2019 , ProcesarOperacion()..Cancelado -CerrarComprobanteFiscal //13-11-2019 13:30:49
13-11-2019 , ProcesarOperacion()..Error de Papel, Pendiente //13-11-2019 13:30:49
13-11-2019 , Key13()..Finalizo Impresion //13-11-2019 13:30:49
13-11-2019 , Key13()..Comenzando Impresion ID: 110000114035-> //13-11-2019 13:31:22
13-11-2019 , ProcesarOperacion()..Comenzar //13-11-2019 13:31:23
13-11-2019 , ProcesarFactura()..Entro //13-11-2019 13:31:23
13-11-2019 , ProcesarOperacion()..Cancelado -CerrarComprobanteFiscal //13-11-2019 13:31:40
13-11-2019 , ProcesarOperacion()..Error de Papel, Pendiente //13-11-2019 13:31:40
13-11-2019 , Key13()..Finalizo Impresion //13-11-2019 13:31:41
13-11-2019 , Key13()..Comenzando Impresion ID: 110000114035-> //13-11-2019 13:32:40
13-11-2019 , ProcesarOperacion()..Comenzar //13-11-2019 13:32:41
13-11-2019 , ProcesarFactura()..Entro //13-11-2019 13:32:41
13-11-2019 , Key13()..Comenzando Impresion ID: 110000114035-> //13-11-2019 13:35:35
13-11-2019 , ProcesarOperacion()..Comenzar //13-11-2019 13:35:36
13-11-2019 , ProcesarFactura()..Entro //13-11-2019 13:35:36
13-11-2019 , Key13()..Comenzando Impresion ID: 110000114035-> //13-11-2019 13:36:42
13-11-2019 , ProcesarOperacion()..Comenzar //13-11-2019 13:36:43
13-11-2019 , ProcesarFactura()..Entro //13-11-2019 13:36:44
13-11-2019 , ProcesarOperacion()..Comprobnate Terminado - Exitoso //13-11-2019 13:37:04
13-11-2019 , Key13()..Finalizo Impresion //13-11-2019 13:37:04
13-11-2019 , Key13()..Grabando Venta, accion=A ID: 110000114035-> //13-11-2019 13:37:04
