12-02-2014 , DETENER 
12-02-2014 , REPORTES
12-02-2014 , Comenzando Impresion
12-02-2014 , PROCESOOPERACION - Inicio
12-02-2014 , PROCESOOPERACION - Comenzar
12-02-2014 , PROCESOOPERACION - LeerCaja
12-02-2014 , Finalizo Impresion
12-02-2014 , FISCAL - Aborto ProcesoOperacion()
12-02-2014 , Comenzando Impresion
12-02-2014 , PROCESOOPERACION - Inicio
12-02-2014 , PROCESOOPERACION - Comenzar
12-02-2014 , PROCESOOPERACION - LeerCaja
12-02-2014 , PROCESARFACTURA - Entro
12-02-2014 , PROCESARFACTURA - DatosCliente
12-02-2014 , PROCESARFACTURA - Encabezado
12-02-2014 , PROCESARFACTURA - Abrir Comprobante
12-02-2014 , PROCESARFACTURA - LeerActualNumero Primero
12-02-2014 , LEERACTUALNUMERO - Entro Proceso
12-02-2014 , PROCESARFACTURA - Error LeerActualNumero
12-02-2014 , PROCESOOPERACION - Comprobante Cerrado
12-02-2014 , LEERACTUALNUMERO - Entro Proceso
12-02-2014 , Finalizo Impresion
12-02-2014 , Grabando Comprobante
12-02-2014 , Comenzando Impresion
12-02-2014 , PROCESOOPERACION - Inicio
12-02-2014 , PROCESOOPERACION - Comenzar
12-02-2014 , PROCESOOPERACION - LeerCaja
12-02-2014 , PROCESARFACTURA - Entro
12-02-2014 , PROCESARFACTURA - DatosCliente
12-02-2014 , PROCESARFACTURA - Encabezado
12-02-2014 , PROCESARFACTURA - Abrir Comprobante
12-02-2014 , PROCESARFACTURA - LeerActualNumero Primero
12-02-2014 , LEERACTUALNUMERO - Entro Proceso
12-02-2014 , PROCESARFACTURA - Error LeerActualNumero
12-02-2014 , PROCESOOPERACION - Comprobante Cerrado
12-02-2014 , LEERACTUALNUMERO - Entro Proceso
12-02-2014 , Finalizo Impresion
12-02-2014 , Grabando Comprobante
12-02-2014 , Comenzando Impresion
12-02-2014 , PROCESOOPERACION - Inicio
12-02-2014 , PROCESOOPERACION - Comenzar
12-02-2014 , PROCESOOPERACION - LeerCaja
12-02-2014 , PROCESARFACTURA - Entro
12-02-2014 , PROCESARFACTURA - DatosCliente
12-02-2014 , PROCESARFACTURA - Encabezado
12-02-2014 , PROCESARFACTURA - Abrir Comprobante
12-02-2014 , PROCESARFACTURA - LeerActualNumero Primero
12-02-2014 , LEERACTUALNUMERO - Entro Proceso
12-02-2014 , LEERACTUALNUMERO - PrimeroNro B000300000160
12-02-2014 , PROCESARFACTURA - Leer Productos
12-02-2014 , LEERACTUALNUMERO - Entro Proceso
12-02-2014 , LEERACTUALNUMERO - ProximoNro B000300000160
12-02-2014 , PROCESARFACTURA - Leer Productos InsertarProducto 8167    
12-02-2014 , LEERACTUALNUMERO - Entro Proceso
12-02-2014 , LEERACTUALNUMERO - ProximoNro B000300000160
12-02-2014 , PROCESARFACTURA - Leer Productos InsertarProducto 8167    
12-02-2014 , PROCESARFACTURA - Leer Productos InsertarDescuento 8167    
12-02-2014 , PROCESARFACTURA - Percepciones
12-02-2014 , LEERACTUALNUMERO - Entro Proceso
12-02-2014 , LEERACTUALNUMERO - ProximoNro B000300000160
12-02-2014 , PROCESARFACTURA - Procesando Pagos
12-02-2014 , PROCESARPAGO - LeerActualNumero
12-02-2014 , LEERACTUALNUMERO - Entro Proceso
12-02-2014 , LEERACTUALNUMERO - ProximoNro B000300000160
12-02-2014 , PROCESARPAGO - SubTotal
12-02-2014 , PROCESARPAGO - LeerActualNumero
12-02-2014 , LEERACTUALNUMERO - Entro Proceso
12-02-2014 , LEERACTUALNUMERO - ProximoNro B000300000160
12-02-2014 , PROCESARPAGO - Formas de Pago
12-02-2014 , PROCESARPAGO - ImprimirPago
12-02-2014 , PROCESARFACTURA - LeerFechaHoraFiscal
12-02-2014 , PROCESARFACTURA - LeerActualNumero Fin proceso
12-02-2014 , LEERACTUALNUMERO - Entro Proceso
12-02-2014 , LEERACTUALNUMERO - ProximoNro B000300000160
12-02-2014 , PROCESOOPERACION - Comprobante Cerrado
12-02-2014 , LEERACTUALNUMERO - Entro Proceso
12-02-2014 , LEERACTUALNUMERO - ProximoNro B000300000160
12-02-2014 , Finalizo Impresion
12-02-2014 , Grabando Comprobante
12-02-2014 , Comenzando Impresion
12-02-2014 , PROCESOOPERACION - Inicio
12-02-2014 , PROCESOOPERACION - Comenzar
12-02-2014 , PROCESOOPERACION - LeerCaja
12-02-2014 , PROCESARFACTURA - Entro
12-02-2014 , PROCESARFACTURA - DatosCliente
12-02-2014 , PROCESARFACTURA - Encabezado
12-02-2014 , PROCESARFACTURA - Abrir Comprobante
12-02-2014 , PROCESARFACTURA - LeerActualNumero Primero
12-02-2014 , LEERACTUALNUMERO - Entro Proceso
12-02-2014 , LEERACTUALNUMERO - PrimeroNro B000300000161
12-02-2014 , PROCESARFACTURA - Leer Productos
12-02-2014 , LEERACTUALNUMERO - Entro Proceso
12-02-2014 , LEERACTUALNUMERO - ProximoNro B000300000161
12-02-2014 , PROCESARFACTURA - Leer Productos InsertarProducto 8167    
12-02-2014 , LEERACTUALNUMERO - Entro Proceso
12-02-2014 , LEERACTUALNUMERO - ProximoNro B000300000161
12-02-2014 , PROCESARFACTURA - Leer Productos InsertarProducto 8167    
12-02-2014 , PROCESARFACTURA - Leer Productos InsertarDescuento 8167    
12-02-2014 , PROCESARFACTURA - Percepciones
12-02-2014 , LEERACTUALNUMERO - Entro Proceso
12-02-2014 , LEERACTUALNUMERO - ProximoNro B000300000161
12-02-2014 , PROCESARFACTURA - Procesando Pagos
12-02-2014 , PROCESARPAGO - LeerActualNumero
12-02-2014 , LEERACTUALNUMERO - Entro Proceso
12-02-2014 , LEERACTUALNUMERO - ProximoNro B000300000161
12-02-2014 , PROCESARPAGO - SubTotal
12-02-2014 , PROCESARPAGO - LeerActualNumero
12-02-2014 , LEERACTUALNUMERO - Entro Proceso
12-02-2014 , LEERACTUALNUMERO - ProximoNro B000300000161
12-02-2014 , PROCESARPAGO - Formas de Pago
12-02-2014 , PROCESARPAGO - ImprimirPago
12-02-2014 , PROCESARFACTURA - LeerFechaHoraFiscal
12-02-2014 , PROCESARFACTURA - LeerActualNumero Fin proceso
12-02-2014 , LEERACTUALNUMERO - Entro Proceso
12-02-2014 , LEERACTUALNUMERO - ProximoNro B000300000161
12-02-2014 , PROCESOOPERACION - Comprobante Cerrado
12-02-2014 , LEERACTUALNUMERO - Entro Proceso
12-02-2014 , LEERACTUALNUMERO - ProximoNro B000300000161
12-02-2014 , Finalizo Impresion
12-02-2014 , Grabando Comprobante
