04-01-2016 , DETENER 
04-01-2016 , REPORTES
04-01-2016 , VERLOG  
04-01-2016 , DETENER 
04-01-2016 , Comenzando Impresion
04-01-2016 , PROCESOOPERACION - Inicio
04-01-2016 , PROCESOOPERACION - Comenzar
04-01-2016 , PROCESOOPERACION - LeerCaja
04-01-2016 , Finalizo Impresion
04-01-2016 , Grabando Comprobante accion=A
04-01-2016 , Comenzando Impresion
04-01-2016 , PROCESOOPERACION - Inicio
04-01-2016 , PROCESOOPERACION - Comenzar
04-01-2016 , PROCESOOPERACION - LeerCaja
04-01-2016 , PROCESARFACTURA - Entro
04-01-2016 , PROCESARFACTURA - DatosCliente
04-01-2016 , PROCESARFACTURA - Encabezado
04-01-2016 , PROCESARFACTURA - Abrir Comprobante
04-01-2016 , PROCESARFACTURA - LeerActualNumero Primero
04-01-2016 , LEERACTUALNUMERO - Entro Proceso
04-01-2016 , LEERACTUALNUMERO - PrimeroNro B000400020904
04-01-2016 , PROCESARFACTURA - Leer Productos
04-01-2016 , LEERACTUALNUMERO - Entro Proceso
04-01-2016 , LEERACTUALNUMERO - ProximoNro B000400020904
04-01-2016 , PROCESARFACTURA - Leer Productos InsertarProducto 8566    
04-01-2016 , LEERACTUALNUMERO - Entro Proceso
04-01-2016 , LEERACTUALNUMERO - ProximoNro B000400020904
04-01-2016 , PROCESARFACTURA - Leer Productos InsertarProducto 1417    
04-01-2016 , LEERACTUALNUMERO - Entro Proceso
04-01-2016 , LEERACTUALNUMERO - ProximoNro B000400020904
04-01-2016 , PROCESARFACTURA - Leer Productos InsertarProducto 8434    
04-01-2016 , PROCESARFACTURA - Percepciones
04-01-2016 , LEERACTUALNUMERO - Entro Proceso
04-01-2016 , LEERACTUALNUMERO - ProximoNro B000400020904
04-01-2016 , PROCESARFACTURA - Procesando Pagos
04-01-2016 , PROCESARPAGO - LeerActualNumero
04-01-2016 , LEERACTUALNUMERO - Entro Proceso
04-01-2016 , LEERACTUALNUMERO - ProximoNro B000400020904
04-01-2016 , PROCESARPAGO - SubTotal
04-01-2016 , PROCESARPAGO - LeerActualNumero
04-01-2016 , LEERACTUALNUMERO - Entro Proceso
04-01-2016 , LEERACTUALNUMERO - ProximoNro B000400020904
04-01-2016 , PROCESARPAGO - Formas de Pago
04-01-2016 , PROCESARPAGO - ImprimirPago
04-01-2016 , PROCESARFACTURA - LeerFechaHoraFiscal
04-01-2016 , PROCESARFACTURA - LeerActualNumero Fin proceso
04-01-2016 , LEERACTUALNUMERO - Entro Proceso
04-01-2016 , LEERACTUALNUMERO - ProximoNro B000400020904
04-01-2016 , PROCESOOPERACION - Comprobante Cerrado
04-01-2016 , PROCESOOPERACION - Error Encabezado
04-01-2016 , LEERACTUALNUMERO - Entro Proceso
04-01-2016 , LEERACTUALNUMERO - Error UltimoComprobante
04-01-2016 , Finalizo Impresion
04-01-2016 , Grabando Comprobante accion=A
04-01-2016 , DETENER 
04-01-2016 , REPORTES
04-01-2016 , DETENER 
04-01-2016 , REPORTES
04-01-2016 , DETENER 
04-01-2016 , REPORTES
04-01-2016 , Comenzando Impresion
04-01-2016 , PROCESOOPERACION - Inicio
04-01-2016 , PROCESOOPERACION - Comenzar
04-01-2016 , PROCESOOPERACION - LeerCaja
04-01-2016 , PROCESARFACTURA - Entro
04-01-2016 , PROCESARFACTURA - DatosCliente
04-01-2016 , PROCESARFACTURA - Encabezado
04-01-2016 , PROCESARFACTURA - Abrir Comprobante
04-01-2016 , PROCESARFACTURA - LeerActualNumero Primero
04-01-2016 , LEERACTUALNUMERO - Entro Proceso
04-01-2016 , LEERACTUALNUMERO - PrimeroNro B000400020905
04-01-2016 , PROCESARFACTURA - Leer Productos
04-01-2016 , LEERACTUALNUMERO - Entro Proceso
04-01-2016 , LEERACTUALNUMERO - ProximoNro B000400020905
04-01-2016 , PROCESARFACTURA - Leer Productos InsertarProducto 8566    
04-01-2016 , LEERACTUALNUMERO - Entro Proceso
04-01-2016 , LEERACTUALNUMERO - ProximoNro B000400020905
04-01-2016 , PROCESARFACTURA - Leer Productos InsertarProducto 1417    
04-01-2016 , LEERACTUALNUMERO - Entro Proceso
04-01-2016 , LEERACTUALNUMERO - ProximoNro B000400020905
04-01-2016 , PROCESARFACTURA - Leer Productos InsertarProducto 8434    
04-01-2016 , PROCESARFACTURA - Percepciones
04-01-2016 , LEERACTUALNUMERO - Entro Proceso
04-01-2016 , LEERACTUALNUMERO - ProximoNro B000400020905
04-01-2016 , PROCESARFACTURA - Procesando Pagos
04-01-2016 , PROCESARPAGO - LeerActualNumero
04-01-2016 , LEERACTUALNUMERO - Entro Proceso
04-01-2016 , LEERACTUALNUMERO - ProximoNro B000400020905
04-01-2016 , PROCESARPAGO - SubTotal
04-01-2016 , PROCESARPAGO - LeerActualNumero
04-01-2016 , LEERACTUALNUMERO - Entro Proceso
04-01-2016 , LEERACTUALNUMERO - ProximoNro B000400020905
04-01-2016 , PROCESARPAGO - Formas de Pago
04-01-2016 , PROCESARPAGO - ImprimirPago
04-01-2016 , PROCESARFACTURA - LeerFechaHoraFiscal
04-01-2016 , PROCESARFACTURA - LeerActualNumero Fin proceso
04-01-2016 , LEERACTUALNUMERO - Entro Proceso
04-01-2016 , LEERACTUALNUMERO - ProximoNro B000400020905
04-01-2016 , PROCESOOPERACION - Comprobante Cerrado
04-01-2016 , LEERACTUALNUMERO - Entro Proceso
04-01-2016 , LEERACTUALNUMERO - ProximoNro B000400020905
04-01-2016 , Finalizo Impresion
04-01-2016 , Grabando Comprobante accion=A
