21-01-2016 , LEERACTUALNUMERO - Entro Proceso
21-01-2016 , Grabando Comprobante accion=A
21-01-2016 , DETENER 
21-01-2016 , LEERACTUALNUMERO - Entro Proceso
21-01-2016 , Grabando Comprobante accion=A
21-01-2016 , LEERACTUALNUMERO - Entro Proceso
21-01-2016 , LEERACTUALNUMERO - Entro Proceso
21-01-2016 , Grabando Comprobante accion=A
21-01-2016 , LEERACTUALNUMERO - Entro Proceso
21-01-2016 , Grabando Comprobante accion=A
21-01-2016 , LEERACTUALNUMERO - Entro Proceso
21-01-2016 , LEERACTUALNUMERO - Entro Proceso
21-01-2016 , LEERACTUALNUMERO - Entro Proceso
21-01-2016 , LEERACTUALNUMERO - Entro Proceso
21-01-2016 , DETENER 
21-01-2016 , REPORTES
21-01-2016 , LEERACTUALNUMERO - Entro Proceso
21-01-2016 , LEERACTUALNUMERO - Entro Proceso
21-01-2016 , LEERACTUALNUMERO - Entro Proceso
21-01-2016 , LEERACTUALNUMERO - Error UltimoComprobante
21-01-2016 , LEERACTUALNUMERO - Entro Proceso
21-01-2016 , LEERACTUALNUMERO - Error UltimoComprobante
21-01-2016 , LEERACTUALNUMERO - Entro Proceso
21-01-2016 , LEERACTUALNUMERO - Error UltimoComprobante
21-01-2016 , LEERACTUALNUMERO - Entro Proceso
21-01-2016 , LEERACTUALNUMERO - Error UltimoComprobante
21-01-2016 , LEERACTUALNUMERO - Entro Proceso
21-01-2016 , LEERACTUALNUMERO - Error UltimoComprobante
21-01-2016 , LEERACTUALNUMERO - Entro Proceso
21-01-2016 , LEERACTUALNUMERO - Error UltimoComprobante
21-01-2016 , LEERACTUALNUMERO - Entro Proceso
21-01-2016 , LEERACTUALNUMERO - Error UltimoComprobante
21-01-2016 , LEERACTUALNUMERO - Entro Proceso
21-01-2016 , LEERACTUALNUMERO - Error UltimoComprobante
21-01-2016 , LEERACTUALNUMERO - Entro Proceso
21-01-2016 , LEERACTUALNUMERO - Error UltimoComprobante
21-01-2016 , DETENER 
21-01-2016 , REPORTES
21-01-2016 , DETENER 
21-01-2016 , REPORTES
21-01-2016 , LEERACTUALNUMERO - Entro Proceso
21-01-2016 , LEERACTUALNUMERO - Error UltimoComprobante
21-01-2016 , LEERACTUALNUMERO - Entro Proceso
21-01-2016 , LEERACTUALNUMERO - Error UltimoComprobante
21-01-2016 , LEERACTUALNUMERO - Entro Proceso
21-01-2016 , LEERACTUALNUMERO - PrimeroNro B000300000215
21-01-2016 , DETENER 
21-01-2016 , DETENER 
21-01-2016 , LEERACTUALNUMERO - Entro Proceso
21-01-2016 , LEERACTUALNUMERO - PrimeroNro B000300000215
21-01-2016 , Grabando Comprobante accion=A
21-01-2016 , Grabando Comprobante accion=A
