09-02-2016 , DETENER 
09-02-2016 , DETENER 
09-02-2016 , DETENER 
09-02-2016 , DETENER 
09-02-2016 , Grabando Comprobante accion=A
09-02-2016 , DETENER 
09-02-2016 , Grabando Comprobante accion=A
09-02-2016 , Grabando Comprobante accion=A
09-02-2016 , DETENER 
09-02-2016 , Grabando Comprobante accion=A
09-02-2016 , DETENER 
09-02-2016 , Grabando Comprobante accion=A
09-02-2016 , Grabando Comprobante accion=A
09-02-2016 , Grabando Comprobante accion=A
09-02-2016 , DETENER 
09-02-2016 , Grabando Comprobante accion=A
09-02-2016 , Grabando Comprobante accion=A
09-02-2016 , Grabando Comprobante accion=A
09-02-2016 , ID: 110000000003: Comenzando Impresion
09-02-2016 , ID: 110000000003: PROCESOOPERACION - Inicio
09-02-2016 , ID: 110000000003: PROCESOOPERACION - Comenzar
09-02-2016 , ID: 110000000003: PROCESOOPERACION - LeerCaja
09-02-2016 , ID: 110000000003: PROCESOOPERACION - CAJA ACTIVA NO PERTENECE + DTOC(loCmd.fecha)
09-02-2016 , ID: 110000000003: Finalizo Impresion
09-02-2016 , FISCAL - ABORTO ProcesoOperacion() 
09-02-2016 , ID: 110000000003: Comenzando Impresion
09-02-2016 , ID: 110000000003: PROCESOOPERACION - Inicio
09-02-2016 , ID: 110000000003: PROCESOOPERACION - Comenzar
09-02-2016 , ID: 110000000003: PROCESOOPERACION - LeerCaja
09-02-2016 , ID: 110000000003: PROCESARFACTURA - Entro
09-02-2016 , ID: 110000000003: PROCESARFACTURA - DatosCliente
09-02-2016 , ID: 110000000003: PROCESARFACTURA - InformacionRemito
09-02-2016 , ID: 110000000003: PROCESARFACTURA - Encabezado
09-02-2016 , ID: 110000000003: PROCESARFACTURA - Abrir Comprobante
09-02-2016 , ID: 110000000003: PROCESARFACTURA - LeerActualNumero Primero
09-02-2016 , ID: 110000000003: LEERACTUALNUMERO - Entro Proceso
09-02-2016 , ID: 110000000003: LEERACTUALNUMERO - PrimeroNro A000700000002
09-02-2016 , ID: 110000000003: PROCESARFACTURA - Leer Productos
09-02-2016 , ID: 110000000003: LEERACTUALNUMERO - Entro Proceso
09-02-2016 , ID: 110000000003: LEERACTUALNUMERO - ProximoNro A000700000002
09-02-2016 , ID: 110000000003: PROCESARFACTURA - Leer Productos InsertarProducto 1       
09-02-2016 , ID: 110000000003: PROCESARFACTURA - Error Leer Productos InsertarProducto 1       
09-02-2016 , ID: 110000000003: PROCESOOPERACION - FINALIZAR
09-02-2016 , ID: 110000000003: Finalizo Impresion
09-02-2016 , ID: 110000000003: No Comenzo la Impresion. Comprobante genera error previo. Grabacion Pendiente
