08-02-2016 , Comenzando Impresion
08-02-2016 , PROCESOOPERACION - Inicio
08-02-2016 , PROCESOOPERACION - Comenzar
08-02-2016 , PROCESOOPERACION - LeerCaja
08-02-2016 , Finalizo Impresion
08-02-2016 , FISCAL - ABORTO ProcesoOperacion() CAJA ACTIVA NO PERTENECE 08-02-2016
08-02-2016 , ID: 110000000002: Comenzando Impresion
08-02-2016 , ID: 110000000002: PROCESOOPERACION - Inicio
08-02-2016 , ID: 110000000002: PROCESOOPERACION - Comenzar
08-02-2016 , ID: 110000000002: PROCESOOPERACION - LeerCaja
08-02-2016 , ID: 110000000002: PROCESOOPERACION - CAJA ACTIVA NO PERTENECE + DTOC(loCmd.fecha)
08-02-2016 , ID: 110000000002: Finalizo Impresion
08-02-2016 , FISCAL - ABORTO ProcesoOperacion() 
08-02-2016 , ID: 110000000002: Comenzando Impresion
08-02-2016 , ID: 110000000002: PROCESOOPERACION - Inicio
08-02-2016 , ID: 110000000002: PROCESOOPERACION - Comenzar
08-02-2016 , ID: 110000000002: PROCESOOPERACION - LeerCaja
08-02-2016 , PROCESARFACTURA - Entro
08-02-2016 , ID: 110000000002: PROCESARFACTURA - DatosCliente
08-02-2016 , ID: 110000000002: PROCESARFACTURA - Encabezado
08-02-2016 , PROCESARFACTURA - Abrir Comprobante
08-02-2016 , ID: 110000000002: PROCESARFACTURA - Error Abrir Comprobante
08-02-2016 , ID: 110000000002: PROCESOOPERACION - FINALIZAR
08-02-2016 , ID: 110000000002: Finalizo Impresion
08-02-2016 , No Comenzo la Impresion. Comprobante genera error previo. Grabacion Pendiente
08-02-2016 , ID: 110000000002: Comenzando Impresion
08-02-2016 , ID: 110000000002: PROCESOOPERACION - Inicio
08-02-2016 , ID: 110000000002: PROCESOOPERACION - Comenzar
08-02-2016 , ID: 110000000002: PROCESOOPERACION - LeerCaja
08-02-2016 , ID: 110000000002: PROCESARFACTURA - Entro
08-02-2016 , ID: 110000000002: PROCESARFACTURA - DatosCliente
08-02-2016 , ID: 110000000002: PROCESARFACTURA - Encabezado
08-02-2016 , ID: 110000000002: PROCESARFACTURA - Abrir Comprobante
08-02-2016 , ID: 110000000002: PROCESARFACTURA - Error Abrir Comprobante
08-02-2016 , ID: 110000000002: PROCESOOPERACION - FINALIZAR
08-02-2016 , ID: 110000000002: Finalizo Impresion
08-02-2016 , ID: 110000000002: No Comenzo la Impresion. Comprobante genera error previo. Grabacion Pendiente
08-02-2016 , ID: 110000000002: Comenzando Impresion
08-02-2016 , ID: 110000000002: PROCESOOPERACION - Inicio
08-02-2016 , ID: 110000000002: PROCESOOPERACION - Comenzar
08-02-2016 , ID: 110000000002: PROCESOOPERACION - LeerCaja
08-02-2016 , ID: 110000000002: PROCESARFACTURA - Entro
08-02-2016 , ID: 110000000002: PROCESARFACTURA - DatosCliente
08-02-2016 , ID: 110000000002: PROCESARFACTURA - Encabezado
08-02-2016 , ID: 110000000002: PROCESARFACTURA - Abrir Comprobante
08-02-2016 , ID: 110000000002: PROCESARFACTURA - Error Abrir Comprobante
08-02-2016 , ID: 110000000002: PROCESOOPERACION - FINALIZAR
08-02-2016 , ID: 110000000002: Finalizo Impresion
08-02-2016 , ID: 110000000002: No Comenzo la Impresion. Comprobante genera error previo. Grabacion Pendiente
08-02-2016 , ID: 110000000002: Comenzando Impresion
08-02-2016 , ID: 110000000002: PROCESOOPERACION - Inicio
08-02-2016 , ID: 110000000002: PROCESOOPERACION - Comenzar
08-02-2016 , ID: 110000000002: PROCESOOPERACION - LeerCaja
08-02-2016 , ID: 110000000002: PROCESARFACTURA - Entro
08-02-2016 , ID: 110000000002: PROCESARFACTURA - DatosCliente
08-02-2016 , ID: 110000000002: PROCESARFACTURA - Encabezado
08-02-2016 , ID: 110000000002: PROCESARFACTURA - Abrir Comprobante
08-02-2016 , ID: 110000000002: PROCESARFACTURA - LeerActualNumero Primero
08-02-2016 , ID: 110000000002: LEERACTUALNUMERO - Entro Proceso
08-02-2016 , ID: 110000000002: LEERACTUALNUMERO - PrimeroNro A000300000067
08-02-2016 , ID: 110000000002: PROCESARFACTURA - Leer Productos
08-02-2016 , ID: 110000000002: LEERACTUALNUMERO - Entro Proceso
08-02-2016 , ID: 110000000002: LEERACTUALNUMERO - ProximoNro A000300000067
08-02-2016 , ID: 110000000002: PROCESARFACTURA - Leer Productos InsertarProducto 1       
08-02-2016 , ID: 110000000002: PROCESARFACTURA - Percepciones
08-02-2016 , ID: 110000000002: LEERACTUALNUMERO - Entro Proceso
08-02-2016 , ID: 110000000002: LEERACTUALNUMERO - ProximoNro A000300000067
08-02-2016 , ID: 110000000002: PROCESARFACTURA - Procesando Pagos
08-02-2016 , ID: 110000000002: PROCESARPAGO - LeerActualNumero
08-02-2016 , ID: 110000000002: LEERACTUALNUMERO - Entro Proceso
08-02-2016 , ID: 110000000002: LEERACTUALNUMERO - ProximoNro A000300000067
08-02-2016 , ID: 110000000002: PROCESARPAGO - SubTotal
08-02-2016 , ID: 110000000002: PROCESARPAGO - LeerActualNumero
08-02-2016 , ID: 110000000002: LEERACTUALNUMERO - Entro Proceso
08-02-2016 , ID: 110000000002: LEERACTUALNUMERO - ProximoNro A000300000067
08-02-2016 , ID: 110000000002: PROCESARPAGO - Formas de Pago
08-02-2016 , ID: 110000000002: PROCESARPAGO - ImprimirPago
08-02-2016 , ID: 110000000002: PROCESARFACTURA - LeerFechaHoraFiscal
08-02-2016 , ID: 110000000002: PROCESARFACTURA - LeerActualNumero Fin proceso
08-02-2016 , ID: 110000000002: LEERACTUALNUMERO - Entro Proceso
08-02-2016 , ID: 110000000002: LEERACTUALNUMERO - ProximoNro A000300000067
08-02-2016 , ID: 110000000002: PROCESOOPERACION - Comprobante Cerrado
08-02-2016 , ID: 110000000002: LEERACTUALNUMERO - Entro Proceso
08-02-2016 , ID: 110000000002: LEERACTUALNUMERO - ProximoNro A000300000067
08-02-2016 , ID: 110000000002: Finalizo Impresion
08-02-2016 , Grabando Comprobante accion=A
