06-08-2020 , 01:06:46 PM//Estableciendo conexion...
06-08-2020 , 01:06:49 PM//Conectado
06-08-2020 , 01:06:49 PM//Empresa: MARCOS                                            
06-08-2020 , 01:06:50 PM//Verificacion concluida.
06-08-2020 , 01:06:51 PM//servidor DISPONIBLE
06-08-2020 , 01:19:46 PM//Estableciendo conexion...
06-08-2020 , 01:20:01 PM//Conectado
06-08-2020 , 01:20:01 PM//Empresa: MARCOS                                            
06-08-2020 , 01:20:02 PM//Verificacion concluida.
06-08-2020 , 01:20:03 PM//servidor DISPONIBLE
06-08-2020 , 01:34:21 PM//Estableciendo conexion...
06-08-2020 , 01:37:14 PM//Estableciendo conexion...
06-08-2020 , 01:37:16 PM//Conectado
06-08-2020 , 01:37:17 PM//Empresa: JUMA DISTRIBUIDORA                                
06-08-2020 , 01:37:17 PM//No tiene AUTORIZACION.
06-08-2020 , 01:37:51 PM//Estableciendo conexion...
06-08-2020 , 01:37:53 PM//Conectado
06-08-2020 , 01:37:53 PM//Empresa: JUMA DISTRIBUIDORA                                
06-08-2020 , 01:38:25 PM//No tiene AUTORIZACION.
06-08-2020 , 01:38:56 PM//Estableciendo conexion...
06-08-2020 , 01:38:58 PM//Conectado
06-08-2020 , 01:38:59 PM//Empresa: JUMA DISTRIBUIDORA                                
06-08-2020 , 01:39:00 PM//Verificacion concluida.
06-08-2020 , 01:39:00 PM//servidor DISPONIBLE
