25/11/2019 09:04:30 p.m. Comando: 
<?xml version="1.0"?>
<ConsultarEstado><Secuencia>1</Secuencia><CodigoComprobante>NoDocumento</CodigoComprobante></ConsultarEstado>

25/11/2019 09:04:30 p.m. Respuesta: 
<?xml version="1.0"?>
<ConsultarEstado>
	<Secuencia>1</Secuencia>
	<Estado>
		<Impresora type="list">
		</Impresora>
		<Fiscal type="list">
			<Fiscal>DocumentoFiscalAbierto</Fiscal>
			<Fiscal>DocumentoAbierto</Fiscal>
		</Fiscal>
	</Estado>
	<EstadoAuxiliar type="list">
		<EstadoAuxiliar>ModoEntrenamiento</EstadoAuxiliar>
	</EstadoAuxiliar>
	<EstadoInterno>VendiendoItems</EstadoInterno>
	<ComprobanteEnCurso>Tique</ComprobanteEnCurso>
	<CodigoComprobante>Tique</CodigoComprobante>
	<NumeroUltimoComprobante>2</NumeroUltimoComprobante>
	<CantidadEmitidos>2</CantidadEmitidos>
	<CantidadCancelados>1</CantidadCancelados>
</ConsultarEstado>

25/11/2019 09:04:30 p.m. Comando: 
<?xml version="1.0"?>
<ConsultarEstado><Secuencia>2</Secuencia><CodigoComprobante>NoDocumento</CodigoComprobante></ConsultarEstado>

25/11/2019 09:04:30 p.m. Respuesta: 
<?xml version="1.0"?>
<ConsultarEstado>
	<Secuencia>2</Secuencia>
	<Estado>
		<Impresora type="list">
		</Impresora>
		<Fiscal type="list">
			<Fiscal>DocumentoFiscalAbierto</Fiscal>
			<Fiscal>DocumentoAbierto</Fiscal>
		</Fiscal>
	</Estado>
	<EstadoAuxiliar type="list">
		<EstadoAuxiliar>ModoEntrenamiento</EstadoAuxiliar>
	</EstadoAuxiliar>
	<EstadoInterno>VendiendoItems</EstadoInterno>
	<ComprobanteEnCurso>Tique</ComprobanteEnCurso>
	<CodigoComprobante>Tique</CodigoComprobante>
	<NumeroUltimoComprobante>2</NumeroUltimoComprobante>
	<CantidadEmitidos>2</CantidadEmitidos>
	<CantidadCancelados>1</CantidadCancelados>
</ConsultarEstado>

25/11/2019 09:04:30 p.m. Comando: 
<?xml version="1.0"?>
<ConsultarVersion><Secuencia>3</Secuencia></ConsultarVersion>

25/11/2019 09:04:30 p.m. Respuesta: 
<?xml version="1.0"?>
<ConsultarVersion>
	<Secuencia>3</Secuencia>
	<Estado>
		<Impresora type="list">
		</Impresora>
		<Fiscal type="list">
			<Fiscal>DocumentoFiscalAbierto</Fiscal>
			<Fiscal>DocumentoAbierto</Fiscal>
		</Fiscal>
	</Estado>
	<Version>SMH/PT-250F V: 01.00</Version>
	<Marca>Hasar</Marca>
	<NombreProducto>CF</NombreProducto>
	<VersionMotor>6.02A</VersionMotor>
	<FechaFirmware>17/02/2017 11:10:50</FechaFirmware>
	<VersionProtocolo>0</VersionProtocolo>
</ConsultarVersion>

25/11/2019 09:04:30 p.m. Comando: 
<?xml version="1.0"?>
<ConfigurarImpresoraFiscal><Secuencia>4</Secuencia><Variable>TimeoutEnvioRespuestaEnEspera</Variable><Valor>1</Valor></ConfigurarImpresoraFiscal>

25/11/2019 09:04:31 p.m. Respuesta: 
<?xml version="1.0"?>
<ConfigurarImpresoraFiscal>
	<Secuencia>4</Secuencia>
	<Estado>
		<Impresora type="list">
		</Impresora>
		<Fiscal type="list">
			<Fiscal>DocumentoFiscalAbierto</Fiscal>
			<Fiscal>DocumentoAbierto</Fiscal>
		</Fiscal>
	</Estado>
</ConfigurarImpresoraFiscal>

25/11/2019 09:04:37 p.m. Comando: 
<?xml version="1.0"?>
<ConsultarEstado><Secuencia>5</Secuencia><CodigoComprobante>Tique</CodigoComprobante></ConsultarEstado>

25/11/2019 09:04:37 p.m. Respuesta: 
<?xml version="1.0"?>
<ConsultarEstado>
	<Secuencia>5</Secuencia>
	<Estado>
		<Impresora type="list">
		</Impresora>
		<Fiscal type="list">
			<Fiscal>DocumentoFiscalAbierto</Fiscal>
			<Fiscal>DocumentoAbierto</Fiscal>
		</Fiscal>
	</Estado>
	<EstadoAuxiliar type="list">
		<EstadoAuxiliar>ModoEntrenamiento</EstadoAuxiliar>
	</EstadoAuxiliar>
	<EstadoInterno>VendiendoItems</EstadoInterno>
	<ComprobanteEnCurso>Tique</ComprobanteEnCurso>
	<CodigoComprobante>Tique</CodigoComprobante>
	<NumeroUltimoComprobante>2</NumeroUltimoComprobante>
	<CantidadEmitidos>2</CantidadEmitidos>
	<CantidadCancelados>1</CantidadCancelados>
</ConsultarEstado>

