Comando  : 0502|0000
Respuesta: 0000|C080|0000|151019|121016

Comando  : 0509|0000|1
Respuesta: 0000|C080|0000|

Comando  : 0508|0000|1|
Respuesta: 0000|C080|0000

Comando  : 0509|0000|2
Respuesta: 0000|C080|0000|

Comando  : 0508|0000|2|
Respuesta: 0000|C080|0000

Comando  : 0509|0000|3
Respuesta: 0000|C080|0000|

Comando  : 0508|0000|3|
Respuesta: 0000|C080|0000

Comando  : 0509|0000|4
Respuesta: 0000|C080|0000|

Comando  : 0508|0000|4|
Respuesta: 0000|C080|0000

Comando  : 0509|0000|5
Respuesta: 0000|C080|0000|

Comando  : 0508|0000|5|
Respuesta: 0000|C080|0000

Comando  : 0509|0000|6
Respuesta: 0000|C080|0000|

Comando  : 0508|0000|6|
Respuesta: 0000|C080|0000

Comando  : 0509|0000|7
Respuesta: 0000|C080|0000|

Comando  : 0508|0000|7|
Respuesta: 0000|C080|0000

Comando  : 0509|0000|8
Respuesta: 0000|C080|0000|

Comando  : 0508|0000|8|
Respuesta: 0000|C080|0000

Comando  : 0509|0000|9
Respuesta: 0000|C080|0000|

Comando  : 0508|0000|9|
Respuesta: 0000|C080|0000

Comando  : 0509|0000|10
Respuesta: 0000|C080|0000|

Comando  : 0508|0000|10|
Respuesta: 0000|C080|0000

Comando  : 0508|0000|1|
Respuesta: 0000|C080|0000

Comando  : 0508|0000|2|
Respuesta: 0000|C080|0000

Comando  : 0508|0000|3|
Respuesta: 0000|C080|0000

Comando  : 0508|0000|4|
Respuesta: 0000|C080|0000

Comando  : 0508|0000|5|
Respuesta: 0000|C080|0000

Comando  : 0508|0000|6|
Respuesta: 0000|C080|0000

Comando  : 0508|0000|7|
Respuesta: 0000|C080|0000

Comando  : 0508|0000|8|
Respuesta: 0000|C080|0000

Comando  : 0508|0000|9|
Respuesta: 0000|C080|0000

Comando  : 0508|0000|10|
Respuesta: 0000|C080|0000

Comando  : 0508|0000|11|
Respuesta: 0000|C080|0000

Comando  : 0508|0000|12|
Respuesta: 0000|C080|0000

Comando  : 0508|0000|13|
Respuesta: 0000|C080|0000

Comando  : 0508|0000|14|
Respuesta: 0000|C080|0000

Comando  : 0508|0000|15|
Respuesta: 0000|C080|0000

Comando  : 0508|0000|16|
Respuesta: 0000|C080|0000

Comando  : 0508|0000|17|
Respuesta: 0000|C080|0000

Comando  : 0508|0000|18|
Respuesta: 0000|C080|0000

Comando  : 0508|0000|19|
Respuesta: 0000|C080|0000

Comando  : 0508|0000|20|
Respuesta: 0000|C080|0000

Comando  : 0D01|0000|VILLARREAL MARCOS EZEQUIEL (30793 )||VIEYTES 1270 - BAHIA BLANCA                  |||T|20302299936|M||||
Respuesta: 0000|C083|0000

Comando  : 0830|0000|113
Respuesta: 0000|C083|0000|6|0|0|0|6|0|5

Comando  : 0830|0000|113
Respuesta: 0000|C083|0000|6|0|0|0|6|0|5

Comando  : 0D02|0000|||||NESQUIK 200 ML|10000|211000|2100|00000||||1       |7|7
Respuesta: 0000|C083|0000|

Comando  : 0830|0000|113
Respuesta: 0000|C083|0000|6|0|0|0|6|0|5

Comando  : 0830|0000|113
Respuesta: 0000|C083|0000|6|0|0|0|6|0|5

Comando  : 0502|0000
Respuesta: 0000|C083|0000|151019|121036

Comando  : 0830|0000|113
Respuesta: 0000|C083|0000|6|0|0|0|6|0|5

Comando  : 0502|0000
Respuesta: 0000|C083|0000|151019|121059

Comando  : 0D06|0001|||||||
Respuesta: 0000|C080|0000|||||

Comando  : 0830|0000|113
Respuesta: 0000|C080|0000|6|0|0|0|6|6|5

