15-10-2019 , Key13()..Comenzando Impresion ID: 110000113955-> //15-10-2019 11:27:38
15-10-2019 , ProcesarOperacion()..Comenzar //15-10-2019 11:27:40
15-10-2019 , ProcesarFactura()..Entro //15-10-2019 11:27:40
15-10-2019 , ProcesarOperacion()..Comprobnate Terminado - Exitoso //15-10-2019 11:28:05
15-10-2019 , Key13()..Finalizo Impresion //15-10-2019 11:28:05
15-10-2019 , Key13()..Grabando Venta, accion=A ID: 110000113955-> //15-10-2019 11:28:05
15-10-2019 , Key13()..Comenzando Impresion ID: 110000113956-> //15-10-2019 11:47:27
15-10-2019 , ProcesarOperacion()..Comenzar //15-10-2019 11:47:28
15-10-2019 , ProcesarFactura()..Entro //15-10-2019 11:47:28
15-10-2019 , ProcesarFactura()..Error INFORMACIONREMITO  //15-10-2019 11:47:30
15-10-2019 , ProcesarOperacion()..Cancelado -FINALIZAR //15-10-2019 11:47:30
15-10-2019 , Key13()..Finalizo Impresion //15-10-2019 11:47:30
15-10-2019 , Key13()..Finalizo sin iniciar Impresion ID: 110000113956-> //15-10-2019 11:47:30
15-10-2019 , Key13()..Comenzando Impresion ID: 110000113956-> //15-10-2019 11:47:48
15-10-2019 , ProcesarOperacion()..Comenzar //15-10-2019 11:47:49
15-10-2019 , ProcesarFactura()..Entro //15-10-2019 11:47:49
15-10-2019 , ProcesarFactura()..Error INFORMACIONREMITO Error Fiscal EpsonNro Error:16777219Mensaje:No definido - Consultar Listado //15-10-2019 11:47:51
15-10-2019 , ProcesarOperacion()..Cancelado -FINALIZAR //15-10-2019 11:47:51
15-10-2019 , Key13()..Finalizo Impresion //15-10-2019 11:47:51
15-10-2019 , Key13()..Finalizo sin iniciar Impresion ID: 110000113956-> //15-10-2019 11:47:51
15-10-2019 , Key13()..Comenzando Impresion ID: 110000113956-> //15-10-2019 11:48:03
15-10-2019 , ProcesarOperacion()..Comenzar //15-10-2019 11:48:04
15-10-2019 , ProcesarFactura()..Entro //15-10-2019 11:48:05
15-10-2019 , ProcesarFactura()..Error INFORMACIONREMITO Error Fiscal EpsonNro Error:16777219Mensaje:No definido - Consultar Listado //15-10-2019 11:48:06
15-10-2019 , ProcesarOperacion()..Cancelado -FINALIZAR //15-10-2019 11:48:06
15-10-2019 , Key13()..Finalizo Impresion //15-10-2019 11:48:06
15-10-2019 , Key13()..Finalizo sin iniciar Impresion ID: 110000113956-> //15-10-2019 11:48:06
15-10-2019 , Key13()..Comenzando Impresion ID: 110000113956-> //15-10-2019 11:55:40
15-10-2019 , ProcesarOperacion()..Comenzar //15-10-2019 11:55:41
15-10-2019 , ProcesarFactura()..Entro //15-10-2019 11:55:42
15-10-2019 , ProcesarOperacion()..Comprobnate Terminado - Exitoso //15-10-2019 11:55:50
15-10-2019 , ProcesarOperacion()..Comprobante Cancelado //15-10-2019 11:55:50
15-10-2019 , Key13()..Finalizo Impresion //15-10-2019 11:55:50
15-10-2019 , Key13()..Comenzando Impresion ID: 110000113956-> //15-10-2019 11:59:12
15-10-2019 , ProcesarOperacion()..Comenzar //15-10-2019 11:59:13
15-10-2019 , ProcesarFactura()..Entro //15-10-2019 11:59:13
