15-10-2019 , ProcesarOperacion()..Comprobnate Terminado - Exitoso //15-10-2019 12:02:04
15-10-2019 , ProcesarOperacion()..Comprobante Cancelado //15-10-2019 12:02:11
15-10-2019 , Key13()..Finalizo Impresion //15-10-2019 12:02:12
15-10-2019 , Key13()..Comenzando Impresion ID: 110000113956-> //15-10-2019 12:05:14
15-10-2019 , ProcesarOperacion()..Comenzar //15-10-2019 12:05:15
15-10-2019 , ProcesarFactura()..Entro //15-10-2019 12:05:16
15-10-2019 , ProcesarOperacion()..Comprobante Cancelado -Error Fiscal EpsonNro Error:16777219Mensaje:No definido - Consultar Listado //15-10-2019 12:05:48
15-10-2019 , Key13()..Finalizo Impresion //15-10-2019 12:05:48
15-10-2019 , Key13()..Comenzando Impresion ID: 110000113956-> //15-10-2019 12:07:14
15-10-2019 , ProcesarOperacion()..Comenzar //15-10-2019 12:07:15
15-10-2019 , ProcesarFactura()..Entro //15-10-2019 12:07:15
15-10-2019 , ProcesarOperacion()..Comprobante Cancelado -Error Fiscal EpsonNro Error:16777219Mensaje:No definido - Consultar Listado //15-10-2019 12:08:08
15-10-2019 , Key13()..Finalizo Impresion //15-10-2019 12:08:08
15-10-2019 , Key13()..Comenzando Impresion ID: 110000113956-> //15-10-2019 12:08:56
15-10-2019 , ProcesarOperacion()..Comenzar //15-10-2019 12:08:57
15-10-2019 , ProcesarFactura()..Entro //15-10-2019 12:08:58
15-10-2019 , ProcesarOperacion()..Comprobante Cancelado -Error Fiscal EpsonNro Error:16777219Mensaje:No definido - Consultar Listado //15-10-2019 12:09:47
15-10-2019 , Key13()..Finalizo Impresion //15-10-2019 12:09:47
15-10-2019 , Key13()..Comenzando Impresion ID: 110000113956-> //15-10-2019 12:10:30
15-10-2019 , ProcesarOperacion()..Comenzar //15-10-2019 12:10:31
15-10-2019 , ProcesarFactura()..Entro //15-10-2019 12:10:31
15-10-2019 , ProcesarOperacion()..Comprobnate Terminado - Exitoso //15-10-2019 12:11:21
15-10-2019 , Key13()..Finalizo Impresion //15-10-2019 12:11:22
15-10-2019 , Key13()..Grabando Venta, accion=A ID: 110000113956-> //15-10-2019 12:11:22
