07-04-2021 , 02:43:16 PM//Estableciendo conexion...
07-04-2021 , 02:43:20 PM//Conectado
07-04-2021 , 02:43:20 PM//Empresa: PRUEBA (2)                                        
07-04-2021 , 02:43:21 PM//Verificacion concluida.
07-04-2021 , 02:43:21 PM//servidor DISPONIBLE
07-04-2021 , 02:44:05 PM//Estableciendo conexion...
07-04-2021 , 02:44:06 PM//Conectado
07-04-2021 , 02:44:07 PM//Empresa: SUR DISTRIBUIDORA                                 
07-04-2021 , 02:44:08 PM//Verificacion concluida.
07-04-2021 , 02:44:08 PM//servidor DISPONIBLE
07-04-2021 , 02:44:10 PM//servidor DISPONIBLE
07-04-2021 , 02:44:11 PM//Modulo: ARTICULOS
07-04-2021 , 02:44:15 PM//borrando datos antiguos de secciones.....
07-04-2021 , 02:44:16 PM//cargando datos secciones.....
07-04-2021 , 02:44:20 PM//Sentencia 	INSERT INTO Secciones (ID,IDEMPRESA,NUMERO,NOMBRE,ORDEN) VALUES ('243588','5',
	'46','PROD. HELLMANN'S',46)Código de excepción OLE IDispatch 0 de Microsoft OLE DB Provider for SQL Server: Incorrect syntax near 'S'..
07-04-2021 , 02:44:21 PM//Error al IMPORTAR SECCIONLinea 8IMPORTACION CANCELADA
07-04-2021 , 02:49:08 PM//Estableciendo conexion...
07-04-2021 , 02:49:10 PM//Conectado
07-04-2021 , 02:49:11 PM//Empresa: SUR DISTRIBUIDORA                                 
07-04-2021 , 02:49:11 PM//Verificacion concluida.
07-04-2021 , 02:49:12 PM//servidor DISPONIBLE
07-04-2021 , 02:49:14 PM//servidor DISPONIBLE
07-04-2021 , 02:49:14 PM//Modulo: ARTICULOS
07-04-2021 , 02:49:18 PM//borrando datos antiguos de secciones.....
07-04-2021 , 02:49:19 PM//cargando datos secciones.....
07-04-2021 , 02:49:30 PM//IMPORTACION SECCIONES EXITOSA
07-04-2021 , 02:49:42 PM//borrando datos antiguos de articulos.....
07-04-2021 , 02:49:44 PM//cargando datos articulos.....747 registros
07-04-2021 , 02:49:44 PM//Importando de 0 a 149 articulos
07-04-2021 , 02:50:24 PM//Importando los siguientes 149 articulos
07-04-2021 , 02:51:05 PM//Importando los siguientes 298 articulos
07-04-2021 , 02:51:42 PM//Importando los siguientes 447 articulos
07-04-2021 , 02:52:18 PM//Importando los siguientes 596 articulos
07-04-2021 , 02:52:54 PM//Importando los siguientes 745 articulos
07-04-2021 , 02:52:56 PM//IMPORTACION ARTICULOS EXITOSA
07-04-2021 , 02:53:00 PM//borrando datos antiguos de variedades.....
07-04-2021 , 02:53:01 PM//cargando datos variedades.....2 registros
07-04-2021 , 02:53:01 PM//Importando los primeros 0 variedades
07-04-2021 , 02:53:02 PM//Importando los siguientes ********** registros
07-04-2021 , 02:53:02 PM//Importando los siguientes ********** registros
07-04-2021 , 02:53:03 PM//IMPORTACION VARIEDADES EXITOSA
07-04-2021 , 02:53:10 PM//servidor DISPONIBLE
07-04-2021 , 02:53:11 PM//Modulo: CLIENTES
07-04-2021 , 02:53:15 PM//borrando datos antiguos.....
07-04-2021 , 02:53:16 PM//cargando datos clientes.....784 registros
07-04-2021 , 02:53:17 PM//Importando de 0 a 156 registros
07-04-2021 , 02:53:54 PM//Importando los siguientes 156 registros
07-04-2021 , 02:54:32 PM//Importando los siguientes 312 registros
07-04-2021 , 02:55:18 PM//Importando los siguientes 468 registros
07-04-2021 , 02:55:57 PM//Importando los siguientes 624 registros
07-04-2021 , 02:56:36 PM//Importando los siguientes 780 registros
07-04-2021 , 02:56:37 PM//IMPORTACION EXITOSA
