29-09-2020 , 11:29:22 AM//Estableciendo conexion...
29-09-2020 , 11:29:24 AM//Conectado
29-09-2020 , 11:29:25 AM//Empresa: JUMA DISTRIBUIDORA                                
29-09-2020 , 11:29:25 AM//Verificacion concluida.
29-09-2020 , 11:29:26 AM//servidor DISPONIBLE
29-09-2020 , 11:31:44 AM//Estableciendo conexion...
29-09-2020 , 11:31:46 AM//Conectado
29-09-2020 , 11:31:47 AM//Empresa: JUMA DISTRIBUIDORA                                
29-09-2020 , 11:31:47 AM//Verificacion concluida.
29-09-2020 , 11:31:48 AM//servidor DISPONIBLE
29-09-2020 , 11:31:50 AM//servidor DISPONIBLE
29-09-2020 , 11:31:51 AM//Modulo: VENDEDORES
29-09-2020 , 11:31:55 AM//borrando datos antiguos de vendedores.....
29-09-2020 , 11:34:03 AM//IMPORTACION EXITOSA
29-09-2020 , 11:39:46 AM//Estableciendo conexion...
29-09-2020 , 11:39:48 AM//Conectado
29-09-2020 , 11:39:48 AM//Empresa: JUMA DISTRIBUIDORA                                
29-09-2020 , 11:39:49 AM//Verificacion concluida.
29-09-2020 , 11:39:50 AM//servidor DISPONIBLE
29-09-2020 , 11:39:53 AM//servidor DISPONIBLE
29-09-2020 , 11:39:53 AM//Modulo: ARTICULOS
29-09-2020 , 11:40:00 AM//borrando datos antiguos de secciones.....
29-09-2020 , 11:40:01 AM//cargando datos secciones.....
29-09-2020 , 11:40:15 AM//IMPORTACION SECCIONES EXITOSA
29-09-2020 , 11:40:19 AM//borrando datos antiguos de articulos.....
29-09-2020 , 11:40:20 AM//cargando datos articulos.....873 registros
29-09-2020 , 11:40:21 AM//Importando de 0 a 174 articulos
29-09-2020 , 11:40:55 AM//Importando los siguientes 174 articulos
29-09-2020 , 11:41:29 AM//Importando los siguientes 348 articulos
29-09-2020 , 11:42:03 AM//Importando los siguientes 522 articulos
29-09-2020 , 11:42:37 AM//Importando los siguientes 696 articulos
29-09-2020 , 11:43:12 AM//Importando los siguientes 870 articulos
29-09-2020 , 11:43:13 AM//IMPORTACION ARTICULOS EXITOSA
29-09-2020 , 11:43:17 AM//borrando datos antiguos de variedades.....
29-09-2020 , 11:43:18 AM//cargando datos variedades.....705 registros
29-09-2020 , 11:43:18 AM//Importando los primeros 141 variedades
29-09-2020 , 11:43:46 AM//Importando los siguientes 141 registros
29-09-2020 , 11:44:14 AM//Importando los siguientes 282 registros
29-09-2020 , 11:44:41 AM//Importando los siguientes 423 registros
29-09-2020 , 11:45:09 AM//Importando los siguientes 564 registros
29-09-2020 , 11:45:36 AM//Importando los siguientes 705 registros
29-09-2020 , 11:45:37 AM//IMPORTACION VARIEDADES EXITOSA
29-09-2020 , 11:46:20 AM//servidor DISPONIBLE
29-09-2020 , 11:46:20 AM//Modulo: FACTURAS PENDIENTES
29-09-2020 , 11:46:24 AM//borrando datos antiguos.....
29-09-2020 , 11:46:25 AM//cargando datos clientes.....258 registros
29-09-2020 , 11:46:25 AM//Importando de 0 a 51 registros
29-09-2020 , 11:46:36 AM//Importando los siguientes 51 registros
29-09-2020 , 11:46:46 AM//Importando los siguientes 102 registros
29-09-2020 , 11:46:56 AM//Importando los siguientes 153 registros
29-09-2020 , 11:47:06 AM//Importando los siguientes 204 registros
29-09-2020 , 11:47:17 AM//Importando los siguientes 255 registros
29-09-2020 , 11:47:18 AM//IMPORTACION EXITOSA
29-09-2020 , 11:47:26 AM//servidor DISPONIBLE
29-09-2020 , 11:47:27 AM//Modulo: CLIENTES
29-09-2020 , 11:47:31 AM//borrando datos antiguos.....
29-09-2020 , 11:47:32 AM//cargando datos clientes.....1448 registros
29-09-2020 , 11:47:33 AM//Importando de 0 a 289 registros
29-09-2020 , 11:47:47 AM//Sentencia 	INSERT INTO Clientes (ID,NUMERO,NOMBRE,SALDO,ORDENVISITA,DIRECCION,TELEFONO,CP,LOCALIDAD,IDPROVINCIA,SITUACIONIVA,
			CUIT,IDVENDEDOR,IDZONA,IDPAGO,FULCPR,FULPAG,IDCATEGORIA,IDLISTA,DIASVISITA,IDEMPRESA,
			BONIF1,BONIF2,BONIF3,BONIF4,SALDOAUTO) VALUES ('5329316','1136','O''HIGGINS 126 PEREZ BARRIENTOS, FELIX',
	'0.00','013','O'HIGGINS 126','2920-15619315',
	'8500','VIEDMA','R','1',
	'23-93915247-4','4','1','1',
	'        ','        ','0','1',
	'3','3',
	0.00,0.00,0.00,0.00,0.00)Código de excepción OLE IDispatch 0 de Microsoft OLE DB Provider for SQL Server: Incorrect syntax near 'HIGGINS'..
29-09-2020 , 11:47:48 AM//Error al IMPORTARLinea 70IMPORTACION CANCELADA
29-09-2020 , 11:49:39 AM//Estableciendo conexion...
29-09-2020 , 11:49:41 AM//Conectado
29-09-2020 , 11:49:42 AM//Empresa: JUMA DISTRIBUIDORA                                
29-09-2020 , 11:49:42 AM//Verificacion concluida.
29-09-2020 , 11:49:43 AM//servidor DISPONIBLE
29-09-2020 , 11:49:46 AM//servidor DISPONIBLE
29-09-2020 , 11:49:46 AM//Modulo: CLIENTES
29-09-2020 , 11:49:51 AM//borrando datos antiguos.....
29-09-2020 , 11:49:51 AM//cargando datos clientes.....1448 registros
29-09-2020 , 11:49:52 AM//Importando de 0 a 289 registros
29-09-2020 , 11:50:07 AM//Sentencia 	INSERT INTO Clientes (ID,NUMERO,NOMBRE,SALDO,ORDENVISITA,DIRECCION,TELEFONO,CP,LOCALIDAD,IDPROVINCIA,SITUACIONIVA,
			CUIT,IDVENDEDOR,IDZONA,IDPAGO,FULCPR,FULPAG,IDCATEGORIA,IDLISTA,DIASVISITA,IDEMPRESA,
			BONIF1,BONIF2,BONIF3,BONIF4,SALDOAUTO) VALUES ('5329385','1136','O''HIGGINS 126 PEREZ BARRIENTOS, FELIX',
	'0.00','013','O'HIGGINS 126','2920-15619315',
	'8500','VIEDMA','R','1',
	'23-93915247-4','4','1','1',
	'        ','        ','0','1',
	'3','3',
	0.00,0.00,0.00,0.00,0.00)Código de excepción OLE IDispatch 0 de Microsoft OLE DB Provider for SQL Server: Incorrect syntax near 'HIGGINS'..
29-09-2020 , 11:50:33 AM//Error al IMPORTARLinea 70IMPORTACION CANCELADA
29-09-2020 , 11:51:38 AM//Estableciendo conexion...
29-09-2020 , 11:51:40 AM//Conectado
29-09-2020 , 11:51:40 AM//Empresa: JUMA DISTRIBUIDORA                                
29-09-2020 , 11:51:41 AM//Verificacion concluida.
29-09-2020 , 11:51:42 AM//servidor DISPONIBLE
29-09-2020 , 11:51:46 AM//servidor DISPONIBLE
29-09-2020 , 11:51:47 AM//Modulo: CLIENTES
29-09-2020 , 11:51:51 AM//borrando datos antiguos.....
29-09-2020 , 11:51:52 AM//cargando datos clientes.....1448 registros
29-09-2020 , 11:51:52 AM//Importando de 0 a 289 registros
29-09-2020 , 11:52:07 AM//Sentencia 	INSERT INTO Clientes (ID,NUMERO,NOMBRE,SALDO,ORDENVISITA,DIRECCION,TELEFONO,CP,LOCALIDAD,IDPROVINCIA,SITUACIONIVA,
			CUIT,IDVENDEDOR,IDZONA,IDPAGO,FULCPR,FULPAG,IDCATEGORIA,IDLISTA,DIASVISITA,IDEMPRESA,
			BONIF1,BONIF2,BONIF3,BONIF4,SALDOAUTO) VALUES ('5329454','1136','O´HIGGINS 126 PEREZ BARRIENTOS, FELIX',
	'0.00','013','O'HIGGINS 126','2920-15619315',
	'8500','VIEDMA','R','1',
	'23-93915247-4','4','1','1',
	'        ','        ','0','1',
	'3','3',
	0.00,0.00,0.00,0.00,0.00)Código de excepción OLE IDispatch 0 de Microsoft OLE DB Provider for SQL Server: Incorrect syntax near 'HIGGINS'..
29-09-2020 , 11:54:49 AM//Estableciendo conexion...
29-09-2020 , 11:54:50 AM//Conectado
29-09-2020 , 11:54:50 AM//Empresa: JUMA DISTRIBUIDORA                                
29-09-2020 , 11:54:51 AM//Verificacion concluida.
29-09-2020 , 11:54:51 AM//servidor OCUPADO
29-09-2020 , 11:55:28 AM//Estableciendo conexion...
29-09-2020 , 11:55:29 AM//Conectado
29-09-2020 , 11:55:30 AM//Empresa: JUMA DISTRIBUIDORA                                
29-09-2020 , 11:55:30 AM//Verificacion concluida.
29-09-2020 , 11:55:31 AM//servidor DISPONIBLE
29-09-2020 , 11:55:33 AM//servidor DISPONIBLE
29-09-2020 , 11:55:34 AM//Modulo: CLIENTES
29-09-2020 , 11:55:38 AM//borrando datos antiguos.....
29-09-2020 , 11:55:39 AM//cargando datos clientes.....1448 registros
29-09-2020 , 11:55:39 AM//Importando de 0 a 289 registros
29-09-2020 , 11:56:36 AM//Importando los siguientes 289 registros
29-09-2020 , 11:57:32 AM//Importando los siguientes 578 registros
29-09-2020 , 11:58:30 AM//Importando los siguientes 867 registros
29-09-2020 , 11:59:26 AM//Importando los siguientes 1156 registros
29-09-2020 , 12:00:23 PM//Importando los siguientes 1445 registros
29-09-2020 , 12:00:25 PM//IMPORTACION EXITOSA
