31-03-2022 11:46:45 AM , 11:46:44 AM//Estableciendo conexion...
31-03-2022 11:46:53 AM , 11:46:53 AM//Conectado
31-03-2022 11:46:54 AM , 11:46:54 AM//Empresa: PRUEBA (2)                                        
31-03-2022 11:46:54 AM , 11:46:54 AM//Verificacion concluida.
31-03-2022 11:46:55 AM , 11:46:55 AM//servidor DISPONIBLE
31-03-2022 11:47:00 AM , 11:47:00 AM//servidor DISPONIBLE
31-03-2022 11:47:00 AM , 11:47:00 AM//Modulo: VENDEDORES
31-03-2022 11:47:06 AM , 11:47:06 AM//borrando datos antiguos de vendedores.....
31-03-2022 11:47:07 AM , 11:47:07 AM//IMPORTACION EXITOSA
31-03-2022 11:47:15 AM , 11:47:15 AM//servidor DISPONIBLE
31-03-2022 11:47:16 AM , 11:47:16 AM//Modulo: ARTICULOS
31-03-2022 11:47:20 AM , 11:47:20 AM//borrando datos antiguos de secciones.....
31-03-2022 11:47:21 AM , 11:47:21 AM//cargando datos secciones.....
31-03-2022 11:47:37 AM , 11:47:37 AM//IMPORTACION SECCIONES EXITOSA
31-03-2022 11:47:41 AM , 11:47:41 AM//borrando datos antiguos de articulos.....
31-03-2022 11:47:42 AM , 11:47:42 AM//cargando datos articulos.....5 registros
31-03-2022 11:47:42 AM , 11:47:42 AM//Importando de 0 a 1 articulos
31-03-2022 11:47:43 AM , 11:47:43 AM//Importando los siguientes 1 articulos
31-03-2022 11:47:44 AM , 11:47:44 AM//Importando los siguientes 2 articulos
31-03-2022 11:47:45 AM , 11:47:45 AM//Importando los siguientes 3 articulos
31-03-2022 11:47:46 AM , 11:47:46 AM//Importando los siguientes 4 articulos
31-03-2022 11:47:46 AM , 11:47:46 AM//Importando los siguientes 5 articulos
31-03-2022 11:47:47 AM , 11:47:47 AM//IMPORTACION ARTICULOS EXITOSA
31-03-2022 11:47:52 AM , 11:47:52 AM//borrando datos antiguos de variedades.....
31-03-2022 11:47:53 AM , 11:47:53 AM//cargando datos variedades.....299 registros
31-03-2022 11:47:54 AM , 11:47:54 AM//Importando los primeros 59 variedades
31-03-2022 11:48:08 AM , 11:48:08 AM//Importando los siguientes 59 registros
31-03-2022 11:48:24 AM , 11:48:24 AM//Importando los siguientes 118 registros
31-03-2022 11:48:43 AM , 11:48:43 AM//Importando los siguientes 177 registros
31-03-2022 11:49:03 AM , 11:49:03 AM//Importando los siguientes 236 registros
31-03-2022 11:49:19 AM , 11:49:19 AM//Importando los siguientes 295 registros
31-03-2022 11:49:22 AM , 11:49:22 AM//IMPORTACION VARIEDADES EXITOSA
31-03-2022 11:49:54 AM , 11:49:54 AM//Estableciendo conexion...
31-03-2022 11:50:00 AM , 11:50:00 AM//Conectado
31-03-2022 11:50:00 AM , 11:50:00 AM//Empresa: PRUEBA (2)                                        
31-03-2022 11:50:01 AM , 11:50:01 AM//Verificacion concluida.
31-03-2022 11:50:02 AM , 11:50:02 AM//servidor DISPONIBLE
31-03-2022 11:50:05 AM , 11:50:05 AM//servidor DISPONIBLE
31-03-2022 11:50:06 AM , 11:50:06 AM//Modulo: CLIENTES
31-03-2022 11:50:12 AM , 11:50:12 AM//borrando datos antiguos.....
31-03-2022 11:50:13 AM , 11:50:13 AM//cargando datos clientes.....1219 registros
31-03-2022 11:50:14 AM , 11:50:14 AM//Importando de 0 a 243 registros
31-03-2022 11:51:27 AM , 11:51:27 AM//Importando los siguientes 243 registros
31-03-2022 11:52:56 AM , 11:52:56 AM//Sentencia 	INSERT INTO Clientes (ID,NUMERO,NOMBRE,SALDO,ORDENVISITA,DIRECCION,TELEFONO,CP,LOCALIDAD,IDPROVINCIA,SITUACIONIVA,
			CUIT,IDVENDEDOR,IDZONA,IDPAGO,FULCPR,FULPAG,IDCATEGORIA,IDLISTA,DIASVISITA,IDEMPRESA,
			BONIF1,BONIF2,BONIF3,BONIF4,SALDOAUTO,PORPERCE,OBSERVACIONES) VALUES ('7926988','632','MENDOZA FERNANDEZ RENE URVANO',
	'0.00','020','COLON 396','',
	'8504','CARMEN DE PATAGONES','B','5',
	'20-94573503-2','4','2','1',
	'        ','        ','0','1',
	'3','2',
	0.00,0.00,0.00,0.00,0.00,
	0.00,'')Código de excepción OLE IDispatch 0 de Microsoft OLE DB Provider for SQL Server: Error en la conexión.
31-03-2022 11:53:02 AM , 11:53:02 AM//Error al IMPORTARLinea 398IMPORTACION CANCELADA
31-03-2022 11:55:13 AM , 11:55:13 AM//Estableciendo conexion...
31-03-2022 11:55:20 AM , 11:55:20 AM//Conectado
31-03-2022 11:55:21 AM , 11:55:21 AM//Empresa: PRUEBA (2)                                        
31-03-2022 11:55:21 AM , 11:55:21 AM//Verificacion concluida.
31-03-2022 11:55:26 AM , 11:55:26 AM//ERROR en conexion.
31-03-2022 11:55:31 AM , 11:55:31 AM//Estableciendo conexion...
31-03-2022 11:55:32 AM , 11:55:32 AM//Conectado
31-03-2022 11:55:33 AM , 11:55:33 AM//Empresa: PRUEBA (2)                                        
31-03-2022 11:55:33 AM , 11:55:33 AM//Verificacion concluida.
31-03-2022 11:55:37 AM , 11:55:37 AM//ERROR en conexion.
31-03-2022 11:59:15 AM , 11:59:15 AM//Estableciendo conexion...
31-03-2022 11:59:17 AM , 11:59:17 AM//Conectado
31-03-2022 11:59:18 AM , 11:59:18 AM//Empresa: PRUEBA (2)                                        
31-03-2022 11:59:18 AM , 11:59:18 AM//Verificacion concluida.
31-03-2022 11:59:19 AM , 11:59:19 AM//servidor DISPONIBLE
31-03-2022 11:59:23 AM , 11:59:23 AM//servidor liberado
31-03-2022 11:59:23 AM , 11:59:23 AM//Modulo: CLIENTES
31-03-2022 11:59:28 AM , 11:59:28 AM//borrando datos antiguos.....
31-03-2022 11:59:30 AM , 11:59:30 AM//cargando datos clientes.....1219 registros
31-03-2022 11:59:31 AM , 11:59:31 AM//Importando de 0 a 243 registros
31-03-2022 12:00:27 PM , 12:00:27 PM//Importando los siguientes 243 registros
31-03-2022 12:01:23 PM , 12:01:23 PM//Importando los siguientes 486 registros
31-03-2022 12:02:17 PM , 12:02:17 PM//Importando los siguientes 729 registros
31-03-2022 12:03:13 PM , 12:03:13 PM//Importando los siguientes 972 registros
31-03-2022 12:04:16 PM , 12:04:16 PM//Importando los siguientes 1215 registros
31-03-2022 12:04:18 PM , 12:04:18 PM//IMPORTACION EXITOSA
31-03-2022 12:04:32 PM , 12:04:32 PM//Estableciendo conexion...
31-03-2022 12:04:35 PM , 12:04:35 PM//Conectado
31-03-2022 12:04:35 PM , 12:04:35 PM//Empresa: PRUEBA (2)                                        
31-03-2022 12:04:36 PM , 12:04:36 PM//Verificacion concluida.
31-03-2022 12:04:37 PM , 12:04:37 PM//servidor DISPONIBLE
