15-07-2016 , LEERESTADO - Inicio
15-07-2016 , LEERESTADO - Fin
15-07-2016 , DETENER 
15-07-2016 , REPORTES
15-07-2016 , REPORTES
15-07-2016 , LEERESTADO - Inicio
15-07-2016 , LEERESTADO - Fin
15-07-2016 , DETENER 
15-07-2016 , REPORTES
15-07-2016 , LEERESTADO - Inicio
15-07-2016 , LEERESTADO - Fin
15-07-2016 , DETENER 
15-07-2016 , LEERESTADO - Inicio
15-07-2016 , LEERESTADO - Fin
15-07-2016 , DETENER 
15-07-2016 , REPORTES
15-07-2016 , REPORTEZ - 00000072
15-07-2016 , LEERESTADO - Inicio
15-07-2016 , LEERESTADO - Fin
15-07-2016 , DETENER 
