25-02-2016 , ID: 110000000003: No Comenzo la Impresion. Comprobante genera error previo. Grabacion Pendiente
25-02-2016 , DETENER 
25-02-2016 , ID: 110000000003: Comenzando Impresion
25-02-2016 , ID: 110000000003: PROCESOOPERACION - Inicio
25-02-2016 , ID: 110000000003: PROCESOOPERACION - Comenzar
25-02-2016 , ID: 110000000003: PROCESARFACTURA - Error Comenzar - Conexion - Sin Hoja
25-02-2016 , ID: 110000000003: Finalizo Impresion
25-02-2016 , FISCAL - ABORTO ProcesoOperacion() 
25-02-2016 , ID: 110000000003: Comenzando Impresion
25-02-2016 , ID: 110000000003: PROCESOOPERACION - Inicio
25-02-2016 , ID: 110000000003: PROCESOOPERACION - Comenzar
25-02-2016 , ID: 110000000003: PROCESARFACTURA - Error Comenzar - Conexion - Sin Hoja
25-02-2016 , ID: 110000000003: Finalizo Impresion
25-02-2016 , FISCAL - ABORTO ProcesoOperacion() 
25-02-2016 , ID: 110000000003: Comenzando Impresion
25-02-2016 , ID: 110000000003: PROCESOOPERACION - Inicio
25-02-2016 , ID: 110000000003: PROCESOOPERACION - Comenzar
25-02-2016 , ID: 110000000003: PROCESARFACTURA - Error Comenzar - Conexion - Sin Hoja
25-02-2016 , ID: 110000000003: Finalizo Impresion
25-02-2016 , DETENER 
25-02-2016 , FISCAL - ABORTO ProcesoOperacion() 
25-02-2016 , ID: 110000000003: Comenzando Impresion
25-02-2016 , ID: 110000000003: PROCESOOPERACION - Inicio
25-02-2016 , ID: 110000000003: PROCESOOPERACION - Comenzar
25-02-2016 , ID: 110000000003: PROCESARFACTURA - Error Comenzar - Conexion - Sin Hoja
25-02-2016 , ID: 110000000003: Finalizo Impresion
25-02-2016 , FISCAL - ABORTO ProcesoOperacion() 
25-02-2016 , DETENER 
25-02-2016 , ID: 110000000003: Comenzando Impresion
25-02-2016 , ID: 110000000003: PROCESOOPERACION - Inicio
25-02-2016 , ID: 110000000003: PROCESOOPERACION - Comenzar
25-02-2016 , ID: 110000000003: PROCESARFACTURA - Error Comenzar - Conexion - Sin Hoja
25-02-2016 , ID: 110000000003: Finalizo Impresion
25-02-2016 , FISCAL - ABORTO ProcesoOperacion() 
25-02-2016 , ID: 110000000003: Comenzando Impresion
25-02-2016 , ID: 110000000003: PROCESOOPERACION - Inicio
25-02-2016 , ID: 110000000003: PROCESOOPERACION - Comenzar
25-02-2016 , ID: 110000000003: PROCESARFACTURA - Error Comenzar - Conexion - Sin Hoja
25-02-2016 , ID: 110000000003: Finalizo Impresion
25-02-2016 , FISCAL - ABORTO ProcesoOperacion() 
25-02-2016 , ID: 110000000003: Comenzando Impresion
25-02-2016 , ID: 110000000003: PROCESOOPERACION - Inicio
25-02-2016 , ID: 110000000003: PROCESOOPERACION - Comenzar
25-02-2016 , ID: 110000000003: PROCESARFACTURA - Error Comenzar - Conexion - Sin Hoja
25-02-2016 , ID: 110000000003: Finalizo Impresion
25-02-2016 , FISCAL - ABORTO ProcesoOperacion() 
25-02-2016 , DETENER 
25-02-2016 , DETENER 
25-02-2016 , DETENER 
25-02-2016 , DETENER 
25-02-2016 , DETENER 
25-02-2016 , REPORTES
25-02-2016 , REPORTEZ - 00000070
25-02-2016 , ID: 110000000003: Comenzando Impresion
25-02-2016 , ID: 110000000003: PROCESOOPERACION - Inicio
25-02-2016 , ID: 110000000003: PROCESOOPERACION - Comenzar
25-02-2016 , ID: 110000000003: PROCESOOPERACION - LeerCaja
25-02-2016 , ID: 110000000003: PROCESOOPERACION - CAJA ACTIVA NO PERTENECE + DTOC(loCmd.fecha)
25-02-2016 , ID: 110000000003: Finalizo Impresion
25-02-2016 , FISCAL - ABORTO ProcesoOperacion() 
25-02-2016 , ID: 110000000003: Comenzando Impresion
25-02-2016 , ID: 110000000003: PROCESOOPERACION - Inicio
25-02-2016 , ID: 110000000003: PROCESOOPERACION - Comenzar
25-02-2016 , ID: 110000000003: PROCESOOPERACION - LeerCaja
25-02-2016 , ID: 110000000003: PROCESARFACTURA - Entro
25-02-2016 , ID: 110000000003: PROCESARFACTURA - DatosCliente
25-02-2016 , ID: 110000000003: PROCESARFACTURA - InformacionRemito
25-02-2016 , ID: 110000000003: PROCESARFACTURA - Encabezado
25-02-2016 , ID: 110000000003: PROCESARFACTURA - Abrir Comprobante
25-02-2016 , ID: 110000000003: PROCESARFACTURA - LeerActualNumero Primero
25-02-2016 , ID: 110000000003: LEERACTUALNUMERO - Entro Proceso
25-02-2016 , ID: 110000000003: LEERACTUALNUMERO - PrimeroNro A000700000014
25-02-2016 , ID: 110000000003: PROCESARFACTURA - Leer Productos
25-02-2016 , ID: 110000000003: LEERACTUALNUMERO - Entro Proceso
25-02-2016 , ID: 110000000003: LEERACTUALNUMERO - ProximoNro A000700000014
25-02-2016 , ID: 110000000003: PROCESARFACTURA - Leer Productos InsertarProducto 1       
25-02-2016 , ID: 110000000003: PROCESARFACTURA - Percepciones
25-02-2016 , ID: 110000000003: LEERACTUALNUMERO - Entro Proceso
25-02-2016 , ID: 110000000003: LEERACTUALNUMERO - ProximoNro A000700000014
25-02-2016 , ID: 110000000003: PROCESARFACTURA - Procesando Pagos
25-02-2016 , ID: 110000000003: PROCESARPAGO - LeerActualNumero
25-02-2016 , ID: 110000000003: LEERACTUALNUMERO - Entro Proceso
25-02-2016 , ID: 110000000003: LEERACTUALNUMERO - ProximoNro A000700000014
25-02-2016 , ID: 110000000003: PROCESARFACTURA - LeerFechaHoraFiscal
25-02-2016 , ID: 110000000003: PROCESARFACTURA - LeerActualNumero Fin proceso
25-02-2016 , ID: 110000000003: LEERACTUALNUMERO - Entro Proceso
25-02-2016 , ID: 110000000003: LEERACTUALNUMERO - ProximoNro A000700000014
25-02-2016 , ID: 110000000003: PROCESOOPERACION - Comprobante Cerrado
25-02-2016 , ID: 110000000003: LEERACTUALNUMERO - Entro Proceso
25-02-2016 , ID: 110000000003: LEERACTUALNUMERO - ProximoNro A000700000014
25-02-2016 , ID: 110000000003: Finalizo Impresion
25-02-2016 , Grabando Comprobante accion=A
25-02-2016 , ID: 110000000003: LEERESTADO - Inicio
25-02-2016 , ID: 110000000003: LEERESTADO - Fin
25-02-2016 , DETENER 
25-02-2016 , ID: 110000000003: LEERESTADO - Inicio
25-02-2016 , ID: 110000000003: LEERESTADO - Fin
25-02-2016 , ID: 110000000003: LEERESTADO - Inicio
25-02-2016 , ID: 110000000003: LEERESTADO - Fin
25-02-2016 , ID: 110000000002: Comenzando Impresion
25-02-2016 , ID: 110000000002: PROCESOOPERACION - Inicio
25-02-2016 , ID: 110000000002: PROCESOOPERACION - Comenzar
25-02-2016 , ID: 110000000002: PROCESOOPERACION - LeerCaja
25-02-2016 , ID: 110000000002: PROCESARFACTURA - Entro
25-02-2016 , ID: 110000000002: PROCESARFACTURA - DatosCliente
25-02-2016 , ID: 110000000002: PROCESARFACTURA - Encabezado
25-02-2016 , ID: 110000000002: PROCESARFACTURA - Abrir Comprobante
25-02-2016 , ID: 110000000002: PROCESARFACTURA - LeerActualNumero Primero
25-02-2016 , ID: 110000000002: LEERACTUALNUMERO - Entro Proceso
25-02-2016 , ID: 110000000002: LEERACTUALNUMERO - PrimeroNro A000700000068
25-02-2016 , ID: 110000000002: PROCESARFACTURA - Leer Productos
25-02-2016 , ID: 110000000002: LEERACTUALNUMERO - Entro Proceso
25-02-2016 , ID: 110000000002: LEERACTUALNUMERO - ProximoNro A000700000068
25-02-2016 , ID: 110000000002: PROCESARFACTURA - Leer Productos InsertarProducto 1       
25-02-2016 , ID: 110000000002: PROCESARFACTURA - Percepciones
25-02-2016 , ID: 110000000002: LEERACTUALNUMERO - Entro Proceso
25-02-2016 , ID: 110000000002: LEERACTUALNUMERO - ProximoNro A000700000068
25-02-2016 , ID: 110000000002: PROCESARFACTURA - Procesando Pagos
25-02-2016 , ID: 110000000002: PROCESARPAGO - LeerActualNumero
25-02-2016 , ID: 110000000002: LEERACTUALNUMERO - Entro Proceso
25-02-2016 , ID: 110000000002: LEERACTUALNUMERO - ProximoNro A000700000068
25-02-2016 , ID: 110000000002: PROCESARPAGO - SubTotal
25-02-2016 , ID: 110000000002: PROCESARPAGO - LeerActualNumero
25-02-2016 , ID: 110000000002: LEERACTUALNUMERO - Entro Proceso
25-02-2016 , ID: 110000000002: LEERACTUALNUMERO - ProximoNro A000700000068
25-02-2016 , ID: 110000000002: PROCESARPAGO - Formas de Pago
25-02-2016 , ID: 110000000002: PROCESARPAGO - ImprimirPago
25-02-2016 , ID: 110000000002: PROCESARFACTURA - LeerFechaHoraFiscal
25-02-2016 , ID: 110000000002: PROCESARFACTURA - LeerActualNumero Fin proceso
25-02-2016 , ID: 110000000002: LEERACTUALNUMERO - Entro Proceso
25-02-2016 , ID: 110000000002: LEERACTUALNUMERO - ProximoNro A000700000068
25-02-2016 , ID: 110000000002: PROCESOOPERACION - Comprobante Cerrado
25-02-2016 , ID: 110000000002: LEERACTUALNUMERO - Entro Proceso
25-02-2016 , ID: 110000000002: LEERACTUALNUMERO - ProximoNro A000700000068
25-02-2016 , ID: 110000000002: Finalizo Impresion
25-02-2016 , Grabando Comprobante accion=A
