01-08-2016 , LEERESTADO - Inicio
01-08-2016 , LEERESTADO - Fin
01-08-2016 , DETENER 
01-08-2016 , LEERESTADO - Inicio
01-08-2016 , LEERESTADO - Fin
01-08-2016 , DETENER 
01-08-2016 , LEERESTADO - Inicio
01-08-2016 , LEERESTADO - Fin
01-08-2016 , ID: 110000010113: Comenzando Impresion
01-08-2016 , ID: 110000010113: PROCESOOPERACION - Inicio
01-08-2016 , ID: 110000010113: PROCESOOPERACION - Comenzar
01-08-2016 , ID: 110000010113: PROCESOOPERACION - LeerCaja
01-08-2016 , ID: 110000010113: PROCESOOPERACION - CAJA ACTIVA NO PERTENECE + DTOC(loCmd.fecha)
01-08-2016 , ID: 110000010113: Finalizo Impresion
01-08-2016 , FISCAL - ABORTO ProcesoOperacion() 
01-08-2016 , DETENER 
01-08-2016 , LEERESTADO - Inicio
01-08-2016 , LEERESTADO - Fin
01-08-2016 , ID: 110000010113: Comenzando Impresion
01-08-2016 , ID: 110000010113: PROCESOOPERACION - Inicio
01-08-2016 , ID: 110000010113: PROCESOOPERACION - Comenzar
01-08-2016 , ID: 110000010113: PROCESOOPERACION - LeerCaja
01-08-2016 , ID: 110000010113: PROCESARFACTURA - Entro
01-08-2016 , ID: 110000010113: PROCESARFACTURA - DatosCliente
01-08-2016 , ID: 110000010113: PROCESARFACTURA - Encabezado
01-08-2016 , ID: 110000010113: PROCESARFACTURA - Abrir Comprobante
01-08-2016 , ID: 110000010113: PROCESARFACTURA - LeerActualNumero Primero
01-08-2016 , ID: 110000010113: LEERACTUALNUMERO - Entro Proceso
01-08-2016 , ID: 110000010113: LEERACTUALNUMERO - PrimeroNro B000700000537
01-08-2016 , ID: 110000010113: PROCESARFACTURA - Leer Productos
01-08-2016 , ID: 110000010113: LEERACTUALNUMERO - Entro Proceso
01-08-2016 , ID: 110000010113: LEERACTUALNUMERO - ProximoNro B000700000537
01-08-2016 , ID: 110000010113: PROCESARFACTURA - Leer Productos InsertarProducto 40      
01-08-2016 , ID: 110000010113: LEERACTUALNUMERO - Entro Proceso
01-08-2016 , ID: 110000010113: LEERACTUALNUMERO - ProximoNro B000700000537
01-08-2016 , ID: 110000010113: PROCESARFACTURA - Leer Productos InsertarProducto 8       
01-08-2016 , ID: 110000010113: PROCESARFACTURA - Percepciones
01-08-2016 , ID: 110000010113: LEERACTUALNUMERO - Entro Proceso
01-08-2016 , ID: 110000010113: LEERACTUALNUMERO - ProximoNro B000700000537
01-08-2016 , ID: 110000010113: PROCESARFACTURA - Procesando Pagos
01-08-2016 , ID: 110000010113: PROCESARPAGO - LeerActualNumero
01-08-2016 , ID: 110000010113: LEERACTUALNUMERO - Entro Proceso
01-08-2016 , ID: 110000010113: LEERACTUALNUMERO - ProximoNro B000700000537
01-08-2016 , ID: 110000010113: PROCESARPAGO - SubTotal
01-08-2016 , ID: 110000010113: PROCESARPAGO - LeerActualNumero
01-08-2016 , ID: 110000010113: LEERACTUALNUMERO - Entro Proceso
01-08-2016 , ID: 110000010113: LEERACTUALNUMERO - ProximoNro B000700000537
01-08-2016 , ID: 110000010113: PROCESARPAGO - Formas de Pago
01-08-2016 , ID: 110000010113: PROCESARPAGO - ImprimirPago
01-08-2016 , ID: 110000010113: PROCESARFACTURA - LeerFechaHoraFiscal
01-08-2016 , ID: 110000010113: PROCESARFACTURA - LeerActualNumero Fin proceso
01-08-2016 , ID: 110000010113: LEERACTUALNUMERO - Entro Proceso
01-08-2016 , ID: 110000010113: LEERACTUALNUMERO - ProximoNro B000700000537
01-08-2016 , ID: 110000010113: PROCESOOPERACION - Comprobante Cerrado
01-08-2016 , ID: 110000010113: LEERACTUALNUMERO - Entro Proceso
01-08-2016 , ID: 110000010113: LEERACTUALNUMERO - ProximoNro B000700000537
01-08-2016 , ID: 110000010113: Finalizo Impresion
01-08-2016 , Grabando Comprobante accion=A
01-08-2016 , DETENER 
01-08-2016 , LEERESTADO - Inicio
01-08-2016 , LEERESTADO - Fin
01-08-2016 , LEERESTADO - Inicio
01-08-2016 , LEERESTADO - Fin
01-08-2016 , ID: 110000010113: Comenzando Impresion
01-08-2016 , ID: 110000010113: PROCESOOPERACION - Inicio
01-08-2016 , ID: 110000010113: PROCESOOPERACION - Comenzar
01-08-2016 , ID: 110000010113: PROCESOOPERACION - LeerCaja
01-08-2016 , ID: 110000010113: PROCESARFACTURA - Entro
01-08-2016 , ID: 110000010113: PROCESARFACTURA - DatosCliente
01-08-2016 , ID: 110000010113: PROCESARFACTURA - Encabezado
01-08-2016 , ID: 110000010113: PROCESARFACTURA - Abrir Comprobante
01-08-2016 , ID: 110000010113: PROCESARFACTURA - LeerActualNumero Primero
01-08-2016 , ID: 110000010113: LEERACTUALNUMERO - Entro Proceso
01-08-2016 , ID: 110000010113: LEERACTUALNUMERO - PrimeroNro B000700000538
01-08-2016 , ID: 110000010113: PROCESARFACTURA - Leer Productos
01-08-2016 , ID: 110000010113: LEERACTUALNUMERO - Entro Proceso
01-08-2016 , ID: 110000010113: LEERACTUALNUMERO - ProximoNro B000700000538
01-08-2016 , ID: 110000010113: PROCESARFACTURA - Leer Productos InsertarProducto 40      
01-08-2016 , ID: 110000010113: LEERACTUALNUMERO - Entro Proceso
01-08-2016 , ID: 110000010113: LEERACTUALNUMERO - ProximoNro B000700000538
01-08-2016 , ID: 110000010113: PROCESARFACTURA - Leer Productos InsertarProducto 8       
01-08-2016 , ID: 110000010113: PROCESARFACTURA - Percepciones
01-08-2016 , ID: 110000010113: LEERACTUALNUMERO - Entro Proceso
01-08-2016 , ID: 110000010113: LEERACTUALNUMERO - ProximoNro B000700000538
01-08-2016 , ID: 110000010113: PROCESARFACTURA - Procesando Pagos
01-08-2016 , ID: 110000010113: PROCESARPAGO - LeerActualNumero
01-08-2016 , ID: 110000010113: LEERACTUALNUMERO - Entro Proceso
01-08-2016 , ID: 110000010113: LEERACTUALNUMERO - ProximoNro B000700000538
01-08-2016 , ID: 110000010113: PROCESARPAGO - SubTotal
01-08-2016 , ID: 110000010113: PROCESARPAGO - Error SubTotal
01-08-2016 , ID: 110000010113: PROCESARFACTURA - Error Procesar Pagos
01-08-2016 , ID: 110000010113: PROCESOOPERACION - FINALIZAR
01-08-2016 , ID: 110000010113: Finalizo Impresion
01-08-2016 , ID: 110000010113: No Comenzo la Impresion. Comprobante genera error previo. Grabacion Pendiente
01-08-2016 , ID: 0: Comenzando Impresion
01-08-2016 , ID: 0: PROCESOOPERACION - Inicio
01-08-2016 , DETENER 
01-08-2016 , LEERESTADO - Inicio
01-08-2016 , LEERESTADO - Fin
01-08-2016 , ID: 0: Comenzando Impresion
01-08-2016 , ID: 0: PROCESOOPERACION - Inicio
01-08-2016 , DETENER 
01-08-2016 , LEERESTADO - Inicio
01-08-2016 , LEERESTADO - Fin
01-08-2016 , ID: 0: Comenzando Impresion
01-08-2016 , ID: 0: PROCESOOPERACION - Inicio
01-08-2016 , DETENER 
01-08-2016 , LEERESTADO - Inicio
01-08-2016 , LEERESTADO - Fin
01-08-2016 , DETENER 
01-08-2016 , LEERESTADO - Inicio
01-08-2016 , LEERESTADO - Fin
01-08-2016 , DETENER 
01-08-2016 , LEERESTADO - Inicio
01-08-2016 , LEERESTADO - Fin
01-08-2016 , ID: 110000010113: Comenzando Impresion
01-08-2016 , ID: 110000010113: PROCESOOPERACION - Inicio
01-08-2016 , ID: 110000010113: PROCESOOPERACION - Comenzar
01-08-2016 , ID: 110000010113: PROCESOOPERACION - LeerCaja
01-08-2016 , ID: 110000010113: PROCESARFACTURA - Entro
01-08-2016 , ID: 110000010113: PROCESARFACTURA - DatosCliente
01-08-2016 , ID: 110000010113: PROCESARFACTURA - Encabezado
01-08-2016 , ID: 110000010113: PROCESARFACTURA - Abrir Comprobante
01-08-2016 , ID: 110000010113: PROCESARFACTURA - LeerActualNumero Primero
01-08-2016 , ID: 110000010113: LEERACTUALNUMERO - Entro Proceso
01-08-2016 , ID: 110000010113: LEERACTUALNUMERO - PrimeroNro B000700000539
01-08-2016 , ID: 110000010113: PROCESARFACTURA - Leer Productos
01-08-2016 , ID: 110000010113: LEERACTUALNUMERO - Entro Proceso
01-08-2016 , ID: 110000010113: LEERACTUALNUMERO - ProximoNro B000700000539
01-08-2016 , ID: 110000010113: PROCESARFACTURA - Leer Productos InsertarProducto 40      
01-08-2016 , ID: 110000010113: LEERACTUALNUMERO - Entro Proceso
01-08-2016 , ID: 110000010113: LEERACTUALNUMERO - ProximoNro B000700000539
01-08-2016 , ID: 110000010113: PROCESARFACTURA - Leer Productos InsertarProducto 8       
01-08-2016 , ID: 110000010113: PROCESARFACTURA - Percepciones
01-08-2016 , ID: 110000010113: LEERACTUALNUMERO - Entro Proceso
01-08-2016 , ID: 110000010113: LEERACTUALNUMERO - ProximoNro B000700000539
01-08-2016 , ID: 110000010113: PROCESARFACTURA - Procesando Pagos
01-08-2016 , ID: 110000010113: PROCESARPAGO - LeerActualNumero
01-08-2016 , ID: 110000010113: LEERACTUALNUMERO - Entro Proceso
01-08-2016 , ID: 110000010113: LEERACTUALNUMERO - ProximoNro B000700000539
01-08-2016 , ID: 110000010113: PROCESARPAGO - SubTotal
01-08-2016 , ID: 110000010113: PROCESARPAGO - LeerActualNumero
01-08-2016 , ID: 110000010113: LEERACTUALNUMERO - Entro Proceso
01-08-2016 , ID: 110000010113: LEERACTUALNUMERO - ProximoNro B000700000539
01-08-2016 , ID: 110000010113: PROCESARPAGO - Formas de Pago
01-08-2016 , ID: 110000010113: PROCESARPAGO - ImprimirPago
01-08-2016 , ID: 110000010113: PROCESARFACTURA - LeerFechaHoraFiscal
01-08-2016 , ID: 110000010113: PROCESARFACTURA - LeerActualNumero Fin proceso
01-08-2016 , ID: 110000010113: LEERACTUALNUMERO - Entro Proceso
01-08-2016 , ID: 110000010113: LEERACTUALNUMERO - ProximoNro B000700000539
01-08-2016 , ID: 110000010113: PROCESOOPERACION - Comprobante Cerrado
01-08-2016 , ID: 110000010113: LEERACTUALNUMERO - Entro Proceso
01-08-2016 , ID: 110000010113: LEERACTUALNUMERO - ProximoNro B000700000539
01-08-2016 , ID: 110000010113: Finalizo Impresion
01-08-2016 , Grabando Comprobante accion=A
01-08-2016 , DETENER 
01-08-2016 , LEERESTADO - Inicio
01-08-2016 , LEERESTADO - Fin
01-08-2016 , LEERESTADO - Inicio
01-08-2016 , LEERESTADO - Fin
01-08-2016 , LEERESTADO - Inicio
01-08-2016 , LEERESTADO - Fin
01-08-2016 , ID: 110000000048: Comenzando Impresion
01-08-2016 , ID: 110000000048: PROCESOOPERACION - Inicio
01-08-2016 , ID: 110000000048: PROCESOOPERACION - Comenzar
01-08-2016 , ID: 110000000048: PROCESOOPERACION - LeerCaja
01-08-2016 , ID: 110000000048: PROCESARFACTURA - Entro
01-08-2016 , ID: 110000000048: PROCESARFACTURA - DatosCliente
01-08-2016 , ID: 110000000048: PROCESARFACTURA - Encabezado
01-08-2016 , ID: 110000000048: PROCESARFACTURA - Abrir Comprobante
01-08-2016 , ID: 110000000048: PROCESARFACTURA - LeerActualNumero Primero
01-08-2016 , ID: 110000000048: LEERACTUALNUMERO - Entro Proceso
01-08-2016 , ID: 110000000048: LEERACTUALNUMERO - PrimeroNro B000700000540
01-08-2016 , ID: 110000000048: PROCESARFACTURA - Leer Productos
01-08-2016 , ID: 110000000048: LEERACTUALNUMERO - Entro Proceso
01-08-2016 , ID: 110000000048: LEERACTUALNUMERO - ProximoNro B000700000540
01-08-2016 , ID: 110000000048: PROCESARFACTURA - Leer Productos InsertarProducto 1       
01-08-2016 , ID: 110000000048: PROCESARFACTURA - Percepciones
01-08-2016 , ID: 110000000048: LEERACTUALNUMERO - Entro Proceso
01-08-2016 , ID: 110000000048: LEERACTUALNUMERO - ProximoNro B000700000540
01-08-2016 , ID: 110000000048: PROCESARFACTURA - Procesando Pagos
01-08-2016 , ID: 110000000048: PROCESARPAGO - LeerActualNumero
01-08-2016 , ID: 110000000048: LEERACTUALNUMERO - Entro Proceso
01-08-2016 , ID: 110000000048: LEERACTUALNUMERO - ProximoNro B000700000540
01-08-2016 , ID: 110000000048: PROCESARPAGO - SubTotal
01-08-2016 , ID: 110000000048: PROCESARPAGO - LeerActualNumero
01-08-2016 , ID: 110000000048: LEERACTUALNUMERO - Entro Proceso
01-08-2016 , ID: 110000000048: LEERACTUALNUMERO - ProximoNro B000700000540
01-08-2016 , ID: 110000000048: PROCESARPAGO - Formas de Pago
01-08-2016 , ID: 110000000048: PROCESARPAGO - ImprimirPago
01-08-2016 , ID: 110000000048: PROCESARFACTURA - LeerFechaHoraFiscal
01-08-2016 , ID: 110000000048: PROCESARFACTURA - LeerActualNumero Fin proceso
01-08-2016 , ID: 110000000048: LEERACTUALNUMERO - Entro Proceso
01-08-2016 , ID: 110000000048: LEERACTUALNUMERO - ProximoNro B000700000540
01-08-2016 , ID: 110000000048: PROCESOOPERACION - Comprobante Cerrado
01-08-2016 , ID: 110000000048: LEERACTUALNUMERO - Entro Proceso
01-08-2016 , ID: 110000000048: LEERACTUALNUMERO - ProximoNro B000700000540
01-08-2016 , ID: 110000000048: Finalizo Impresion
01-08-2016 , Grabando Comprobante accion=A
01-08-2016 , ID: 110000000049: Comenzando Impresion
01-08-2016 , ID: 110000000049: PROCESOOPERACION - Inicio
01-08-2016 , ID: 110000000049: PROCESOOPERACION - Comenzar
01-08-2016 , ID: 110000000049: PROCESOOPERACION - LeerCaja
01-08-2016 , ID: 110000000049: PROCESARFACTURA - Entro
01-08-2016 , ID: 110000000049: PROCESARFACTURA - DatosCliente
01-08-2016 , ID: 110000000049: PROCESARFACTURA - Encabezado
01-08-2016 , ID: 110000000049: PROCESARFACTURA - Abrir Comprobante
01-08-2016 , ID: 110000000049: PROCESARFACTURA - LeerActualNumero Primero
01-08-2016 , ID: 110000000049: LEERACTUALNUMERO - Entro Proceso
01-08-2016 , ID: 110000000049: LEERACTUALNUMERO - PrimeroNro B000700000541
01-08-2016 , ID: 110000000049: PROCESARFACTURA - Leer Productos
01-08-2016 , ID: 110000000049: LEERACTUALNUMERO - Entro Proceso
01-08-2016 , ID: 110000000049: LEERACTUALNUMERO - ProximoNro B000700000541
01-08-2016 , ID: 110000000049: PROCESARFACTURA - Leer Productos InsertarProducto 1       
01-08-2016 , ID: 110000000049: PROCESARFACTURA - Percepciones
01-08-2016 , ID: 110000000049: LEERACTUALNUMERO - Entro Proceso
01-08-2016 , ID: 110000000049: LEERACTUALNUMERO - ProximoNro B000700000541
01-08-2016 , ID: 110000000049: PROCESARFACTURA - Procesando Pagos
01-08-2016 , ID: 110000000049: PROCESARPAGO - LeerActualNumero
01-08-2016 , ID: 110000000049: LEERACTUALNUMERO - Entro Proceso
01-08-2016 , ID: 110000000049: LEERACTUALNUMERO - ProximoNro B000700000541
01-08-2016 , ID: 110000000049: PROCESARPAGO - SubTotal
01-08-2016 , ID: 110000000049: PROCESARPAGO - Error SubTotal
01-08-2016 , ID: 110000000049: PROCESARFACTURA - Error Procesar Pagos
01-08-2016 , ID: 110000000049: PROCESOOPERACION - FINALIZAR
01-08-2016 , ID: 110000000049: Finalizo Impresion
01-08-2016 , ID: 110000000049: No Comenzo la Impresion. Comprobante genera error previo. Grabacion Pendiente
01-08-2016 , DETENER 
01-08-2016 , LEERESTADO - Inicio
01-08-2016 , LEERESTADO - Inicio
01-08-2016 , LEERESTADO - Fin
01-08-2016 , ID: 110000000049: Comenzando Impresion
01-08-2016 , ID: 110000000049: PROCESOOPERACION - Inicio
01-08-2016 , ID: 110000000049: PROCESOOPERACION - Comenzar
01-08-2016 , ID: 110000000049: PROCESOOPERACION - LeerCaja
01-08-2016 , ID: 110000000049: PROCESARFACTURA - Entro
01-08-2016 , ID: 110000000049: PROCESARFACTURA - DatosCliente
01-08-2016 , ID: 110000000049: PROCESARFACTURA - Encabezado
01-08-2016 , ID: 110000000049: PROCESARFACTURA - Abrir Comprobante
01-08-2016 , ID: 110000000049: PROCESARFACTURA - LeerActualNumero Primero
01-08-2016 , ID: 110000000049: LEERACTUALNUMERO - Entro Proceso
01-08-2016 , ID: 110000000049: LEERACTUALNUMERO - PrimeroNro B000700000543
01-08-2016 , ID: 110000000049: PROCESARFACTURA - Leer Productos
01-08-2016 , ID: 110000000049: LEERACTUALNUMERO - Entro Proceso
01-08-2016 , ID: 110000000049: LEERACTUALNUMERO - ProximoNro B000700000543
01-08-2016 , ID: 110000000049: PROCESARFACTURA - Leer Productos InsertarProducto 1       
01-08-2016 , ID: 110000000049: PROCESARFACTURA - Percepciones
01-08-2016 , ID: 110000000049: LEERACTUALNUMERO - Entro Proceso
01-08-2016 , ID: 110000000049: LEERACTUALNUMERO - ProximoNro B000700000543
01-08-2016 , ID: 110000000049: PROCESARFACTURA - Procesando Pagos
01-08-2016 , ID: 110000000049: PROCESARPAGO - LeerActualNumero
01-08-2016 , ID: 110000000049: LEERACTUALNUMERO - Entro Proceso
01-08-2016 , ID: 110000000049: LEERACTUALNUMERO - ProximoNro B000700000543
01-08-2016 , ID: 110000000049: PROCESARPAGO - SubTotal
01-08-2016 , ID: 110000000049: PROCESARPAGO - LeerActualNumero
01-08-2016 , ID: 110000000049: LEERACTUALNUMERO - Entro Proceso
01-08-2016 , ID: 110000000049: LEERACTUALNUMERO - ProximoNro B000700000543
01-08-2016 , ID: 110000000049: PROCESARPAGO - Formas de Pago
01-08-2016 , ID: 110000000049: PROCESARPAGO - ImprimirPago
01-08-2016 , ID: 110000000049: PROCESARFACTURA - LeerFechaHoraFiscal
01-08-2016 , ID: 110000000049: PROCESARFACTURA - LeerActualNumero Fin proceso
01-08-2016 , ID: 110000000049: LEERACTUALNUMERO - Entro Proceso
01-08-2016 , ID: 110000000049: LEERACTUALNUMERO - ProximoNro B000700000543
01-08-2016 , ID: 110000000049: PROCESOOPERACION - Comprobante Cerrado
01-08-2016 , ID: 110000000049: LEERACTUALNUMERO - Entro Proceso
01-08-2016 , ID: 110000000049: LEERACTUALNUMERO - ProximoNro B000700000543
01-08-2016 , ID: 110000000049: Finalizo Impresion
01-08-2016 , Grabando Comprobante accion=A
01-08-2016 , DETENER 
01-08-2016 , LEERESTADO - Inicio
01-08-2016 , LEERESTADO - Fin
01-08-2016 , LEERESTADO - Inicio
01-08-2016 , LEERESTADO - Fin
01-08-2016 , LEERESTADO - Inicio
01-08-2016 , LEERESTADO - Fin
01-08-2016 , ID: 110000000049: Comenzando Impresion
01-08-2016 , ID: 110000000049: PROCESOOPERACION - Inicio
01-08-2016 , ID: 110000000049: PROCESOOPERACION - Comenzar
01-08-2016 , ID: 110000000049: PROCESOOPERACION - LeerCaja
01-08-2016 , ID: 110000000049: PROCESARFACTURA - Entro
01-08-2016 , ID: 110000000049: PROCESARFACTURA - DatosCliente
01-08-2016 , ID: 110000000049: PROCESARFACTURA - Encabezado
01-08-2016 , ID: 110000000049: PROCESARFACTURA - Abrir Comprobante
01-08-2016 , ID: 110000000049: PROCESARFACTURA - LeerActualNumero Primero
01-08-2016 , ID: 110000000049: LEERACTUALNUMERO - Entro Proceso
01-08-2016 , ID: 110000000049: LEERACTUALNUMERO - PrimeroNro B000700000544
01-08-2016 , ID: 110000000049: PROCESARFACTURA - Leer Productos
01-08-2016 , ID: 110000000049: LEERACTUALNUMERO - Entro Proceso
01-08-2016 , ID: 110000000049: LEERACTUALNUMERO - ProximoNro B000700000544
01-08-2016 , ID: 110000000049: PROCESARFACTURA - Leer Productos InsertarProducto 1       
01-08-2016 , LEERESTADO - Inicio
01-08-2016 , LEERESTADO - Fin
01-08-2016 , DETENER 
01-08-2016 , LEERESTADO - Inicio
01-08-2016 , LEERESTADO - Fin
01-08-2016 , ID: 110000000049: Comenzando Impresion
01-08-2016 , ID: 110000000049: PROCESOOPERACION - Inicio
01-08-2016 , ID: 110000000049: PROCESOOPERACION - Comenzar
01-08-2016 , ID: 110000000049: PROCESOOPERACION - LeerCaja
01-08-2016 , ID: 110000000049: PROCESARFACTURA - Entro
01-08-2016 , ID: 110000000049: PROCESARFACTURA - DatosCliente
01-08-2016 , ID: 110000000049: PROCESARFACTURA - Encabezado
01-08-2016 , ID: 110000000049: PROCESARFACTURA - Abrir Comprobante
01-08-2016 , ID: 110000000049: PROCESARFACTURA - LeerActualNumero Primero
01-08-2016 , ID: 110000000049: LEERACTUALNUMERO - Entro Proceso
01-08-2016 , ID: 110000000049: LEERACTUALNUMERO - PrimeroNro B000700000546
01-08-2016 , ID: 110000000049: PROCESARFACTURA - Leer Productos
01-08-2016 , ID: 110000000049: LEERACTUALNUMERO - Entro Proceso
01-08-2016 , ID: 110000000049: LEERACTUALNUMERO - ProximoNro B000700000546
01-08-2016 , ID: 110000000049: PROCESARFACTURA - Leer Productos InsertarProducto 1       
01-08-2016 , ID: 110000000049: PROCESARFACTURA - Error Leer Productos InsertarProducto 1       
01-08-2016 , ID: 110000000049: PROCESOOPERACION - FINALIZAR
01-08-2016 , ID: 110000000049: Finalizo Impresion
01-08-2016 , ID: 110000000049: No Comenzo la Impresion. Comprobante genera error previo. Grabacion Pendiente
01-08-2016 , LEERESTADO - Inicio
01-08-2016 , LEERESTADO - Fin
01-08-2016 , DETENER 
01-08-2016 , LEERESTADO - Inicio
01-08-2016 , LEERESTADO - Fin
01-08-2016 , ID: 110000000049: Comenzando Impresion
01-08-2016 , ID: 110000000049: PROCESOOPERACION - Inicio
01-08-2016 , ID: 110000000049: PROCESOOPERACION - Comenzar
01-08-2016 , ID: 110000000049: PROCESOOPERACION - LeerCaja
01-08-2016 , ID: 110000000049: PROCESARFACTURA - Entro
01-08-2016 , ID: 110000000049: PROCESARFACTURA - DatosCliente
01-08-2016 , ID: 110000000049: PROCESARFACTURA - Encabezado
01-08-2016 , ID: 110000000049: PROCESARFACTURA - Abrir Comprobante
01-08-2016 , ID: 110000000049: PROCESARFACTURA - LeerActualNumero Primero
01-08-2016 , ID: 110000000049: LEERACTUALNUMERO - Entro Proceso
01-08-2016 , ID: 110000000049: LEERACTUALNUMERO - PrimeroNro B000700000547
01-08-2016 , ID: 110000000049: PROCESARFACTURA - Leer Productos
01-08-2016 , ID: 110000000049: LEERACTUALNUMERO - Entro Proceso
01-08-2016 , ID: 110000000049: LEERACTUALNUMERO - ProximoNro B000700000547
01-08-2016 , ID: 110000000049: PROCESARFACTURA - Leer Productos InsertarProducto 1       
01-08-2016 , ID: 110000000049: PROCESARFACTURA - Percepciones
01-08-2016 , ID: 110000000049: LEERACTUALNUMERO - Entro Proceso
01-08-2016 , ID: 110000000049: LEERACTUALNUMERO - ProximoNro B000700000547
01-08-2016 , ID: 110000000049: PROCESARFACTURA - Procesando Pagos
01-08-2016 , ID: 110000000049: PROCESARPAGO - LeerActualNumero
01-08-2016 , ID: 110000000049: LEERACTUALNUMERO - Entro Proceso
01-08-2016 , ID: 110000000049: LEERACTUALNUMERO - ProximoNro B000700000547
01-08-2016 , ID: 110000000049: PROCESARPAGO - SubTotal
01-08-2016 , ID: 110000000049: PROCESARPAGO - LeerActualNumero
01-08-2016 , ID: 110000000049: LEERACTUALNUMERO - Entro Proceso
01-08-2016 , ID: 110000000049: LEERACTUALNUMERO - ProximoNro B000700000547
01-08-2016 , ID: 110000000049: PROCESARPAGO - Formas de Pago
01-08-2016 , ID: 110000000049: PROCESARPAGO - ImprimirPago
01-08-2016 , ID: 110000000049: PROCESARFACTURA - LeerFechaHoraFiscal
01-08-2016 , ID: 110000000049: PROCESARFACTURA - LeerActualNumero Fin proceso
01-08-2016 , ID: 110000000049: LEERACTUALNUMERO - Entro Proceso
01-08-2016 , ID: 110000000049: LEERACTUALNUMERO - ProximoNro B000700000547
01-08-2016 , ID: 110000000049: PROCESOOPERACION - Comprobante Cerrado
01-08-2016 , ID: 110000000049: LEERACTUALNUMERO - Entro Proceso
01-08-2016 , ID: 110000000049: LEERACTUALNUMERO - ProximoNro B000700000547
01-08-2016 , ID: 110000000049: Finalizo Impresion
01-08-2016 , Grabando Comprobante accion=A
01-08-2016 , LEERESTADO - Inicio
01-08-2016 , LEERESTADO - Fin
01-08-2016 , DETENER 
01-08-2016 , LEERESTADO - Inicio
01-08-2016 , LEERESTADO - Fin
01-08-2016 , ID: 110000000049: Comenzando Impresion
01-08-2016 , ID: 110000000049: PROCESOOPERACION - Inicio
01-08-2016 , ID: 110000000049: PROCESOOPERACION - Comenzar
01-08-2016 , ID: 110000000049: PROCESOOPERACION - LeerCaja
01-08-2016 , ID: 110000000049: PROCESARFACTURA - Entro
01-08-2016 , ID: 110000000049: PROCESARFACTURA - DatosCliente
01-08-2016 , ID: 110000000049: PROCESARFACTURA - Encabezado
01-08-2016 , ID: 110000000049: PROCESARFACTURA - Abrir Comprobante
01-08-2016 , ID: 110000000049: PROCESARFACTURA - LeerActualNumero Primero
01-08-2016 , ID: 110000000049: LEERACTUALNUMERO - Entro Proceso
01-08-2016 , ID: 110000000049: LEERACTUALNUMERO - PrimeroNro B000700000548
01-08-2016 , ID: 110000000049: PROCESARFACTURA - Leer Productos
01-08-2016 , ID: 110000000049: LEERACTUALNUMERO - Entro Proceso
01-08-2016 , ID: 110000000049: LEERACTUALNUMERO - ProximoNro B000700000548
01-08-2016 , ID: 110000000049: PROCESARFACTURA - Leer Productos InsertarProducto 1       
01-08-2016 , ID: 110000000049: PROCESARFACTURA - Percepciones
01-08-2016 , ID: 110000000049: LEERACTUALNUMERO - Entro Proceso
01-08-2016 , ID: 110000000049: LEERACTUALNUMERO - ProximoNro B000700000548
01-08-2016 , ID: 110000000049: PROCESARFACTURA - Procesando Pagos
01-08-2016 , ID: 110000000049: PROCESARPAGO - LeerActualNumero
01-08-2016 , ID: 110000000049: LEERACTUALNUMERO - Entro Proceso
01-08-2016 , ID: 110000000049: LEERACTUALNUMERO - ProximoNro B000700000548
01-08-2016 , ID: 110000000049: PROCESARPAGO - SubTotal
01-08-2016 , ID: 110000000049: PROCESARPAGO - Error SubTotal
01-08-2016 , ID: 110000000049: PROCESARFACTURA - Error Procesar Pagos
01-08-2016 , ID: 110000000049: PROCESOOPERACION - FINALIZAR
01-08-2016 , ID: 110000000049: Finalizo Impresion
01-08-2016 , Grabando Comprobante accion=A
01-08-2016 , DETENER 
01-08-2016 , LEERESTADO - Inicio
01-08-2016 , LEERESTADO - Fin
01-08-2016 , ID: 110000000049: Comenzando Impresion
01-08-2016 , ID: 110000000049: PROCESOOPERACION - Inicio
01-08-2016 , ID: 110000000049: PROCESOOPERACION - Comenzar
01-08-2016 , ID: 110000000049: PROCESOOPERACION - LeerCaja
01-08-2016 , ID: 110000000049: PROCESARFACTURA - Entro
01-08-2016 , ID: 110000000049: PROCESARFACTURA - DatosCliente
01-08-2016 , ID: 110000000049: PROCESARFACTURA - Encabezado
01-08-2016 , ID: 110000000049: PROCESARFACTURA - Abrir Comprobante
01-08-2016 , ID: 110000000049: PROCESARFACTURA - LeerActualNumero Primero
01-08-2016 , ID: 110000000049: LEERACTUALNUMERO - Entro Proceso
01-08-2016 , ID: 110000000049: LEERACTUALNUMERO - PrimeroNro B000700000549
01-08-2016 , ID: 110000000049: PROCESARFACTURA - Leer Productos
01-08-2016 , ID: 110000000049: LEERACTUALNUMERO - Entro Proceso
01-08-2016 , ID: 110000000049: LEERACTUALNUMERO - ProximoNro B000700000549
01-08-2016 , ID: 110000000049: PROCESARFACTURA - Leer Productos InsertarProducto 1       
01-08-2016 , ID: 110000000049: PROCESARFACTURA - Percepciones
01-08-2016 , ID: 110000000049: LEERACTUALNUMERO - Entro Proceso
01-08-2016 , ID: 110000000049: LEERACTUALNUMERO - ProximoNro B000700000549
01-08-2016 , ID: 110000000049: PROCESARFACTURA - Procesando Pagos
01-08-2016 , ID: 110000000049: PROCESARPAGO - LeerActualNumero
01-08-2016 , ID: 110000000049: LEERACTUALNUMERO - Entro Proceso
01-08-2016 , ID: 110000000049: LEERACTUALNUMERO - ProximoNro B000700000549
01-08-2016 , ID: 110000000049: PROCESARPAGO - SubTotal
01-08-2016 , ID: 110000000049: PROCESARPAGO - LeerActualNumero
01-08-2016 , ID: 110000000049: LEERACTUALNUMERO - Entro Proceso
01-08-2016 , ID: 110000000049: LEERACTUALNUMERO - ProximoNro B000700000549
01-08-2016 , ID: 110000000049: PROCESARPAGO - Formas de Pago
01-08-2016 , ID: 110000000049: PROCESARPAGO - ImprimirPago
01-08-2016 , ID: 110000000049: PROCESARFACTURA - LeerFechaHoraFiscal
01-08-2016 , ID: 110000000049: PROCESARFACTURA - LeerActualNumero Fin proceso
01-08-2016 , ID: 110000000049: LEERACTUALNUMERO - Entro Proceso
01-08-2016 , ID: 110000000049: LEERACTUALNUMERO - ProximoNro B000700000549
01-08-2016 , ID: 110000000049: PROCESOOPERACION - Comprobante Cerrado
01-08-2016 , ID: 110000000049: PROCESOOPERACION - Comprobante Cancelado
01-08-2016 , ID: 110000000049: Finalizo Impresion
01-08-2016 , No Finalizo Impresion. Comprobante Cancelado. Grabando Estado Anula
01-08-2016 , No Finalizo Impresion. Comprobante Cancelado. Grabando Anulacion
01-08-2016 , Grabando Comprobante accion=B
01-08-2016 , DETENER 
