04-08-2016 , LEERESTADO - Inicio
04-08-2016 , LEERESTADO - Fin
04-08-2016 , DETENER 
04-08-2016 , LEERESTADO - Inicio
04-08-2016 , LEERESTADO - Fin
04-08-2016 , ID: 110000000050: Comenzando Impresion
04-08-2016 , ID: 110000000050: PROCESOOPERACION - Inicio
04-08-2016 , ID: 110000000050: PROCESOOPERACION - Comenzar
04-08-2016 , ID: 110000000050: PROCESOOPERACION - LeerCaja
04-08-2016 , ID: 110000000050: PROCESARFACTURA - Entro
04-08-2016 , ID: 110000000050: PROCESARFACTURA - DatosCliente
04-08-2016 , ID: 110000000050: PROCESARFACTURA - Encabezado
04-08-2016 , ID: 110000000050: PROCESARFACTURA - Abrir Comprobante
04-08-2016 , ID: 110000000050: PROCESARFACTURA - LeerActualNumero Primero
04-08-2016 , ID: 110000000050: LEERACTUALNUMERO - Entro Proceso
04-08-2016 , ID: 110000000050: LEERACTUALNUMERO - PrimeroNro B000700000559
04-08-2016 , ID: 110000000050: PROCESARFACTURA - Leer Productos
04-08-2016 , ID: 110000000050: LEERACTUALNUMERO - Entro Proceso
04-08-2016 , ID: 110000000050: LEERACTUALNUMERO - ProximoNro B000700000559
04-08-2016 , ID: 110000000050: PROCESARFACTURA - Leer Productos InsertarProducto 1       
04-08-2016 , ID: 110000000050: LEERACTUALNUMERO - Entro Proceso
04-08-2016 , ID: 110000000050: LEERACTUALNUMERO - ProximoNro B000700000559
04-08-2016 , ID: 110000000050: PROCESARFACTURA - Procesando Pagos
04-08-2016 , ID: 110000000050: PROCESARPAGO - LeerActualNumero
04-08-2016 , ID: 110000000050: LEERACTUALNUMERO - Entro Proceso
04-08-2016 , ID: 110000000050: LEERACTUALNUMERO - ProximoNro B000700000559
04-08-2016 , ID: 110000000050: PROCESARPAGO - SubTotal
04-08-2016 , ID: 110000000050: PROCESARPAGO - LeerActualNumero
04-08-2016 , ID: 110000000050: LEERACTUALNUMERO - Entro Proceso
04-08-2016 , ID: 110000000050: LEERACTUALNUMERO - ProximoNro B000700000559
04-08-2016 , ID: 110000000050: PROCESARPAGO - Formas de Pago
04-08-2016 , ID: 110000000050: PROCESARPAGO - ImprimirPago
04-08-2016 , ID: 110000000050: PROCESARFACTURA - LeerFechaHoraFiscal
04-08-2016 , ID: 110000000050: PROCESARFACTURA - LeerActualNumero Fin proceso
04-08-2016 , ID: 110000000050: LEERACTUALNUMERO - Entro Proceso
04-08-2016 , ID: 110000000050: LEERACTUALNUMERO - ProximoNro B000700000559
04-08-2016 , ID: 110000000050: PROCESOOPERACION - Comprobante Cerrado
04-08-2016 , ID: 110000000050: LEERACTUALNUMERO - Entro Proceso
04-08-2016 , ID: 110000000050: LEERACTUALNUMERO - ProximoNro B000700000559
04-08-2016 , ID: 110000000050: Finalizo Impresion
04-08-2016 , Grabando Comprobante accion=A
04-08-2016 , DETENER 
04-08-2016 , LEERESTADO - Inicio
04-08-2016 , LEERESTADO - Fin
04-08-2016 , ID: 110000000050: Comenzando Impresion
04-08-2016 , ID: 110000000050: PROCESOOPERACION - Inicio
04-08-2016 , ID: 110000000050: PROCESOOPERACION - Comenzar
04-08-2016 , ID: 110000000050: PROCESOOPERACION - LeerCaja
04-08-2016 , ID: 110000000050: PROCESARFACTURA - Entro
04-08-2016 , ID: 110000000050: PROCESARFACTURA - DatosCliente
04-08-2016 , ID: 110000000050: PROCESARFACTURA - Encabezado
04-08-2016 , ID: 110000000050: PROCESARFACTURA - Abrir Comprobante
04-08-2016 , ID: 110000000050: PROCESARFACTURA - LeerActualNumero Primero
04-08-2016 , ID: 110000000050: LEERACTUALNUMERO - Entro Proceso
04-08-2016 , ID: 110000000050: LEERACTUALNUMERO - PrimeroNro B000700000560
04-08-2016 , ID: 110000000050: PROCESARFACTURA - Leer Productos
04-08-2016 , ID: 110000000050: LEERACTUALNUMERO - Entro Proceso
04-08-2016 , ID: 110000000050: LEERACTUALNUMERO - ProximoNro B000700000560
04-08-2016 , ID: 110000000050: PROCESARFACTURA - Leer Productos InsertarProducto 1       
04-08-2016 , ID: 110000000050: LEERACTUALNUMERO - Entro Proceso
04-08-2016 , ID: 110000000050: LEERACTUALNUMERO - ProximoNro B000700000560
04-08-2016 , ID: 110000000050: PROCESARFACTURA - Procesando Pagos
04-08-2016 , ID: 110000000050: PROCESARPAGO - LeerActualNumero
04-08-2016 , ID: 110000000050: LEERACTUALNUMERO - Entro Proceso
04-08-2016 , ID: 110000000050: LEERACTUALNUMERO - ProximoNro B000700000560
04-08-2016 , ID: 110000000050: PROCESARPAGO - SubTotal
04-08-2016 , ID: 110000000050: PROCESARPAGO - LeerActualNumero
04-08-2016 , ID: 110000000050: LEERACTUALNUMERO - Entro Proceso
04-08-2016 , ID: 110000000050: LEERACTUALNUMERO - ProximoNro B000700000560
04-08-2016 , ID: 110000000050: PROCESARPAGO - Formas de Pago
04-08-2016 , ID: 110000000050: PROCESARPAGO - ImprimirPago
04-08-2016 , ID: 110000000050: PROCESARFACTURA - LeerFechaHoraFiscal
04-08-2016 , ID: 110000000050: PROCESARFACTURA - LeerActualNumero Fin proceso
04-08-2016 , ID: 110000000050: LEERACTUALNUMERO - Entro Proceso
04-08-2016 , ID: 110000000050: LEERACTUALNUMERO - ProximoNro B000700000560
04-08-2016 , ID: 110000000050: PROCESOOPERACION - Comprobante Cerrado
04-08-2016 , ID: 110000000050: LEERACTUALNUMERO - Entro Proceso
04-08-2016 , ID: 110000000050: LEERACTUALNUMERO - ProximoNro B000700000560
04-08-2016 , ID: 110000000050: Finalizo Impresion
04-08-2016 , Grabando Comprobante accion=A
04-08-2016 , DETENER 
04-08-2016 , LEERESTADO - Inicio
04-08-2016 , LEERESTADO - Fin
04-08-2016 , ID: 110000000050: Comenzando Impresion
04-08-2016 , ID: 110000000050: PROCESOOPERACION - Inicio
04-08-2016 , ID: 110000000050: PROCESOOPERACION - Comenzar
04-08-2016 , ID: 110000000050: PROCESOOPERACION - LeerCaja
04-08-2016 , ID: 110000000050: PROCESARFACTURA - Entro
04-08-2016 , ID: 110000000050: PROCESARFACTURA - DatosCliente
04-08-2016 , ID: 110000000050: PROCESARFACTURA - Abrir Comprobante
04-08-2016 , ID: 110000000050: PROCESARFACTURA - LeerActualNumero Primero
04-08-2016 , ID: 110000000050: LEERACTUALNUMERO - Entro Proceso
04-08-2016 , ID: 110000000050: LEERACTUALNUMERO - PrimeroNro B000700000561
04-08-2016 , ID: 110000000050: PROCESARFACTURA - Leer Productos
04-08-2016 , ID: 110000000050: LEERACTUALNUMERO - Entro Proceso
04-08-2016 , ID: 110000000050: LEERACTUALNUMERO - ProximoNro B000700000561
04-08-2016 , ID: 110000000050: PROCESARFACTURA - Leer Productos InsertarProducto 1       
04-08-2016 , ID: 110000000050: LEERACTUALNUMERO - Entro Proceso
04-08-2016 , ID: 110000000050: LEERACTUALNUMERO - ProximoNro B000700000561
04-08-2016 , ID: 110000000050: PROCESARFACTURA - Procesando Pagos
04-08-2016 , ID: 110000000050: PROCESARPAGO - LeerActualNumero
04-08-2016 , ID: 110000000050: LEERACTUALNUMERO - Entro Proceso
04-08-2016 , ID: 110000000050: LEERACTUALNUMERO - ProximoNro B000700000561
04-08-2016 , ID: 110000000050: PROCESARPAGO - SubTotal
04-08-2016 , ID: 110000000050: PROCESARPAGO - LeerActualNumero
04-08-2016 , ID: 110000000050: LEERACTUALNUMERO - Entro Proceso
04-08-2016 , ID: 110000000050: LEERACTUALNUMERO - ProximoNro B000700000561
04-08-2016 , ID: 110000000050: PROCESARPAGO - Formas de Pago
04-08-2016 , ID: 110000000050: PROCESARPAGO - ImprimirPago
04-08-2016 , ID: 110000000050: PROCESARFACTURA - LeerFechaHoraFiscal
04-08-2016 , ID: 110000000050: PROCESARFACTURA - LeerActualNumero Fin proceso
04-08-2016 , ID: 110000000050: LEERACTUALNUMERO - Entro Proceso
04-08-2016 , ID: 110000000050: LEERACTUALNUMERO - ProximoNro B000700000561
04-08-2016 , ID: 110000000050: PROCESOOPERACION - Comprobante Cerrado
04-08-2016 , ID: 110000000050: LEERACTUALNUMERO - Entro Proceso
04-08-2016 , ID: 110000000050: LEERACTUALNUMERO - ProximoNro B000700000561
04-08-2016 , ID: 110000000050: Finalizo Impresion
04-08-2016 , Grabando Comprobante accion=A
04-08-2016 , DETENER 
04-08-2016 , LEERESTADO - Inicio
04-08-2016 , LEERESTADO - Fin
04-08-2016 , ID: 110000000051: Comenzando Impresion
04-08-2016 , ID: 110000000051: PROCESOOPERACION - Inicio
04-08-2016 , ID: 110000000051: PROCESOOPERACION - Comenzar
04-08-2016 , ID: 110000000051: PROCESOOPERACION - LeerCaja
04-08-2016 , ID: 110000000051: PROCESARFACTURA - Entro
04-08-2016 , ID: 110000000051: PROCESARFACTURA - DatosCliente
04-08-2016 , ID: 110000000051: PROCESARFACTURA - Abrir Comprobante
04-08-2016 , ID: 110000000051: PROCESARFACTURA - LeerActualNumero Primero
04-08-2016 , ID: 110000000051: LEERACTUALNUMERO - Entro Proceso
04-08-2016 , ID: 110000000051: LEERACTUALNUMERO - PrimeroNro B000700000562
04-08-2016 , ID: 110000000051: PROCESARFACTURA - Leer Productos
04-08-2016 , ID: 110000000051: LEERACTUALNUMERO - Entro Proceso
04-08-2016 , ID: 110000000051: LEERACTUALNUMERO - ProximoNro B000700000562
04-08-2016 , ID: 110000000051: PROCESARFACTURA - Leer Productos InsertarProducto 1       
04-08-2016 , ID: 110000000051: LEERACTUALNUMERO - Entro Proceso
04-08-2016 , ID: 110000000051: LEERACTUALNUMERO - ProximoNro B000700000562
04-08-2016 , ID: 110000000051: PROCESARFACTURA - Procesando Pagos
04-08-2016 , ID: 110000000051: PROCESARPAGO - LeerActualNumero
04-08-2016 , ID: 110000000051: LEERACTUALNUMERO - Entro Proceso
04-08-2016 , ID: 110000000051: LEERACTUALNUMERO - ProximoNro B000700000562
04-08-2016 , ID: 110000000051: PROCESARPAGO - SubTotal
04-08-2016 , ID: 110000000051: PROCESARPAGO - LeerActualNumero
04-08-2016 , ID: 110000000051: LEERACTUALNUMERO - Entro Proceso
04-08-2016 , ID: 110000000051: LEERACTUALNUMERO - ProximoNro B000700000562
04-08-2016 , ID: 110000000051: PROCESARPAGO - Formas de Pago
04-08-2016 , ID: 110000000051: PROCESARPAGO - ImprimirPago
04-08-2016 , ID: 110000000051: PROCESARFACTURA - LeerFechaHoraFiscal
04-08-2016 , ID: 110000000051: PROCESARFACTURA - LeerActualNumero Fin proceso
04-08-2016 , ID: 110000000051: LEERACTUALNUMERO - Entro Proceso
04-08-2016 , ID: 110000000051: LEERACTUALNUMERO - ProximoNro B000700000562
04-08-2016 , ID: 110000000051: PROCESOOPERACION - Comprobante Cerrado
04-08-2016 , ID: 110000000051: LEERACTUALNUMERO - Entro Proceso
04-08-2016 , ID: 110000000051: LEERACTUALNUMERO - ProximoNro B000700000562
04-08-2016 , ID: 110000000051: Finalizo Impresion
04-08-2016 , Grabando Comprobante accion=A
04-08-2016 , DETENER 
