14-07-2016 , LEERESTADO - Inicio
14-07-2016 , LEERESTADO - Fin
14-07-2016 , DETENER 
14-07-2016 , LEERESTADO - Inicio
14-07-2016 , LEERESTADO - Fin
14-07-2016 , ID: 110000000004: Comenzando Impresion
14-07-2016 , ID: 110000000004: PROCESOOPERACION - Inicio
14-07-2016 , ID: 110000000004: PROCESOOPERACION - Comenzar
14-07-2016 , ID: 110000000004: PROCESOOPERACION - LeerCaja
14-07-2016 , ID: 110000000004: PROCESOOPERACION - CAJA ACTIVA NO PERTENECE + DTOC(loCmd.fecha)
14-07-2016 , ID: 110000000004: Finalizo Impresion
14-07-2016 , FISCAL - ABORTO ProcesoOperacion() 
14-07-2016 , LEERESTADO - Inicio
14-07-2016 , LEERESTADO - Fin
14-07-2016 , LEERESTADO - Inicio
14-07-2016 , LEERESTADO - Fin
14-07-2016 , ID: 110000000019: Comenzando Impresion
14-07-2016 , ID: 110000000019: PROCESOOPERACION - Inicio
14-07-2016 , ID: 110000000019: PROCESOOPERACION - Comenzar
14-07-2016 , ID: 110000000019: PROCESOOPERACION - LeerCaja
14-07-2016 , ID: 110000000019: PROCESARFACTURA - Entro
14-07-2016 , ID: 110000000019: PROCESARFACTURA - DatosCliente
14-07-2016 , ID: 110000000019: PROCESARFACTURA - Encabezado
14-07-2016 , ID: 110000000019: PROCESARFACTURA - Abrir Comprobante
14-07-2016 , ID: 110000000019: PROCESARFACTURA - LeerActualNumero Primero
14-07-2016 , ID: 110000000019: LEERACTUALNUMERO - Entro Proceso
14-07-2016 , ID: 110000000019: LEERACTUALNUMERO - PrimeroNro B000700000508
14-07-2016 , ID: 110000000019: PROCESARFACTURA - Leer Productos
14-07-2016 , ID: 110000000019: LEERACTUALNUMERO - Entro Proceso
14-07-2016 , ID: 110000000019: LEERACTUALNUMERO - ProximoNro B000700000508
14-07-2016 , ID: 110000000019: PROCESARFACTURA - Leer Productos InsertarProducto 1       
14-07-2016 , ID: 110000000019: PROCESARFACTURA - Percepciones
14-07-2016 , ID: 110000000019: LEERACTUALNUMERO - Entro Proceso
14-07-2016 , ID: 110000000019: LEERACTUALNUMERO - ProximoNro B000700000508
14-07-2016 , ID: 110000000019: PROCESARFACTURA - Procesando Pagos
14-07-2016 , ID: 110000000019: PROCESARPAGO - LeerActualNumero
14-07-2016 , ID: 110000000019: LEERACTUALNUMERO - Entro Proceso
14-07-2016 , ID: 110000000019: LEERACTUALNUMERO - ProximoNro B000700000508
14-07-2016 , ID: 110000000019: PROCESARPAGO - SubTotal
14-07-2016 , ID: 110000000019: PROCESARPAGO - LeerActualNumero
14-07-2016 , ID: 110000000019: LEERACTUALNUMERO - Entro Proceso
14-07-2016 , ID: 110000000019: LEERACTUALNUMERO - ProximoNro B000700000508
14-07-2016 , ID: 110000000019: PROCESARPAGO - Formas de Pago
14-07-2016 , ID: 110000000019: PROCESARPAGO - ImprimirPago
14-07-2016 , ID: 110000000019: PROCESARFACTURA - LeerFechaHoraFiscal
14-07-2016 , ID: 110000000019: PROCESARFACTURA - LeerActualNumero Fin proceso
14-07-2016 , ID: 110000000019: LEERACTUALNUMERO - Entro Proceso
14-07-2016 , ID: 110000000019: LEERACTUALNUMERO - ProximoNro B000700000508
14-07-2016 , ID: 110000000019: PROCESOOPERACION - Comprobante Cerrado
14-07-2016 , ID: 110000000019: LEERACTUALNUMERO - Entro Proceso
14-07-2016 , ID: 110000000019: LEERACTUALNUMERO - ProximoNro B000700000508
14-07-2016 , ID: 110000000019: Finalizo Impresion
14-07-2016 , Grabando Comprobante accion=A
14-07-2016 , DETENER 
14-07-2016 , LEERESTADO - Inicio
14-07-2016 , LEERESTADO - Fin
14-07-2016 , ID: 110000000020: Comenzando Impresion
14-07-2016 , ID: 110000000020: PROCESOOPERACION - Inicio
14-07-2016 , ID: 110000000020: PROCESOOPERACION - Comenzar
14-07-2016 , ID: 110000000020: PROCESOOPERACION - LeerCaja
14-07-2016 , ID: 110000000020: PROCESARFACTURA - Entro
14-07-2016 , ID: 110000000020: PROCESARFACTURA - DatosCliente
14-07-2016 , ID: 110000000020: PROCESARFACTURA - Encabezado
14-07-2016 , ID: 110000000020: PROCESARFACTURA - Abrir Comprobante
14-07-2016 , ID: 110000000020: PROCESARFACTURA - LeerActualNumero Primero
14-07-2016 , ID: 110000000020: LEERACTUALNUMERO - Entro Proceso
14-07-2016 , ID: 110000000020: LEERACTUALNUMERO - PrimeroNro B000700000509
14-07-2016 , ID: 110000000020: PROCESARFACTURA - Leer Productos
14-07-2016 , ID: 110000000020: LEERACTUALNUMERO - Entro Proceso
14-07-2016 , ID: 110000000020: LEERACTUALNUMERO - ProximoNro B000700000509
14-07-2016 , ID: 110000000020: PROCESARFACTURA - Leer Productos InsertarProducto 1       
14-07-2016 , ID: 110000000020: PROCESARFACTURA - Percepciones
14-07-2016 , ID: 110000000020: LEERACTUALNUMERO - Entro Proceso
14-07-2016 , ID: 110000000020: LEERACTUALNUMERO - ProximoNro B000700000509
14-07-2016 , ID: 110000000020: PROCESARFACTURA - Procesando Pagos
14-07-2016 , ID: 110000000020: PROCESARPAGO - LeerActualNumero
14-07-2016 , ID: 110000000020: LEERACTUALNUMERO - Entro Proceso
14-07-2016 , ID: 110000000020: LEERACTUALNUMERO - ProximoNro B000700000509
14-07-2016 , ID: 110000000020: PROCESARPAGO - SubTotal
14-07-2016 , ID: 110000000020: PROCESARPAGO - LeerActualNumero
14-07-2016 , ID: 110000000020: LEERACTUALNUMERO - Entro Proceso
14-07-2016 , ID: 110000000020: LEERACTUALNUMERO - ProximoNro B000700000509
14-07-2016 , ID: 110000000020: PROCESARPAGO - Formas de Pago
14-07-2016 , ID: 110000000020: PROCESARPAGO - ImprimirPago
14-07-2016 , ID: 110000000020: PROCESARFACTURA - LeerFechaHoraFiscal
14-07-2016 , ID: 110000000020: PROCESARFACTURA - LeerActualNumero Fin proceso
14-07-2016 , ID: 110000000020: LEERACTUALNUMERO - Entro Proceso
14-07-2016 , ID: 110000000020: LEERACTUALNUMERO - ProximoNro B000700000509
14-07-2016 , ID: 110000000020: PROCESOOPERACION - Comprobante Cerrado
14-07-2016 , ID: 110000000020: LEERACTUALNUMERO - Entro Proceso
14-07-2016 , ID: 110000000020: LEERACTUALNUMERO - ProximoNro B000700000509
14-07-2016 , ID: 110000000020: Finalizo Impresion
14-07-2016 , Grabando Comprobante accion=A
14-07-2016 , ID: 110000000021: Comenzando Impresion
14-07-2016 , ID: 110000000021: PROCESOOPERACION - Inicio
14-07-2016 , ID: 110000000021: PROCESOOPERACION - Comenzar
14-07-2016 , ID: 110000000021: PROCESOOPERACION - LeerCaja
14-07-2016 , ID: 110000000021: PROCESARFACTURA - Entro
14-07-2016 , ID: 110000000021: PROCESARFACTURA - DatosCliente
14-07-2016 , ID: 110000000021: PROCESARFACTURA - Encabezado
14-07-2016 , ID: 110000000021: PROCESARFACTURA - Abrir Comprobante
14-07-2016 , ID: 110000000021: PROCESARFACTURA - LeerActualNumero Primero
14-07-2016 , ID: 110000000021: LEERACTUALNUMERO - Entro Proceso
14-07-2016 , ID: 110000000021: LEERACTUALNUMERO - PrimeroNro B000700000510
14-07-2016 , ID: 110000000021: PROCESARFACTURA - Leer Productos
14-07-2016 , ID: 110000000021: LEERACTUALNUMERO - Entro Proceso
14-07-2016 , ID: 110000000021: LEERACTUALNUMERO - ProximoNro B000700000510
14-07-2016 , ID: 110000000021: PROCESARFACTURA - Leer Productos InsertarProducto 1       
14-07-2016 , ID: 110000000021: PROCESARFACTURA - Percepciones
14-07-2016 , ID: 110000000021: LEERACTUALNUMERO - Entro Proceso
14-07-2016 , ID: 110000000021: LEERACTUALNUMERO - ProximoNro B000700000510
14-07-2016 , ID: 110000000021: PROCESARFACTURA - Procesando Pagos
14-07-2016 , ID: 110000000021: PROCESARPAGO - LeerActualNumero
14-07-2016 , ID: 110000000021: LEERACTUALNUMERO - Entro Proceso
14-07-2016 , ID: 110000000021: LEERACTUALNUMERO - ProximoNro B000700000510
14-07-2016 , ID: 110000000021: PROCESARPAGO - SubTotal
14-07-2016 , ID: 110000000021: PROCESARPAGO - LeerActualNumero
14-07-2016 , ID: 110000000021: LEERACTUALNUMERO - Entro Proceso
14-07-2016 , ID: 110000000021: LEERACTUALNUMERO - ProximoNro B000700000510
14-07-2016 , ID: 110000000021: PROCESARPAGO - Formas de Pago
14-07-2016 , ID: 110000000021: PROCESARPAGO - ImprimirPago
14-07-2016 , ID: 110000000021: PROCESARFACTURA - LeerFechaHoraFiscal
14-07-2016 , ID: 110000000021: PROCESARFACTURA - LeerActualNumero Fin proceso
14-07-2016 , ID: 110000000021: LEERACTUALNUMERO - Entro Proceso
14-07-2016 , ID: 110000000021: LEERACTUALNUMERO - ProximoNro B000700000510
14-07-2016 , ID: 110000000021: PROCESOOPERACION - Comprobante Cerrado
14-07-2016 , ID: 110000000021: LEERACTUALNUMERO - Entro Proceso
14-07-2016 , ID: 110000000021: LEERACTUALNUMERO - ProximoNro B000700000510
14-07-2016 , ID: 110000000021: Finalizo Impresion
14-07-2016 , Grabando Comprobante accion=A
14-07-2016 , DETENER 
14-07-2016 , LEERESTADO - Inicio
14-07-2016 , LEERESTADO - Fin
14-07-2016 , DETENER 
14-07-2016 , LEERESTADO - Inicio
14-07-2016 , LEERESTADO - Fin
14-07-2016 , DETENER 
14-07-2016 , LEERESTADO - Inicio
14-07-2016 , LEERESTADO - Fin
14-07-2016 , ID: 110000000027: Comenzando Impresion
14-07-2016 , ID: 110000000027: PROCESOOPERACION - Inicio
14-07-2016 , ID: 110000000027: PROCESOOPERACION - Comenzar
14-07-2016 , ID: 110000000027: PROCESOOPERACION - LeerCaja
14-07-2016 , ID: 110000000027: PROCESARFACTURA - Entro
14-07-2016 , ID: 110000000027: PROCESARFACTURA - DatosCliente
14-07-2016 , ID: 110000000027: PROCESARFACTURA - Encabezado
14-07-2016 , ID: 110000000027: PROCESARFACTURA - Abrir Comprobante
14-07-2016 , ID: 110000000027: PROCESARFACTURA - LeerActualNumero Primero
14-07-2016 , ID: 110000000027: LEERACTUALNUMERO - Entro Proceso
14-07-2016 , ID: 110000000027: LEERACTUALNUMERO - PrimeroNro B000700000514
14-07-2016 , ID: 110000000027: PROCESARFACTURA - Leer Productos
14-07-2016 , ID: 110000000027: LEERACTUALNUMERO - Entro Proceso
14-07-2016 , ID: 110000000027: LEERACTUALNUMERO - ProximoNro B000700000514
14-07-2016 , ID: 110000000027: PROCESARFACTURA - Leer Productos InsertarProducto 1       
14-07-2016 , ID: 110000000027: PROCESARFACTURA - Percepciones
14-07-2016 , ID: 110000000027: LEERACTUALNUMERO - Entro Proceso
14-07-2016 , ID: 110000000027: LEERACTUALNUMERO - ProximoNro B000700000514
14-07-2016 , ID: 110000000027: PROCESARFACTURA - Procesando Pagos
14-07-2016 , ID: 110000000027: PROCESARPAGO - LeerActualNumero
14-07-2016 , ID: 110000000027: LEERACTUALNUMERO - Entro Proceso
14-07-2016 , ID: 110000000027: LEERACTUALNUMERO - ProximoNro B000700000514
14-07-2016 , ID: 110000000027: PROCESARPAGO - SubTotal
14-07-2016 , ID: 110000000027: PROCESARPAGO - LeerActualNumero
14-07-2016 , ID: 110000000027: LEERACTUALNUMERO - Entro Proceso
14-07-2016 , ID: 110000000027: LEERACTUALNUMERO - ProximoNro B000700000514
14-07-2016 , ID: 110000000027: PROCESARPAGO - Formas de Pago
14-07-2016 , ID: 110000000027: PROCESARPAGO - ImprimirPago
14-07-2016 , ID: 110000000027: PROCESARFACTURA - LeerFechaHoraFiscal
14-07-2016 , ID: 110000000027: PROCESARFACTURA - LeerActualNumero Fin proceso
14-07-2016 , ID: 110000000027: LEERACTUALNUMERO - Entro Proceso
14-07-2016 , ID: 110000000027: LEERACTUALNUMERO - ProximoNro B000700000514
14-07-2016 , ID: 110000000027: PROCESOOPERACION - Comprobante Cerrado
14-07-2016 , ID: 110000000027: LEERACTUALNUMERO - Entro Proceso
14-07-2016 , ID: 110000000027: LEERACTUALNUMERO - ProximoNro B000700000514
14-07-2016 , ID: 110000000027: Finalizo Impresion
14-07-2016 , Grabando Comprobante accion=A
14-07-2016 , ID: 110000000026: Comenzando Impresion
14-07-2016 , ID: 110000000026: PROCESOOPERACION - Inicio
14-07-2016 , ID: 110000000026: PROCESOOPERACION - Comenzar
14-07-2016 , ID: 110000000026: PROCESOOPERACION - LeerCaja
14-07-2016 , ID: 110000000026: PROCESARFACTURA - Entro
14-07-2016 , ID: 110000000026: PROCESARFACTURA - DatosCliente
14-07-2016 , ID: 110000000026: PROCESARFACTURA - Encabezado
14-07-2016 , ID: 110000000026: PROCESARFACTURA - Abrir Comprobante
14-07-2016 , ID: 110000000026: PROCESARFACTURA - LeerActualNumero Primero
14-07-2016 , ID: 110000000026: LEERACTUALNUMERO - Entro Proceso
14-07-2016 , ID: 110000000026: LEERACTUALNUMERO - PrimeroNro B000700000515
14-07-2016 , ID: 110000000026: PROCESARFACTURA - Leer Productos
14-07-2016 , ID: 110000000026: LEERACTUALNUMERO - Entro Proceso
14-07-2016 , ID: 110000000026: LEERACTUALNUMERO - ProximoNro B000700000515
14-07-2016 , ID: 110000000026: PROCESARFACTURA - Leer Productos InsertarProducto 1       
14-07-2016 , ID: 110000000026: PROCESARFACTURA - Percepciones
14-07-2016 , ID: 110000000026: LEERACTUALNUMERO - Entro Proceso
14-07-2016 , ID: 110000000026: LEERACTUALNUMERO - ProximoNro B000700000515
14-07-2016 , ID: 110000000026: PROCESARFACTURA - Procesando Pagos
14-07-2016 , ID: 110000000026: PROCESARPAGO - LeerActualNumero
14-07-2016 , ID: 110000000026: LEERACTUALNUMERO - Entro Proceso
14-07-2016 , ID: 110000000026: LEERACTUALNUMERO - ProximoNro B000700000515
14-07-2016 , ID: 110000000026: PROCESARPAGO - SubTotal
14-07-2016 , ID: 110000000026: PROCESARPAGO - LeerActualNumero
14-07-2016 , ID: 110000000026: LEERACTUALNUMERO - Entro Proceso
14-07-2016 , ID: 110000000026: LEERACTUALNUMERO - ProximoNro B000700000515
14-07-2016 , ID: 110000000026: PROCESARPAGO - Formas de Pago
14-07-2016 , ID: 110000000026: PROCESARPAGO - ImprimirPago
14-07-2016 , ID: 110000000026: PROCESARFACTURA - LeerFechaHoraFiscal
14-07-2016 , ID: 110000000026: PROCESARFACTURA - LeerActualNumero Fin proceso
14-07-2016 , ID: 110000000026: LEERACTUALNUMERO - Entro Proceso
14-07-2016 , ID: 110000000026: LEERACTUALNUMERO - ProximoNro B000700000515
14-07-2016 , ID: 110000000026: PROCESOOPERACION - Comprobante Cerrado
14-07-2016 , ID: 110000000026: LEERACTUALNUMERO - Entro Proceso
14-07-2016 , ID: 110000000026: LEERACTUALNUMERO - ProximoNro B000700000515
14-07-2016 , ID: 110000000026: Finalizo Impresion
14-07-2016 , Grabando Comprobante accion=A
14-07-2016 , ID: 110000000025: Comenzando Impresion
14-07-2016 , ID: 110000000025: PROCESOOPERACION - Inicio
14-07-2016 , ID: 110000000025: PROCESOOPERACION - Comenzar
14-07-2016 , ID: 110000000025: PROCESOOPERACION - LeerCaja
14-07-2016 , ID: 110000000025: PROCESARFACTURA - Entro
14-07-2016 , ID: 110000000025: PROCESARFACTURA - DatosCliente
14-07-2016 , ID: 110000000025: PROCESARFACTURA - Encabezado
14-07-2016 , ID: 110000000025: PROCESARFACTURA - Abrir Comprobante
14-07-2016 , ID: 110000000025: PROCESARFACTURA - LeerActualNumero Primero
14-07-2016 , ID: 110000000025: LEERACTUALNUMERO - Entro Proceso
14-07-2016 , ID: 110000000025: LEERACTUALNUMERO - PrimeroNro B000700000516
14-07-2016 , ID: 110000000025: PROCESARFACTURA - Leer Productos
14-07-2016 , ID: 110000000025: LEERACTUALNUMERO - Entro Proceso
14-07-2016 , ID: 110000000025: LEERACTUALNUMERO - ProximoNro B000700000516
14-07-2016 , ID: 110000000025: PROCESARFACTURA - Leer Productos InsertarProducto 1       
14-07-2016 , ID: 110000000025: PROCESARFACTURA - Percepciones
14-07-2016 , ID: 110000000025: LEERACTUALNUMERO - Entro Proceso
14-07-2016 , ID: 110000000025: LEERACTUALNUMERO - ProximoNro B000700000516
14-07-2016 , ID: 110000000025: PROCESARFACTURA - Procesando Pagos
14-07-2016 , ID: 110000000025: PROCESARPAGO - LeerActualNumero
14-07-2016 , ID: 110000000025: LEERACTUALNUMERO - Entro Proceso
14-07-2016 , ID: 110000000025: LEERACTUALNUMERO - ProximoNro B000700000516
14-07-2016 , ID: 110000000025: PROCESARPAGO - SubTotal
14-07-2016 , ID: 110000000025: PROCESARPAGO - LeerActualNumero
14-07-2016 , ID: 110000000025: LEERACTUALNUMERO - Entro Proceso
14-07-2016 , ID: 110000000025: LEERACTUALNUMERO - ProximoNro B000700000516
14-07-2016 , ID: 110000000025: PROCESARPAGO - Formas de Pago
14-07-2016 , ID: 110000000025: PROCESARPAGO - ImprimirPago
14-07-2016 , ID: 110000000025: PROCESARFACTURA - LeerFechaHoraFiscal
14-07-2016 , ID: 110000000025: PROCESARFACTURA - LeerActualNumero Fin proceso
14-07-2016 , ID: 110000000025: LEERACTUALNUMERO - Entro Proceso
14-07-2016 , ID: 110000000025: LEERACTUALNUMERO - ProximoNro B000700000516
14-07-2016 , ID: 110000000025: PROCESOOPERACION - Comprobante Cerrado
14-07-2016 , ID: 110000000025: LEERACTUALNUMERO - Entro Proceso
14-07-2016 , ID: 110000000025: LEERACTUALNUMERO - ProximoNro B000700000516
14-07-2016 , ID: 110000000025: Finalizo Impresion
14-07-2016 , Grabando Comprobante accion=A
14-07-2016 , DETENER 
14-07-2016 , LEERESTADO - Inicio
14-07-2016 , LEERESTADO - Fin
14-07-2016 , ID: 110000000030: Comenzando Impresion
14-07-2016 , ID: 110000000030: PROCESOOPERACION - Inicio
14-07-2016 , LEERESTADO - Inicio
14-07-2016 , LEERESTADO - Fin
14-07-2016 , ID: 110000000030: Comenzando Impresion
14-07-2016 , ID: 110000000030: PROCESOOPERACION - Inicio
14-07-2016 , LEERESTADO - Inicio
14-07-2016 , LEERESTADO - Fin
14-07-2016 , ID: 110000000030: Comenzando Impresion
14-07-2016 , ID: 110000000030: PROCESOOPERACION - Inicio
14-07-2016 , LEERESTADO - Inicio
14-07-2016 , LEERESTADO - Fin
14-07-2016 , LEERESTADO - Inicio
14-07-2016 , LEERESTADO - Fin
14-07-2016 , LEERESTADO - Inicio
14-07-2016 , LEERESTADO - Fin
14-07-2016 , LEERESTADO - Inicio
14-07-2016 , LEERESTADO - Fin
14-07-2016 , DETENER 
14-07-2016 , LEERESTADO - Inicio
14-07-2016 , LEERESTADO - Fin
14-07-2016 , DETENER 
14-07-2016 , LEERESTADO - Inicio
14-07-2016 , LEERESTADO - Fin
14-07-2016 , ID: 110000000028: Comenzando Impresion
14-07-2016 , ID: 110000000028: PROCESOOPERACION - Inicio
14-07-2016 , ID: 110000000028: PROCESOOPERACION - Comenzar
14-07-2016 , ID: 110000000028: PROCESOOPERACION - LeerCaja
14-07-2016 , ID: 110000000028: PROCESARFACTURA - Entro
14-07-2016 , ID: 110000000028: PROCESARFACTURA - DatosCliente
14-07-2016 , ID: 110000000028: PROCESARFACTURA - Encabezado
14-07-2016 , ID: 110000000028: PROCESARFACTURA - Abrir Comprobante
14-07-2016 , ID: 110000000028: PROCESARFACTURA - LeerActualNumero Primero
14-07-2016 , ID: 110000000028: LEERACTUALNUMERO - Entro Proceso
14-07-2016 , ID: 110000000028: LEERACTUALNUMERO - PrimeroNro B000700000517
14-07-2016 , ID: 110000000028: PROCESARFACTURA - Leer Productos
14-07-2016 , ID: 110000000028: LEERACTUALNUMERO - Entro Proceso
14-07-2016 , ID: 110000000028: LEERACTUALNUMERO - ProximoNro B000700000517
14-07-2016 , ID: 110000000028: PROCESARFACTURA - Leer Productos InsertarProducto 1       
14-07-2016 , ID: 110000000028: PROCESARFACTURA - Percepciones
14-07-2016 , ID: 110000000028: LEERACTUALNUMERO - Entro Proceso
14-07-2016 , ID: 110000000028: LEERACTUALNUMERO - ProximoNro B000700000517
14-07-2016 , ID: 110000000028: PROCESARFACTURA - Procesando Pagos
14-07-2016 , ID: 110000000028: PROCESARPAGO - LeerActualNumero
14-07-2016 , ID: 110000000028: LEERACTUALNUMERO - Entro Proceso
14-07-2016 , ID: 110000000028: LEERACTUALNUMERO - ProximoNro B000700000517
14-07-2016 , ID: 110000000028: PROCESARPAGO - SubTotal
14-07-2016 , ID: 110000000028: PROCESARPAGO - LeerActualNumero
14-07-2016 , ID: 110000000028: LEERACTUALNUMERO - Entro Proceso
14-07-2016 , ID: 110000000028: LEERACTUALNUMERO - ProximoNro B000700000517
14-07-2016 , ID: 110000000028: PROCESARPAGO - Formas de Pago
14-07-2016 , ID: 110000000028: PROCESARPAGO - ImprimirPago
14-07-2016 , ID: 110000000028: PROCESARFACTURA - LeerFechaHoraFiscal
14-07-2016 , ID: 110000000028: PROCESARFACTURA - LeerActualNumero Fin proceso
14-07-2016 , ID: 110000000028: LEERACTUALNUMERO - Entro Proceso
14-07-2016 , ID: 110000000028: LEERACTUALNUMERO - ProximoNro B000700000517
14-07-2016 , ID: 110000000028: PROCESOOPERACION - Comprobante Cerrado
14-07-2016 , ID: 110000000028: LEERACTUALNUMERO - Entro Proceso
14-07-2016 , ID: 110000000028: LEERACTUALNUMERO - ProximoNro B000700000517
14-07-2016 , ID: 110000000028: Finalizo Impresion
14-07-2016 , Grabando Comprobante accion=A
14-07-2016 , DETENER 
14-07-2016 , LEERESTADO - Inicio
14-07-2016 , LEERESTADO - Fin
14-07-2016 , ID: 110000000030: Comenzando Impresion
14-07-2016 , ID: 110000000030: PROCESOOPERACION - Inicio
14-07-2016 , LEERESTADO - Inicio
14-07-2016 , LEERESTADO - Fin
14-07-2016 , ID: 110000000030: Comenzando Impresion
14-07-2016 , ID: 110000000030: PROCESOOPERACION - Inicio
14-07-2016 , LEERESTADO - Inicio
14-07-2016 , LEERESTADO - Fin
14-07-2016 , ID: 110000000030: Comenzando Impresion
14-07-2016 , ID: 110000000030: PROCESOOPERACION - Inicio
14-07-2016 , LEERESTADO - Inicio
14-07-2016 , LEERESTADO - Fin
14-07-2016 , ID: 110000000029: Comenzando Impresion
14-07-2016 , ID: 110000000029: PROCESOOPERACION - Inicio
14-07-2016 , ID: 110000000029: PROCESOOPERACION - Comenzar
14-07-2016 , ID: 110000000029: PROCESOOPERACION - LeerCaja
14-07-2016 , ID: 110000000029: PROCESARFACTURA - Entro
14-07-2016 , ID: 110000000029: PROCESARFACTURA - DatosCliente
14-07-2016 , ID: 110000000029: PROCESARFACTURA - Encabezado
14-07-2016 , ID: 110000000029: PROCESARFACTURA - Abrir Comprobante
14-07-2016 , ID: 110000000029: PROCESARFACTURA - LeerActualNumero Primero
14-07-2016 , ID: 110000000029: LEERACTUALNUMERO - Entro Proceso
14-07-2016 , ID: 110000000029: LEERACTUALNUMERO - PrimeroNro B000700000518
14-07-2016 , ID: 110000000029: PROCESARFACTURA - Leer Productos
14-07-2016 , ID: 110000000029: LEERACTUALNUMERO - Entro Proceso
14-07-2016 , ID: 110000000029: LEERACTUALNUMERO - ProximoNro B000700000518
14-07-2016 , ID: 110000000029: PROCESARFACTURA - Leer Productos InsertarProducto 1       
14-07-2016 , ID: 110000000029: PROCESARFACTURA - Percepciones
14-07-2016 , ID: 110000000029: LEERACTUALNUMERO - Entro Proceso
14-07-2016 , ID: 110000000029: LEERACTUALNUMERO - ProximoNro B000700000518
14-07-2016 , ID: 110000000029: PROCESARFACTURA - Procesando Pagos
14-07-2016 , ID: 110000000029: PROCESARPAGO - LeerActualNumero
14-07-2016 , ID: 110000000029: LEERACTUALNUMERO - Entro Proceso
14-07-2016 , ID: 110000000029: LEERACTUALNUMERO - ProximoNro B000700000518
14-07-2016 , ID: 110000000029: PROCESARPAGO - SubTotal
14-07-2016 , ID: 110000000029: PROCESARPAGO - LeerActualNumero
14-07-2016 , ID: 110000000029: LEERACTUALNUMERO - Entro Proceso
14-07-2016 , ID: 110000000029: LEERACTUALNUMERO - ProximoNro B000700000518
14-07-2016 , ID: 110000000029: PROCESARPAGO - Formas de Pago
14-07-2016 , ID: 110000000029: PROCESARPAGO - ImprimirPago
14-07-2016 , ID: 110000000029: PROCESARFACTURA - LeerFechaHoraFiscal
14-07-2016 , ID: 110000000029: PROCESARFACTURA - LeerActualNumero Fin proceso
14-07-2016 , ID: 110000000029: LEERACTUALNUMERO - Entro Proceso
14-07-2016 , ID: 110000000029: LEERACTUALNUMERO - ProximoNro B000700000518
14-07-2016 , ID: 110000000029: PROCESOOPERACION - Comprobante Cerrado
14-07-2016 , ID: 110000000029: LEERACTUALNUMERO - Entro Proceso
14-07-2016 , ID: 110000000029: LEERACTUALNUMERO - ProximoNro B000700000518
14-07-2016 , ID: 110000000029: Finalizo Impresion
14-07-2016 , Grabando Comprobante accion=A
14-07-2016 , LEERESTADO - Inicio
14-07-2016 , LEERESTADO - Fin
14-07-2016 , ID: 110000000030: Comenzando Impresion
14-07-2016 , ID: 110000000030: PROCESOOPERACION - Inicio
14-07-2016 , LEERESTADO - Inicio
14-07-2016 , LEERESTADO - Fin
14-07-2016 , LEERESTADO - Inicio
14-07-2016 , LEERESTADO - Fin
14-07-2016 , LEERESTADO - Inicio
14-07-2016 , LEERESTADO - Fin
14-07-2016 , LEERESTADO - Inicio
14-07-2016 , LEERESTADO - Fin
14-07-2016 , LEERESTADO - Inicio
14-07-2016 , LEERESTADO - Fin
14-07-2016 , DETENER 
14-07-2016 , LEERESTADO - Inicio
14-07-2016 , LEERESTADO - Fin
14-07-2016 , DETENER 
14-07-2016 , LEERESTADO - Inicio
14-07-2016 , LEERESTADO - Fin
14-07-2016 , DETENER 
14-07-2016 , LEERESTADO - Inicio
14-07-2016 , LEERESTADO - Fin
14-07-2016 , DETENER 
14-07-2016 , LEERESTADO - Inicio
14-07-2016 , LEERESTADO - Fin
14-07-2016 , DETENER 
14-07-2016 , LEERESTADO - Inicio
14-07-2016 , LEERESTADO - Fin
14-07-2016 , DETENER 
14-07-2016 , LEERESTADO - Inicio
14-07-2016 , LEERESTADO - Fin
14-07-2016 , DETENER 
14-07-2016 , LEERESTADO - Inicio
14-07-2016 , LEERESTADO - Fin
14-07-2016 , DETENER 
14-07-2016 , LEERESTADO - Inicio
14-07-2016 , LEERESTADO - Fin
14-07-2016 , DETENER 
14-07-2016 , LEERESTADO - Inicio
14-07-2016 , LEERESTADO - Fin
14-07-2016 , DETENER 
14-07-2016 , LEERESTADO - Inicio
14-07-2016 , LEERESTADO - Fin
14-07-2016 , DETENER 
14-07-2016 , LEERESTADO - Inicio
14-07-2016 , LEERESTADO - Fin
14-07-2016 , DETENER 
14-07-2016 , LEERESTADO - Inicio
14-07-2016 , LEERESTADO - Fin
14-07-2016 , DETENER 
14-07-2016 , LEERESTADO - Inicio
14-07-2016 , LEERESTADO - Fin
14-07-2016 , DETENER 
14-07-2016 , LEERESTADO - Inicio
14-07-2016 , LEERESTADO - Fin
14-07-2016 , DETENER 
14-07-2016 , LEERESTADO - Inicio
14-07-2016 , LEERESTADO - Fin
14-07-2016 , DETENER 
14-07-2016 , LEERESTADO - Inicio
14-07-2016 , LEERESTADO - Fin
14-07-2016 , DETENER 
14-07-2016 , LEERESTADO - Inicio
14-07-2016 , LEERESTADO - Fin
14-07-2016 , DETENER 
14-07-2016 , LEERESTADO - Inicio
14-07-2016 , LEERESTADO - Fin
14-07-2016 , DETENER 
14-07-2016 , LEERESTADO - Inicio
14-07-2016 , LEERESTADO - Fin
14-07-2016 , DETENER 
14-07-2016 , LEERESTADO - Inicio
14-07-2016 , LEERESTADO - Fin
14-07-2016 , DETENER 
14-07-2016 , LEERESTADO - Inicio
14-07-2016 , LEERESTADO - Fin
14-07-2016 , DETENER 
14-07-2016 , LEERESTADO - Inicio
14-07-2016 , LEERESTADO - Fin
14-07-2016 , DETENER 
14-07-2016 , LEERESTADO - Inicio
14-07-2016 , LEERESTADO - Fin
14-07-2016 , DETENER 
14-07-2016 , LEERESTADO - Inicio
14-07-2016 , LEERESTADO - Fin
14-07-2016 , DETENER 
14-07-2016 , LEERESTADO - Inicio
14-07-2016 , LEERESTADO - Fin
14-07-2016 , ID: 110000000032: Comenzando Impresion
14-07-2016 , ID: 110000000032: PROCESOOPERACION - Inicio
14-07-2016 , ID: 110000000032: PROCESOOPERACION - Comenzar
14-07-2016 , ID: 110000000032: PROCESOOPERACION - LeerCaja
14-07-2016 , ID: 110000000032: PROCESARFACTURA - Entro
14-07-2016 , ID: 110000000032: PROCESARFACTURA - DatosCliente
14-07-2016 , ID: 110000000032: PROCESARFACTURA - Encabezado
14-07-2016 , ID: 110000000032: PROCESARFACTURA - Abrir Comprobante
14-07-2016 , ID: 110000000032: PROCESARFACTURA - LeerActualNumero Primero
14-07-2016 , ID: 110000000032: LEERACTUALNUMERO - Entro Proceso
14-07-2016 , ID: 110000000032: LEERACTUALNUMERO - PrimeroNro B000700000519
14-07-2016 , ID: 110000000032: PROCESARFACTURA - Leer Productos
14-07-2016 , ID: 110000000032: LEERACTUALNUMERO - Entro Proceso
14-07-2016 , ID: 110000000032: LEERACTUALNUMERO - ProximoNro B000700000519
14-07-2016 , ID: 110000000032: PROCESARFACTURA - Leer Productos InsertarProducto 1       
14-07-2016 , ID: 110000000032: PROCESARFACTURA - Percepciones
14-07-2016 , ID: 110000000032: LEERACTUALNUMERO - Entro Proceso
14-07-2016 , ID: 110000000032: LEERACTUALNUMERO - ProximoNro B000700000519
14-07-2016 , ID: 110000000032: PROCESARFACTURA - Procesando Pagos
14-07-2016 , ID: 110000000032: PROCESARPAGO - LeerActualNumero
14-07-2016 , ID: 110000000032: LEERACTUALNUMERO - Entro Proceso
14-07-2016 , ID: 110000000032: LEERACTUALNUMERO - ProximoNro B000700000519
14-07-2016 , ID: 110000000032: PROCESARPAGO - SubTotal
14-07-2016 , ID: 110000000032: PROCESARPAGO - LeerActualNumero
14-07-2016 , ID: 110000000032: LEERACTUALNUMERO - Entro Proceso
14-07-2016 , ID: 110000000032: LEERACTUALNUMERO - ProximoNro B000700000519
14-07-2016 , ID: 110000000032: PROCESARPAGO - Formas de Pago
14-07-2016 , ID: 110000000032: PROCESARPAGO - ImprimirPago
14-07-2016 , ID: 110000000032: PROCESARFACTURA - LeerFechaHoraFiscal
14-07-2016 , ID: 110000000032: PROCESARFACTURA - LeerActualNumero Fin proceso
14-07-2016 , ID: 110000000032: LEERACTUALNUMERO - Entro Proceso
14-07-2016 , ID: 110000000032: LEERACTUALNUMERO - ProximoNro B000700000519
14-07-2016 , ID: 110000000032: PROCESOOPERACION - Comprobante Cerrado
14-07-2016 , ID: 110000000032: LEERACTUALNUMERO - Entro Proceso
14-07-2016 , ID: 110000000032: LEERACTUALNUMERO - ProximoNro B000700000519
14-07-2016 , ID: 110000000032: Finalizo Impresion
14-07-2016 , Grabando Comprobante accion=A
14-07-2016 , ID: 110000000031: Comenzando Impresion
14-07-2016 , ID: 110000000031: PROCESOOPERACION - Inicio
14-07-2016 , ID: 110000000031: PROCESOOPERACION - Comenzar
14-07-2016 , ID: 110000000031: PROCESOOPERACION - LeerCaja
14-07-2016 , ID: 110000000031: PROCESARFACTURA - Entro
14-07-2016 , ID: 110000000031: PROCESARFACTURA - DatosCliente
14-07-2016 , ID: 110000000031: PROCESARFACTURA - Encabezado
14-07-2016 , ID: 110000000031: PROCESARFACTURA - Abrir Comprobante
14-07-2016 , ID: 110000000031: PROCESARFACTURA - LeerActualNumero Primero
14-07-2016 , ID: 110000000031: LEERACTUALNUMERO - Entro Proceso
14-07-2016 , ID: 110000000031: LEERACTUALNUMERO - PrimeroNro B000700000520
14-07-2016 , ID: 110000000031: PROCESARFACTURA - Leer Productos
14-07-2016 , ID: 110000000031: LEERACTUALNUMERO - Entro Proceso
14-07-2016 , ID: 110000000031: LEERACTUALNUMERO - ProximoNro B000700000520
14-07-2016 , ID: 110000000031: PROCESARFACTURA - Leer Productos InsertarProducto 1       
14-07-2016 , ID: 110000000031: PROCESARFACTURA - Percepciones
14-07-2016 , ID: 110000000031: LEERACTUALNUMERO - Entro Proceso
14-07-2016 , ID: 110000000031: LEERACTUALNUMERO - ProximoNro B000700000520
14-07-2016 , ID: 110000000031: PROCESARFACTURA - Procesando Pagos
14-07-2016 , ID: 110000000031: PROCESARPAGO - LeerActualNumero
14-07-2016 , ID: 110000000031: LEERACTUALNUMERO - Entro Proceso
14-07-2016 , ID: 110000000031: LEERACTUALNUMERO - ProximoNro B000700000520
14-07-2016 , ID: 110000000031: PROCESARPAGO - SubTotal
14-07-2016 , ID: 110000000031: PROCESARPAGO - LeerActualNumero
14-07-2016 , ID: 110000000031: LEERACTUALNUMERO - Entro Proceso
14-07-2016 , ID: 110000000031: LEERACTUALNUMERO - ProximoNro B000700000520
14-07-2016 , ID: 110000000031: PROCESARPAGO - Formas de Pago
14-07-2016 , ID: 110000000031: PROCESARPAGO - ImprimirPago
14-07-2016 , ID: 110000000031: PROCESARFACTURA - LeerFechaHoraFiscal
14-07-2016 , ID: 110000000031: PROCESARFACTURA - LeerActualNumero Fin proceso
14-07-2016 , ID: 110000000031: LEERACTUALNUMERO - Entro Proceso
14-07-2016 , ID: 110000000031: LEERACTUALNUMERO - ProximoNro B000700000520
14-07-2016 , ID: 110000000031: PROCESOOPERACION - Comprobante Cerrado
14-07-2016 , ID: 110000000031: LEERACTUALNUMERO - Entro Proceso
14-07-2016 , ID: 110000000031: LEERACTUALNUMERO - ProximoNro B000700000520
14-07-2016 , ID: 110000000031: Finalizo Impresion
14-07-2016 , Grabando Comprobante accion=A
14-07-2016 , ID: 110000000030: Comenzando Impresion
14-07-2016 , ID: 110000000030: PROCESOOPERACION - Inicio
14-07-2016 , ID: 110000000030: PROCESOOPERACION - Comenzar
14-07-2016 , ID: 110000000030: PROCESOOPERACION - LeerCaja
14-07-2016 , ID: 110000000030: PROCESARFACTURA - Entro
14-07-2016 , ID: 110000000030: PROCESARFACTURA - DatosCliente
14-07-2016 , ID: 110000000030: PROCESARFACTURA - Encabezado
14-07-2016 , ID: 110000000030: PROCESARFACTURA - Abrir Comprobante
14-07-2016 , ID: 110000000030: PROCESARFACTURA - LeerActualNumero Primero
14-07-2016 , ID: 110000000030: LEERACTUALNUMERO - Entro Proceso
14-07-2016 , ID: 110000000030: LEERACTUALNUMERO - PrimeroNro B000700000521
14-07-2016 , ID: 110000000030: PROCESARFACTURA - Leer Productos
14-07-2016 , ID: 110000000030: LEERACTUALNUMERO - Entro Proceso
14-07-2016 , ID: 110000000030: LEERACTUALNUMERO - ProximoNro B000700000521
14-07-2016 , ID: 110000000030: PROCESARFACTURA - Leer Productos InsertarProducto 1       
14-07-2016 , ID: 110000000030: PROCESARFACTURA - Percepciones
14-07-2016 , ID: 110000000030: LEERACTUALNUMERO - Entro Proceso
14-07-2016 , ID: 110000000030: LEERACTUALNUMERO - ProximoNro B000700000521
14-07-2016 , ID: 110000000030: PROCESARFACTURA - Procesando Pagos
14-07-2016 , ID: 110000000030: PROCESARPAGO - LeerActualNumero
14-07-2016 , ID: 110000000030: LEERACTUALNUMERO - Entro Proceso
14-07-2016 , ID: 110000000030: LEERACTUALNUMERO - ProximoNro B000700000521
14-07-2016 , ID: 110000000030: PROCESARPAGO - SubTotal
14-07-2016 , ID: 110000000030: PROCESARPAGO - LeerActualNumero
14-07-2016 , ID: 110000000030: LEERACTUALNUMERO - Entro Proceso
14-07-2016 , ID: 110000000030: LEERACTUALNUMERO - ProximoNro B000700000521
14-07-2016 , ID: 110000000030: PROCESARPAGO - Formas de Pago
14-07-2016 , ID: 110000000030: PROCESARPAGO - ImprimirPago
14-07-2016 , ID: 110000000030: PROCESARFACTURA - LeerFechaHoraFiscal
14-07-2016 , ID: 110000000030: PROCESARFACTURA - LeerActualNumero Fin proceso
14-07-2016 , ID: 110000000030: LEERACTUALNUMERO - Entro Proceso
14-07-2016 , ID: 110000000030: LEERACTUALNUMERO - ProximoNro B000700000521
14-07-2016 , ID: 110000000030: PROCESOOPERACION - Comprobante Cerrado
14-07-2016 , ID: 110000000030: LEERACTUALNUMERO - Entro Proceso
14-07-2016 , ID: 110000000030: LEERACTUALNUMERO - ProximoNro B000700000521
14-07-2016 , ID: 110000000030: Finalizo Impresion
14-07-2016 , Grabando Comprobante accion=A
14-07-2016 , DETENER 
14-07-2016 , LEERESTADO - Inicio
14-07-2016 , LEERESTADO - Fin
14-07-2016 , ID: 110000000033: Comenzando Impresion
14-07-2016 , ID: 110000000033: PROCESOOPERACION - Inicio
14-07-2016 , ID: 110000000033: PROCESOOPERACION - Comenzar
14-07-2016 , ID: 110000000033: PROCESOOPERACION - LeerCaja
14-07-2016 , ID: 110000000033: PROCESARFACTURA - Entro
14-07-2016 , ID: 110000000033: PROCESARFACTURA - DatosCliente
14-07-2016 , ID: 110000000033: PROCESARFACTURA - Encabezado
14-07-2016 , ID: 110000000033: PROCESARFACTURA - Abrir Comprobante
14-07-2016 , ID: 110000000033: PROCESARFACTURA - LeerActualNumero Primero
14-07-2016 , ID: 110000000033: LEERACTUALNUMERO - Entro Proceso
14-07-2016 , ID: 110000000033: LEERACTUALNUMERO - PrimeroNro B000700000522
14-07-2016 , ID: 110000000033: PROCESARFACTURA - Leer Productos
14-07-2016 , ID: 110000000033: LEERACTUALNUMERO - Entro Proceso
14-07-2016 , ID: 110000000033: LEERACTUALNUMERO - ProximoNro B000700000522
14-07-2016 , ID: 110000000033: PROCESARFACTURA - Leer Productos InsertarProducto 1       
14-07-2016 , ID: 110000000033: PROCESARFACTURA - Percepciones
14-07-2016 , ID: 110000000033: LEERACTUALNUMERO - Entro Proceso
14-07-2016 , ID: 110000000033: LEERACTUALNUMERO - ProximoNro B000700000522
14-07-2016 , ID: 110000000033: PROCESARFACTURA - Procesando Pagos
14-07-2016 , ID: 110000000033: PROCESARPAGO - LeerActualNumero
14-07-2016 , ID: 110000000033: LEERACTUALNUMERO - Entro Proceso
14-07-2016 , ID: 110000000033: LEERACTUALNUMERO - ProximoNro B000700000522
14-07-2016 , ID: 110000000033: PROCESARPAGO - SubTotal
14-07-2016 , ID: 110000000033: PROCESARPAGO - LeerActualNumero
14-07-2016 , ID: 110000000033: LEERACTUALNUMERO - Entro Proceso
14-07-2016 , ID: 110000000033: LEERACTUALNUMERO - ProximoNro B000700000522
14-07-2016 , ID: 110000000033: PROCESARPAGO - Formas de Pago
14-07-2016 , ID: 110000000033: PROCESARPAGO - ImprimirPago
14-07-2016 , ID: 110000000033: PROCESARFACTURA - LeerFechaHoraFiscal
14-07-2016 , ID: 110000000033: PROCESARFACTURA - LeerActualNumero Fin proceso
14-07-2016 , ID: 110000000033: LEERACTUALNUMERO - Entro Proceso
14-07-2016 , ID: 110000000033: LEERACTUALNUMERO - ProximoNro B000700000522
14-07-2016 , ID: 110000000033: PROCESOOPERACION - Comprobante Cerrado
14-07-2016 , ID: 110000000033: LEERACTUALNUMERO - Entro Proceso
14-07-2016 , ID: 110000000033: LEERACTUALNUMERO - ProximoNro B000700000522
14-07-2016 , ID: 110000000033: Finalizo Impresion
14-07-2016 , Grabando Comprobante accion=A
14-07-2016 , ID: 110000000035: Comenzando Impresion
14-07-2016 , ID: 110000000035: PROCESOOPERACION - Inicio
14-07-2016 , ID: 110000000035: PROCESOOPERACION - Comenzar
14-07-2016 , ID: 110000000035: PROCESOOPERACION - LeerCaja
14-07-2016 , ID: 110000000035: PROCESARFACTURA - Entro
14-07-2016 , ID: 110000000035: PROCESARFACTURA - DatosCliente
14-07-2016 , ID: 110000000035: PROCESARFACTURA - Encabezado
14-07-2016 , ID: 110000000035: PROCESARFACTURA - Abrir Comprobante
14-07-2016 , ID: 110000000035: PROCESARFACTURA - LeerActualNumero Primero
14-07-2016 , ID: 110000000035: LEERACTUALNUMERO - Entro Proceso
14-07-2016 , ID: 110000000035: LEERACTUALNUMERO - PrimeroNro B000700000523
14-07-2016 , ID: 110000000035: PROCESARFACTURA - Leer Productos
14-07-2016 , ID: 110000000035: LEERACTUALNUMERO - Entro Proceso
14-07-2016 , ID: 110000000035: LEERACTUALNUMERO - ProximoNro B000700000523
14-07-2016 , ID: 110000000035: PROCESARFACTURA - Leer Productos InsertarProducto 1       
14-07-2016 , ID: 110000000035: PROCESARFACTURA - Percepciones
14-07-2016 , ID: 110000000035: LEERACTUALNUMERO - Entro Proceso
14-07-2016 , ID: 110000000035: LEERACTUALNUMERO - ProximoNro B000700000523
14-07-2016 , ID: 110000000035: PROCESARFACTURA - Procesando Pagos
14-07-2016 , ID: 110000000035: PROCESARPAGO - LeerActualNumero
14-07-2016 , ID: 110000000035: LEERACTUALNUMERO - Entro Proceso
14-07-2016 , ID: 110000000035: LEERACTUALNUMERO - ProximoNro B000700000523
14-07-2016 , ID: 110000000035: PROCESARPAGO - SubTotal
14-07-2016 , ID: 110000000035: PROCESARPAGO - LeerActualNumero
14-07-2016 , ID: 110000000035: LEERACTUALNUMERO - Entro Proceso
14-07-2016 , ID: 110000000035: LEERACTUALNUMERO - ProximoNro B000700000523
14-07-2016 , ID: 110000000035: PROCESARPAGO - Formas de Pago
14-07-2016 , ID: 110000000035: PROCESARPAGO - ImprimirPago
14-07-2016 , ID: 110000000035: PROCESARFACTURA - LeerFechaHoraFiscal
14-07-2016 , ID: 110000000035: PROCESARFACTURA - LeerActualNumero Fin proceso
14-07-2016 , ID: 110000000035: LEERACTUALNUMERO - Entro Proceso
14-07-2016 , ID: 110000000035: LEERACTUALNUMERO - ProximoNro B000700000523
14-07-2016 , ID: 110000000035: PROCESOOPERACION - Comprobante Cerrado
14-07-2016 , ID: 110000000035: LEERACTUALNUMERO - Entro Proceso
14-07-2016 , ID: 110000000035: LEERACTUALNUMERO - ProximoNro B000700000523
14-07-2016 , ID: 110000000035: Finalizo Impresion
14-07-2016 , Grabando Comprobante accion=A
14-07-2016 , ID: 110000000034: Comenzando Impresion
14-07-2016 , ID: 110000000034: PROCESOOPERACION - Inicio
14-07-2016 , ID: 110000000034: PROCESOOPERACION - Comenzar
14-07-2016 , ID: 110000000034: PROCESOOPERACION - LeerCaja
14-07-2016 , ID: 110000000034: PROCESARFACTURA - Entro
14-07-2016 , ID: 110000000034: PROCESARFACTURA - DatosCliente
14-07-2016 , ID: 110000000034: PROCESARFACTURA - Encabezado
14-07-2016 , ID: 110000000034: PROCESARFACTURA - Abrir Comprobante
14-07-2016 , ID: 110000000034: PROCESARFACTURA - LeerActualNumero Primero
14-07-2016 , ID: 110000000034: LEERACTUALNUMERO - Entro Proceso
14-07-2016 , ID: 110000000034: LEERACTUALNUMERO - PrimeroNro B000700000524
14-07-2016 , ID: 110000000034: PROCESARFACTURA - Leer Productos
14-07-2016 , ID: 110000000034: LEERACTUALNUMERO - Entro Proceso
14-07-2016 , ID: 110000000034: LEERACTUALNUMERO - ProximoNro B000700000524
14-07-2016 , ID: 110000000034: PROCESARFACTURA - Leer Productos InsertarProducto 1       
14-07-2016 , ID: 110000000034: PROCESARFACTURA - Percepciones
14-07-2016 , ID: 110000000034: LEERACTUALNUMERO - Entro Proceso
14-07-2016 , ID: 110000000034: LEERACTUALNUMERO - ProximoNro B000700000524
14-07-2016 , ID: 110000000034: PROCESARFACTURA - Procesando Pagos
14-07-2016 , ID: 110000000034: PROCESARPAGO - LeerActualNumero
14-07-2016 , ID: 110000000034: LEERACTUALNUMERO - Entro Proceso
14-07-2016 , ID: 110000000034: LEERACTUALNUMERO - ProximoNro B000700000524
14-07-2016 , ID: 110000000034: PROCESARPAGO - SubTotal
14-07-2016 , ID: 110000000034: PROCESARPAGO - LeerActualNumero
14-07-2016 , ID: 110000000034: LEERACTUALNUMERO - Entro Proceso
14-07-2016 , ID: 110000000034: LEERACTUALNUMERO - ProximoNro B000700000524
14-07-2016 , ID: 110000000034: PROCESARPAGO - Formas de Pago
14-07-2016 , ID: 110000000034: PROCESARPAGO - ImprimirPago
14-07-2016 , ID: 110000000034: PROCESARFACTURA - LeerFechaHoraFiscal
14-07-2016 , ID: 110000000034: PROCESARFACTURA - LeerActualNumero Fin proceso
14-07-2016 , ID: 110000000034: LEERACTUALNUMERO - Entro Proceso
14-07-2016 , ID: 110000000034: LEERACTUALNUMERO - ProximoNro B000700000524
14-07-2016 , ID: 110000000034: PROCESOOPERACION - Comprobante Cerrado
14-07-2016 , ID: 110000000034: LEERACTUALNUMERO - Entro Proceso
14-07-2016 , ID: 110000000034: LEERACTUALNUMERO - ProximoNro B000700000524
14-07-2016 , ID: 110000000034: Finalizo Impresion
14-07-2016 , Grabando Comprobante accion=A
14-07-2016 , DETENER 
14-07-2016 , LEERESTADO - Inicio
14-07-2016 , LEERESTADO - Fin
14-07-2016 , ID: 110000000038: Comenzando Impresion
14-07-2016 , ID: 110000000038: PROCESOOPERACION - Inicio
14-07-2016 , ID: 110000000038: PROCESOOPERACION - Comenzar
14-07-2016 , ID: 110000000038: PROCESOOPERACION - LeerCaja
14-07-2016 , ID: 110000000038: PROCESARFACTURA - Entro
14-07-2016 , ID: 110000000038: PROCESARFACTURA - DatosCliente
14-07-2016 , ID: 110000000038: PROCESARFACTURA - Encabezado
14-07-2016 , ID: 110000000038: PROCESARFACTURA - Abrir Comprobante
14-07-2016 , ID: 110000000038: PROCESARFACTURA - LeerActualNumero Primero
14-07-2016 , ID: 110000000038: LEERACTUALNUMERO - Entro Proceso
14-07-2016 , ID: 110000000038: LEERACTUALNUMERO - PrimeroNro B000700000525
14-07-2016 , ID: 110000000038: PROCESARFACTURA - Leer Productos
14-07-2016 , ID: 110000000038: LEERACTUALNUMERO - Entro Proceso
14-07-2016 , ID: 110000000038: LEERACTUALNUMERO - ProximoNro B000700000525
14-07-2016 , ID: 110000000038: PROCESARFACTURA - Leer Productos InsertarProducto 1       
14-07-2016 , ID: 110000000038: PROCESARFACTURA - Percepciones
14-07-2016 , ID: 110000000038: LEERACTUALNUMERO - Entro Proceso
14-07-2016 , ID: 110000000038: LEERACTUALNUMERO - ProximoNro B000700000525
14-07-2016 , ID: 110000000038: PROCESARFACTURA - Procesando Pagos
14-07-2016 , ID: 110000000038: PROCESARPAGO - LeerActualNumero
14-07-2016 , ID: 110000000038: LEERACTUALNUMERO - Entro Proceso
14-07-2016 , ID: 110000000038: LEERACTUALNUMERO - ProximoNro B000700000525
14-07-2016 , ID: 110000000038: PROCESARPAGO - SubTotal
14-07-2016 , ID: 110000000038: PROCESARPAGO - LeerActualNumero
14-07-2016 , ID: 110000000038: LEERACTUALNUMERO - Entro Proceso
14-07-2016 , ID: 110000000038: LEERACTUALNUMERO - ProximoNro B000700000525
14-07-2016 , ID: 110000000038: PROCESARPAGO - Formas de Pago
14-07-2016 , ID: 110000000038: PROCESARPAGO - ImprimirPago
14-07-2016 , ID: 110000000038: PROCESARFACTURA - LeerFechaHoraFiscal
14-07-2016 , ID: 110000000038: PROCESARFACTURA - LeerActualNumero Fin proceso
14-07-2016 , ID: 110000000038: LEERACTUALNUMERO - Entro Proceso
14-07-2016 , ID: 110000000038: LEERACTUALNUMERO - ProximoNro B000700000525
14-07-2016 , ID: 110000000038: PROCESOOPERACION - Comprobante Cerrado
14-07-2016 , ID: 110000000038: LEERACTUALNUMERO - Entro Proceso
14-07-2016 , ID: 110000000038: LEERACTUALNUMERO - ProximoNro B000700000525
14-07-2016 , ID: 110000000038: Finalizo Impresion
14-07-2016 , Grabando Comprobante accion=A
14-07-2016 , ID: 110000000037: Comenzando Impresion
14-07-2016 , ID: 110000000037: PROCESOOPERACION - Inicio
14-07-2016 , ID: 110000000037: PROCESOOPERACION - Comenzar
14-07-2016 , ID: 110000000037: PROCESOOPERACION - LeerCaja
14-07-2016 , ID: 110000000037: PROCESARFACTURA - Entro
14-07-2016 , ID: 110000000037: PROCESARFACTURA - DatosCliente
14-07-2016 , ID: 110000000037: PROCESARFACTURA - Encabezado
14-07-2016 , ID: 110000000037: PROCESARFACTURA - Abrir Comprobante
14-07-2016 , ID: 110000000037: PROCESARFACTURA - LeerActualNumero Primero
14-07-2016 , ID: 110000000037: LEERACTUALNUMERO - Entro Proceso
14-07-2016 , ID: 110000000037: LEERACTUALNUMERO - PrimeroNro B000700000526
14-07-2016 , ID: 110000000037: PROCESARFACTURA - Leer Productos
14-07-2016 , ID: 110000000037: LEERACTUALNUMERO - Entro Proceso
14-07-2016 , ID: 110000000037: LEERACTUALNUMERO - ProximoNro B000700000526
14-07-2016 , ID: 110000000037: PROCESARFACTURA - Leer Productos InsertarProducto 1       
14-07-2016 , ID: 110000000037: PROCESARFACTURA - Percepciones
14-07-2016 , ID: 110000000037: LEERACTUALNUMERO - Entro Proceso
14-07-2016 , ID: 110000000037: LEERACTUALNUMERO - ProximoNro B000700000526
14-07-2016 , ID: 110000000037: PROCESARFACTURA - Procesando Pagos
14-07-2016 , ID: 110000000037: PROCESARPAGO - LeerActualNumero
14-07-2016 , ID: 110000000037: LEERACTUALNUMERO - Entro Proceso
14-07-2016 , ID: 110000000037: LEERACTUALNUMERO - ProximoNro B000700000526
14-07-2016 , ID: 110000000037: PROCESARPAGO - SubTotal
14-07-2016 , ID: 110000000037: PROCESARPAGO - LeerActualNumero
14-07-2016 , ID: 110000000037: LEERACTUALNUMERO - Entro Proceso
14-07-2016 , ID: 110000000037: LEERACTUALNUMERO - ProximoNro B000700000526
14-07-2016 , ID: 110000000037: PROCESARPAGO - Formas de Pago
14-07-2016 , ID: 110000000037: PROCESARPAGO - ImprimirPago
14-07-2016 , ID: 110000000037: PROCESARFACTURA - LeerFechaHoraFiscal
14-07-2016 , ID: 110000000037: PROCESARFACTURA - LeerActualNumero Fin proceso
14-07-2016 , ID: 110000000037: LEERACTUALNUMERO - Entro Proceso
14-07-2016 , ID: 110000000037: LEERACTUALNUMERO - ProximoNro B000700000526
14-07-2016 , ID: 110000000037: PROCESOOPERACION - Comprobante Cerrado
14-07-2016 , ID: 110000000037: LEERACTUALNUMERO - Entro Proceso
14-07-2016 , ID: 110000000037: LEERACTUALNUMERO - ProximoNro B000700000526
14-07-2016 , ID: 110000000037: Finalizo Impresion
14-07-2016 , Grabando Comprobante accion=A
14-07-2016 , ID: 110000000036: Comenzando Impresion
14-07-2016 , ID: 110000000036: PROCESOOPERACION - Inicio
14-07-2016 , ID: 110000000036: PROCESOOPERACION - Comenzar
14-07-2016 , ID: 110000000036: PROCESOOPERACION - LeerCaja
14-07-2016 , ID: 110000000036: PROCESARFACTURA - Entro
14-07-2016 , ID: 110000000036: PROCESARFACTURA - DatosCliente
14-07-2016 , ID: 110000000036: PROCESARFACTURA - Encabezado
14-07-2016 , ID: 110000000036: PROCESARFACTURA - Abrir Comprobante
14-07-2016 , ID: 110000000036: PROCESARFACTURA - LeerActualNumero Primero
14-07-2016 , ID: 110000000036: LEERACTUALNUMERO - Entro Proceso
14-07-2016 , ID: 110000000036: LEERACTUALNUMERO - PrimeroNro B000700000527
14-07-2016 , ID: 110000000036: PROCESARFACTURA - Leer Productos
14-07-2016 , ID: 110000000036: LEERACTUALNUMERO - Entro Proceso
14-07-2016 , ID: 110000000036: LEERACTUALNUMERO - ProximoNro B000700000527
14-07-2016 , ID: 110000000036: PROCESARFACTURA - Leer Productos InsertarProducto 1       
14-07-2016 , ID: 110000000036: PROCESARFACTURA - Percepciones
14-07-2016 , ID: 110000000036: LEERACTUALNUMERO - Entro Proceso
14-07-2016 , ID: 110000000036: LEERACTUALNUMERO - ProximoNro B000700000527
14-07-2016 , ID: 110000000036: PROCESARFACTURA - Procesando Pagos
14-07-2016 , ID: 110000000036: PROCESARPAGO - LeerActualNumero
14-07-2016 , ID: 110000000036: LEERACTUALNUMERO - Entro Proceso
14-07-2016 , ID: 110000000036: LEERACTUALNUMERO - ProximoNro B000700000527
14-07-2016 , ID: 110000000036: PROCESARPAGO - SubTotal
14-07-2016 , ID: 110000000036: PROCESARPAGO - LeerActualNumero
14-07-2016 , ID: 110000000036: LEERACTUALNUMERO - Entro Proceso
14-07-2016 , ID: 110000000036: LEERACTUALNUMERO - ProximoNro B000700000527
14-07-2016 , ID: 110000000036: PROCESARPAGO - Formas de Pago
14-07-2016 , ID: 110000000036: PROCESARPAGO - ImprimirPago
14-07-2016 , ID: 110000000036: PROCESARFACTURA - LeerFechaHoraFiscal
14-07-2016 , ID: 110000000036: PROCESARFACTURA - LeerActualNumero Fin proceso
14-07-2016 , ID: 110000000036: LEERACTUALNUMERO - Entro Proceso
14-07-2016 , ID: 110000000036: LEERACTUALNUMERO - ProximoNro B000700000527
14-07-2016 , ID: 110000000036: PROCESOOPERACION - Comprobante Cerrado
14-07-2016 , ID: 110000000036: LEERACTUALNUMERO - Entro Proceso
14-07-2016 , ID: 110000000036: LEERACTUALNUMERO - ProximoNro B000700000527
14-07-2016 , ID: 110000000036: Finalizo Impresion
14-07-2016 , Grabando Comprobante accion=A
14-07-2016 , DETENER 
14-07-2016 , LEERESTADO - Inicio
14-07-2016 , LEERESTADO - Fin
14-07-2016 , ID: 110000000041: Comenzando Impresion
14-07-2016 , ID: 110000000041: PROCESOOPERACION - Inicio
14-07-2016 , ID: 110000000041: PROCESOOPERACION - Comenzar
14-07-2016 , ID: 110000000041: PROCESOOPERACION - LeerCaja
14-07-2016 , ID: 110000000041: PROCESARFACTURA - Entro
14-07-2016 , ID: 110000000041: PROCESARFACTURA - DatosCliente
14-07-2016 , ID: 110000000041: PROCESARFACTURA - Encabezado
14-07-2016 , ID: 110000000041: PROCESARFACTURA - Abrir Comprobante
14-07-2016 , ID: 110000000041: PROCESARFACTURA - LeerActualNumero Primero
14-07-2016 , ID: 110000000041: LEERACTUALNUMERO - Entro Proceso
14-07-2016 , ID: 110000000041: LEERACTUALNUMERO - PrimeroNro B000700000528
14-07-2016 , ID: 110000000041: PROCESARFACTURA - Leer Productos
14-07-2016 , ID: 110000000041: LEERACTUALNUMERO - Entro Proceso
14-07-2016 , ID: 110000000041: LEERACTUALNUMERO - ProximoNro B000700000528
14-07-2016 , ID: 110000000041: PROCESARFACTURA - Leer Productos InsertarProducto 1       
14-07-2016 , ID: 110000000041: PROCESARFACTURA - Percepciones
14-07-2016 , ID: 110000000041: LEERACTUALNUMERO - Entro Proceso
14-07-2016 , ID: 110000000041: LEERACTUALNUMERO - ProximoNro B000700000528
14-07-2016 , ID: 110000000041: PROCESARFACTURA - Procesando Pagos
14-07-2016 , ID: 110000000041: PROCESARPAGO - LeerActualNumero
14-07-2016 , ID: 110000000041: LEERACTUALNUMERO - Entro Proceso
14-07-2016 , ID: 110000000041: LEERACTUALNUMERO - ProximoNro B000700000528
14-07-2016 , ID: 110000000041: PROCESARPAGO - SubTotal
14-07-2016 , ID: 110000000041: PROCESARPAGO - LeerActualNumero
14-07-2016 , ID: 110000000041: LEERACTUALNUMERO - Entro Proceso
14-07-2016 , ID: 110000000041: LEERACTUALNUMERO - ProximoNro B000700000528
14-07-2016 , ID: 110000000041: PROCESARPAGO - Formas de Pago
14-07-2016 , ID: 110000000041: PROCESARPAGO - ImprimirPago
14-07-2016 , ID: 110000000041: PROCESARFACTURA - LeerFechaHoraFiscal
14-07-2016 , ID: 110000000041: PROCESARFACTURA - LeerActualNumero Fin proceso
14-07-2016 , ID: 110000000041: LEERACTUALNUMERO - Entro Proceso
14-07-2016 , ID: 110000000041: LEERACTUALNUMERO - ProximoNro B000700000528
14-07-2016 , ID: 110000000041: PROCESOOPERACION - Comprobante Cerrado
14-07-2016 , ID: 110000000041: LEERACTUALNUMERO - Entro Proceso
14-07-2016 , ID: 110000000041: LEERACTUALNUMERO - ProximoNro B000700000528
14-07-2016 , ID: 110000000041: Finalizo Impresion
14-07-2016 , Grabando Comprobante accion=A
14-07-2016 , LEERESTADO - Inicio
14-07-2016 , LEERESTADO - Fin
14-07-2016 , ID: 110000000039: Comenzando Impresion
14-07-2016 , ID: 110000000039: PROCESOOPERACION - Inicio
14-07-2016 , ID: 110000000039: PROCESOOPERACION - Comenzar
14-07-2016 , ID: 110000000039: PROCESOOPERACION - LeerCaja
14-07-2016 , ID: 110000000039: PROCESARFACTURA - Entro
14-07-2016 , ID: 110000000039: PROCESARFACTURA - DatosCliente
14-07-2016 , ID: 110000000039: PROCESARFACTURA - Encabezado
14-07-2016 , ID: 110000000039: PROCESARFACTURA - Abrir Comprobante
14-07-2016 , ID: 110000000039: PROCESARFACTURA - LeerActualNumero Primero
14-07-2016 , ID: 110000000039: LEERACTUALNUMERO - Entro Proceso
14-07-2016 , ID: 110000000039: LEERACTUALNUMERO - PrimeroNro B000700000529
14-07-2016 , ID: 110000000039: PROCESARFACTURA - Leer Productos
14-07-2016 , ID: 110000000039: LEERACTUALNUMERO - Entro Proceso
14-07-2016 , ID: 110000000039: LEERACTUALNUMERO - ProximoNro B000700000529
14-07-2016 , ID: 110000000039: PROCESARFACTURA - Leer Productos InsertarProducto 1       
14-07-2016 , ID: 110000000039: PROCESARFACTURA - Percepciones
14-07-2016 , ID: 110000000039: LEERACTUALNUMERO - Entro Proceso
14-07-2016 , ID: 110000000039: LEERACTUALNUMERO - ProximoNro B000700000529
14-07-2016 , ID: 110000000039: PROCESARFACTURA - Procesando Pagos
14-07-2016 , ID: 110000000039: PROCESARPAGO - LeerActualNumero
14-07-2016 , ID: 110000000039: LEERACTUALNUMERO - Entro Proceso
14-07-2016 , ID: 110000000039: LEERACTUALNUMERO - ProximoNro B000700000529
14-07-2016 , ID: 110000000039: PROCESARPAGO - SubTotal
14-07-2016 , ID: 110000000039: PROCESARPAGO - LeerActualNumero
14-07-2016 , ID: 110000000039: LEERACTUALNUMERO - Entro Proceso
14-07-2016 , ID: 110000000039: LEERACTUALNUMERO - ProximoNro B000700000529
14-07-2016 , ID: 110000000039: PROCESARPAGO - Formas de Pago
14-07-2016 , ID: 110000000039: PROCESARPAGO - ImprimirPago
14-07-2016 , ID: 110000000039: PROCESARFACTURA - LeerFechaHoraFiscal
14-07-2016 , ID: 110000000039: PROCESARFACTURA - LeerActualNumero Fin proceso
14-07-2016 , ID: 110000000039: LEERACTUALNUMERO - Entro Proceso
14-07-2016 , ID: 110000000039: LEERACTUALNUMERO - ProximoNro B000700000529
14-07-2016 , ID: 110000000039: PROCESOOPERACION - Comprobante Cerrado
14-07-2016 , ID: 110000000039: LEERACTUALNUMERO - Entro Proceso
14-07-2016 , ID: 110000000039: LEERACTUALNUMERO - ProximoNro B000700000529
14-07-2016 , ID: 110000000039: Finalizo Impresion
14-07-2016 , Grabando Comprobante accion=A
14-07-2016 , LEERESTADO - Inicio
14-07-2016 , LEERESTADO - Fin
14-07-2016 , LEERESTADO - Inicio
14-07-2016 , LEERESTADO - Fin
14-07-2016 , LEERESTADO - Inicio
14-07-2016 , LEERESTADO - Fin
14-07-2016 , ID: 110000000040: Comenzando Impresion
14-07-2016 , ID: 110000000040: PROCESOOPERACION - Inicio
14-07-2016 , ID: 110000000040: PROCESOOPERACION - Comenzar
14-07-2016 , ID: 110000000040: PROCESOOPERACION - LeerCaja
14-07-2016 , ID: 110000000040: PROCESARFACTURA - Entro
14-07-2016 , ID: 110000000040: PROCESARFACTURA - DatosCliente
14-07-2016 , ID: 110000000040: PROCESARFACTURA - Encabezado
14-07-2016 , ID: 110000000040: PROCESARFACTURA - Abrir Comprobante
14-07-2016 , ID: 110000000040: PROCESARFACTURA - LeerActualNumero Primero
14-07-2016 , ID: 110000000040: LEERACTUALNUMERO - Entro Proceso
14-07-2016 , ID: 110000000040: LEERACTUALNUMERO - PrimeroNro B000700000530
14-07-2016 , ID: 110000000040: PROCESARFACTURA - Leer Productos
14-07-2016 , ID: 110000000040: LEERACTUALNUMERO - Entro Proceso
14-07-2016 , ID: 110000000040: LEERACTUALNUMERO - ProximoNro B000700000530
14-07-2016 , ID: 110000000040: PROCESARFACTURA - Leer Productos InsertarProducto 1       
14-07-2016 , ID: 110000000040: PROCESARFACTURA - Percepciones
14-07-2016 , ID: 110000000040: LEERACTUALNUMERO - Entro Proceso
14-07-2016 , ID: 110000000040: LEERACTUALNUMERO - ProximoNro B000700000530
14-07-2016 , ID: 110000000040: PROCESARFACTURA - Procesando Pagos
14-07-2016 , ID: 110000000040: PROCESARPAGO - LeerActualNumero
14-07-2016 , ID: 110000000040: LEERACTUALNUMERO - Entro Proceso
14-07-2016 , ID: 110000000040: LEERACTUALNUMERO - ProximoNro B000700000530
14-07-2016 , ID: 110000000040: PROCESARPAGO - SubTotal
14-07-2016 , ID: 110000000040: PROCESARPAGO - LeerActualNumero
14-07-2016 , ID: 110000000040: LEERACTUALNUMERO - Entro Proceso
14-07-2016 , ID: 110000000040: LEERACTUALNUMERO - ProximoNro B000700000530
14-07-2016 , ID: 110000000040: PROCESARPAGO - Formas de Pago
14-07-2016 , ID: 110000000040: PROCESARPAGO - ImprimirPago
14-07-2016 , ID: 110000000040: PROCESARFACTURA - LeerFechaHoraFiscal
14-07-2016 , ID: 110000000040: PROCESARFACTURA - LeerActualNumero Fin proceso
14-07-2016 , ID: 110000000040: LEERACTUALNUMERO - Entro Proceso
14-07-2016 , ID: 110000000040: LEERACTUALNUMERO - ProximoNro B000700000530
14-07-2016 , ID: 110000000040: PROCESOOPERACION - Comprobante Cerrado
14-07-2016 , ID: 110000000040: LEERACTUALNUMERO - Entro Proceso
14-07-2016 , ID: 110000000040: LEERACTUALNUMERO - ProximoNro B000700000530
14-07-2016 , ID: 110000000040: Finalizo Impresion
14-07-2016 , Grabando Comprobante accion=A
14-07-2016 , DETENER 
14-07-2016 , LEERESTADO - Inicio
14-07-2016 , LEERESTADO - Fin
14-07-2016 , ID: 110000000042: Comenzando Impresion
14-07-2016 , ID: 110000000042: PROCESOOPERACION - Inicio
14-07-2016 , ID: 110000000042: PROCESOOPERACION - Comenzar
14-07-2016 , ID: 110000000042: PROCESOOPERACION - LeerCaja
14-07-2016 , ID: 110000000042: PROCESARFACTURA - Entro
14-07-2016 , ID: 110000000042: PROCESARFACTURA - DatosCliente
14-07-2016 , ID: 110000000042: PROCESARFACTURA - Encabezado
14-07-2016 , ID: 110000000042: PROCESARFACTURA - Abrir Comprobante
14-07-2016 , ID: 110000000042: PROCESARFACTURA - LeerActualNumero Primero
14-07-2016 , ID: 110000000042: LEERACTUALNUMERO - Entro Proceso
14-07-2016 , ID: 110000000042: LEERACTUALNUMERO - PrimeroNro B000700000531
14-07-2016 , ID: 110000000042: PROCESARFACTURA - Leer Productos
14-07-2016 , ID: 110000000042: LEERACTUALNUMERO - Entro Proceso
14-07-2016 , ID: 110000000042: LEERACTUALNUMERO - ProximoNro B000700000531
14-07-2016 , ID: 110000000042: PROCESARFACTURA - Leer Productos InsertarProducto 1       
14-07-2016 , ID: 110000000042: PROCESARFACTURA - Percepciones
14-07-2016 , ID: 110000000042: LEERACTUALNUMERO - Entro Proceso
14-07-2016 , ID: 110000000042: LEERACTUALNUMERO - ProximoNro B000700000531
14-07-2016 , ID: 110000000042: PROCESARFACTURA - Procesando Pagos
14-07-2016 , ID: 110000000042: PROCESARPAGO - LeerActualNumero
14-07-2016 , ID: 110000000042: LEERACTUALNUMERO - Entro Proceso
14-07-2016 , ID: 110000000042: LEERACTUALNUMERO - ProximoNro B000700000531
14-07-2016 , ID: 110000000042: PROCESARPAGO - SubTotal
14-07-2016 , ID: 110000000042: PROCESARPAGO - LeerActualNumero
14-07-2016 , ID: 110000000042: LEERACTUALNUMERO - Entro Proceso
14-07-2016 , ID: 110000000042: LEERACTUALNUMERO - ProximoNro B000700000531
14-07-2016 , ID: 110000000042: PROCESARPAGO - Formas de Pago
14-07-2016 , ID: 110000000042: PROCESARPAGO - ImprimirPago
14-07-2016 , ID: 110000000042: PROCESARFACTURA - LeerFechaHoraFiscal
14-07-2016 , ID: 110000000042: PROCESARFACTURA - LeerActualNumero Fin proceso
14-07-2016 , ID: 110000000042: LEERACTUALNUMERO - Entro Proceso
14-07-2016 , ID: 110000000042: LEERACTUALNUMERO - ProximoNro B000700000531
14-07-2016 , ID: 110000000042: PROCESOOPERACION - Comprobante Cerrado
14-07-2016 , ID: 110000000042: LEERACTUALNUMERO - Entro Proceso
14-07-2016 , ID: 110000000042: LEERACTUALNUMERO - ProximoNro B000700000531
14-07-2016 , ID: 110000000042: Finalizo Impresion
14-07-2016 , Grabando Comprobante accion=A
14-07-2016 , ID: 110000000045: Comenzando Impresion
14-07-2016 , ID: 110000000045: PROCESOOPERACION - Inicio
14-07-2016 , ID: 110000000045: PROCESOOPERACION - Comenzar
14-07-2016 , ID: 110000000045: PROCESOOPERACION - LeerCaja
14-07-2016 , ID: 110000000045: PROCESARFACTURA - Entro
14-07-2016 , ID: 110000000045: PROCESARFACTURA - DatosCliente
14-07-2016 , ID: 110000000045: PROCESARFACTURA - Encabezado
14-07-2016 , ID: 110000000045: PROCESARFACTURA - Abrir Comprobante
14-07-2016 , ID: 110000000045: PROCESARFACTURA - LeerActualNumero Primero
14-07-2016 , ID: 110000000045: LEERACTUALNUMERO - Entro Proceso
14-07-2016 , ID: 110000000045: LEERACTUALNUMERO - PrimeroNro B000700000532
14-07-2016 , ID: 110000000045: PROCESARFACTURA - Leer Productos
14-07-2016 , ID: 110000000045: LEERACTUALNUMERO - Entro Proceso
14-07-2016 , ID: 110000000045: LEERACTUALNUMERO - ProximoNro B000700000532
14-07-2016 , ID: 110000000045: PROCESARFACTURA - Leer Productos InsertarProducto 1       
14-07-2016 , ID: 110000000045: PROCESARFACTURA - Percepciones
14-07-2016 , ID: 110000000045: LEERACTUALNUMERO - Entro Proceso
14-07-2016 , ID: 110000000045: LEERACTUALNUMERO - ProximoNro B000700000532
14-07-2016 , ID: 110000000045: PROCESARFACTURA - Procesando Pagos
14-07-2016 , ID: 110000000045: PROCESARPAGO - LeerActualNumero
14-07-2016 , ID: 110000000045: LEERACTUALNUMERO - Entro Proceso
14-07-2016 , ID: 110000000045: LEERACTUALNUMERO - ProximoNro B000700000532
14-07-2016 , ID: 110000000045: PROCESARPAGO - SubTotal
14-07-2016 , ID: 110000000045: PROCESARPAGO - LeerActualNumero
14-07-2016 , ID: 110000000045: LEERACTUALNUMERO - Entro Proceso
14-07-2016 , ID: 110000000045: LEERACTUALNUMERO - ProximoNro B000700000532
14-07-2016 , ID: 110000000045: PROCESARPAGO - Formas de Pago
14-07-2016 , ID: 110000000045: PROCESARPAGO - ImprimirPago
14-07-2016 , ID: 110000000045: PROCESARFACTURA - LeerFechaHoraFiscal
14-07-2016 , ID: 110000000045: PROCESARFACTURA - LeerActualNumero Fin proceso
14-07-2016 , ID: 110000000045: LEERACTUALNUMERO - Entro Proceso
14-07-2016 , ID: 110000000045: LEERACTUALNUMERO - ProximoNro B000700000532
14-07-2016 , ID: 110000000045: PROCESOOPERACION - Comprobante Cerrado
14-07-2016 , ID: 110000000045: LEERACTUALNUMERO - Entro Proceso
14-07-2016 , ID: 110000000045: LEERACTUALNUMERO - ProximoNro B000700000532
14-07-2016 , ID: 110000000045: Finalizo Impresion
14-07-2016 , Grabando Comprobante accion=A
14-07-2016 , ID: 110000000044: Comenzando Impresion
14-07-2016 , ID: 110000000044: PROCESOOPERACION - Inicio
14-07-2016 , ID: 110000000044: PROCESOOPERACION - Comenzar
14-07-2016 , ID: 110000000044: PROCESOOPERACION - LeerCaja
14-07-2016 , ID: 110000000044: PROCESARFACTURA - Entro
14-07-2016 , ID: 110000000044: PROCESARFACTURA - DatosCliente
14-07-2016 , ID: 110000000044: PROCESARFACTURA - Encabezado
14-07-2016 , ID: 110000000044: PROCESARFACTURA - Abrir Comprobante
14-07-2016 , ID: 110000000044: PROCESARFACTURA - LeerActualNumero Primero
14-07-2016 , ID: 110000000044: LEERACTUALNUMERO - Entro Proceso
14-07-2016 , ID: 110000000044: LEERACTUALNUMERO - PrimeroNro B000700000533
14-07-2016 , ID: 110000000044: PROCESARFACTURA - Leer Productos
14-07-2016 , ID: 110000000044: LEERACTUALNUMERO - Entro Proceso
14-07-2016 , ID: 110000000044: LEERACTUALNUMERO - ProximoNro B000700000533
14-07-2016 , ID: 110000000044: PROCESARFACTURA - Leer Productos InsertarProducto 1       
14-07-2016 , ID: 110000000044: PROCESARFACTURA - Percepciones
14-07-2016 , ID: 110000000044: LEERACTUALNUMERO - Entro Proceso
14-07-2016 , ID: 110000000044: LEERACTUALNUMERO - ProximoNro B000700000533
14-07-2016 , ID: 110000000044: PROCESARFACTURA - Procesando Pagos
14-07-2016 , ID: 110000000044: PROCESARPAGO - LeerActualNumero
14-07-2016 , ID: 110000000044: LEERACTUALNUMERO - Entro Proceso
14-07-2016 , ID: 110000000044: LEERACTUALNUMERO - ProximoNro B000700000533
14-07-2016 , ID: 110000000044: PROCESARPAGO - SubTotal
14-07-2016 , ID: 110000000044: PROCESARPAGO - LeerActualNumero
14-07-2016 , ID: 110000000044: LEERACTUALNUMERO - Entro Proceso
14-07-2016 , ID: 110000000044: LEERACTUALNUMERO - ProximoNro B000700000533
14-07-2016 , ID: 110000000044: PROCESARPAGO - Formas de Pago
14-07-2016 , ID: 110000000044: PROCESARPAGO - ImprimirPago
14-07-2016 , ID: 110000000044: PROCESARFACTURA - LeerFechaHoraFiscal
14-07-2016 , ID: 110000000044: PROCESARFACTURA - LeerActualNumero Fin proceso
14-07-2016 , ID: 110000000044: LEERACTUALNUMERO - Entro Proceso
14-07-2016 , ID: 110000000044: LEERACTUALNUMERO - ProximoNro B000700000533
14-07-2016 , ID: 110000000044: PROCESOOPERACION - Comprobante Cerrado
14-07-2016 , ID: 110000000044: LEERACTUALNUMERO - Entro Proceso
14-07-2016 , ID: 110000000044: LEERACTUALNUMERO - ProximoNro B000700000533
14-07-2016 , ID: 110000000044: Finalizo Impresion
14-07-2016 , Grabando Comprobante accion=A
14-07-2016 , ID: 110000000043: Comenzando Impresion
14-07-2016 , ID: 110000000043: PROCESOOPERACION - Inicio
14-07-2016 , ID: 110000000043: PROCESOOPERACION - Comenzar
14-07-2016 , ID: 110000000043: PROCESOOPERACION - LeerCaja
14-07-2016 , ID: 110000000043: PROCESARFACTURA - Entro
14-07-2016 , ID: 110000000043: PROCESARFACTURA - DatosCliente
14-07-2016 , ID: 110000000043: PROCESARFACTURA - Encabezado
14-07-2016 , ID: 110000000043: PROCESARFACTURA - Abrir Comprobante
14-07-2016 , ID: 110000000043: PROCESARFACTURA - LeerActualNumero Primero
14-07-2016 , ID: 110000000043: LEERACTUALNUMERO - Entro Proceso
14-07-2016 , ID: 110000000043: LEERACTUALNUMERO - PrimeroNro B000700000534
14-07-2016 , ID: 110000000043: PROCESARFACTURA - Leer Productos
14-07-2016 , ID: 110000000043: LEERACTUALNUMERO - Entro Proceso
14-07-2016 , ID: 110000000043: LEERACTUALNUMERO - ProximoNro B000700000534
14-07-2016 , ID: 110000000043: PROCESARFACTURA - Leer Productos InsertarProducto 1       
14-07-2016 , ID: 110000000043: PROCESARFACTURA - Percepciones
14-07-2016 , ID: 110000000043: LEERACTUALNUMERO - Entro Proceso
14-07-2016 , ID: 110000000043: LEERACTUALNUMERO - ProximoNro B000700000534
14-07-2016 , ID: 110000000043: PROCESARFACTURA - Procesando Pagos
14-07-2016 , ID: 110000000043: PROCESARPAGO - LeerActualNumero
14-07-2016 , ID: 110000000043: LEERACTUALNUMERO - Entro Proceso
14-07-2016 , ID: 110000000043: LEERACTUALNUMERO - ProximoNro B000700000534
14-07-2016 , ID: 110000000043: PROCESARPAGO - SubTotal
14-07-2016 , ID: 110000000043: PROCESARPAGO - LeerActualNumero
14-07-2016 , ID: 110000000043: LEERACTUALNUMERO - Entro Proceso
14-07-2016 , ID: 110000000043: LEERACTUALNUMERO - ProximoNro B000700000534
14-07-2016 , ID: 110000000043: PROCESARPAGO - Formas de Pago
14-07-2016 , ID: 110000000043: PROCESARPAGO - ImprimirPago
14-07-2016 , ID: 110000000043: PROCESARFACTURA - LeerFechaHoraFiscal
14-07-2016 , ID: 110000000043: PROCESARFACTURA - LeerActualNumero Fin proceso
14-07-2016 , ID: 110000000043: LEERACTUALNUMERO - Entro Proceso
14-07-2016 , ID: 110000000043: LEERACTUALNUMERO - ProximoNro B000700000534
14-07-2016 , ID: 110000000043: PROCESOOPERACION - Comprobante Cerrado
14-07-2016 , ID: 110000000043: LEERACTUALNUMERO - Entro Proceso
14-07-2016 , ID: 110000000043: LEERACTUALNUMERO - ProximoNro B000700000534
14-07-2016 , ID: 110000000043: Finalizo Impresion
14-07-2016 , Grabando Comprobante accion=A
14-07-2016 , DETENER 
14-07-2016 , LEERESTADO - Inicio
14-07-2016 , LEERESTADO - Fin
14-07-2016 , ID: 110000000046: Comenzando Impresion
14-07-2016 , ID: 110000000046: PROCESOOPERACION - Inicio
14-07-2016 , ID: 110000000046: PROCESOOPERACION - Comenzar
14-07-2016 , ID: 110000000046: PROCESOOPERACION - LeerCaja
14-07-2016 , ID: 110000000046: PROCESARFACTURA - Entro
14-07-2016 , ID: 110000000046: PROCESARFACTURA - DatosCliente
14-07-2016 , ID: 110000000046: PROCESARFACTURA - Encabezado
14-07-2016 , ID: 110000000046: PROCESARFACTURA - Abrir Comprobante
14-07-2016 , ID: 110000000046: PROCESARFACTURA - LeerActualNumero Primero
14-07-2016 , ID: 110000000046: LEERACTUALNUMERO - Entro Proceso
14-07-2016 , ID: 110000000046: LEERACTUALNUMERO - PrimeroNro B000700000535
14-07-2016 , ID: 110000000046: PROCESARFACTURA - Leer Productos
14-07-2016 , ID: 110000000046: LEERACTUALNUMERO - Entro Proceso
14-07-2016 , ID: 110000000046: LEERACTUALNUMERO - ProximoNro B000700000535
14-07-2016 , ID: 110000000046: PROCESARFACTURA - Leer Productos InsertarProducto 1       
14-07-2016 , ID: 110000000046: PROCESARFACTURA - Percepciones
14-07-2016 , ID: 110000000046: LEERACTUALNUMERO - Entro Proceso
14-07-2016 , ID: 110000000046: LEERACTUALNUMERO - ProximoNro B000700000535
14-07-2016 , ID: 110000000046: PROCESARFACTURA - Procesando Pagos
14-07-2016 , ID: 110000000046: PROCESARPAGO - LeerActualNumero
14-07-2016 , ID: 110000000046: LEERACTUALNUMERO - Entro Proceso
14-07-2016 , ID: 110000000046: LEERACTUALNUMERO - ProximoNro B000700000535
14-07-2016 , ID: 110000000046: PROCESARPAGO - SubTotal
14-07-2016 , ID: 110000000046: PROCESARPAGO - LeerActualNumero
14-07-2016 , ID: 110000000046: LEERACTUALNUMERO - Entro Proceso
14-07-2016 , ID: 110000000046: LEERACTUALNUMERO - ProximoNro B000700000535
14-07-2016 , ID: 110000000046: PROCESARPAGO - Formas de Pago
14-07-2016 , ID: 110000000046: PROCESARPAGO - ImprimirPago
14-07-2016 , ID: 110000000046: PROCESARFACTURA - LeerFechaHoraFiscal
14-07-2016 , ID: 110000000046: PROCESARFACTURA - LeerActualNumero Fin proceso
14-07-2016 , ID: 110000000046: LEERACTUALNUMERO - Entro Proceso
14-07-2016 , ID: 110000000046: LEERACTUALNUMERO - ProximoNro B000700000535
14-07-2016 , ID: 110000000046: PROCESOOPERACION - Comprobante Cerrado
14-07-2016 , ID: 110000000046: LEERACTUALNUMERO - Entro Proceso
14-07-2016 , ID: 110000000046: LEERACTUALNUMERO - ProximoNro B000700000535
14-07-2016 , ID: 110000000046: Finalizo Impresion
14-07-2016 , Grabando Comprobante accion=A
14-07-2016 , ID: 110000000047: Comenzando Impresion
14-07-2016 , ID: 110000000047: PROCESOOPERACION - Inicio
14-07-2016 , ID: 110000000047: PROCESOOPERACION - Comenzar
14-07-2016 , ID: 110000000047: PROCESOOPERACION - LeerCaja
14-07-2016 , ID: 110000000047: PROCESARFACTURA - Entro
14-07-2016 , ID: 110000000047: PROCESARFACTURA - DatosCliente
14-07-2016 , ID: 110000000047: PROCESARFACTURA - Encabezado
14-07-2016 , ID: 110000000047: PROCESARFACTURA - Abrir Comprobante
14-07-2016 , ID: 110000000047: PROCESARFACTURA - LeerActualNumero Primero
14-07-2016 , ID: 110000000047: LEERACTUALNUMERO - Entro Proceso
14-07-2016 , ID: 110000000047: LEERACTUALNUMERO - PrimeroNro B000700000536
14-07-2016 , ID: 110000000047: PROCESARFACTURA - Leer Productos
14-07-2016 , ID: 110000000047: LEERACTUALNUMERO - Entro Proceso
14-07-2016 , ID: 110000000047: LEERACTUALNUMERO - ProximoNro B000700000536
14-07-2016 , ID: 110000000047: PROCESARFACTURA - Leer Productos InsertarProducto 1       
14-07-2016 , ID: 110000000047: PROCESARFACTURA - Percepciones
14-07-2016 , ID: 110000000047: LEERACTUALNUMERO - Entro Proceso
14-07-2016 , ID: 110000000047: LEERACTUALNUMERO - ProximoNro B000700000536
14-07-2016 , ID: 110000000047: PROCESARFACTURA - Procesando Pagos
14-07-2016 , ID: 110000000047: PROCESARPAGO - LeerActualNumero
14-07-2016 , ID: 110000000047: LEERACTUALNUMERO - Entro Proceso
14-07-2016 , ID: 110000000047: LEERACTUALNUMERO - ProximoNro B000700000536
14-07-2016 , ID: 110000000047: PROCESARPAGO - SubTotal
14-07-2016 , ID: 110000000047: PROCESARPAGO - LeerActualNumero
14-07-2016 , ID: 110000000047: LEERACTUALNUMERO - Entro Proceso
14-07-2016 , ID: 110000000047: LEERACTUALNUMERO - ProximoNro B000700000536
14-07-2016 , ID: 110000000047: PROCESARPAGO - Formas de Pago
14-07-2016 , ID: 110000000047: PROCESARPAGO - ImprimirPago
14-07-2016 , ID: 110000000047: PROCESARFACTURA - LeerFechaHoraFiscal
14-07-2016 , ID: 110000000047: PROCESARFACTURA - LeerActualNumero Fin proceso
14-07-2016 , ID: 110000000047: LEERACTUALNUMERO - Entro Proceso
14-07-2016 , ID: 110000000047: LEERACTUALNUMERO - ProximoNro B000700000536
14-07-2016 , ID: 110000000047: PROCESOOPERACION - Comprobante Cerrado
14-07-2016 , ID: 110000000047: LEERACTUALNUMERO - Entro Proceso
14-07-2016 , ID: 110000000047: LEERACTUALNUMERO - ProximoNro B000700000536
14-07-2016 , ID: 110000000047: Finalizo Impresion
14-07-2016 , Grabando Comprobante accion=A
14-07-2016 , DETENER 
