27-01-2014 , Comenzando Impresion
27-01-2014 , PROCESOOPERACION - Inicio
27-01-2014 , PROCESOOPERACION - Comenzar
27-01-2014 , PROCESOOPERACION - LeerCaja
27-01-2014 , Finalizo Impresion
27-01-2014 , FISCAL - Aborto ProcesoOperacion()
27-01-2014 , Comenzando Impresion
27-01-2014 , PROCESOOPERACION - Inicio
27-01-2014 , PROCESOOPERACION - Comenzar
27-01-2014 , PROCESOOPERACION - LeerCaja
27-01-2014 , PROCESARFACTURA - Entro
27-01-2014 , PROCESARFACTURA - DatosCliente
27-01-2014 , PROCESARFACTURA - Encabezado
27-01-2014 , PROCESARFACTURA - Abrir Comprobante
27-01-2014 , PROCESARFACTURA - LeerActualNumero Primero
27-01-2014 , LEERACTUALNUMERO - Entro Proceso
27-01-2014 , LEERACTUALNUMERO - PrimeroNro B000300000139
27-01-2014 , PROCESARFACTURA - Leer Productos
27-01-2014 , LEERACTUALNUMERO - Entro Proceso
27-01-2014 , LEERACTUALNUMERO - ProximoNro B000300000139
27-01-2014 , PROCESARFACTURA - Leer Productos InsertarProducto
27-01-2014 , LEERACTUALNUMERO - Entro Proceso
27-01-2014 , LEERACTUALNUMERO - ProximoNro B000300000139
27-01-2014 , PROCESARFACTURA - Leer Productos InsertarProducto
27-01-2014 , PROCESARFACTURA - Leer Productos InsertarDescuento
27-01-2014 , PROCESARFACTURA - Error Leer Productos InsertarDescuento
27-01-2014 , PROCESOOPERACION - Comprobante Cerrado
27-01-2014 , PROCESOOPERACION - Error Encabezado
27-01-2014 , PROCESOOPERACION - Comprobante Cancelado
27-01-2014 , Finalizo Impresion
27-01-2014 , Grabando Comprobante
27-01-2014 , DETENER 
27-01-2014 , DETENER 
27-01-2014 , VERLOG  
27-01-2014 , Comenzando Impresion
27-01-2014 , PROCESOOPERACION - Inicio
27-01-2014 , PROCESOOPERACION - Comenzar
27-01-2014 , PROCESOOPERACION - LeerCaja
27-01-2014 , PROCESARFACTURA - Entro
27-01-2014 , PROCESARFACTURA - DatosCliente
27-01-2014 , PROCESARFACTURA - Encabezado
27-01-2014 , PROCESARFACTURA - Abrir Comprobante
27-01-2014 , PROCESARFACTURA - LeerActualNumero Primero
27-01-2014 , LEERACTUALNUMERO - Entro Proceso
27-01-2014 , LEERACTUALNUMERO - PrimeroNro B000300000140
27-01-2014 , PROCESARFACTURA - Leer Productos
27-01-2014 , LEERACTUALNUMERO - Entro Proceso
27-01-2014 , LEERACTUALNUMERO - ProximoNro B000300000140
27-01-2014 , PROCESARFACTURA - Leer Productos InsertarProducto
27-01-2014 , LEERACTUALNUMERO - Entro Proceso
27-01-2014 , LEERACTUALNUMERO - ProximoNro B000300000140
27-01-2014 , PROCESARFACTURA - Leer Productos InsertarProducto
27-01-2014 , PROCESARFACTURA - Leer Productos InsertarDescuento
27-01-2014 , PROCESARFACTURA - Error Leer Productos InsertarDescuento
27-01-2014 , PROCESOOPERACION - Comprobante Cerrado
27-01-2014 , PROCESOOPERACION - Error Encabezado
27-01-2014 , PROCESOOPERACION - Comprobante Cancelado
27-01-2014 , Finalizo Impresion
27-01-2014 , Grabando Comprobante
27-01-2014 , Comenzando Impresion
27-01-2014 , PROCESOOPERACION - Inicio
27-01-2014 , PROCESOOPERACION - Comenzar
27-01-2014 , PROCESOOPERACION - LeerCaja
27-01-2014 , PROCESARFACTURA - Entro
27-01-2014 , PROCESARFACTURA - DatosCliente
27-01-2014 , PROCESARFACTURA - Encabezado
27-01-2014 , PROCESARFACTURA - Abrir Comprobante
27-01-2014 , PROCESARFACTURA - LeerActualNumero Primero
27-01-2014 , LEERACTUALNUMERO - Entro Proceso
27-01-2014 , LEERACTUALNUMERO - PrimeroNro B000300000141
27-01-2014 , PROCESARFACTURA - Leer Productos
27-01-2014 , LEERACTUALNUMERO - Entro Proceso
27-01-2014 , LEERACTUALNUMERO - ProximoNro B000300000141
27-01-2014 , PROCESARFACTURA - Leer Productos InsertarProducto
27-01-2014 , LEERACTUALNUMERO - Entro Proceso
27-01-2014 , LEERACTUALNUMERO - ProximoNro B000300000141
27-01-2014 , PROCESARFACTURA - Leer Productos InsertarProducto
27-01-2014 , PROCESARFACTURA - Leer Productos InsertarDescuento
27-01-2014 , PROCESARFACTURA - Error Leer Productos InsertarDescuento
27-01-2014 , PROCESOOPERACION - Comprobante Cerrado
27-01-2014 , PROCESOOPERACION - Error Encabezado
27-01-2014 , PROCESOOPERACION - Comprobante Cancelado
27-01-2014 , Finalizo Impresion
27-01-2014 , No Finalizo Impresion. Comprobante Cancelado. Grabando Estado Anula
27-01-2014 , No Finalizo Impresion. Comprobante Cancelado. Grabando Anulacion
27-01-2014 , Grabando Comprobante
27-01-2014 , Comenzando Impresion
27-01-2014 , PROCESOOPERACION - Inicio
27-01-2014 , PROCESOOPERACION - Comenzar
27-01-2014 , PROCESOOPERACION - LeerCaja
27-01-2014 , PROCESARFACTURA - Entro
27-01-2014 , PROCESARFACTURA - DatosCliente
27-01-2014 , PROCESARFACTURA - Encabezado
27-01-2014 , PROCESARFACTURA - Abrir Comprobante
27-01-2014 , PROCESARFACTURA - LeerActualNumero Primero
27-01-2014 , LEERACTUALNUMERO - Entro Proceso
27-01-2014 , LEERACTUALNUMERO - PrimeroNro B000300000142
27-01-2014 , PROCESARFACTURA - Leer Productos
27-01-2014 , LEERACTUALNUMERO - Entro Proceso
27-01-2014 , LEERACTUALNUMERO - ProximoNro B000300000142
27-01-2014 , PROCESARFACTURA - Leer Productos InsertarProducto
27-01-2014 , LEERACTUALNUMERO - Entro Proceso
27-01-2014 , LEERACTUALNUMERO - ProximoNro B000300000142
27-01-2014 , PROCESARFACTURA - Leer Productos InsertarProducto
27-01-2014 , PROCESARFACTURA - Leer Productos InsertarDescuento
27-01-2014 , PROCESARFACTURA - Error Leer Productos InsertarDescuento
27-01-2014 , PROCESOOPERACION - Comprobante Cerrado
27-01-2014 , PROCESOOPERACION - Error Encabezado
27-01-2014 , PROCESOOPERACION - Comprobante Cancelado
27-01-2014 , Finalizo Impresion
27-01-2014 , No Finalizo Impresion. Comprobante Cancelado. Grabando Estado Anula
27-01-2014 , No Finalizo Impresion. Comprobante Cancelado. Grabando Anulacion
27-01-2014 , Grabando Comprobante
27-01-2014 , Comenzando Impresion
27-01-2014 , PROCESOOPERACION - Inicio
27-01-2014 , PROCESOOPERACION - Comenzar
27-01-2014 , PROCESOOPERACION - LeerCaja
27-01-2014 , PROCESARFACTURA - Entro
27-01-2014 , PROCESARFACTURA - DatosCliente
27-01-2014 , PROCESARFACTURA - Encabezado
27-01-2014 , PROCESARFACTURA - Abrir Comprobante
27-01-2014 , PROCESARFACTURA - LeerActualNumero Primero
27-01-2014 , LEERACTUALNUMERO - Entro Proceso
27-01-2014 , LEERACTUALNUMERO - PrimeroNro B000300000143
27-01-2014 , PROCESARFACTURA - Leer Productos
27-01-2014 , LEERACTUALNUMERO - Entro Proceso
27-01-2014 , LEERACTUALNUMERO - ProximoNro B000300000143
27-01-2014 , PROCESARFACTURA - Leer Productos InsertarProducto
27-01-2014 , LEERACTUALNUMERO - Entro Proceso
27-01-2014 , LEERACTUALNUMERO - ProximoNro B000300000143
27-01-2014 , PROCESARFACTURA - Leer Productos InsertarProducto
27-01-2014 , PROCESARFACTURA - Leer Productos InsertarDescuento
27-01-2014 , PROCESARFACTURA - Error Leer Productos InsertarDescuento
27-01-2014 , PROCESOOPERACION - Comprobante Cerrado
27-01-2014 , PROCESOOPERACION - Error Encabezado
27-01-2014 , PROCESOOPERACION - Comprobante Cancelado
27-01-2014 , Finalizo Impresion
27-01-2014 , No Finalizo Impresion. Comprobante Cancelado. Grabando Estado Anula
27-01-2014 , No Finalizo Impresion. Comprobante Cancelado. Grabando Anulacion
27-01-2014 , Grabando Comprobante
27-01-2014 , Comenzando Impresion
27-01-2014 , PROCESOOPERACION - Inicio
27-01-2014 , PROCESOOPERACION - Comenzar
27-01-2014 , PROCESOOPERACION - LeerCaja
27-01-2014 , PROCESARFACTURA - Entro
27-01-2014 , PROCESARFACTURA - DatosCliente
27-01-2014 , PROCESARFACTURA - Encabezado
27-01-2014 , PROCESARFACTURA - Abrir Comprobante
27-01-2014 , PROCESARFACTURA - LeerActualNumero Primero
27-01-2014 , LEERACTUALNUMERO - Entro Proceso
27-01-2014 , LEERACTUALNUMERO - PrimeroNro B000300000144
27-01-2014 , PROCESARFACTURA - Leer Productos
27-01-2014 , LEERACTUALNUMERO - Entro Proceso
27-01-2014 , LEERACTUALNUMERO - ProximoNro B000300000144
27-01-2014 , PROCESARFACTURA - Leer Productos InsertarProducto
27-01-2014 , LEERACTUALNUMERO - Entro Proceso
27-01-2014 , LEERACTUALNUMERO - ProximoNro B000300000144
27-01-2014 , PROCESARFACTURA - Leer Productos InsertarProducto
27-01-2014 , PROCESARFACTURA - Leer Productos InsertarDescuento
27-01-2014 , PROCESARFACTURA - Error Leer Productos InsertarDescuento
27-01-2014 , PROCESOOPERACION - Comprobante Cerrado
27-01-2014 , PROCESOOPERACION - Error Encabezado
27-01-2014 , PROCESOOPERACION - Comprobante Cancelado
27-01-2014 , Finalizo Impresion
27-01-2014 , No Finalizo Impresion. Comprobante Cancelado. Grabando Estado Anula
27-01-2014 , No Finalizo Impresion. Comprobante Cancelado. Grabando Anulacion
27-01-2014 , Grabando Comprobante
27-01-2014 , Comenzando Impresion
27-01-2014 , PROCESOOPERACION - Inicio
27-01-2014 , PROCESOOPERACION - Comenzar
27-01-2014 , PROCESOOPERACION - LeerCaja
27-01-2014 , PROCESARFACTURA - Entro
27-01-2014 , PROCESARFACTURA - DatosCliente
27-01-2014 , PROCESARFACTURA - Encabezado
27-01-2014 , PROCESARFACTURA - Abrir Comprobante
27-01-2014 , PROCESARFACTURA - LeerActualNumero Primero
27-01-2014 , LEERACTUALNUMERO - Entro Proceso
27-01-2014 , LEERACTUALNUMERO - PrimeroNro B000300000145
27-01-2014 , PROCESARFACTURA - Leer Productos
27-01-2014 , LEERACTUALNUMERO - Entro Proceso
27-01-2014 , LEERACTUALNUMERO - ProximoNro B000300000145
27-01-2014 , PROCESARFACTURA - Leer Productos InsertarProducto
27-01-2014 , LEERACTUALNUMERO - Entro Proceso
27-01-2014 , LEERACTUALNUMERO - ProximoNro B000300000145
27-01-2014 , PROCESARFACTURA - Leer Productos InsertarProducto
27-01-2014 , PROCESARFACTURA - Leer Productos InsertarDescuento
27-01-2014 , PROCESARFACTURA - Error Leer Productos InsertarDescuento
27-01-2014 , PROCESOOPERACION - Comprobante Cerrado
27-01-2014 , PROCESOOPERACION - Error Encabezado
27-01-2014 , PROCESOOPERACION - Comprobante Cancelado
27-01-2014 , Finalizo Impresion
27-01-2014 , No Finalizo Impresion. Comprobante Cancelado. Grabando Estado Anula
27-01-2014 , No Finalizo Impresion. Comprobante Cancelado. Grabando Anulacion
27-01-2014 , Grabando Comprobante
27-01-2014 , Comenzando Impresion
27-01-2014 , PROCESOOPERACION - Inicio
27-01-2014 , PROCESOOPERACION - Comenzar
27-01-2014 , PROCESOOPERACION - LeerCaja
27-01-2014 , PROCESARFACTURA - Entro
27-01-2014 , PROCESARFACTURA - DatosCliente
27-01-2014 , PROCESARFACTURA - Encabezado
27-01-2014 , PROCESARFACTURA - Abrir Comprobante
27-01-2014 , PROCESARFACTURA - LeerActualNumero Primero
27-01-2014 , LEERACTUALNUMERO - Entro Proceso
27-01-2014 , LEERACTUALNUMERO - PrimeroNro B000300000146
27-01-2014 , PROCESARFACTURA - Leer Productos
27-01-2014 , LEERACTUALNUMERO - Entro Proceso
27-01-2014 , LEERACTUALNUMERO - ProximoNro B000300000146
27-01-2014 , PROCESARFACTURA - Leer Productos InsertarProducto
27-01-2014 , LEERACTUALNUMERO - Entro Proceso
27-01-2014 , LEERACTUALNUMERO - ProximoNro B000300000146
27-01-2014 , PROCESARFACTURA - Leer Productos InsertarProducto
27-01-2014 , PROCESARFACTURA - Leer Productos InsertarDescuento
27-01-2014 , PROCESARFACTURA - Error Leer Productos InsertarDescuento
27-01-2014 , PROCESOOPERACION - Comprobante Cerrado
27-01-2014 , PROCESOOPERACION - Error Encabezado
27-01-2014 , PROCESOOPERACION - Comprobante Cancelado
27-01-2014 , Finalizo Impresion
27-01-2014 , No Finalizo Impresion. Comprobante Cancelado. Grabando Estado Anula
27-01-2014 , No Finalizo Impresion. Comprobante Cancelado. Grabando Anulacion
27-01-2014 , Grabando Comprobante
27-01-2014 , Comenzando Impresion
27-01-2014 , PROCESOOPERACION - Inicio
27-01-2014 , PROCESOOPERACION - Comenzar
27-01-2014 , PROCESOOPERACION - LeerCaja
27-01-2014 , PROCESARFACTURA - Entro
27-01-2014 , PROCESARFACTURA - DatosCliente
27-01-2014 , PROCESARFACTURA - Encabezado
27-01-2014 , PROCESARFACTURA - Abrir Comprobante
27-01-2014 , PROCESARFACTURA - LeerActualNumero Primero
27-01-2014 , LEERACTUALNUMERO - Entro Proceso
27-01-2014 , LEERACTUALNUMERO - PrimeroNro B000300000147
27-01-2014 , PROCESARFACTURA - Leer Productos
27-01-2014 , LEERACTUALNUMERO - Entro Proceso
27-01-2014 , LEERACTUALNUMERO - ProximoNro B000300000147
27-01-2014 , PROCESARFACTURA - Leer Productos InsertarProducto
27-01-2014 , LEERACTUALNUMERO - Entro Proceso
27-01-2014 , LEERACTUALNUMERO - ProximoNro B000300000147
27-01-2014 , PROCESARFACTURA - Leer Productos InsertarProducto
27-01-2014 , PROCESARFACTURA - Leer Productos InsertarDescuento
27-01-2014 , PROCESARFACTURA - Error Leer Productos InsertarDescuento
27-01-2014 , PROCESOOPERACION - Comprobante Cerrado
27-01-2014 , PROCESOOPERACION - Error Encabezado
27-01-2014 , PROCESOOPERACION - Comprobante Cancelado
27-01-2014 , Finalizo Impresion
27-01-2014 , No Finalizo Impresion. Comprobante Cancelado. Grabando Estado Anula
27-01-2014 , No Finalizo Impresion. Comprobante Cancelado. Grabando Anulacion
27-01-2014 , Grabando Comprobante
27-01-2014 , Comenzando Impresion
27-01-2014 , PROCESOOPERACION - Inicio
27-01-2014 , PROCESOOPERACION - Comenzar
27-01-2014 , PROCESOOPERACION - LeerCaja
27-01-2014 , PROCESARFACTURA - Entro
27-01-2014 , PROCESARFACTURA - DatosCliente
27-01-2014 , PROCESARFACTURA - Encabezado
27-01-2014 , PROCESARFACTURA - Abrir Comprobante
27-01-2014 , PROCESARFACTURA - LeerActualNumero Primero
27-01-2014 , LEERACTUALNUMERO - Entro Proceso
27-01-2014 , LEERACTUALNUMERO - PrimeroNro B000300000148
27-01-2014 , PROCESARFACTURA - Leer Productos
27-01-2014 , LEERACTUALNUMERO - Entro Proceso
27-01-2014 , LEERACTUALNUMERO - ProximoNro B000300000148
27-01-2014 , PROCESARFACTURA - Leer Productos InsertarProducto
27-01-2014 , PROCESARFACTURA - Leer Productos InsertarDescuento
27-01-2014 , PROCESARFACTURA - Error Leer Productos InsertarDescuento
27-01-2014 , PROCESOOPERACION - Comprobante Cerrado
27-01-2014 , PROCESOOPERACION - Error Encabezado
27-01-2014 , PROCESOOPERACION - Comprobante Cancelado
27-01-2014 , Finalizo Impresion
27-01-2014 , No Finalizo Impresion. Comprobante Cancelado. Grabando Estado Anula
27-01-2014 , No Finalizo Impresion. Comprobante Cancelado. Grabando Anulacion
27-01-2014 , Grabando Comprobante
27-01-2014 , Comenzando Impresion
27-01-2014 , PROCESOOPERACION - Inicio
27-01-2014 , PROCESOOPERACION - Comenzar
27-01-2014 , PROCESOOPERACION - LeerCaja
27-01-2014 , PROCESARFACTURA - Entro
27-01-2014 , PROCESARFACTURA - DatosCliente
27-01-2014 , PROCESARFACTURA - Encabezado
27-01-2014 , PROCESARFACTURA - Abrir Comprobante
27-01-2014 , PROCESARFACTURA - LeerActualNumero Primero
27-01-2014 , LEERACTUALNUMERO - Entro Proceso
27-01-2014 , LEERACTUALNUMERO - PrimeroNro B000300000149
27-01-2014 , PROCESARFACTURA - Leer Productos
27-01-2014 , LEERACTUALNUMERO - Entro Proceso
27-01-2014 , LEERACTUALNUMERO - ProximoNro B000300000149
27-01-2014 , PROCESARFACTURA - Leer Productos InsertarProducto
27-01-2014 , PROCESARFACTURA - Leer Productos InsertarDescuento
27-01-2014 , PROCESARFACTURA - Percepciones
27-01-2014 , LEERACTUALNUMERO - Entro Proceso
27-01-2014 , LEERACTUALNUMERO - ProximoNro B000300000149
27-01-2014 , PROCESARFACTURA - Procesando Pagos
27-01-2014 , PROCESARPAGO - LeerActualNumero
27-01-2014 , LEERACTUALNUMERO - Entro Proceso
27-01-2014 , LEERACTUALNUMERO - ProximoNro B000300000149
27-01-2014 , PROCESARPAGO - SubTotal
27-01-2014 , PROCESARPAGO - LeerActualNumero
27-01-2014 , LEERACTUALNUMERO - Entro Proceso
27-01-2014 , LEERACTUALNUMERO - ProximoNro B000300000149
27-01-2014 , PROCESARPAGO - Formas de Pago
27-01-2014 , PROCESARPAGO - ImprimirPago
27-01-2014 , PROCESARFACTURA - LeerFechaHoraFiscal
27-01-2014 , PROCESARFACTURA - LeerActualNumero Fin proceso
27-01-2014 , LEERACTUALNUMERO - Entro Proceso
27-01-2014 , LEERACTUALNUMERO - ProximoNro B000300000149
27-01-2014 , PROCESOOPERACION - Comprobante Cerrado
27-01-2014 , LEERACTUALNUMERO - Entro Proceso
27-01-2014 , LEERACTUALNUMERO - ProximoNro B000300000149
27-01-2014 , Finalizo Impresion
27-01-2014 , Grabando Comprobante
27-01-2014 , Comenzando Impresion
27-01-2014 , PROCESOOPERACION - Inicio
27-01-2014 , PROCESOOPERACION - Comenzar
27-01-2014 , PROCESOOPERACION - LeerCaja
27-01-2014 , PROCESARFACTURA - Entro
27-01-2014 , PROCESARFACTURA - DatosCliente
27-01-2014 , PROCESARFACTURA - Encabezado
27-01-2014 , PROCESARFACTURA - Abrir Comprobante
27-01-2014 , PROCESARFACTURA - LeerActualNumero Primero
27-01-2014 , LEERACTUALNUMERO - Entro Proceso
27-01-2014 , LEERACTUALNUMERO - PrimeroNro B000300000150
27-01-2014 , PROCESARFACTURA - Leer Productos
27-01-2014 , LEERACTUALNUMERO - Entro Proceso
27-01-2014 , LEERACTUALNUMERO - ProximoNro B000300000150
27-01-2014 , PROCESARFACTURA - Leer Productos InsertarProducto
27-01-2014 , LEERACTUALNUMERO - Entro Proceso
27-01-2014 , LEERACTUALNUMERO - ProximoNro B000300000150
27-01-2014 , PROCESARFACTURA - Leer Productos InsertarProducto
27-01-2014 , PROCESARFACTURA - Leer Productos InsertarDescuento
27-01-2014 , PROCESARFACTURA - Percepciones
27-01-2014 , LEERACTUALNUMERO - Entro Proceso
27-01-2014 , LEERACTUALNUMERO - ProximoNro B000300000150
27-01-2014 , PROCESARFACTURA - Procesando Pagos
27-01-2014 , PROCESARPAGO - LeerActualNumero
27-01-2014 , LEERACTUALNUMERO - Entro Proceso
27-01-2014 , LEERACTUALNUMERO - ProximoNro B000300000150
27-01-2014 , PROCESARPAGO - SubTotal
27-01-2014 , PROCESARPAGO - LeerActualNumero
27-01-2014 , LEERACTUALNUMERO - Entro Proceso
27-01-2014 , LEERACTUALNUMERO - ProximoNro B000300000150
27-01-2014 , PROCESARPAGO - Formas de Pago
27-01-2014 , PROCESARPAGO - ImprimirPago
27-01-2014 , PROCESARFACTURA - LeerFechaHoraFiscal
27-01-2014 , PROCESARFACTURA - LeerActualNumero Fin proceso
27-01-2014 , LEERACTUALNUMERO - Entro Proceso
27-01-2014 , LEERACTUALNUMERO - ProximoNro B000300000150
27-01-2014 , PROCESOOPERACION - Comprobante Cerrado
27-01-2014 , LEERACTUALNUMERO - Entro Proceso
27-01-2014 , LEERACTUALNUMERO - ProximoNro B000300000150
27-01-2014 , Finalizo Impresion
27-01-2014 , Grabando Comprobante
27-01-2014 , Comenzando Impresion
27-01-2014 , PROCESOOPERACION - Inicio
27-01-2014 , PROCESOOPERACION - Comenzar
27-01-2014 , PROCESOOPERACION - LeerCaja
27-01-2014 , PROCESARFACTURA - Entro
27-01-2014 , PROCESARFACTURA - DatosCliente
27-01-2014 , PROCESARFACTURA - Encabezado
27-01-2014 , PROCESARFACTURA - Abrir Comprobante
27-01-2014 , PROCESARFACTURA - LeerActualNumero Primero
27-01-2014 , LEERACTUALNUMERO - Entro Proceso
27-01-2014 , LEERACTUALNUMERO - PrimeroNro B000300000151
27-01-2014 , PROCESARFACTURA - Leer Productos
27-01-2014 , LEERACTUALNUMERO - Entro Proceso
27-01-2014 , LEERACTUALNUMERO - ProximoNro B000300000151
27-01-2014 , PROCESARFACTURA - Leer Productos InsertarProducto
27-01-2014 , LEERACTUALNUMERO - Entro Proceso
27-01-2014 , LEERACTUALNUMERO - ProximoNro B000300000151
27-01-2014 , PROCESARFACTURA - Leer Productos InsertarProducto
27-01-2014 , PROCESARFACTURA - Leer Productos InsertarDescuento
27-01-2014 , PROCESARFACTURA - Error Leer Productos InsertarDescuento
27-01-2014 , PROCESOOPERACION - Comprobante Cerrado
27-01-2014 , PROCESOOPERACION - Error Encabezado
27-01-2014 , PROCESOOPERACION - Comprobante Cancelado
27-01-2014 , Finalizo Impresion
27-01-2014 , No Finalizo Impresion. Comprobante Cancelado. Grabando Estado Anula
27-01-2014 , No Finalizo Impresion. Comprobante Cancelado. Grabando Anulacion
27-01-2014 , Grabando Comprobante
27-01-2014 , Comenzando Impresion
27-01-2014 , PROCESOOPERACION - Inicio
27-01-2014 , PROCESOOPERACION - Comenzar
27-01-2014 , PROCESOOPERACION - LeerCaja
27-01-2014 , PROCESARFACTURA - Entro
27-01-2014 , PROCESARFACTURA - DatosCliente
27-01-2014 , PROCESARFACTURA - Encabezado
27-01-2014 , PROCESARFACTURA - Abrir Comprobante
27-01-2014 , PROCESARFACTURA - LeerActualNumero Primero
27-01-2014 , LEERACTUALNUMERO - Entro Proceso
27-01-2014 , LEERACTUALNUMERO - PrimeroNro B000300000152
27-01-2014 , PROCESARFACTURA - Leer Productos
27-01-2014 , LEERACTUALNUMERO - Entro Proceso
27-01-2014 , LEERACTUALNUMERO - ProximoNro B000300000152
27-01-2014 , PROCESARFACTURA - Leer Productos InsertarProducto
27-01-2014 , LEERACTUALNUMERO - Entro Proceso
27-01-2014 , LEERACTUALNUMERO - ProximoNro B000300000152
27-01-2014 , PROCESARFACTURA - Leer Productos InsertarProducto
27-01-2014 , PROCESARFACTURA - Leer Productos InsertarDescuento
27-01-2014 , PROCESARFACTURA - Error Leer Productos InsertarDescuento
27-01-2014 , PROCESOOPERACION - Comprobante Cerrado
27-01-2014 , PROCESOOPERACION - Error Encabezado
27-01-2014 , PROCESOOPERACION - Comprobante Cancelado
27-01-2014 , Finalizo Impresion
27-01-2014 , No Finalizo Impresion. Comprobante Cancelado. Grabando Estado Anula
27-01-2014 , No Finalizo Impresion. Comprobante Cancelado. Grabando Anulacion
27-01-2014 , Grabando Comprobante
27-01-2014 , Comenzando Impresion
27-01-2014 , PROCESOOPERACION - Inicio
27-01-2014 , PROCESOOPERACION - Comenzar
27-01-2014 , PROCESOOPERACION - Comprobante Cerrado
27-01-2014 , PROCESOOPERACION - Error Encabezado
27-01-2014 , PROCESOOPERACION - Comprobante Cancelado
27-01-2014 , Finalizo Impresion
27-01-2014 , FISCAL - Aborto ProcesoOperacion()
27-01-2014 , LEERACTUALNUMERO - Entro Proceso
27-01-2014 , LEERACTUALNUMERO - PrimeroNro B000300000152
27-01-2014 , DETENER 
27-01-2014 , Comenzando Impresion
27-01-2014 , PROCESOOPERACION - Inicio
27-01-2014 , PROCESOOPERACION - Comenzar
27-01-2014 , PROCESOOPERACION - LeerCaja
27-01-2014 , PROCESARFACTURA - Entro
27-01-2014 , PROCESARFACTURA - DatosCliente
27-01-2014 , PROCESARFACTURA - Encabezado
27-01-2014 , PROCESARFACTURA - Abrir Comprobante
27-01-2014 , PROCESARFACTURA - LeerActualNumero Primero
27-01-2014 , LEERACTUALNUMERO - Entro Proceso
27-01-2014 , LEERACTUALNUMERO - PrimeroNro B000300000153
27-01-2014 , PROCESARFACTURA - Leer Productos
27-01-2014 , LEERACTUALNUMERO - Entro Proceso
27-01-2014 , LEERACTUALNUMERO - ProximoNro B000300000153
27-01-2014 , PROCESARFACTURA - Leer Productos InsertarProducto
27-01-2014 , LEERACTUALNUMERO - Entro Proceso
27-01-2014 , LEERACTUALNUMERO - ProximoNro B000300000153
27-01-2014 , PROCESARFACTURA - Leer Productos InsertarProducto
27-01-2014 , PROCESARFACTURA - Leer Productos InsertarDescuento
27-01-2014 , PROCESARFACTURA - Error Leer Productos InsertarDescuento
27-01-2014 , PROCESOOPERACION - Comprobante Cerrado
27-01-2014 , PROCESOOPERACION - Error Encabezado
27-01-2014 , PROCESOOPERACION - Comprobante Cancelado
27-01-2014 , Finalizo Impresion
27-01-2014 , No Finalizo Impresion. Comprobante Cancelado. Grabando Estado Anula
27-01-2014 , No Finalizo Impresion. Comprobante Cancelado. Grabando Anulacion
27-01-2014 , Grabando Comprobante
27-01-2014 , Comenzando Impresion
27-01-2014 , PROCESOOPERACION - Inicio
27-01-2014 , PROCESOOPERACION - Comenzar
27-01-2014 , PROCESOOPERACION - LeerCaja
27-01-2014 , PROCESARFACTURA - Entro
27-01-2014 , PROCESARFACTURA - DatosCliente
27-01-2014 , PROCESARFACTURA - Encabezado
27-01-2014 , PROCESARFACTURA - Abrir Comprobante
27-01-2014 , PROCESARFACTURA - LeerActualNumero Primero
27-01-2014 , LEERACTUALNUMERO - Entro Proceso
27-01-2014 , LEERACTUALNUMERO - PrimeroNro B000300000154
27-01-2014 , PROCESARFACTURA - Leer Productos
27-01-2014 , LEERACTUALNUMERO - Entro Proceso
27-01-2014 , LEERACTUALNUMERO - ProximoNro B000300000154
27-01-2014 , PROCESARFACTURA - Leer Productos InsertarProducto
27-01-2014 , LEERACTUALNUMERO - Entro Proceso
27-01-2014 , LEERACTUALNUMERO - ProximoNro B000300000154
27-01-2014 , PROCESARFACTURA - Leer Productos InsertarProducto
27-01-2014 , PROCESARFACTURA - Leer Productos InsertarDescuento
27-01-2014 , PROCESARFACTURA - Error Leer Productos InsertarDescuento
27-01-2014 , PROCESOOPERACION - Comprobante Cerrado
27-01-2014 , PROCESOOPERACION - Error Encabezado
27-01-2014 , PROCESOOPERACION - Comprobante Cancelado
27-01-2014 , Finalizo Impresion
27-01-2014 , No Finalizo Impresion. Comprobante Cancelado. Grabando Estado Anula
27-01-2014 , No Finalizo Impresion. Comprobante Cancelado. Grabando Anulacion
27-01-2014 , Grabando Comprobante
27-01-2014 , Comenzando Impresion
27-01-2014 , PROCESOOPERACION - Inicio
27-01-2014 , PROCESOOPERACION - Comenzar
27-01-2014 , PROCESOOPERACION - LeerCaja
27-01-2014 , PROCESARFACTURA - Entro
27-01-2014 , PROCESARFACTURA - DatosCliente
27-01-2014 , PROCESARFACTURA - Encabezado
27-01-2014 , PROCESARFACTURA - Abrir Comprobante
27-01-2014 , PROCESARFACTURA - LeerActualNumero Primero
27-01-2014 , LEERACTUALNUMERO - Entro Proceso
27-01-2014 , LEERACTUALNUMERO - PrimeroNro B000300000155
27-01-2014 , PROCESARFACTURA - Leer Productos
27-01-2014 , LEERACTUALNUMERO - Entro Proceso
27-01-2014 , LEERACTUALNUMERO - ProximoNro B000300000155
27-01-2014 , PROCESARFACTURA - Leer Productos InsertarProducto
27-01-2014 , LEERACTUALNUMERO - Entro Proceso
27-01-2014 , LEERACTUALNUMERO - ProximoNro B000300000155
27-01-2014 , PROCESARFACTURA - Leer Productos InsertarProducto
27-01-2014 , PROCESARFACTURA - Leer Productos InsertarDescuento
27-01-2014 , LEERACTUALNUMERO - Entro Proceso
27-01-2014 , LEERACTUALNUMERO - ProximoNro B000300000155
27-01-2014 , PROCESARFACTURA - Leer Productos InsertarProducto
27-01-2014 , LEERACTUALNUMERO - Entro Proceso
27-01-2014 , LEERACTUALNUMERO - ProximoNro B000300000155
27-01-2014 , PROCESARFACTURA - Leer Productos InsertarProducto
27-01-2014 , LEERACTUALNUMERO - Entro Proceso
27-01-2014 , LEERACTUALNUMERO - ProximoNro B000300000155
27-01-2014 , PROCESARFACTURA - Leer Productos InsertarProducto
27-01-2014 , LEERACTUALNUMERO - Entro Proceso
27-01-2014 , LEERACTUALNUMERO - ProximoNro B000300000155
27-01-2014 , PROCESARFACTURA - Leer Productos InsertarProducto
27-01-2014 , PROCESARFACTURA - Leer Productos InsertarDescuento
27-01-2014 , LEERACTUALNUMERO - Entro Proceso
27-01-2014 , LEERACTUALNUMERO - ProximoNro B000300000155
27-01-2014 , PROCESARFACTURA - Leer Productos InsertarProducto
27-01-2014 , LEERACTUALNUMERO - Entro Proceso
27-01-2014 , LEERACTUALNUMERO - ProximoNro B000300000155
27-01-2014 , PROCESARFACTURA - Leer Productos InsertarProducto
27-01-2014 , LEERACTUALNUMERO - Entro Proceso
27-01-2014 , LEERACTUALNUMERO - ProximoNro B000300000155
27-01-2014 , PROCESARFACTURA - Leer Productos InsertarProducto
27-01-2014 , LEERACTUALNUMERO - Entro Proceso
27-01-2014 , LEERACTUALNUMERO - ProximoNro B000300000155
27-01-2014 , PROCESARFACTURA - Leer Productos InsertarProducto
27-01-2014 , LEERACTUALNUMERO - Entro Proceso
27-01-2014 , LEERACTUALNUMERO - ProximoNro B000300000155
27-01-2014 , PROCESARFACTURA - Leer Productos InsertarProducto
27-01-2014 , LEERACTUALNUMERO - Entro Proceso
27-01-2014 , LEERACTUALNUMERO - ProximoNro B000300000155
27-01-2014 , PROCESARFACTURA - Leer Productos InsertarProducto
27-01-2014 , PROCESARFACTURA - Percepciones
27-01-2014 , LEERACTUALNUMERO - Entro Proceso
27-01-2014 , LEERACTUALNUMERO - ProximoNro B000300000155
27-01-2014 , PROCESARFACTURA - Procesando Pagos
27-01-2014 , PROCESARPAGO - LeerActualNumero
27-01-2014 , LEERACTUALNUMERO - Entro Proceso
27-01-2014 , LEERACTUALNUMERO - ProximoNro B000300000155
27-01-2014 , PROCESARPAGO - SubTotal
27-01-2014 , PROCESARPAGO - LeerActualNumero
27-01-2014 , LEERACTUALNUMERO - Entro Proceso
27-01-2014 , LEERACTUALNUMERO - ProximoNro B000300000155
27-01-2014 , PROCESARPAGO - Formas de Pago
27-01-2014 , PROCESARPAGO - ImprimirPago
27-01-2014 , PROCESARFACTURA - LeerFechaHoraFiscal
27-01-2014 , PROCESARFACTURA - LeerActualNumero Fin proceso
27-01-2014 , LEERACTUALNUMERO - Entro Proceso
27-01-2014 , LEERACTUALNUMERO - ProximoNro B000300000155
27-01-2014 , PROCESOOPERACION - Comprobante Cerrado
27-01-2014 , LEERACTUALNUMERO - Entro Proceso
27-01-2014 , LEERACTUALNUMERO - ProximoNro B000300000156
27-01-2014 , Finalizo Impresion
27-01-2014 , Grabando Comprobante
27-01-2014 , Comenzando Impresion
27-01-2014 , PROCESOOPERACION - Inicio
27-01-2014 , PROCESOOPERACION - Comenzar
27-01-2014 , PROCESOOPERACION - LeerCaja
27-01-2014 , PROCESARFACTURA - Entro
27-01-2014 , PROCESARFACTURA - DatosCliente
27-01-2014 , PROCESARFACTURA - Encabezado
27-01-2014 , PROCESARFACTURA - Abrir Comprobante
27-01-2014 , PROCESARFACTURA - LeerActualNumero Primero
27-01-2014 , LEERACTUALNUMERO - Entro Proceso
27-01-2014 , LEERACTUALNUMERO - PrimeroNro B000300000157
27-01-2014 , PROCESARFACTURA - Leer Productos
27-01-2014 , LEERACTUALNUMERO - Entro Proceso
27-01-2014 , LEERACTUALNUMERO - ProximoNro B000300000157
27-01-2014 , PROCESARFACTURA - Leer Productos InsertarProducto 8167    
27-01-2014 , LEERACTUALNUMERO - Entro Proceso
27-01-2014 , LEERACTUALNUMERO - ProximoNro B000300000157
27-01-2014 , PROCESARFACTURA - Leer Productos InsertarProducto 8167    
27-01-2014 , PROCESARFACTURA - Leer Productos InsertarDescuento 8167    
27-01-2014 , PROCESARFACTURA - Error Leer Productos InsertarDescuento 8167    
27-01-2014 , PROCESOOPERACION - Comprobante Cerrado
27-01-2014 , PROCESOOPERACION - Error Encabezado
27-01-2014 , PROCESOOPERACION - Comprobante Cancelado
27-01-2014 , Finalizo Impresion
27-01-2014 , No Finalizo Impresion. Comprobante Cancelado. Grabando Estado Anula
27-01-2014 , No Finalizo Impresion. Comprobante Cancelado. Grabando Anulacion
27-01-2014 , Grabando Comprobante
27-01-2014 , Comenzando Impresion
27-01-2014 , PROCESOOPERACION - Inicio
27-01-2014 , PROCESOOPERACION - Comenzar
27-01-2014 , PROCESOOPERACION - LeerCaja
27-01-2014 , PROCESARFACTURA - Entro
27-01-2014 , PROCESARFACTURA - DatosCliente
27-01-2014 , PROCESARFACTURA - Encabezado
27-01-2014 , PROCESARFACTURA - Abrir Comprobante
27-01-2014 , PROCESARFACTURA - LeerActualNumero Primero
27-01-2014 , LEERACTUALNUMERO - Entro Proceso
27-01-2014 , LEERACTUALNUMERO - PrimeroNro B000300000158
27-01-2014 , PROCESARFACTURA - Leer Productos
27-01-2014 , LEERACTUALNUMERO - Entro Proceso
27-01-2014 , LEERACTUALNUMERO - ProximoNro B000300000158
27-01-2014 , PROCESARFACTURA - Leer Productos InsertarProducto 8167    
27-01-2014 , LEERACTUALNUMERO - Entro Proceso
27-01-2014 , LEERACTUALNUMERO - ProximoNro B000300000158
27-01-2014 , PROCESARFACTURA - Leer Productos InsertarProducto 8167    
27-01-2014 , PROCESARFACTURA - Leer Productos InsertarDescuento 8167    
27-01-2014 , LEERACTUALNUMERO - Entro Proceso
27-01-2014 , LEERACTUALNUMERO - ProximoNro B000300000158
27-01-2014 , PROCESARFACTURA - Leer Productos InsertarProducto 1808    
27-01-2014 , LEERACTUALNUMERO - Entro Proceso
27-01-2014 , LEERACTUALNUMERO - ProximoNro B000300000158
27-01-2014 , PROCESARFACTURA - Leer Productos InsertarProducto 210     
27-01-2014 , LEERACTUALNUMERO - Entro Proceso
27-01-2014 , LEERACTUALNUMERO - ProximoNro B000300000158
27-01-2014 , PROCESARFACTURA - Leer Productos InsertarProducto 231     
27-01-2014 , LEERACTUALNUMERO - Entro Proceso
27-01-2014 , LEERACTUALNUMERO - ProximoNro B000300000158
27-01-2014 , PROCESARFACTURA - Leer Productos InsertarProducto 8008    
27-01-2014 , PROCESARFACTURA - Leer Productos InsertarDescuento 8008    
27-01-2014 , LEERACTUALNUMERO - Entro Proceso
27-01-2014 , LEERACTUALNUMERO - ProximoNro B000300000158
27-01-2014 , PROCESARFACTURA - Leer Productos InsertarProducto 8017    
27-01-2014 , LEERACTUALNUMERO - Entro Proceso
27-01-2014 , LEERACTUALNUMERO - ProximoNro B000300000158
27-01-2014 , PROCESARFACTURA - Leer Productos InsertarProducto 8243    
27-01-2014 , LEERACTUALNUMERO - Entro Proceso
27-01-2014 , LEERACTUALNUMERO - ProximoNro B000300000158
27-01-2014 , PROCESARFACTURA - Leer Productos InsertarProducto 8357    
27-01-2014 , LEERACTUALNUMERO - Entro Proceso
27-01-2014 , LEERACTUALNUMERO - ProximoNro B000300000158
27-01-2014 , PROCESARFACTURA - Leer Productos InsertarProducto 885     
27-01-2014 , LEERACTUALNUMERO - Entro Proceso
27-01-2014 , LEERACTUALNUMERO - ProximoNro B000300000158
27-01-2014 , PROCESARFACTURA - Leer Productos InsertarProducto 931     
27-01-2014 , LEERACTUALNUMERO - Entro Proceso
27-01-2014 , LEERACTUALNUMERO - ProximoNro B000300000158
27-01-2014 , PROCESARFACTURA - Leer Productos InsertarProducto 9379    
27-01-2014 , PROCESARFACTURA - Percepciones
27-01-2014 , LEERACTUALNUMERO - Entro Proceso
27-01-2014 , LEERACTUALNUMERO - ProximoNro B000300000158
27-01-2014 , PROCESARFACTURA - Procesando Pagos
27-01-2014 , PROCESARPAGO - LeerActualNumero
27-01-2014 , LEERACTUALNUMERO - Entro Proceso
27-01-2014 , LEERACTUALNUMERO - ProximoNro B000300000158
27-01-2014 , PROCESARPAGO - SubTotal
27-01-2014 , PROCESARPAGO - LeerActualNumero
27-01-2014 , LEERACTUALNUMERO - Entro Proceso
27-01-2014 , LEERACTUALNUMERO - ProximoNro B000300000158
27-01-2014 , PROCESARPAGO - Formas de Pago
27-01-2014 , PROCESARPAGO - ImprimirPago
27-01-2014 , PROCESARFACTURA - LeerFechaHoraFiscal
27-01-2014 , PROCESARFACTURA - LeerActualNumero Fin proceso
27-01-2014 , LEERACTUALNUMERO - Entro Proceso
27-01-2014 , LEERACTUALNUMERO - ProximoNro B000300000158
27-01-2014 , PROCESOOPERACION - Comprobante Cerrado
27-01-2014 , LEERACTUALNUMERO - Entro Proceso
27-01-2014 , LEERACTUALNUMERO - ProximoNro B000300000159
27-01-2014 , Finalizo Impresion
27-01-2014 , Grabando Comprobante
27-01-2014 , Comenzando Impresion
27-01-2014 , PROCESOOPERACION - Inicio
27-01-2014 , PROCESOOPERACION - Comenzar
27-01-2014 , PROCESOOPERACION - Comprobante Cerrado
27-01-2014 , PROCESOOPERACION - Error Encabezado
27-01-2014 , PROCESOOPERACION - Comprobante Cancelado
27-01-2014 , Finalizo Impresion
27-01-2014 , FISCAL - Aborto ProcesoOperacion()
27-01-2014 , Comenzando Impresion
27-01-2014 , PROCESOOPERACION - Inicio
27-01-2014 , PROCESOOPERACION - Comenzar
27-01-2014 , Finalizo Impresion
27-01-2014 , FISCAL - Aborto ProcesoOperacion()
27-01-2014 , Comenzando Impresion
27-01-2014 , PROCESOOPERACION - Inicio
27-01-2014 , PROCESOOPERACION - Comenzar
27-01-2014 , Finalizo Impresion
27-01-2014 , FISCAL - Aborto ProcesoOperacion()
