28-08-2017 , Grabando Comprobante accion=A
28-08-2017 , DETENER 
28-08-2017 , REPORTES
28-08-2017 , REPORTEX - 00000001
28-08-2017 , REPORTES
28-08-2017 , ID: 110000060008: Comenzando Impresion
28-08-2017 , ID: 110000060008: PROCESOOPERACION - Inicio
28-08-2017 , ID: 110000060008: PROCESOOPERACION - Comenzar
28-08-2017 , ID: 110000060008: PROCESOOPERACION - LeerCaja
28-08-2017 , ID: 110000060008: PROCESARFACTURA - Entro
28-08-2017 , ID: 110000060008: PROCESARFACTURA - DatosCliente
28-08-2017 , ID: 110000060008: PROCESARFACTURA - Encabezado
28-08-2017 , ID: 110000060008: PROCESARFACTURA - Abrir Comprobante
28-08-2017 , ID: 110000060008: PROCESARFACTURA - LeerActualNumero Primero
28-08-2017 , ID: 110000060008: LEERACTUALNUMERO - Entro Proceso
28-08-2017 , ID: 110000060008: LEERACTUALNUMERO - PrimeroNro B000700000001
28-08-2017 , ID: 110000060008: PROCESARFACTURA - Leer Productos
28-08-2017 , ID: 110000060008: LEERACTUALNUMERO - Entro Proceso
28-08-2017 , ID: 110000060008: LEERACTUALNUMERO - ProximoNro B000700000001
28-08-2017 , ID: 110000060008: PROCESARFACTURA - Leer Productos InsertarProducto 271     
28-08-2017 , ID: 110000060008: PROCESARFACTURA - Percepciones
28-08-2017 , ID: 110000060008: LEERACTUALNUMERO - Entro Proceso
28-08-2017 , ID: 110000060008: LEERACTUALNUMERO - ProximoNro B000700000001
28-08-2017 , ID: 110000060008: PROCESARFACTURA - Procesando Pagos
28-08-2017 , ID: 110000060008: PROCESARPAGO - LeerActualNumero
28-08-2017 , ID: 110000060008: LEERACTUALNUMERO - Entro Proceso
28-08-2017 , ID: 110000060008: LEERACTUALNUMERO - ProximoNro B000700000001
28-08-2017 , ID: 110000060008: PROCESARPAGO - SubTotal
28-08-2017 , ID: 110000060008: PROCESARPAGO - LeerActualNumero
28-08-2017 , ID: 110000060008: LEERACTUALNUMERO - Entro Proceso
28-08-2017 , ID: 110000060008: LEERACTUALNUMERO - ProximoNro B000700000001
28-08-2017 , ID: 110000060008: PROCESARPAGO - Formas de Pago
28-08-2017 , ID: 110000060008: PROCESARPAGO - ImprimirPago
28-08-2017 , ID: 110000060008: PROCESARFACTURA - LeerFechaHoraFiscal
28-08-2017 , ID: 110000060008: PROCESARFACTURA - LeerActualNumero Fin proceso
28-08-2017 , ID: 110000060008: LEERACTUALNUMERO - Entro Proceso
28-08-2017 , ID: 110000060008: LEERACTUALNUMERO - ProximoNro B000700000001
28-08-2017 , ID: 110000060008: PROCESOOPERACION - Comprobante Cerrado
28-08-2017 , ID: 110000060008: LEERACTUALNUMERO - Entro Proceso
28-08-2017 , ID: 110000060008: LEERACTUALNUMERO - ProximoNro B000700000001
28-08-2017 , ID: 110000060008: Finalizo Impresion
28-08-2017 , Grabando Comprobante accion=A
28-08-2017 , ID: 110000060009: Comenzando Impresion
28-08-2017 , ID: 110000060009: PROCESOOPERACION - Inicio
28-08-2017 , ID: 110000060009: PROCESOOPERACION - Comenzar
28-08-2017 , ID: 110000060009: PROCESOOPERACION - LeerCaja
28-08-2017 , ID: 110000060009: PROCESARFACTURA - Entro
28-08-2017 , ID: 110000060009: PROCESARFACTURA - DatosCliente
28-08-2017 , ID: 110000060009: PROCESARFACTURA - Encabezado
28-08-2017 , ID: 110000060009: PROCESARFACTURA - Abrir Comprobante
28-08-2017 , ID: 110000060009: PROCESARFACTURA - LeerActualNumero Primero
28-08-2017 , ID: 110000060009: LEERACTUALNUMERO - Entro Proceso
28-08-2017 , ID: 110000060009: LEERACTUALNUMERO - PrimeroNro B000700000002
28-08-2017 , ID: 110000060009: PROCESARFACTURA - Leer Productos
28-08-2017 , ID: 110000060009: LEERACTUALNUMERO - Entro Proceso
28-08-2017 , ID: 110000060009: LEERACTUALNUMERO - ProximoNro B000700000002
28-08-2017 , ID: 110000060009: PROCESARFACTURA - Leer Productos InsertarProducto 271     
28-08-2017 , ID: 110000060009: PROCESARFACTURA - Percepciones
28-08-2017 , ID: 110000060009: LEERACTUALNUMERO - Entro Proceso
28-08-2017 , ID: 110000060009: LEERACTUALNUMERO - ProximoNro B000700000002
28-08-2017 , ID: 110000060009: PROCESARFACTURA - Procesando Pagos
28-08-2017 , ID: 110000060009: PROCESARPAGO - LeerActualNumero
28-08-2017 , ID: 110000060009: LEERACTUALNUMERO - Entro Proceso
28-08-2017 , ID: 110000060009: LEERACTUALNUMERO - ProximoNro B000700000002
28-08-2017 , ID: 110000060009: PROCESARPAGO - SubTotal
28-08-2017 , ID: 110000060009: PROCESARPAGO - LeerActualNumero
28-08-2017 , ID: 110000060009: LEERACTUALNUMERO - Entro Proceso
28-08-2017 , ID: 110000060009: LEERACTUALNUMERO - ProximoNro B000700000002
28-08-2017 , ID: 110000060009: PROCESARPAGO - Formas de Pago
28-08-2017 , ID: 110000060009: PROCESARPAGO - ImprimirPago
28-08-2017 , ID: 110000060009: PROCESARFACTURA - LeerFechaHoraFiscal
28-08-2017 , ID: 110000060009: PROCESARFACTURA - LeerActualNumero Fin proceso
28-08-2017 , ID: 110000060009: LEERACTUALNUMERO - Entro Proceso
28-08-2017 , ID: 110000060009: LEERACTUALNUMERO - ProximoNro B000700000002
28-08-2017 , ID: 110000060009: PROCESOOPERACION - Comprobante Cerrado
28-08-2017 , ID: 110000060009: LEERACTUALNUMERO - Entro Proceso
28-08-2017 , ID: 110000060009: LEERACTUALNUMERO - ProximoNro B000700000002
28-08-2017 , ID: 110000060009: Finalizo Impresion
28-08-2017 , Grabando Comprobante accion=A
