Programa c:\xsoftsql\desarrollo\lib\procdesarrollo.prg tiene los siguientes errores:
    Desconocido STRZERO - Indefinido
    Desconocido LEEREJERCICIOACTIVO - Indefinido

Biblioteca de clases visuales c:\xsoftsql\desarrollo\clases\controles.vcx tiene los siguientes errores:
    Desconocido STRZERO - Indefinido
    Desconocido LEEREJERCICIOACTIVO - Indefinido
    Desconocido CREARCURSORADAPTER - Indefinido
    Desconocido CLEARTEC - Indefinido
    Desconocido CREATESTRUCT - Indefinido
    Desconocido CONVERTTOURL - Indefinido

Biblioteca de clases visuales c:\xsoftsql\desarrollo\lib\icontrolespersonalizados.vcx tiene los siguientes errores:
    Desconocido CLEARTEC - Indefinido
    Desconocido HAZMODIFICABLE - Indefinido
    Proc./Func. REPORTE - Indefinido

Biblioteca de clases visuales c:\xsoftsql\desarrollo\clases\forms.vcx tiene los siguientes errores:
    Desconocido CREARCURSORADAPTER - Indefinido
    Desconocido CLEARTEC - Indefinido
    Desconocido GETOBJNEGHIJOSREFINSDEL - Indefinido

Biblioteca de clases visuales c:\xsoftsql\desarrollo\clases\odata.vcx tiene los siguientes errores:
    Desconocido STRZERO - Indefinido
    Desconocido CREARCURSORADAPTER - Indefinido
    Desconocido RED - Indefinido
    Desconocido GETOBJNEGHIJOSREF - Indefinido
    Desconocido NUEVOIDSQL - Indefinido
    Desconocido CBANTEAFECTA - Indefinido
    Desconocido STRID - Indefinido
    Desconocido FECHAHORACERO - Indefinido
    Desconocido DEVOLVEREJERCICIOCONTABLE - Indefinido
    Desconocido DESENCRIPTA - Indefinido

Biblioteca de clases visuales c:\xsoftsql\desarrollo\clases\iform.vcx tiene los siguientes errores:
    Desconocido CLEARTEC - Indefinido
    Proc./Func. REPORTE - Indefinido
    Desconocido GETOBJNEGHIJOSREFINSDEL - Indefinido

Biblioteca de clases visuales c:\xsoftsql\desarrollo\clases\rcscalendar.vcx tiene los siguientes errores:
    Desconocido MESARG - Indefinido

Formulario c:\xsoftsql\proyectos\leon\forms\frmterminal.scx tiene los siguientes errores:
    Desconocido CREARCURSORADAPTER - Indefinido

Biblioteca de clases visuales c:\xsoftsql\desarrollo\clases\clasesgenerales.vcx tiene los siguientes errores:
    Desconocido CLEARTEC - Indefinido

Biblioteca de clases visuales c:\xsoftsql\desarrollo\clases\inegocios.vcx tiene los siguientes errores:
    Desconocido CREARCURSORADAPTER - Indefinido

Biblioteca de clases visuales c:\xsoftsql\proyectos\leon\clases\controleslocal.vcx tiene los siguientes errores:
    Desconocido STRZERO - Indefinido
    Desconocido FECHAHORACERO - Indefinido

Biblioteca de clases visuales c:\xsoftsql\proyectos\leon\clases\onegocioslocal.vcx tiene los siguientes errores:
    Desconocido STRZERO - Indefinido
    Desconocido CREARCURSORADAPTER - Indefinido
    Desconocido NUEVOIDSQL - Indefinido
    Desconocido STRID - Indefinido
    Desconocido FECHAHORACERO - Indefinido

Biblioteca de clases visuales c:\xsoftsql\proyectos\leon\clases\oformslocal.vcx tiene los siguientes errores:
    Desconocido CREARCURSORADAPTER - Indefinido
    Desconocido CLEARTEC - Indefinido
    Desconocido GETOBJNEGHIJOSREFINSDEL - Indefinido

Biblioteca de clases visuales c:\xsoftsql\desarrollo\clases\onegocio.vcx tiene los siguientes errores:
    Desconocido STRZERO - Indefinido
    Desconocido CREARCURSORADAPTER - Indefinido
    Desconocido RED - Indefinido
    Desconocido STRID - Indefinido
    Desconocido FECHAHORACERO - Indefinido
    Desconocido DESENCRIPTA - Indefinido
    Desconocido MESARG - Indefinido
    Desconocido NUMEROLETRA - Indefinido
    Desconocido CUIT - Indefinido

