06-11-2019 , Key13()..Comenzando Impresion ID: 110000114035-> //06-11-2019 15:00:52
06-11-2019 , ProcesarOperacion()..Comenzar //06-11-2019 15:00:54
06-11-2019 , ProcesarFactura()..Entro //06-11-2019 15:00:54
06-11-2019 , ProcesarFactura()..Error DESCUENTOULTIMOITEM Error Fiscal EpsonNro Error:517Mensaje:No definido - Consultar Listado //06-11-2019 15:01:10
06-11-2019 , ProcesarOperacion()..Cancelado -CerrarComprobanteFiscal //06-11-2019 15:01:12
06-11-2019 , ProcesarOperacion()..Error de Papel, Pendiente //06-11-2019 15:01:12
06-11-2019 , Key13()..Finalizo Impresion //06-11-2019 15:01:12
06-11-2019 , Key13()..Comenzando Impresion ID: 110000114035-> //06-11-2019 15:12:53
06-11-2019 , ProcesarOperacion()..Comenzar //06-11-2019 15:12:54
06-11-2019 , ProcesarFactura()..Entro //06-11-2019 15:12:54
06-11-2019 , ProcesarFactura()..Error DESCUENTOULTIMOITEM Error Fiscal EpsonNro Error:16777219Mensaje:No definido - Consultar Listado //06-11-2019 15:13:43
06-11-2019 , ProcesarOperacion()..Cancelado -CerrarComprobanteFiscal //06-11-2019 15:13:45
06-11-2019 , ProcesarOperacion()..Error de Papel, Pendiente //06-11-2019 15:13:45
06-11-2019 , Key13()..Finalizo Impresion //06-11-2019 15:13:45
06-11-2019 , Key13()..Comenzando Impresion ID: 110000114035-> //06-11-2019 15:15:06
06-11-2019 , ProcesarOperacion()..Comenzar //06-11-2019 15:15:08
06-11-2019 , ProcesarFactura()..Entro //06-11-2019 15:15:08
06-11-2019 , ProcesarFactura()..Error DESCUENTOULTIMOITEM  //06-11-2019 15:15:50
06-11-2019 , ProcesarOperacion()..Cancelado -CerrarComprobanteFiscal //06-11-2019 15:15:53
06-11-2019 , ProcesarOperacion()..Error de Papel, Pendiente //06-11-2019 15:15:53
06-11-2019 , Key13()..Finalizo Impresion //06-11-2019 15:15:53
06-11-2019 , Key13()..Comenzando Impresion ID: 110000114035-> //06-11-2019 15:16:45
06-11-2019 , ProcesarOperacion()..Comenzar //06-11-2019 15:16:47
06-11-2019 , ProcesarFactura()..Entro //06-11-2019 15:16:47
06-11-2019 , ProcesarFactura()..Error DESCUENTOULTIMOITEM Error Fiscal EpsonNro Error:517Mensaje:No definido - Consultar Listado //06-11-2019 15:17:51
06-11-2019 , ProcesarOperacion()..Cancelado -CerrarComprobanteFiscal //06-11-2019 15:17:53
06-11-2019 , ProcesarOperacion()..Error de Papel, Pendiente //06-11-2019 15:17:53
06-11-2019 , Key13()..Finalizo Impresion //06-11-2019 15:17:53
06-11-2019 , Key13()..Comenzando Impresion ID: 110000114035-> //06-11-2019 15:19:11
06-11-2019 , ProcesarOperacion()..Comenzar //06-11-2019 15:19:13
06-11-2019 , ProcesarFactura()..Entro //06-11-2019 15:19:13
06-11-2019 , ProcesarFactura()..Error DESCUENTOULTIMOITEM Error Fiscal EpsonNro Error:517Mensaje:No definido - Consultar Listado //06-11-2019 15:20:16
06-11-2019 , ProcesarOperacion()..Cancelado -CerrarComprobanteFiscal //06-11-2019 15:20:18
06-11-2019 , ProcesarOperacion()..Error de Papel, Pendiente //06-11-2019 15:20:18
06-11-2019 , Key13()..Finalizo Impresion //06-11-2019 15:20:18
