10-03-2022 09:45:49 AM , 09:45:49 AM//Estableciendo conexion...
10-03-2022 09:45:51 AM , 09:45:51 AM//Conectado
10-03-2022 09:45:52 AM , 09:45:52 AM//Empresa: PRUEBA (2)                                        
10-03-2022 09:45:52 AM , 09:45:52 AM//Verificacion concluida.
10-03-2022 09:45:53 AM , 09:45:53 AM//servidor DISPONIBLE
10-03-2022 09:46:02 AM , 09:46:02 AM//servidor DISPONIBLE
10-03-2022 09:46:02 AM , 09:46:02 AM//Modulo: ARTICULOS
10-03-2022 09:46:07 AM , 09:46:07 AM//borrando datos antiguos de secciones.....
10-03-2022 09:46:08 AM , 09:46:08 AM//cargando datos secciones.....
10-03-2022 09:46:27 AM , 09:46:27 AM//IMPORTACION SECCIONES EXITOSA
10-03-2022 09:46:33 AM , 09:46:33 AM//borrando datos antiguos de articulos.....
10-03-2022 09:46:35 AM , 09:46:35 AM//cargando datos articulos.....1130 registros
10-03-2022 09:46:36 AM , 09:46:36 AM//Importando de 0 a 226 articulos
10-03-2022 09:47:39 AM , 09:47:39 AM//Importando los siguientes 226 articulos
10-03-2022 09:48:33 AM , 09:48:33 AM//Importando los siguientes 452 articulos
10-03-2022 09:49:39 AM , 09:49:39 AM//Importando los siguientes 678 articulos
10-03-2022 09:50:46 AM , 09:50:46 AM//Importando los siguientes 904 articulos
10-03-2022 09:51:46 AM , 09:51:46 AM//Importando los siguientes 1130 articulos
10-03-2022 09:51:46 AM , 09:51:46 AM//IMPORTACION ARTICULOS EXITOSA
10-03-2022 09:51:54 AM , 09:51:54 AM//borrando datos antiguos de variedades.....
10-03-2022 09:51:55 AM , 09:51:55 AM//cargando datos variedades.....927 registros
10-03-2022 09:51:56 AM , 09:51:56 AM//Importando los primeros 185 variedades
10-03-2022 09:52:56 AM , 09:52:56 AM//Importando los siguientes 185 registros
10-03-2022 09:53:43 AM , 09:53:43 AM//Importando los siguientes 370 registros
10-03-2022 09:54:37 AM , 09:54:37 AM//Importando los siguientes 555 registros
10-03-2022 09:55:32 AM , 09:55:32 AM//Importando los siguientes 740 registros
10-03-2022 09:56:27 AM , 09:56:27 AM//Importando los siguientes 925 registros
10-03-2022 09:56:29 AM , 09:56:29 AM//IMPORTACION VARIEDADES EXITOSA
10-03-2022 09:56:40 AM , 09:56:40 AM//servidor DISPONIBLE
10-03-2022 09:56:41 AM , 09:56:41 AM//Modulo: VENDEDORES
10-03-2022 09:56:45 AM , 09:56:45 AM//borrando datos antiguos de vendedores.....
10-03-2022 09:56:48 AM , 09:56:48 AM//IMPORTACION EXITOSA
10-03-2022 09:56:55 AM , 09:56:55 AM//servidor DISPONIBLE
10-03-2022 09:56:55 AM , 09:56:55 AM//Modulo: CLIENTES
10-03-2022 09:57:03 AM , 09:57:03 AM//borrando datos antiguos.....
10-03-2022 09:57:04 AM , 09:57:04 AM//cargando datos clientes.....2973 registros
10-03-2022 09:57:05 AM , 09:57:05 AM//Importando de 0 a 594 registros
10-03-2022 09:59:43 AM , 09:59:43 AM//Importando los siguientes 594 registros
10-03-2022 10:02:33 AM , 10:02:33 AM//Importando los siguientes 1188 registros
10-03-2022 10:05:19 AM , 10:05:19 AM//Importando los siguientes 1782 registros
10-03-2022 10:07:57 AM , 10:07:57 AM//Importando los siguientes 2376 registros
10-03-2022 10:10:17 AM , 10:10:17 AM//Importando los siguientes 2970 registros
10-03-2022 10:10:18 AM , 10:10:18 AM//IMPORTACION EXITOSA
10-03-2022 01:03:38 PM , 01:03:38 PM//Estableciendo conexion...
10-03-2022 01:03:41 PM , 01:03:41 PM//Conectado
10-03-2022 01:03:41 PM , 01:03:41 PM//Empresa: PRUEBA (2)                                        
10-03-2022 01:03:42 PM , 01:03:42 PM//Verificacion concluida.
10-03-2022 01:03:42 PM , 01:03:42 PM//servidor DISPONIBLE
10-03-2022 01:03:53 PM , 01:03:53 PM//servidor DISPONIBLE
10-03-2022 01:03:54 PM , 01:03:54 PM//Modulo: VENDEDORES
10-03-2022 01:03:58 PM , 01:03:58 PM//borrando datos antiguos de vendedores.....
10-03-2022 01:04:02 PM , 01:04:02 PM//IMPORTACION EXITOSA
10-03-2022 01:05:04 PM , 01:05:04 PM//servidor DISPONIBLE
10-03-2022 01:05:05 PM , 01:05:05 PM//Modulo: ARTICULOS
10-03-2022 01:05:09 PM , 01:05:09 PM//borrando datos antiguos de secciones.....
10-03-2022 01:05:10 PM , 01:05:10 PM//cargando datos secciones.....
10-03-2022 01:05:12 PM , 01:05:12 PM//IMPORTACION SECCIONES EXITOSA
10-03-2022 01:05:15 PM , 01:05:15 PM//borrando datos antiguos de articulos.....
10-03-2022 01:05:17 PM , 01:05:17 PM//cargando datos articulos.....10 registros
10-03-2022 01:05:18 PM , 01:05:18 PM//Importando de 0 a 2 articulos
10-03-2022 01:05:19 PM , 01:05:19 PM//Importando los siguientes 2 articulos
10-03-2022 01:05:20 PM , 01:05:20 PM//Importando los siguientes 4 articulos
10-03-2022 01:05:21 PM , 01:05:21 PM//Importando los siguientes 6 articulos
10-03-2022 01:05:22 PM , 01:05:22 PM//Importando los siguientes 8 articulos
10-03-2022 01:05:23 PM , 01:05:23 PM//Importando los siguientes 10 articulos
10-03-2022 01:05:25 PM , 01:05:25 PM//IMPORTACION ARTICULOS EXITOSA
10-03-2022 01:05:30 PM , 01:05:30 PM//borrando datos antiguos de variedades.....
10-03-2022 01:05:31 PM , 01:05:31 PM//cargando datos variedades.....11 registros
10-03-2022 01:05:31 PM , 01:05:31 PM//Importando los primeros 2 variedades
10-03-2022 01:05:32 PM , 01:05:32 PM//Importando los siguientes 2 registros
10-03-2022 01:05:33 PM , 01:05:33 PM//Importando los siguientes 4 registros
10-03-2022 01:05:34 PM , 01:05:34 PM//Importando los siguientes 6 registros
10-03-2022 01:05:35 PM , 01:05:35 PM//Importando los siguientes 8 registros
10-03-2022 01:05:36 PM , 01:05:36 PM//Importando los siguientes 10 registros
10-03-2022 01:05:38 PM , 01:05:38 PM//IMPORTACION VARIEDADES EXITOSA
10-03-2022 01:05:50 PM , 01:05:50 PM//servidor DISPONIBLE
10-03-2022 01:05:51 PM , 01:05:51 PM//Modulo: CLIENTES
10-03-2022 01:05:55 PM , 01:05:55 PM//borrando datos antiguos.....
10-03-2022 01:05:56 PM , 01:05:56 PM//cargando datos clientes.....682 registros
10-03-2022 01:05:57 PM , 01:05:57 PM//Importando de 0 a 136 registros
10-03-2022 01:06:31 PM , 01:06:31 PM//Importando los siguientes 136 registros
10-03-2022 01:07:06 PM , 01:07:06 PM//Importando los siguientes 272 registros
10-03-2022 01:07:40 PM , 01:07:40 PM//Importando los siguientes 408 registros
10-03-2022 01:08:13 PM , 01:08:13 PM//Importando los siguientes 544 registros
10-03-2022 01:08:46 PM , 01:08:46 PM//Importando los siguientes 680 registros
10-03-2022 01:08:47 PM , 01:08:47 PM//IMPORTACION EXITOSA
10-03-2022 01:20:54 PM , 01:20:54 PM//servidor DISPONIBLE
10-03-2022 01:20:55 PM , 01:20:55 PM//Modulo: VENDEDORES
10-03-2022 01:21:00 PM , 01:21:00 PM//borrando datos antiguos de vendedores.....
10-03-2022 01:21:04 PM , 01:21:04 PM//IMPORTACION EXITOSA
10-03-2022 01:35:07 PM , 01:35:07 PM//servidor DISPONIBLE
10-03-2022 01:35:08 PM , 01:35:08 PM//Modulo: CLIENTES
10-03-2022 01:35:13 PM , 01:35:13 PM//borrando datos antiguos.....
10-03-2022 01:35:14 PM , 01:35:14 PM//cargando datos clientes.....682 registros
10-03-2022 01:35:14 PM , 01:35:14 PM//Importando de 0 a 136 registros
10-03-2022 01:35:47 PM , 01:35:47 PM//Importando los siguientes 136 registros
10-03-2022 01:36:22 PM , 01:36:22 PM//Importando los siguientes 272 registros
10-03-2022 01:36:54 PM , 01:36:54 PM//Importando los siguientes 408 registros
10-03-2022 01:37:31 PM , 01:37:31 PM//Importando los siguientes 544 registros
10-03-2022 01:38:05 PM , 01:38:05 PM//Importando los siguientes 680 registros
10-03-2022 01:38:06 PM , 01:38:06 PM//IMPORTACION EXITOSA
