10-10-2019 , Key13()..Comenzando Impresion ID: 110000113954-> //10-10-2019 13:03:14
10-10-2019 , ProcesarOperacion()..Comenzar //10-10-2019 13:03:28
10-10-2019 , ProcesarFactura()..Entro //10-10-2019 13:03:31
10-10-2019 , ProcesarOperacion()..Comprobnate Terminado - Exitoso //10-10-2019 13:04:00
10-10-2019 , Key13()..Finalizo Impresion //10-10-2019 13:04:00
10-10-2019 , Key13()..Grabando Venta, accion=A ID: 110000113954-> //10-10-2019 13:04:00
10-10-2019 , Key13()..Comenzando Impresion ID: 110000113954-> //10-10-2019 13:10:54
10-10-2019 , ProcesarOperacion()..Comenzar //10-10-2019 13:10:55
10-10-2019 , ProcesarFactura()..Entro //10-10-2019 13:10:56
10-10-2019 , Key13()..Comenzando Impresion ID: 110000113954-> //10-10-2019 13:16:44
10-10-2019 , ProcesarOperacion()..Comenzar //10-10-2019 13:16:45
10-10-2019 , ProcesarFactura()..Entro //10-10-2019 13:16:45
10-10-2019 , Key13()..Comenzando Impresion ID: 110000113954-> //10-10-2019 13:25:31
10-10-2019 , ProcesarOperacion()..Comenzar //10-10-2019 13:25:32
10-10-2019 , ProcesarFactura()..Entro //10-10-2019 13:25:33
10-10-2019 , ProcesarOperacion()..Comprobnate Terminado - Exitoso //10-10-2019 13:31:10
10-10-2019 , Key13()..Finalizo Impresion //10-10-2019 13:31:10
10-10-2019 , Key13()..Grabando Venta, accion=A ID: 110000113954-> //10-10-2019 13:31:10
10-10-2019 , Key13()..Comenzando Impresion ID: 110000113954-> //10-10-2019 13:37:27
10-10-2019 , ProcesarOperacion()..Comenzar //10-10-2019 13:37:28
10-10-2019 , ProcesarFactura()..Entro //10-10-2019 13:37:28
10-10-2019 , Key13()..Comenzando Impresion ID: 110000113954-> //10-10-2019 13:39:56
10-10-2019 , ProcesarOperacion()..Comenzar //10-10-2019 13:39:57
10-10-2019 , ProcesarFactura()..Entro //10-10-2019 13:39:57
10-10-2019 , Key13()..Comenzando Impresion ID: 110000113954-> //10-10-2019 13:43:41
10-10-2019 , ProcesarOperacion()..Comenzar //10-10-2019 13:43:43
10-10-2019 , ProcesarFactura()..Entro //10-10-2019 13:43:43
10-10-2019 , ProcesarOperacion()..Comprobnate Terminado - Exitoso //10-10-2019 13:43:50
10-10-2019 , Key13()..Finalizo Impresion //10-10-2019 13:43:50
10-10-2019 , Key13()..Grabando Venta, accion=A ID: 110000113954-> //10-10-2019 13:43:50
