08-10-2020 , 11:41:40 AM//Estableciendo conexion...
08-10-2020 , 11:41:42 AM//Conectado
08-10-2020 , 11:41:43 AM//Empresa: PRUEBA (2)                                        
08-10-2020 , 11:41:43 AM//Verificacion concluida.
08-10-2020 , 11:41:44 AM//servidor DISPONIBLE
08-10-2020 , 11:43:58 AM//Estableciendo conexion...
08-10-2020 , 11:44:00 AM//Conectado
08-10-2020 , 11:44:01 AM//Empresa: PRUEBA (2)                                        
08-10-2020 , 11:44:01 AM//Verificacion concluida.
08-10-2020 , 11:44:02 AM//servidor DISPONIBLE
08-10-2020 , 11:44:04 AM//servidor DISPONIBLE
08-10-2020 , 11:44:04 AM//Modulo: VENDEDORES
08-10-2020 , 11:44:09 AM//borrando datos antiguos de vendedores.....
08-10-2020 , 11:44:11 AM//Sentencia 	INSERT INTO Vendedor (ID,NOMBRE,USUARIO,PASSWORD,IDEMPRESA,CODIGO,CLAVE,FUERZAVENTA) VALUES ('122825','GENERAL','1',
	'301','2',1,
	'1301','02-01')Código de excepción OLE IDispatch 0 de Microsoft OLE DB Provider for SQL Server: Cannot insert duplicate key row in object 'dbo.vendedor' with unique index 'clave'. The duplicate key value is (1301)..
08-10-2020 , 11:44:12 AM//Error al IMPORTAR
08-10-2020 , 11:44:13 AM//Linea 1
08-10-2020 , 11:44:13 AM//IMPORTACION CANCELADA
08-10-2020 , 11:46:10 AM//Estableciendo conexion...
08-10-2020 , 11:46:12 AM//Conectado
08-10-2020 , 11:46:13 AM//Empresa: PRUEBA (2)                                        
08-10-2020 , 11:46:13 AM//Verificacion concluida.
08-10-2020 , 11:46:14 AM//servidor DISPONIBLE
08-10-2020 , 11:46:15 AM//servidor DISPONIBLE
08-10-2020 , 11:46:16 AM//Modulo: VENDEDORES
08-10-2020 , 11:46:20 AM//borrando datos antiguos de vendedores.....
08-10-2020 , 11:46:22 AM//Sentencia 	INSERT INTO Vendedor (ID,NOMBRE,USUARIO,PASSWORD,IDEMPRESA,CODIGO,CLAVE,FUERZAVENTA) VALUES ('122825','GENERAL','1',
	'301','2',1,
	'1301','02-01')Código de excepción OLE IDispatch 0 de Microsoft OLE DB Provider for SQL Server: Cannot insert duplicate key row in object 'dbo.vendedor' with unique index 'clave'. The duplicate key value is (1301)..
08-10-2020 , 11:46:22 AM//Error al IMPORTAR
08-10-2020 , 11:46:23 AM//Linea 1
08-10-2020 , 11:46:23 AM//IMPORTACION CANCELADA
08-10-2020 , 11:47:25 AM//Estableciendo conexion...
08-10-2020 , 11:47:26 AM//Conectado
08-10-2020 , 11:47:26 AM//Empresa: PRUEBA (2)                                        
08-10-2020 , 11:47:27 AM//Verificacion concluida.
08-10-2020 , 11:47:28 AM//servidor DISPONIBLE
08-10-2020 , 11:47:29 AM//servidor DISPONIBLE
08-10-2020 , 11:47:30 AM//Modulo: VENDEDORES
08-10-2020 , 11:47:34 AM//borrando datos antiguos de vendedores.....
08-10-2020 , 11:48:14 AM//Sentencia 	INSERT INTO Vendedor (ID,NOMBRE,USUARIO,PASSWORD,IDEMPRESA,CODIGO,CLAVE,FUERZAVENTA) VALUES ('122825','GENERAL','1',
	'301','2',1,
	'1301','02-01')Código de excepción OLE IDispatch 0 de Microsoft OLE DB Provider for SQL Server: Cannot insert duplicate key row in object 'dbo.vendedor' with unique index 'clave'. The duplicate key value is (1301)..
08-10-2020 , 11:48:35 AM//Error al IMPORTAR
08-10-2020 , 11:48:39 AM//Linea 1
08-10-2020 , 11:48:39 AM//IMPORTACION CANCELADA
08-10-2020 , 11:49:23 AM//Estableciendo conexion...
08-10-2020 , 11:49:25 AM//Conectado
08-10-2020 , 11:49:25 AM//Empresa: PRUEBA (2)                                        
08-10-2020 , 11:49:26 AM//Verificacion concluida.
08-10-2020 , 11:49:26 AM//servidor DISPONIBLE
08-10-2020 , 11:49:28 AM//servidor DISPONIBLE
08-10-2020 , 11:49:29 AM//Modulo: VENDEDORES
08-10-2020 , 11:49:33 AM//borrando datos antiguos de vendedores.....
08-10-2020 , 11:49:51 AM//IMPORTACION EXITOSA
08-10-2020 , 11:49:59 AM//servidor DISPONIBLE
08-10-2020 , 11:50:00 AM//Modulo: ARTICULOS
08-10-2020 , 11:50:03 AM//borrando datos antiguos de secciones.....
08-10-2020 , 11:50:04 AM//cargando datos secciones.....
08-10-2020 , 11:50:08 AM//IMPORTACION SECCIONES EXITOSA
08-10-2020 , 11:50:11 AM//borrando datos antiguos de articulos.....
08-10-2020 , 11:50:12 AM//cargando datos articulos.....233 registros
08-10-2020 , 11:50:13 AM//Importando de 0 a 46 articulos
08-10-2020 , 11:50:13 AM//No se encuentra la propiedad NETO.,<<(OscDatos.costo)>>,<<OscDatos.neto>>)IMPORTACION CANCELADA
08-10-2020 , 11:51:38 AM//Estableciendo conexion...
08-10-2020 , 11:51:39 AM//Conectado
08-10-2020 , 11:51:40 AM//Empresa: PRUEBA (2)                                        
08-10-2020 , 11:51:40 AM//Verificacion concluida.
08-10-2020 , 11:51:41 AM//servidor DISPONIBLE
08-10-2020 , 11:51:43 AM//servidor DISPONIBLE
08-10-2020 , 11:51:43 AM//Modulo: ARTICULOS
08-10-2020 , 11:51:47 AM//borrando datos antiguos de secciones.....
08-10-2020 , 11:51:48 AM//cargando datos secciones.....
08-10-2020 , 11:51:51 AM//IMPORTACION SECCIONES EXITOSA
08-10-2020 , 11:51:55 AM//borrando datos antiguos de articulos.....
08-10-2020 , 11:51:56 AM//cargando datos articulos.....233 registros
08-10-2020 , 11:51:56 AM//Importando de 0 a 46 articulos
08-10-2020 , 11:51:57 AM//No se encuentra la propiedad NETO.,<<(OscDatos.costo)>>,<<OscDatos.neto>>)IMPORTACION CANCELADA
08-10-2020 , 11:54:11 AM//Estableciendo conexion...
08-10-2020 , 11:54:13 AM//Conectado
08-10-2020 , 11:54:14 AM//Empresa: PRUEBA (2)                                        
08-10-2020 , 11:54:14 AM//Verificacion concluida.
08-10-2020 , 11:54:15 AM//servidor DISPONIBLE
08-10-2020 , 11:54:21 AM//servidor DISPONIBLE
08-10-2020 , 11:54:22 AM//Modulo: ARTICULOS
08-10-2020 , 11:54:26 AM//borrando datos antiguos de secciones.....
08-10-2020 , 11:54:27 AM//cargando datos secciones.....
08-10-2020 , 11:54:30 AM//IMPORTACION SECCIONES EXITOSA
08-10-2020 , 11:54:34 AM//borrando datos antiguos de articulos.....
08-10-2020 , 11:54:35 AM//cargando datos articulos.....233 registros
08-10-2020 , 11:54:35 AM//Importando de 0 a 46 articulos
08-10-2020 , 11:59:26 AM//Estableciendo conexion...
08-10-2020 , 11:59:28 AM//Conectado
08-10-2020 , 11:59:29 AM//Empresa: PRUEBA (2)                                        
08-10-2020 , 11:59:30 AM//Verificacion concluida.
08-10-2020 , 11:59:30 AM//servidor DISPONIBLE
08-10-2020 , 11:59:34 AM//servidor DISPONIBLE
08-10-2020 , 11:59:34 AM//Modulo: ARTICULOS
08-10-2020 , 11:59:38 AM//borrando datos antiguos de secciones.....
08-10-2020 , 11:59:39 AM//cargando datos secciones.....
08-10-2020 , 11:59:42 AM//IMPORTACION SECCIONES EXITOSA
08-10-2020 , 11:59:46 AM//borrando datos antiguos de articulos.....
08-10-2020 , 11:59:47 AM//cargando datos articulos.....233 registros
08-10-2020 , 11:59:47 AM//Importando de 0 a 46 articulos
08-10-2020 , 12:00:03 PM//Importando los siguientes 46 articulos
08-10-2020 , 12:00:18 PM//Importando los siguientes 92 articulos
08-10-2020 , 12:00:34 PM//Importando los siguientes 138 articulos
08-10-2020 , 12:00:51 PM//Importando los siguientes 184 articulos
08-10-2020 , 12:01:10 PM//Importando los siguientes 230 articulos
08-10-2020 , 12:01:13 PM//IMPORTACION ARTICULOS EXITOSA
08-10-2020 , 12:01:16 PM//borrando datos antiguos de variedades.....
08-10-2020 , 12:01:17 PM//cargando datos variedades.....2 registros
08-10-2020 , 12:01:18 PM//Importando los primeros 0 variedades
08-10-2020 , 12:01:18 PM//Importando los siguientes ********** registros
08-10-2020 , 12:01:19 PM//Importando los siguientes ********** registros
08-10-2020 , 12:01:20 PM//IMPORTACION VARIEDADES EXITOSA
08-10-2020 , 12:01:38 PM//servidor DISPONIBLE
08-10-2020 , 12:01:38 PM//Modulo: CLIENTES
08-10-2020 , 12:01:43 PM//borrando datos antiguos.....
08-10-2020 , 12:01:44 PM//cargando datos clientes.....2099 registros
08-10-2020 , 12:01:45 PM//Importando de 0 a 419 registros
08-10-2020 , 12:03:07 PM//Importando los siguientes 419 registros
08-10-2020 , 12:04:31 PM//Importando los siguientes 838 registros
08-10-2020 , 12:05:53 PM//Importando los siguientes 1257 registros
08-10-2020 , 12:07:17 PM//Importando los siguientes 1676 registros
08-10-2020 , 12:08:46 PM//Importando los siguientes 2095 registros
08-10-2020 , 12:08:47 PM//IMPORTACION EXITOSA
08-10-2020 , 12:09:13 PM//servidor DISPONIBLE
08-10-2020 , 12:09:14 PM//Modulo: FACTURAS PENDIENTES
08-10-2020 , 12:09:19 PM//borrando datos antiguos.....
08-10-2020 , 12:09:20 PM//cargando datos clientes.....2860 registros
08-10-2020 , 12:09:20 PM//Importando de 0 a 572 registros
08-10-2020 , 12:11:15 PM//Importando los siguientes 572 registros
08-10-2020 , 12:13:08 PM//Importando los siguientes 1144 registros
08-10-2020 , 12:15:00 PM//Importando los siguientes 1716 registros
08-10-2020 , 12:16:53 PM//Importando los siguientes 2288 registros
08-10-2020 , 12:18:56 PM//Importando los siguientes 2860 registros
08-10-2020 , 12:18:57 PM//IMPORTACION EXITOSA
