1100000001~11~BANCO DE LA NACIÓN ARGENTINA~
1100000002~14~BANCO DE LA PROVINCIA DE BUENOS AIRES~
1100000003~330~NUEVO BANCO DE SANTA FE S.A.~
1100000004~5~A.B.N. AMRO BANK N.V.~
1100000005~7~BANCO DE GALICIA Y BUENOS AIRES S.A.~
1100000006~15~STANDARD BANK ARGENTINA S.A.~
1100000007~16~CITIBANK N.A.~
1100000008~17~BBVA BANCO FRANCÉS S.A.~
1100000009~18~THE BANK OF TOKYO - MITSUBISHI UFJ. LTD.~
1100000010~20~BANCO DE LA PROVINCIA DE CORDOBA S.A.~
1100000011~27~BANCO SUPERVIELLE S.A.~
1100000012~29~BANCO DE LA CIUDAD DE BUENOS AIRES~
1100000013~34~BANCO PATAGONIA S.A.~
1100000014~44~BANCO HIPOTECARIO S.A.~
1100000015~45~BANCO DE SAN JUAN S.A.~
1100000016~46~BANCO DO BRASIL S.A.~
1100000017~60~BANCO DE TUCUMAN S.A.~
1100000018~65~BANCO MUNICIPAL DE ROSARIO~
1100000019~72~BANCO SANTANDER RIO S.A.~
1100000020~79~BANCO REGIONAL DE CUYO S.A.~
1100000021~83~BANCO DEL CHUBUT S.A.~
1100000022~86~BANCO DE SANTA CRUZ S.A.~
1100000023~93~BANCO DE LA PAMPA SOCIEDAD DE ECONOMIA MI~
1100000024~94~BANCO DE CORRIENTES S.A.~
1100000025~97~BANCO PROVINCIA DEL NEUQUÉN S.A.~
1100000026~147~BANCO B.I. CREDITANSTALT S.A.~
1100000027~150~HSBC BANK ARGENTINA S.A.~
1100000028~165~J P MORGAN CHASE BANK NATIONAL ASSOCIATION~
1100000029~191~BANCO CREDICOOP COOPERATIVO LIMITADO~
1100000030~198~BANCO DE VALORES S.A.~
1100000031~274~BANCO ROELA S.A.~
1100000032~254~BANCO MARIVA S.A.~
1100000033~259~BANCO ITAU BUEN AYRE S.A.~
1100000034~262~BANK OF AMERICAN NATIONAL ASSOCIATION~
1100000035~266~BNP PARIBAS~
1100000036~268~BANCO PROVINCIA DE TIERRA DEL FUEGO~
1100000037~269~BANCO DE LA REPUBLICA ORIENTAL DEL URUGUAY~
1100000038~277~BANCO SAENZ S.A.~
1100000039~281~BANCO MERIDIAN S.A.~
1100000040~285~BANCO MACRO S.A.~
1100000041~293~BANCO MERCURIO S.A.~
1100000042~295~AMERICAN EXPRESS BANK LTD. S.A.~
1100000043~299~BANCO COMAFI S.A.~
1100000044~300~BANCO DE INVERSIÓN Y COMERCIO EXTERIOR S.A.~
1100000045~301~BANCO PIANO S.A.~
1100000046~303~BANCO FINASUR S.A.~
1100000047~305~BANCO JULIO S.A.~
1100000048~306~BANCO PRIVADO DE INVERSIONES S.A.~
1100000049~309~NUEVO BANCO DE LA RIOJA S.A.~
1100000050~310~BANCO DEL SOL S.A.~
1100000051~311~NUEVO BANCO DEL CHACO S.A.~
1100000052~312~M.B.A. BANCO DE INVERSIONES S.A.~
1100000053~315~BANCO DE FORMOSA S.A.~
1100000054~319~BANCO CMF S.A.~
1100000055~321~BANCO DE SANTIAGO DEL ESTERO S.A.~
1100000056~322~NUEVO BANCO INDUSTRIAL DE AZUL S.A.~
1100000057~325~DEUTSCHE BANK S.A.~
1100000058~331~BANCO CETELEM ARGENTINA S.A.~
1100000059~332~BANCO DE SERVICIOS FINANCIEROS S.A.~
1100000060~335~BANCO COFIDIS S.A.~
1100000061~336~BANCO BRADESCO ARGENTINA S.A.~
1100000062~338~BANCO DE SERVICIOS FINANCIEROS S.A.~
1100000063~339~RCI BANQUE~
1100000064~340~BACS BANCO DE CREDITO Y SECURITIZACIÓN S.A.~
1100000065~386~NUEVO BANCO DE ENTRE RIOS S.A.~
1100000066~388~NUEVO BANCO BISEL S.A.~
1100000067~389~BANCO COLUMBIA S.A.~
