20-11-2019 , LlamarSubFiscal()..COMENZAR -  //20-11-2019 14:16:42
20-11-2019 , LlamarSubFiscal()..LEERFECHAHORAFISCAL - Y //20-11-2019 14:16:42
20-11-2019 , LlamarSubFiscal()..FINALIZAR -  //20-11-2019 14:16:42
20-11-2019 , LlamarSubFiscal()..COMENZAR -  //20-11-2019 14:17:57
20-11-2019 , LlamarSubFiscal()..LEERFECHAHORAFISCAL - Y //20-11-2019 14:17:57
20-11-2019 , LlamarSubFiscal()..FINALIZAR -  //20-11-2019 14:17:57
20-11-2019 , LlamarSubFiscal()..COMENZAR -  //20-11-2019 14:17:59
20-11-2019 , LlamarSubFiscal()..UltimoComprobante -  //20-11-2019 14:17:59
20-11-2019 , LlamarSubFiscal()..ABORTAR -  //20-11-2019 14:17:59
20-11-2019 , LlamarSubFiscal()..FINALIZAR -  //20-11-2019 14:18:05
20-11-2019 , LlamarSubFiscal()..FINALIZAR -  //20-11-2019 14:18:06
20-11-2019 , LlamarSubFiscal()..COMENZAR -  //20-11-2019 14:18:21
20-11-2019 , LlamarSubFiscal()..LEERFECHAHORAFISCAL - Y //20-11-2019 14:18:21
20-11-2019 , LlamarSubFiscal()..FINALIZAR -  //20-11-2019 14:18:21
20-11-2019 , LlamarSubFiscal()..FINALIZAR -  //20-11-2019 14:18:51
20-11-2019 , LlamarSubFiscal()..FINALIZAR -  //20-11-2019 14:18:52
20-11-2019 , LlamarSubFiscal()..COMENZAR -  //20-11-2019 14:20:17
20-11-2019 , LlamarSubFiscal()..LEERFECHAHORAFISCAL - Y //20-11-2019 14:20:17
20-11-2019 , LlamarSubFiscal()..FINALIZAR -  //20-11-2019 14:20:17
20-11-2019 , LlamarSubFiscal()..COMENZAR -  //20-11-2019 14:27:48
20-11-2019 , LlamarSubFiscal()..LEERFECHAHORAFISCAL - Y //20-11-2019 14:27:48
20-11-2019 , LlamarSubFiscal()..FINALIZAR -  //20-11-2019 14:27:48
20-11-2019 , LlamarSubFiscal()..COMENZAR -  //20-11-2019 14:28:56
20-11-2019 , LlamarSubFiscal()..LEERFECHAHORAFISCAL - Y //20-11-2019 14:28:56
20-11-2019 , LlamarSubFiscal()..FINALIZAR -  //20-11-2019 14:28:56
20-11-2019 , LlamarSubFiscal()..FINALIZAR -  //20-11-2019 14:29:17
20-11-2019 , LlamarSubFiscal()..FINALIZAR -  //20-11-2019 14:29:18
20-11-2019 , LlamarSubFiscal()..FINALIZAR -  //20-11-2019 14:29:20
20-11-2019 , LlamarSubFiscal()..COMENZAR -  //20-11-2019 14:32:02
20-11-2019 , LlamarSubFiscal()..LEERFECHAHORAFISCAL - Y //20-11-2019 14:32:02
20-11-2019 , LlamarSubFiscal()..FINALIZAR -  //20-11-2019 14:32:02
20-11-2019 , LlamarSubFiscal()..COMENZAR -  //20-11-2019 14:35:50
20-11-2019 , LlamarSubFiscal()..LEERFECHAHORAFISCAL - 0502|0000 //20-11-2019 14:35:50
20-11-2019 , LlamarSubFiscal()..FINALIZAR -  //20-11-2019 14:35:50
20-11-2019 , LlamarSubFiscal()..COMENZAR -  //20-11-2019 14:46:21
20-11-2019 , LlamarSubFiscal()..LEERFECHAHORAFISCAL - 0502|0000 //20-11-2019 14:46:22
20-11-2019 , LlamarSubFiscal()..FINALIZAR -  //20-11-2019 14:46:22
20-11-2019 , LlamarSubFiscal()..FINALIZAR -  //20-11-2019 14:46:28
20-11-2019 , LlamarSubFiscal()..FINALIZAR -  //20-11-2019 14:46:29
20-11-2019 , LlamarSubFiscal()..COMENZAR -  //20-11-2019 14:47:21
20-11-2019 , LlamarSubFiscal()..LEERFECHAHORAFISCAL - 0502|0000 //20-11-2019 14:47:21
20-11-2019 , LlamarSubFiscal()..FINALIZAR -  //20-11-2019 14:47:21
