Formulario j:\xsoftsql\proyectos\hotel\forms\lispatroncargapedidos.scx tiene los siguientes errores:
    Formulario REGFALTANTES - Indefinido

Formulario j:\xsoftsql\proyectos\hotel\forms\paravario.scx tiene los siguientes errores:
    Formulario CBIOPRECIO2 - Indefinido

Formulario j:\xsoftsql\proyectos\hotel\forms\paravariomodelo.scx tiene los siguientes errores:
    Formulario CBIOPRECIO2 - Indefinido

Formulario j:\xsoftsql\proyectos\hotel\forms\paracae.scx tiene los siguientes errores:
    Formulario CBIOPRECIO2 - Indefinido

Formulario j:\xsoftsql\proyectos\hotel\forms\pedidos\regpedido.scx tiene los siguientes errores:
    Formulario ACTUALIZARPEDANDROIDSQL_V2 - Indefinido

Formulario j:\xsoftsql\proyectos\hotel\forms\pedidos\lispatroncargapedidos_v2.scx tiene los siguientes errores:
    Formulario REGFALTANTES - Indefinido

Biblioteca de clases visuales j:\xsoftsql\desarrollo\clases\_ssclasses.vcx tiene los siguientes errores:
    Desconocido GETDEFAULTPRINTERAPI - Indefinido
    Desconocido CHANGEPRINTERWINAPI - Indefinido
    Desconocido WAITABIT - Indefinido
    Archivo DROP.BMP - Indefinido

Formulario j:\xsoftsql\proyectos\hotel\forms\ventas\regfacvta_v0.scx tiene los siguientes errores:
    Formulario ACTUALIZARPEDANDROIDSQL_V2 - Indefinido

Formulario j:\xsoftsql\proyectos\hotel\forms\ventas\patroncargaremitos.scx tiene los siguientes errores:
    Formulario SUBCARGA - Indefinido

Formulario j:\xsoftsql\proyectos\hotel\forms\ventas\regfacvta.scx tiene los siguientes errores:
    Formulario ACTUALIZARPEDANDROIDSQL_V2 - Indefinido

Biblioteca de clases visuales j:\xsoftsql\desarrollo\clases\afw_drillgridex.vcx tiene los siguientes errores:
    Archivo DRILLICON1.PNG - Indefinido
    Archivo DRILLICON2.PNG - Indefinido
    Archivo DETAILICON.PNG - Indefinido
    Archivo THROBBER.GIF - Indefinido

Programa j:\xsoftsql\desarrollo\lib\qdfoxjson.prg tiene los siguientes errores:
    Desconocido PUVALUE - Indefinido

